[0.072s] Invoking command in '/home/suke/chicken_core/build/chicken_core': CMAKE_PREFIX_PATH=${CMAKE_PREFIX_PATH}:/home/suke/ouxt_automation/robotx_ws/install/opencv_tests:/home/suke/ouxt_automation/robotx_ws/install/detic_onnx_ros2:/opt/ros/humble /usr/bin/cmake /home/suke/chicken_core/src/core/chicken_core -DAMENT_CMAKE_SYMLINK_INSTALL=1 -DCMAKE_INSTALL_PREFIX=/home/suke/chicken_core/install/chicken_core
[1.053s] -- The C compiler identification is GNU 11.4.0
[1.053s] -- The CXX compiler identification is GNU 11.4.0
[1.053s] -- Detecting C compiler ABI info
[1.054s] -- Detecting C compiler ABI info - done
[1.054s] -- Check for working C compiler: /usr/lib/ccache/gcc - skipped
[1.055s] -- Detecting C compile features
[1.055s] -- Detecting C compile features - done
[1.055s] -- Detecting CXX compiler ABI info
[1.055s] -- Detecting CXX compiler ABI info - done
[1.055s] -- Check for working CXX compiler: /usr/lib/ccache/g++ - skipped
[1.055s] -- Detecting CXX compile features
[1.055s] -- Detecting CXX compile features - done
[1.056s] -- Found ament_cmake_auto: 1.3.10 (/opt/ros/humble/share/ament_cmake_auto/cmake)
[1.117s] -- Found Python3: /usr/bin/python3 (found version "3.10.12") found components: Interpreter 
[1.238s] -- Override CMake install command with custom implementation using symlinks instead of copying resources
[1.657s] -- Found rosidl_generator_c: 3.1.5 (/opt/ros/humble/share/rosidl_generator_c/cmake)
[1.677s] -- Found rosidl_adapter: 3.1.5 (/opt/ros/humble/share/rosidl_adapter/cmake)
[1.704s] -- Found rosidl_generator_cpp: 3.1.5 (/opt/ros/humble/share/rosidl_generator_cpp/cmake)
[1.742s] -- Using all available rosidl_typesupport_c: rosidl_typesupport_fastrtps_c;rosidl_typesupport_introspection_c
[1.794s] -- Using all available rosidl_typesupport_cpp: rosidl_typesupport_fastrtps_cpp;rosidl_typesupport_introspection_cpp
[1.938s] -- Found rmw_implementation_cmake: 6.1.2 (/opt/ros/humble/share/rmw_implementation_cmake/cmake)
[1.953s] -- Found rmw_cyclonedds_cpp: 1.3.4 (/opt/ros/humble/share/rmw_cyclonedds_cpp/cmake)
[2.030s] -- Using RMW implementation 'rmw_cyclonedds_cpp' as default
[2.065s] -- Looking for pthread.h
[2.181s] -- Looking for pthread.h - found
[2.181s] -- Performing Test CMAKE_HAVE_LIBC_PTHREAD
[2.285s] -- Performing Test CMAKE_HAVE_LIBC_PTHREAD - Success
[2.287s] -- Found Threads: TRUE  
[2.537s] -- Found ament_lint_auto: 0.12.11 (/opt/ros/humble/share/ament_lint_auto/cmake)
[2.635s] -- Added test 'copyright' to check source files copyright and LICENSE
[2.638s] -- Added test 'flake8' to check Python code syntax and style conventions
[2.641s] -- Added test 'lint_cmake' to check CMake code style
[2.642s] -- Added test 'pep257' to check Python code against some of the docstring style conventions in PEP 257
[2.646s] -- Added test 'xmllint' to check XML markup files
[2.654s] -- Configuring done
[2.659s] -- Generating done
[2.661s] -- Build files have been written to: /home/suke/chicken_core/build/chicken_core
[2.673s] Invoked command in '/home/suke/chicken_core/build/chicken_core' returned '0': CMAKE_PREFIX_PATH=${CMAKE_PREFIX_PATH}:/home/suke/ouxt_automation/robotx_ws/install/opencv_tests:/home/suke/ouxt_automation/robotx_ws/install/detic_onnx_ros2:/opt/ros/humble /usr/bin/cmake /home/suke/chicken_core/src/core/chicken_core -DAMENT_CMAKE_SYMLINK_INSTALL=1 -DCMAKE_INSTALL_PREFIX=/home/suke/chicken_core/install/chicken_core
[2.675s] Invoking command in '/home/suke/chicken_core/build/chicken_core': CMAKE_PREFIX_PATH=${CMAKE_PREFIX_PATH}:/home/suke/ouxt_automation/robotx_ws/install/opencv_tests:/home/suke/ouxt_automation/robotx_ws/install/detic_onnx_ros2:/opt/ros/humble /usr/bin/cmake --build /home/suke/chicken_core/build/chicken_core -- -j12 -l12
[3.159s] Invoked command in '/home/suke/chicken_core/build/chicken_core' returned '0': CMAKE_PREFIX_PATH=${CMAKE_PREFIX_PATH}:/home/suke/ouxt_automation/robotx_ws/install/opencv_tests:/home/suke/ouxt_automation/robotx_ws/install/detic_onnx_ros2:/opt/ros/humble /usr/bin/cmake --build /home/suke/chicken_core/build/chicken_core -- -j12 -l12
[3.212s] Invoking command in '/home/suke/chicken_core/build/chicken_core': CMAKE_PREFIX_PATH=${CMAKE_PREFIX_PATH}:/home/suke/ouxt_automation/robotx_ws/install/opencv_tests:/home/suke/ouxt_automation/robotx_ws/install/detic_onnx_ros2:/opt/ros/humble /usr/bin/cmake --install /home/suke/chicken_core/build/chicken_core
[3.715s] -- Install configuration: ""
[3.715s] -- Execute custom install script
[3.715s] -- Symlinking: /home/suke/chicken_core/install/chicken_core/share/chicken_core/launch/chicken_core.launch.py
[3.715s] -- Symlinking: /home/suke/chicken_core/install/chicken_core/share/ament_index/resource_index/package_run_dependencies/chicken_core
[3.715s] -- Symlinking: /home/suke/chicken_core/install/chicken_core/share/ament_index/resource_index/parent_prefix_path/chicken_core
[3.715s] -- Symlinking: /home/suke/chicken_core/install/chicken_core/share/chicken_core/environment/ament_prefix_path.sh
[3.716s] -- Symlinking: /home/suke/chicken_core/install/chicken_core/share/chicken_core/environment/ament_prefix_path.dsv
[3.716s] -- Symlinking: /home/suke/chicken_core/install/chicken_core/share/chicken_core/environment/path.sh
[3.716s] -- Symlinking: /home/suke/chicken_core/install/chicken_core/share/chicken_core/environment/path.dsv
[3.716s] -- Symlinking: /home/suke/chicken_core/install/chicken_core/share/chicken_core/local_setup.bash
[3.716s] -- Symlinking: /home/suke/chicken_core/install/chicken_core/share/chicken_core/local_setup.sh
[3.716s] -- Symlinking: /home/suke/chicken_core/install/chicken_core/share/chicken_core/local_setup.zsh
[3.716s] -- Symlinking: /home/suke/chicken_core/install/chicken_core/share/chicken_core/local_setup.dsv
[3.716s] -- Symlinking: /home/suke/chicken_core/install/chicken_core/share/chicken_core/package.dsv
[3.717s] -- Symlinking: /home/suke/chicken_core/install/chicken_core/share/ament_index/resource_index/packages/chicken_core
[3.717s] -- Symlinking: /home/suke/chicken_core/install/chicken_core/share/chicken_core/cmake/ament_cmake_export_dependencies-extras.cmake
[3.717s] -- Symlinking: /home/suke/chicken_core/install/chicken_core/share/chicken_core/cmake/ament_cmake_export_include_directories-extras.cmake
[3.717s] -- Symlinking: /home/suke/chicken_core/install/chicken_core/share/chicken_core/cmake/chicken_coreConfig.cmake
[3.717s] -- Symlinking: /home/suke/chicken_core/install/chicken_core/share/chicken_core/cmake/chicken_coreConfig-version.cmake
[3.717s] -- Symlinking: /home/suke/chicken_core/install/chicken_core/share/chicken_core/package.xml
[3.727s] Invoked command in '/home/suke/chicken_core/build/chicken_core' returned '0': CMAKE_PREFIX_PATH=${CMAKE_PREFIX_PATH}:/home/suke/ouxt_automation/robotx_ws/install/opencv_tests:/home/suke/ouxt_automation/robotx_ws/install/detic_onnx_ros2:/opt/ros/humble /usr/bin/cmake --install /home/suke/chicken_core/build/chicken_core
