In file included from [01m[K/home/suke/chicken_core/src/localization/ekf_localization/src/ekf_localization_component.cpp:8[m[K:
[01m[K/home/suke/chicken_core/src/localization/ekf_localization/include/ekf_localization/ekf_localization_component.hpp:47:15:[m[K [01;31m[Kerror: [m[Kexpected ‘[01m[K;[m[K’ at end of member declaration
   47 |   std::string [01;31m[Kinitial_pose_topic_[m[K
      |               [01;31m[K^~~~~~~~~~~~~~~~~~~[m[K
      |                                  [32m[K;[m[K
[01m[K/home/suke/chicken_core/src/localization/ekf_localization/include/ekf_localization/ekf_localization_component.hpp:51:9:[m[K [01;31m[Kerror: [m[Kredeclaration of ‘[01m[Kfloat ekf_localization::ExtendedKalmanFilter::var_imu_w_[m[K’
   51 |   float [01;31m[Kvar_imu_w_[m[K;
      |         [01;31m[K^~~~~~~~~~[m[K
[01m[K/home/suke/chicken_core/src/localization/ekf_localization/include/ekf_localization/ekf_localization_component.hpp:25:9:[m[K [01;36m[Knote: [m[Kprevious declaration ‘[01m[Kfloat ekf_localization::ExtendedKalmanFilter::var_imu_w_[m[K’
   25 |   float [01;36m[Kvar_imu_w_[m[K;
      |         [01;36m[K^~~~~~~~~~[m[K
[01m[K/home/suke/chicken_core/src/localization/ekf_localization/include/ekf_localization/ekf_localization_component.hpp:52:9:[m[K [01;31m[Kerror: [m[Kredeclaration of ‘[01m[Kfloat ekf_localization::ExtendedKalmanFilter::var_imu_acc_[m[K’
   52 |   float [01;31m[Kvar_imu_acc_[m[K;
      |         [01;31m[K^~~~~~~~~~~~[m[K
[01m[K/home/suke/chicken_core/src/localization/ekf_localization/include/ekf_localization/ekf_localization_component.hpp:26:9:[m[K [01;36m[Knote: [m[Kprevious declaration ‘[01m[Kfloat ekf_localization::ExtendedKalmanFilter::var_imu_acc_[m[K’
   26 |   float [01;36m[Kvar_imu_acc_[m[K;
      |         [01;36m[K^~~~~~~~~~~~[m[K
[01m[K/home/suke/chicken_core/src/localization/ekf_localization/include/ekf_localization/ekf_localization_component.hpp:53:9:[m[K [01;31m[Kerror: [m[Kredeclaration of ‘[01m[Kfloat ekf_localization::ExtendedKalmanFilter::var_odom_xyz_[m[K’
   53 |   float [01;31m[Kvar_odom_xyz_[m[K;
      |         [01;31m[K^~~~~~~~~~~~~[m[K
[01m[K/home/suke/chicken_core/src/localization/ekf_localization/include/ekf_localization/ekf_localization_component.hpp:27:9:[m[K [01;36m[Knote: [m[Kprevious declaration ‘[01m[Kfloat ekf_localization::ExtendedKalmanFilter::var_odom_xyz_[m[K’
   27 |   float [01;36m[Kvar_odom_xyz_[m[K;
      |         [01;36m[K^~~~~~~~~~~~~[m[K
[01m[K/home/suke/chicken_core/src/localization/ekf_localization/src/ekf_localization_component.cpp:[m[K In constructor ‘[01m[Kekf_localization::ExtendedKalmanFilter::ExtendedKalmanFilter(const rclcpp::NodeOptions&)[m[K’:
[01m[K/home/suke/chicken_core/src/localization/ekf_localization/src/ekf_localization_component.cpp:40:31:[m[K [01;31m[Kerror: [m[K‘[01m[Kpub_period_[m[K’ was not declared in this scope
   40 |   get_parameter("pub_period", [01;31m[Kpub_period_[m[K);
      |                               [01;31m[K^~~~~~~~~~~[m[K
gmake[2]: *** [CMakeFiles/ekf_localization_component.dir/build.make:76: CMakeFiles/ekf_localization_component.dir/src/ekf_localization_component.cpp.o] Error 1
gmake[1]: *** [CMakeFiles/Makefile2:137: CMakeFiles/ekf_localization_component.dir/all] Error 2
gmake: *** [Makefile:146: all] Error 2
