[0.018s] Invoking command in '/home/suke/chicken_core/build/ekf_localization': CMAKE_PREFIX_PATH=${CMAKE_PREFIX_PATH}:/home/suke/ouxt_automation/robotx_ws/install/opencv_tests:/home/suke/ouxt_automation/robotx_ws/install/detic_onnx_ros2:/opt/ros/humble /usr/bin/cmake --build /home/suke/chicken_core/build/ekf_localization -- -j12 -l12
[0.094s] [35m[1mConsolidate compiler generated dependencies of target ekf_localization_component[0m
[0.129s] [ 50%] [32mBuilding CXX object CMakeFiles/ekf_localization_component.dir/src/ekf_localization_component.cpp.o[0m
[8.897s] In file included from [01m[K/home/suke/chicken_core/src/localization/ekf_localization/src/ekf_localization_component.cpp:8[m[K:
[8.897s] [01m[K/home/suke/chicken_core/src/localization/ekf_localization/include/ekf_localization/ekf_localization_component.hpp:47:15:[m[K [01;31m[Kerror: [m[Kexpected ‘[01m[K;[m[K’ at end of member declaration
[8.898s]    47 |   std::string [01;31m[Kinitial_pose_topic_[m[K
[8.898s]       |               [01;31m[K^~~~~~~~~~~~~~~~~~~[m[K
[8.898s]       |                                  [32m[K;[m[K
[8.898s] [01m[K/home/suke/chicken_core/src/localization/ekf_localization/include/ekf_localization/ekf_localization_component.hpp:50:9:[m[K [01;31m[Kerror: [m[Kredeclaration of ‘[01m[Kfloat ekf_localization::ExtendedKalmanFilter::var_imu_w_[m[K’
[8.898s]    50 |   float [01;31m[Kvar_imu_w_[m[K;
[8.898s]       |         [01;31m[K^~~~~~~~~~[m[K
[8.898s] [01m[K/home/suke/chicken_core/src/localization/ekf_localization/include/ekf_localization/ekf_localization_component.hpp:25:9:[m[K [01;36m[Knote: [m[Kprevious declaration ‘[01m[Kfloat ekf_localization::ExtendedKalmanFilter::var_imu_w_[m[K’
[8.898s]    25 |   float [01;36m[Kvar_imu_w_[m[K;
[8.898s]       |         [01;36m[K^~~~~~~~~~[m[K
[8.898s] [01m[K/home/suke/chicken_core/src/localization/ekf_localization/include/ekf_localization/ekf_localization_component.hpp:51:9:[m[K [01;31m[Kerror: [m[Kexpected ‘[01m[K;[m[K’ at end of member declaration
[8.898s]    51 |   float [01;31m[Kvar_imu_acc_[m[K
[8.898s]       |         [01;31m[K^~~~~~~~~~~~[m[K
[8.898s]       |                     [32m[K;[m[K
[8.898s] [01m[K/home/suke/chicken_core/src/localization/ekf_localization/include/ekf_localization/ekf_localization_component.hpp:51:9:[m[K [01;31m[Kerror: [m[Kredeclaration of ‘[01m[Kfloat ekf_localization::ExtendedKalmanFilter::var_imu_acc_[m[K’
[8.898s] [01m[K/home/suke/chicken_core/src/localization/ekf_localization/include/ekf_localization/ekf_localization_component.hpp:26:9:[m[K [01;36m[Knote: [m[Kprevious declaration ‘[01m[Kfloat ekf_localization::ExtendedKalmanFilter::var_imu_acc_[m[K’
[8.898s]    26 |   float [01;36m[Kvar_imu_acc_[m[K;
[8.898s]       |         [01;36m[K^~~~~~~~~~~~[m[K
[8.899s] [01m[K/home/suke/chicken_core/src/localization/ekf_localization/include/ekf_localization/ekf_localization_component.hpp:52:9:[m[K [01;31m[Kerror: [m[Kexpected ‘[01m[K;[m[K’ at end of member declaration
[8.899s]    52 |   float [01;31m[Kvar_odom_xyz_[m[K
[8.899s]       |         [01;31m[K^~~~~~~~~~~~~[m[K
[8.899s]       |                      [32m[K;[m[K
[8.899s] [01m[K/home/suke/chicken_core/src/localization/ekf_localization/include/ekf_localization/ekf_localization_component.hpp:52:9:[m[K [01;31m[Kerror: [m[Kredeclaration of ‘[01m[Kfloat ekf_localization::ExtendedKalmanFilter::var_odom_xyz_[m[K’
[8.899s] [01m[K/home/suke/chicken_core/src/localization/ekf_localization/include/ekf_localization/ekf_localization_component.hpp:27:9:[m[K [01;36m[Knote: [m[Kprevious declaration ‘[01m[Kfloat ekf_localization::ExtendedKalmanFilter::var_odom_xyz_[m[K’
[8.899s]    27 |   float [01;36m[Kvar_odom_xyz_[m[K;
[8.899s]       |         [01;36m[K^~~~~~~~~~~~~[m[K
[8.899s] [01m[K/home/suke/chicken_core/src/localization/ekf_localization/src/ekf_localization_component.cpp:[m[K In constructor ‘[01m[Kekf_localization::ExtendedKalmanFilter::ExtendedKalmanFilter(const rclcpp::NodeOptions&)[m[K’:
[8.899s] [01m[K/home/suke/chicken_core/src/localization/ekf_localization/src/ekf_localization_component.cpp:28:35:[m[K [01;31m[Kerror: [m[K‘[01m[Kekf_pose_topic_[m[K’ was not declared in this scope; did you mean ‘[01m[Kinitial_pose_topic_[m[K’?
[8.899s]    28 |   get_parameter("ekf_pose_topic", [01;31m[Kekf_pose_topic_[m[K);
[8.900s]       |                                   [01;31m[K^~~~~~~~~~~~~~~[m[K
[8.900s]       |                                   [32m[Kinitial_pose_topic_[m[K
[8.900s] [01m[K/home/suke/chicken_core/src/localization/ekf_localization/src/ekf_localization_component.cpp:40:31:[m[K [01;31m[Kerror: [m[K‘[01m[Kpub_period_[m[K’ was not declared in this scope
[8.900s]    40 |   get_parameter("pub_period", [01;31m[Kpub_period_[m[K);
[8.900s]       |                               [01;31m[K^~~~~~~~~~~[m[K
[8.900s] gmake[2]: *** [CMakeFiles/ekf_localization_component.dir/build.make:76: CMakeFiles/ekf_localization_component.dir/src/ekf_localization_component.cpp.o] Error 1
[8.900s] gmake[1]: *** [CMakeFiles/Makefile2:137: CMakeFiles/ekf_localization_component.dir/all] Error 2
[8.900s] gmake: *** [Makefile:146: all] Error 2
[8.901s] Invoked command in '/home/suke/chicken_core/build/ekf_localization' returned '2': CMAKE_PREFIX_PATH=${CMAKE_PREFIX_PATH}:/home/suke/ouxt_automation/robotx_ws/install/opencv_tests:/home/suke/ouxt_automation/robotx_ws/install/detic_onnx_ros2:/opt/ros/humble /usr/bin/cmake --build /home/suke/chicken_core/build/ekf_localization -- -j12 -l12
