[1.008s] Invoking command in '/home/suke/chicken_core/build/ydlidar_ros2_driver': CMAKE_PREFIX_PATH=${CMAKE_PREFIX_PATH}:/home/suke/ouxt_automation/robotx_ws/install/opencv_tests:/home/suke/ouxt_automation/robotx_ws/install/detic_onnx_ros2:/opt/ros/humble /usr/bin/cmake /home/suke/chicken_core/src/sensor/ydlidar_ros2_driver -DAMENT_CMAKE_SYMLINK_INSTALL=1 -DCMAKE_INSTALL_PREFIX=/home/suke/chicken_core/install/ydlidar_ros2_driver
[1.890s] -- The C compiler identification is GNU 11.4.0
[1.890s] -- The CXX compiler identification is GNU 11.4.0
[1.890s] -- Detecting C compiler ABI info
[1.890s] -- Detecting C compiler ABI info - done
[1.890s] -- Check for working C compiler: /usr/lib/ccache/gcc - skipped
[1.891s] -- Detecting C compile features
[1.891s] -- Detecting C compile features - done
[1.891s] -- Detecting CXX compiler ABI info
[1.896s] -- Detecting CXX compiler ABI info - done
[1.896s] -- Check for working CXX compiler: /usr/lib/ccache/g++ - skipped
[1.896s] -- Detecting CXX compile features
[1.896s] -- Detecting CXX compile features - done
[1.897s] -- Found ament_cmake: 1.3.10 (/opt/ros/humble/share/ament_cmake/cmake)
[2.126s] -- Found Python3: /usr/bin/python3 (found version "3.10.12") found components: Interpreter 
[2.229s] -- Override CMake install command with custom implementation using symlinks instead of copying resources
[2.372s] -- Found rclcpp: 16.0.10 (/opt/ros/humble/share/rclcpp/cmake)
[2.508s] -- Found rosidl_generator_c: 3.1.5 (/opt/ros/humble/share/rosidl_generator_c/cmake)
[2.530s] -- Found rosidl_adapter: 3.1.5 (/opt/ros/humble/share/rosidl_adapter/cmake)
[2.554s] -- Found rosidl_generator_cpp: 3.1.5 (/opt/ros/humble/share/rosidl_generator_cpp/cmake)
[2.591s] -- Using all available rosidl_typesupport_c: rosidl_typesupport_fastrtps_c;rosidl_typesupport_introspection_c
[2.640s] -- Using all available rosidl_typesupport_cpp: rosidl_typesupport_fastrtps_cpp;rosidl_typesupport_introspection_cpp
[2.769s] -- Found rmw_implementation_cmake: 6.1.2 (/opt/ros/humble/share/rmw_implementation_cmake/cmake)
[2.783s] -- Found rmw_cyclonedds_cpp: 1.3.4 (/opt/ros/humble/share/rmw_cyclonedds_cpp/cmake)
[2.831s] -- Using RMW implementation 'rmw_cyclonedds_cpp' as default
[2.853s] -- Looking for pthread.h
[2.922s] -- Looking for pthread.h - found
[2.922s] -- Performing Test CMAKE_HAVE_LIBC_PTHREAD
[3.023s] -- Performing Test CMAKE_HAVE_LIBC_PTHREAD - Success
[3.024s] -- Found Threads: TRUE  
[3.139s] -- Found sensor_msgs: 4.2.4 (/opt/ros/humble/share/sensor_msgs/cmake)
[3.205s] -- Found visualization_msgs: 4.2.4 (/opt/ros/humble/share/visualization_msgs/cmake)
[3.247s] -- Found std_srvs: 4.2.4 (/opt/ros/humble/share/std_srvs/cmake)
[3.319s] -- Found ament_lint_auto: 0.12.11 (/opt/ros/humble/share/ament_lint_auto/cmake)
[3.565s] -- Added test 'copyright' to check source files copyright and LICENSE
[3.639s] -- Added test 'cppcheck' to perform static code analysis on C / C++ code
[3.639s] -- Configured cppcheck include dirs: /home/suke/chicken_core/src/sensor/ydlidar_ros2_driver/src
[3.639s] -- Configured cppcheck exclude dirs and/or files: 
[3.706s] -- Added test 'cpplint' to check C / C++ code against the Google style
[3.706s] -- Configured cpplint exclude dirs and/or files: 
[3.716s] -- Added test 'flake8' to check Python code syntax and style conventions
[3.737s] -- Added test 'lint_cmake' to check CMake code style
[3.749s] -- Added test 'pep257' to check Python code against some of the docstring style conventions in PEP 257
[3.820s] -- Added test 'uncrustify' to check C / C++ code style
[3.820s] -- Configured uncrustify additional arguments: 
[3.828s] -- Added test 'xmllint' to check XML markup files
[3.833s] -- Configuring done
[3.865s] -- Generating done
[3.868s] -- Build files have been written to: /home/suke/chicken_core/build/ydlidar_ros2_driver
[3.904s] Invoked command in '/home/suke/chicken_core/build/ydlidar_ros2_driver' returned '0': CMAKE_PREFIX_PATH=${CMAKE_PREFIX_PATH}:/home/suke/ouxt_automation/robotx_ws/install/opencv_tests:/home/suke/ouxt_automation/robotx_ws/install/detic_onnx_ros2:/opt/ros/humble /usr/bin/cmake /home/suke/chicken_core/src/sensor/ydlidar_ros2_driver -DAMENT_CMAKE_SYMLINK_INSTALL=1 -DCMAKE_INSTALL_PREFIX=/home/suke/chicken_core/install/ydlidar_ros2_driver
[3.906s] Invoking command in '/home/suke/chicken_core/build/ydlidar_ros2_driver': CMAKE_PREFIX_PATH=${CMAKE_PREFIX_PATH}:/home/suke/ouxt_automation/robotx_ws/install/opencv_tests:/home/suke/ouxt_automation/robotx_ws/install/detic_onnx_ros2:/opt/ros/humble /usr/bin/cmake --build /home/suke/chicken_core/build/ydlidar_ros2_driver -- -j12 -l12
[4.039s] [ 25%] [32mBuilding CXX object CMakeFiles/ydlidar_ros2_driver_node.dir/src/ydlidar_ros2_driver_node.cpp.o[0m
[4.047s] [ 50%] [32mBuilding CXX object CMakeFiles/ydlidar_ros2_driver_client.dir/src/ydlidar_ros2_driver_client.cpp.o[0m
[4.078s] [01m[K/home/suke/chicken_core/src/sensor/ydlidar_ros2_driver/src/ydlidar_ros2_driver_node.cpp:[m[K In lambda function:
[4.078s] [01m[K/home/suke/chicken_core/src/sensor/ydlidar_ros2_driver/src/ydlidar_ros2_driver_node.cpp:169:54:[m[K [01;35m[Kwarning: [m[Kunused parameter ‘[01m[Krequest_header[m[K’ [[01;35m[K-Wunused-parameter[m[K]
[4.078s]   169 |     [&laser]([01;35m[Kconst std::shared_ptr<rmw_request_id_t> request_header[m[K,
[4.078s]       |              [01;35m[K~~~~~~~~~~~~~~~~~~~~~~~~~~~~~~~~~~~~~~~~^~~~~~~~~~~~~~[m[K
[4.078s] [01m[K/home/suke/chicken_core/src/sensor/ydlidar_ros2_driver/src/ydlidar_ros2_driver_node.cpp:170:56:[m[K [01;35m[Kwarning: [m[Kunused parameter ‘[01m[Kreq[m[K’ [[01;35m[K-Wunused-parameter[m[K]
[4.078s]   170 |   [01;35m[Kconst std::shared_ptr<std_srvs::srv::Empty::Request> req[m[K,
[4.079s]       |   [01;35m[K~~~~~~~~~~~~~~~~~~~~~~~~~~~~~~~~~~~~~~~~~~~~~~~~~~~~~^~~[m[K
[4.079s] [01m[K/home/suke/chicken_core/src/sensor/ydlidar_ros2_driver/src/ydlidar_ros2_driver_node.cpp:171:51:[m[K [01;35m[Kwarning: [m[Kunused parameter ‘[01m[Kresponse[m[K’ [[01;35m[K-Wunused-parameter[m[K]
[4.079s]   171 |   [01;35m[Kstd::shared_ptr<std_srvs::srv::Empty::Response> response[m[K) -> bool
[4.079s]       |   [01;35m[K~~~~~~~~~~~~~~~~~~~~~~~~~~~~~~~~~~~~~~~~~~~~~~~~^~~~~~~~[m[K
[4.079s] [01m[K/home/suke/chicken_core/src/sensor/ydlidar_ros2_driver/src/ydlidar_ros2_driver_node.cpp:[m[K In lambda function:
[4.079s] [01m[K/home/suke/chicken_core/src/sensor/ydlidar_ros2_driver/src/ydlidar_ros2_driver_node.cpp:179:54:[m[K [01;35m[Kwarning: [m[Kunused parameter ‘[01m[Krequest_header[m[K’ [[01;35m[K-Wunused-parameter[m[K]
[4.079s]   179 |     [&laser]([01;35m[Kconst std::shared_ptr<rmw_request_id_t> request_header[m[K,
[4.079s]       |              [01;35m[K~~~~~~~~~~~~~~~~~~~~~~~~~~~~~~~~~~~~~~~~^~~~~~~~~~~~~~[m[K
[4.079s] [01m[K/home/suke/chicken_core/src/sensor/ydlidar_ros2_driver/src/ydlidar_ros2_driver_node.cpp:180:56:[m[K [01;35m[Kwarning: [m[Kunused parameter ‘[01m[Kreq[m[K’ [[01;35m[K-Wunused-parameter[m[K]
[4.079s]   180 |   [01;35m[Kconst std::shared_ptr<std_srvs::srv::Empty::Request> req[m[K,
[4.079s]       |   [01;35m[K~~~~~~~~~~~~~~~~~~~~~~~~~~~~~~~~~~~~~~~~~~~~~~~~~~~~~^~~[m[K
[4.079s] [01m[K/home/suke/chicken_core/src/sensor/ydlidar_ros2_driver/src/ydlidar_ros2_driver_node.cpp:181:51:[m[K [01;35m[Kwarning: [m[Kunused parameter ‘[01m[Kresponse[m[K’ [[01;35m[K-Wunused-parameter[m[K]
[4.080s]   181 |   [01;35m[Kstd::shared_ptr<std_srvs::srv::Empty::Response> response[m[K) -> bool
[4.080s]       |   [01;35m[K~~~~~~~~~~~~~~~~~~~~~~~~~~~~~~~~~~~~~~~~~~~~~~~~^~~~~~~~[m[K
[4.101s] [ 75%] [32m[1mLinking CXX executable ydlidar_ros2_driver_client[0m
[4.106s] [100%] [32m[1mLinking CXX executable ydlidar_ros2_driver_node[0m
[5.072s] [100%] Built target ydlidar_ros2_driver_node
[5.256s] [100%] Built target ydlidar_ros2_driver_client
[5.278s] Invoked command in '/home/suke/chicken_core/build/ydlidar_ros2_driver' returned '0': CMAKE_PREFIX_PATH=${CMAKE_PREFIX_PATH}:/home/suke/ouxt_automation/robotx_ws/install/opencv_tests:/home/suke/ouxt_automation/robotx_ws/install/detic_onnx_ros2:/opt/ros/humble /usr/bin/cmake --build /home/suke/chicken_core/build/ydlidar_ros2_driver -- -j12 -l12
[5.398s] Invoking command in '/home/suke/chicken_core/build/ydlidar_ros2_driver': CMAKE_PREFIX_PATH=${CMAKE_PREFIX_PATH}:/home/suke/ouxt_automation/robotx_ws/install/opencv_tests:/home/suke/ouxt_automation/robotx_ws/install/detic_onnx_ros2:/opt/ros/humble /usr/bin/cmake --install /home/suke/chicken_core/build/ydlidar_ros2_driver
[5.417s] -- Install configuration: ""
[5.417s] -- Execute custom install script
[5.417s] -- Symlinking: /home/suke/chicken_core/install/ydlidar_ros2_driver/lib/ydlidar_ros2_driver/ydlidar_ros2_driver_node
[5.435s] -- Symlinking: /home/suke/chicken_core/install/ydlidar_ros2_driver/lib/ydlidar_ros2_driver/ydlidar_ros2_driver_client
[5.465s] -- Symlinking: /home/suke/chicken_core/install/ydlidar_ros2_driver/share/ydlidar_ros2_driver/launch/ydlidar.py
[5.484s] -- Symlinking: /home/suke/chicken_core/install/ydlidar_ros2_driver/share/ydlidar_ros2_driver/launch/ydlidar_launch.py
[5.504s] -- Symlinking: /home/suke/chicken_core/install/ydlidar_ros2_driver/share/ydlidar_ros2_driver/launch/ydlidar_launch_view.py
[5.525s] -- Symlinking: /home/suke/chicken_core/install/ydlidar_ros2_driver/share/ydlidar_ros2_driver/params/G1.yaml
[5.545s] -- Symlinking: /home/suke/chicken_core/install/ydlidar_ros2_driver/share/ydlidar_ros2_driver/params/G2.yaml
[5.567s] -- Symlinking: /home/suke/chicken_core/install/ydlidar_ros2_driver/share/ydlidar_ros2_driver/params/G6.yaml
[5.588s] -- Symlinking: /home/suke/chicken_core/install/ydlidar_ros2_driver/share/ydlidar_ros2_driver/params/GS2.yaml
[5.609s] -- Symlinking: /home/suke/chicken_core/install/ydlidar_ros2_driver/share/ydlidar_ros2_driver/params/TEA.yaml
[5.630s] -- Symlinking: /home/suke/chicken_core/install/ydlidar_ros2_driver/share/ydlidar_ros2_driver/params/TG.yaml
[5.651s] -- Symlinking: /home/suke/chicken_core/install/ydlidar_ros2_driver/share/ydlidar_ros2_driver/params/TminiPro.yaml
[5.680s] -- Symlinking: /home/suke/chicken_core/install/ydlidar_ros2_driver/share/ydlidar_ros2_driver/params/X2.yaml
[5.702s] -- Symlinking: /home/suke/chicken_core/install/ydlidar_ros2_driver/share/ydlidar_ros2_driver/params/X4-Pro.yaml
[5.728s] -- Symlinking: /home/suke/chicken_core/install/ydlidar_ros2_driver/share/ydlidar_ros2_driver/params/X4.yaml
[5.746s] -- Symlinking: /home/suke/chicken_core/install/ydlidar_ros2_driver/share/ydlidar_ros2_driver/params/ydlidar.yaml
[5.762s] -- Symlinking: /home/suke/chicken_core/install/ydlidar_ros2_driver/share/ydlidar_ros2_driver/startup/initenv.sh
[5.778s] -- Symlinking: /home/suke/chicken_core/install/ydlidar_ros2_driver/share/ydlidar_ros2_driver/config/ydlidar.rviz
[5.796s] -- Symlinking: /home/suke/chicken_core/install/ydlidar_ros2_driver/share/ament_index/resource_index/package_run_dependencies/ydlidar_ros2_driver
[5.813s] -- Symlinking: /home/suke/chicken_core/install/ydlidar_ros2_driver/share/ament_index/resource_index/parent_prefix_path/ydlidar_ros2_driver
[5.825s] -- Symlinking: /home/suke/chicken_core/install/ydlidar_ros2_driver/share/ydlidar_ros2_driver/environment/ament_prefix_path.sh
[5.842s] -- Symlinking: /home/suke/chicken_core/install/ydlidar_ros2_driver/share/ydlidar_ros2_driver/environment/ament_prefix_path.dsv
[5.857s] -- Symlinking: /home/suke/chicken_core/install/ydlidar_ros2_driver/share/ydlidar_ros2_driver/environment/path.sh
[5.872s] -- Symlinking: /home/suke/chicken_core/install/ydlidar_ros2_driver/share/ydlidar_ros2_driver/environment/path.dsv
[5.886s] -- Symlinking: /home/suke/chicken_core/install/ydlidar_ros2_driver/share/ydlidar_ros2_driver/local_setup.bash
[5.899s] -- Symlinking: /home/suke/chicken_core/install/ydlidar_ros2_driver/share/ydlidar_ros2_driver/local_setup.sh
[5.912s] -- Symlinking: /home/suke/chicken_core/install/ydlidar_ros2_driver/share/ydlidar_ros2_driver/local_setup.zsh
[5.925s] -- Symlinking: /home/suke/chicken_core/install/ydlidar_ros2_driver/share/ydlidar_ros2_driver/local_setup.dsv
[5.941s] -- Symlinking: /home/suke/chicken_core/install/ydlidar_ros2_driver/share/ydlidar_ros2_driver/package.dsv
[5.957s] -- Symlinking: /home/suke/chicken_core/install/ydlidar_ros2_driver/share/ament_index/resource_index/packages/ydlidar_ros2_driver
[5.975s] -- Symlinking: /home/suke/chicken_core/install/ydlidar_ros2_driver/share/ydlidar_ros2_driver/cmake/ydlidar_ros2_driverConfig.cmake
[5.991s] -- Symlinking: /home/suke/chicken_core/install/ydlidar_ros2_driver/share/ydlidar_ros2_driver/cmake/ydlidar_ros2_driverConfig-version.cmake
[6.007s] -- Symlinking: /home/suke/chicken_core/install/ydlidar_ros2_driver/share/ydlidar_ros2_driver/package.xml
[6.028s] Invoked command in '/home/suke/chicken_core/build/ydlidar_ros2_driver' returned '0': CMAKE_PREFIX_PATH=${CMAKE_PREFIX_PATH}:/home/suke/ouxt_automation/robotx_ws/install/opencv_tests:/home/suke/ouxt_automation/robotx_ws/install/detic_onnx_ros2:/opt/ros/humble /usr/bin/cmake --install /home/suke/chicken_core/build/ydlidar_ros2_driver
