-- The C compiler identification is GNU 11.4.0
-- The CXX compiler identification is GNU 11.4.0
-- Detecting C compiler ABI info
-- Detecting C compiler ABI info - done
-- Check for working C compiler: /usr/lib/ccache/gcc - skipped
-- Detecting C compile features
-- Detecting C compile features - done
-- Detecting CXX compiler ABI info
-- Detecting CXX compiler ABI info - done
-- Check for working CXX compiler: /usr/lib/ccache/g++ - skipped
-- Detecting CXX compile features
-- Detecting CXX compile features - done
-- Found ament_cmake_auto: 1.3.10 (/opt/ros/humble/share/ament_cmake_auto/cmake)
-- Found Python3: /usr/bin/python3 (found version "3.10.12") found components: Interpreter 
-- Override CMake install command with custom implementation using symlinks instead of copying resources
-- Found rosidl_generator_c: 3.1.5 (/opt/ros/humble/share/rosidl_generator_c/cmake)
-- Found rosidl_adapter: 3.1.5 (/opt/ros/humble/share/rosidl_adapter/cmake)
-- Found rosidl_generator_cpp: 3.1.5 (/opt/ros/humble/share/rosidl_generator_cpp/cmake)
-- Using all available rosidl_typesupport_c: rosidl_typesupport_fastrtps_c;rosidl_typesupport_introspection_c
-- Using all available rosidl_typesupport_cpp: rosidl_typesupport_fastrtps_cpp;rosidl_typesupport_introspection_cpp
-- Found rmw_implementation_cmake: 6.1.2 (/opt/ros/humble/share/rmw_implementation_cmake/cmake)
-- Found rmw_cyclonedds_cpp: 1.3.4 (/opt/ros/humble/share/rmw_cyclonedds_cpp/cmake)
-- Using RMW implementation 'rmw_cyclonedds_cpp' as default
-- Looking for pthread.h
-- Looking for pthread.h - found
-- Performing Test CMAKE_HAVE_LIBC_PTHREAD
-- Performing Test CMAKE_HAVE_LIBC_PTHREAD - Success
-- Found Threads: TRUE  
-- Found Eigen3: TRUE (found version "3.4.0") 
-- Ensuring Eigen3 include directory is part of orocos-kdl CMake target
-- Found ament_lint_auto: 0.12.11 (/opt/ros/humble/share/ament_lint_auto/cmake)
-- Added test 'copyright' to check source files copyright and LICENSE
-- Added test 'cppcheck' to perform static code analysis on C / C++ code
-- Configured cppcheck include dirs: /home/suke/chicken_core/src/planner/a_star_planner/include
-- Configured cppcheck exclude dirs and/or files: 
-- Added test 'cpplint' to check C / C++ code against the Google style
-- Configured cpplint exclude dirs and/or files: 
-- Added test 'flake8' to check Python code syntax and style conventions
-- Added test 'lint_cmake' to check CMake code style
-- Added test 'pep257' to check Python code against some of the docstring style conventions in PEP 257
-- Added test 'uncrustify' to check C / C++ code style
-- Configured uncrustify additional arguments: 
-- Added test 'xmllint' to check XML markup files
-- Configuring done
-- Generating done
-- Build files have been written to: /home/suke/chicken_core/build/a_star_planner
[ 25%] [32mBuilding CXX object CMakeFiles/a_star_component.dir/rclcpp_components/node_main_a_star_component.cpp.o[0m
[ 50%] [32mBuilding CXX object CMakeFiles/a_star_planner.dir/src/a_star_component.cpp.o[0m
[ 75%] [32m[1mLinking CXX executable a_star_component[0m
In file included from [01m[K/home/suke/chicken_core/src/planner/a_star_planner/include/a_star_planner/astar_planner.hpp:5[m[K,
                 from [01m[K/home/suke/chicken_core/src/planner/a_star_planner/include/a_star_planner/a_star_component.hpp:4[m[K,
                 from [01m[K/home/suke/chicken_core/src/planner/a_star_planner/src/a_star_component.cpp:1[m[K:
[01m[K/home/suke/chicken_core/src/planner/a_star_planner/include/a_star_planner/node.hpp:[m[K In constructor ‘[01m[KNode2D::Node2D(int, int, double, Node2D*)[m[K’:
[01m[K/home/suke/chicken_core/src/planner/a_star_planner/include/a_star_planner/node.hpp:46:10:[m[K [01;35m[Kwarning: [m[K‘[01m[KNode2D::f_[m[K’ will be initialized after [[01;35m[K-Wreorder[m[K]
   46 |   double [01;35m[Kf_[m[K;
      |          [01;35m[K^~[m[K
[01m[K/home/suke/chicken_core/src/planner/a_star_planner/include/a_star_planner/node.hpp:43:12:[m[K [01;35m[Kwarning: [m[K  ‘[01m[KNode2D* Node2D::parent_[m[K’ [[01;35m[K-Wreorder[m[K]
   43 |   Node2D * [01;35m[Kparent_[m[K;
      |            [01;35m[K^~~~~~~[m[K
[01m[K/home/suke/chicken_core/src/planner/a_star_planner/include/a_star_planner/node.hpp:10:3:[m[K [01;35m[Kwarning: [m[K  when initialized here [[01;35m[K-Wreorder[m[K]
   10 |   [01;35m[KNode2D[m[K(int x = 0, int y = 0, double g = 0.0, Node2D * parent = NULL)
      |   [01;35m[K^~~~~~[m[K
In file included from [01m[K/home/suke/chicken_core/src/planner/a_star_planner/include/a_star_planner/a_star_component.hpp:5[m[K,
                 from [01m[K/home/suke/chicken_core/src/planner/a_star_planner/src/a_star_component.cpp:1[m[K:
[01m[K/home/suke/chicken_core/src/planner/a_star_planner/include/a_star_planner/smoother.hpp:[m[K In member function ‘[01m[Kstd::vector<nav_msgs::msg::Path_<std::allocator<void> > > Smoother::split_path(nav_msgs::msg::Path)[m[K’:
[01m[K/home/suke/chicken_core/src/planner/a_star_planner/include/a_star_planner/smoother.hpp:95:23:[m[K [01;35m[Kwarning: [m[Kcomparison of integer expressions of different signedness: ‘[01m[Kint[m[K’ and ‘[01m[Kstd::vector<geometry_msgs::msg::PoseStamped_<std::allocator<void> >, std::allocator<geometry_msgs::msg::PoseStamped_<std::allocator<void> > > >::size_type[m[K’ {aka ‘[01m[Klong unsigned int[m[K’} [[01;35m[K-Wsign-compare[m[K]
   95 |     for (int i = 0; [01;35m[Ki < path.poses.size() - 1[m[K; i++) {
      |                     [01;35m[K~~^~~~~~~~~~~~~~~~~~~~~~~[m[K
[100%] [32m[1mLinking CXX shared library liba_star_planner.so[0m
[100%] Built target a_star_component
[100%] Built target a_star_planner
-- Install configuration: ""
-- Execute custom install script
-- Symlinking: /home/suke/chicken_core/install/a_star_planner/lib/a_star_planner/a_star_component
-- Symlinking: /home/suke/chicken_core/install/a_star_planner/include/a_star_planner/a_star_component.hpp
-- Symlinking: /home/suke/chicken_core/install/a_star_planner/include/a_star_planner/astar_planner.hpp
-- Symlinking: /home/suke/chicken_core/install/a_star_planner/include/a_star_planner/base_global_planner.hpp
-- Symlinking: /home/suke/chicken_core/install/a_star_planner/include/a_star_planner/node.hpp
-- Symlinking: /home/suke/chicken_core/install/a_star_planner/include/a_star_planner/smoother.hpp
-- Symlinking: /home/suke/chicken_core/install/a_star_planner/share/a_star_planner/environment/library_path.sh
-- Symlinking: /home/suke/chicken_core/install/a_star_planner/share/a_star_planner/environment/library_path.dsv
-- Symlinking: /home/suke/chicken_core/install/a_star_planner/lib/liba_star_planner.so
-- Symlinking: /home/suke/chicken_core/install/a_star_planner/share/a_star_planner/launch/a_star_planner.launch.py
-- Symlinking: /home/suke/chicken_core/install/a_star_planner/share/a_star_planner/config/planner_params.yaml
-- Symlinking: /home/suke/chicken_core/install/a_star_planner/share/ament_index/resource_index/package_run_dependencies/a_star_planner
-- Symlinking: /home/suke/chicken_core/install/a_star_planner/share/ament_index/resource_index/parent_prefix_path/a_star_planner
-- Symlinking: /home/suke/chicken_core/install/a_star_planner/share/a_star_planner/environment/ament_prefix_path.sh
-- Symlinking: /home/suke/chicken_core/install/a_star_planner/share/a_star_planner/environment/ament_prefix_path.dsv
-- Symlinking: /home/suke/chicken_core/install/a_star_planner/share/a_star_planner/environment/path.sh
-- Symlinking: /home/suke/chicken_core/install/a_star_planner/share/a_star_planner/environment/path.dsv
-- Symlinking: /home/suke/chicken_core/install/a_star_planner/share/a_star_planner/local_setup.bash
-- Symlinking: /home/suke/chicken_core/install/a_star_planner/share/a_star_planner/local_setup.sh
-- Symlinking: /home/suke/chicken_core/install/a_star_planner/share/a_star_planner/local_setup.zsh
-- Symlinking: /home/suke/chicken_core/install/a_star_planner/share/a_star_planner/local_setup.dsv
-- Symlinking: /home/suke/chicken_core/install/a_star_planner/share/a_star_planner/package.dsv
-- Symlinking: /home/suke/chicken_core/install/a_star_planner/share/ament_index/resource_index/packages/a_star_planner
-- Symlinking: /home/suke/chicken_core/install/a_star_planner/share/ament_index/resource_index/rclcpp_components/a_star_planner
-- Symlinking: /home/suke/chicken_core/install/a_star_planner/share/a_star_planner/cmake/ament_cmake_export_dependencies-extras.cmake
-- Symlinking: /home/suke/chicken_core/install/a_star_planner/share/a_star_planner/cmake/ament_cmake_export_include_directories-extras.cmake
-- Symlinking: /home/suke/chicken_core/install/a_star_planner/share/a_star_planner/cmake/ament_cmake_export_libraries-extras.cmake
-- Symlinking: /home/suke/chicken_core/install/a_star_planner/share/a_star_planner/cmake/a_star_plannerConfig.cmake
-- Symlinking: /home/suke/chicken_core/install/a_star_planner/share/a_star_planner/cmake/a_star_plannerConfig-version.cmake
-- Symlinking: /home/suke/chicken_core/install/a_star_planner/share/a_star_planner/package.xml
