[0.077s] Invoking command in '/home/suke/chicken_core/build/a_star_planner': CMAKE_PREFIX_PATH=${CMAKE_PREFIX_PATH}:/home/suke/ouxt_automation/robotx_ws/install/opencv_tests:/home/suke/ouxt_automation/robotx_ws/install/detic_onnx_ros2:/opt/ros/humble /usr/bin/cmake /home/suke/chicken_core/src/planner/a_star_planner -DAMENT_CMAKE_SYMLINK_INSTALL=1 -DCMAKE_INSTALL_PREFIX=/home/suke/chicken_core/install/a_star_planner
[1.058s] -- The C compiler identification is GNU 11.4.0
[1.059s] -- The CXX compiler identification is GNU 11.4.0
[1.059s] -- Detecting C compiler ABI info
[1.059s] -- Detecting C compiler ABI info - done
[1.059s] -- Check for working C compiler: /usr/lib/ccache/gcc - skipped
[1.059s] -- Detecting C compile features
[1.059s] -- Detecting C compile features - done
[1.059s] -- Detecting CXX compiler ABI info
[1.059s] -- Detecting CXX compiler ABI info - done
[1.060s] -- Check for working CXX compiler: /usr/lib/ccache/g++ - skipped
[1.060s] -- Detecting CXX compile features
[1.060s] -- Detecting CXX compile features - done
[1.060s] -- Found ament_cmake_auto: 1.3.10 (/opt/ros/humble/share/ament_cmake_auto/cmake)
[1.074s] -- Found Python3: /usr/bin/python3 (found version "3.10.12") found components: Interpreter 
[1.182s] -- Override CMake install command with custom implementation using symlinks instead of copying resources
[1.610s] -- Found rosidl_generator_c: 3.1.5 (/opt/ros/humble/share/rosidl_generator_c/cmake)
[1.630s] -- Found rosidl_adapter: 3.1.5 (/opt/ros/humble/share/rosidl_adapter/cmake)
[1.656s] -- Found rosidl_generator_cpp: 3.1.5 (/opt/ros/humble/share/rosidl_generator_cpp/cmake)
[1.693s] -- Using all available rosidl_typesupport_c: rosidl_typesupport_fastrtps_c;rosidl_typesupport_introspection_c
[1.741s] -- Using all available rosidl_typesupport_cpp: rosidl_typesupport_fastrtps_cpp;rosidl_typesupport_introspection_cpp
[2.040s] -- Found rmw_implementation_cmake: 6.1.2 (/opt/ros/humble/share/rmw_implementation_cmake/cmake)
[2.055s] -- Found rmw_cyclonedds_cpp: 1.3.4 (/opt/ros/humble/share/rmw_cyclonedds_cpp/cmake)
[2.129s] -- Using RMW implementation 'rmw_cyclonedds_cpp' as default
[2.160s] -- Looking for pthread.h
[2.267s] -- Looking for pthread.h - found
[2.268s] -- Performing Test CMAKE_HAVE_LIBC_PTHREAD
[2.394s] -- Performing Test CMAKE_HAVE_LIBC_PTHREAD - Success
[2.395s] -- Found Threads: TRUE  
[2.944s] -- Found Eigen3: TRUE (found version "3.4.0") 
[2.944s] -- Ensuring Eigen3 include directory is part of orocos-kdl CMake target
[3.327s] -- Found ament_lint_auto: 0.12.11 (/opt/ros/humble/share/ament_lint_auto/cmake)
[3.422s] -- Added test 'copyright' to check source files copyright and LICENSE
[3.429s] -- Added test 'cppcheck' to perform static code analysis on C / C++ code
[3.429s] -- Configured cppcheck include dirs: /home/suke/chicken_core/src/planner/a_star_planner/include
[3.430s] -- Configured cppcheck exclude dirs and/or files: 
[3.433s] -- Added test 'cpplint' to check C / C++ code against the Google style
[3.434s] -- Configured cpplint exclude dirs and/or files: 
[3.436s] -- Added test 'flake8' to check Python code syntax and style conventions
[3.438s] -- Added test 'lint_cmake' to check CMake code style
[3.441s] -- Added test 'pep257' to check Python code against some of the docstring style conventions in PEP 257
[3.447s] -- Added test 'uncrustify' to check C / C++ code style
[3.447s] -- Configured uncrustify additional arguments: 
[3.453s] -- Added test 'xmllint' to check XML markup files
[3.461s] -- Configuring done
[3.557s] -- Generating done
[3.564s] -- Build files have been written to: /home/suke/chicken_core/build/a_star_planner
[3.580s] Invoked command in '/home/suke/chicken_core/build/a_star_planner' returned '0': CMAKE_PREFIX_PATH=${CMAKE_PREFIX_PATH}:/home/suke/ouxt_automation/robotx_ws/install/opencv_tests:/home/suke/ouxt_automation/robotx_ws/install/detic_onnx_ros2:/opt/ros/humble /usr/bin/cmake /home/suke/chicken_core/src/planner/a_star_planner -DAMENT_CMAKE_SYMLINK_INSTALL=1 -DCMAKE_INSTALL_PREFIX=/home/suke/chicken_core/install/a_star_planner
[3.585s] Invoking command in '/home/suke/chicken_core/build/a_star_planner': CMAKE_PREFIX_PATH=${CMAKE_PREFIX_PATH}:/home/suke/ouxt_automation/robotx_ws/install/opencv_tests:/home/suke/ouxt_automation/robotx_ws/install/detic_onnx_ros2:/opt/ros/humble /usr/bin/cmake --build /home/suke/chicken_core/build/a_star_planner -- -j12 -l12
[3.777s] [ 25%] [32mBuilding CXX object CMakeFiles/a_star_component.dir/rclcpp_components/node_main_a_star_component.cpp.o[0m
[3.778s] [ 50%] [32mBuilding CXX object CMakeFiles/a_star_planner.dir/src/a_star_component.cpp.o[0m
[3.795s] [ 75%] [32m[1mLinking CXX executable a_star_component[0m
[3.803s] In file included from [01m[K/home/suke/chicken_core/src/planner/a_star_planner/include/a_star_planner/astar_planner.hpp:5[m[K,
[3.804s]                  from [01m[K/home/suke/chicken_core/src/planner/a_star_planner/include/a_star_planner/a_star_component.hpp:4[m[K,
[3.804s]                  from [01m[K/home/suke/chicken_core/src/planner/a_star_planner/src/a_star_component.cpp:1[m[K:
[3.804s] [01m[K/home/suke/chicken_core/src/planner/a_star_planner/include/a_star_planner/node.hpp:[m[K In constructor ‘[01m[KNode2D::Node2D(int, int, double, Node2D*)[m[K’:
[3.805s] [01m[K/home/suke/chicken_core/src/planner/a_star_planner/include/a_star_planner/node.hpp:46:10:[m[K [01;35m[Kwarning: [m[K‘[01m[KNode2D::f_[m[K’ will be initialized after [[01;35m[K-Wreorder[m[K]
[3.805s]    46 |   double [01;35m[Kf_[m[K;
[3.805s]       |          [01;35m[K^~[m[K
[3.805s] [01m[K/home/suke/chicken_core/src/planner/a_star_planner/include/a_star_planner/node.hpp:43:12:[m[K [01;35m[Kwarning: [m[K  ‘[01m[KNode2D* Node2D::parent_[m[K’ [[01;35m[K-Wreorder[m[K]
[3.805s]    43 |   Node2D * [01;35m[Kparent_[m[K;
[3.806s]       |            [01;35m[K^~~~~~~[m[K
[3.808s] [01m[K/home/suke/chicken_core/src/planner/a_star_planner/include/a_star_planner/node.hpp:10:3:[m[K [01;35m[Kwarning: [m[K  when initialized here [[01;35m[K-Wreorder[m[K]
[3.809s]    10 |   [01;35m[KNode2D[m[K(int x = 0, int y = 0, double g = 0.0, Node2D * parent = NULL)
[3.809s]       |   [01;35m[K^~~~~~[m[K
[3.809s] In file included from [01m[K/home/suke/chicken_core/src/planner/a_star_planner/include/a_star_planner/a_star_component.hpp:5[m[K,
[3.809s]                  from [01m[K/home/suke/chicken_core/src/planner/a_star_planner/src/a_star_component.cpp:1[m[K:
[3.809s] [01m[K/home/suke/chicken_core/src/planner/a_star_planner/include/a_star_planner/smoother.hpp:[m[K In member function ‘[01m[Kstd::vector<nav_msgs::msg::Path_<std::allocator<void> > > Smoother::split_path(nav_msgs::msg::Path)[m[K’:
[3.809s] [01m[K/home/suke/chicken_core/src/planner/a_star_planner/include/a_star_planner/smoother.hpp:95:23:[m[K [01;35m[Kwarning: [m[Kcomparison of integer expressions of different signedness: ‘[01m[Kint[m[K’ and ‘[01m[Kstd::vector<geometry_msgs::msg::PoseStamped_<std::allocator<void> >, std::allocator<geometry_msgs::msg::PoseStamped_<std::allocator<void> > > >::size_type[m[K’ {aka ‘[01m[Klong unsigned int[m[K’} [[01;35m[K-Wsign-compare[m[K]
[3.809s]    95 |     for (int i = 0; [01;35m[Ki < path.poses.size() - 1[m[K; i++) {
[3.809s]       |                     [01;35m[K~~^~~~~~~~~~~~~~~~~~~~~~~[m[K
[3.882s] [100%] [32m[1mLinking CXX shared library liba_star_planner.so[0m
[4.142s] [100%] Built target a_star_component
[6.112s] [100%] Built target a_star_planner
[6.127s] Invoked command in '/home/suke/chicken_core/build/a_star_planner' returned '0': CMAKE_PREFIX_PATH=${CMAKE_PREFIX_PATH}:/home/suke/ouxt_automation/robotx_ws/install/opencv_tests:/home/suke/ouxt_automation/robotx_ws/install/detic_onnx_ros2:/opt/ros/humble /usr/bin/cmake --build /home/suke/chicken_core/build/a_star_planner -- -j12 -l12
[6.208s] Invoking command in '/home/suke/chicken_core/build/a_star_planner': CMAKE_PREFIX_PATH=${CMAKE_PREFIX_PATH}:/home/suke/ouxt_automation/robotx_ws/install/opencv_tests:/home/suke/ouxt_automation/robotx_ws/install/detic_onnx_ros2:/opt/ros/humble /usr/bin/cmake --install /home/suke/chicken_core/build/a_star_planner
[6.222s] -- Install configuration: ""
[6.222s] -- Execute custom install script
[6.222s] -- Symlinking: /home/suke/chicken_core/install/a_star_planner/lib/a_star_planner/a_star_component
[6.240s] -- Symlinking: /home/suke/chicken_core/install/a_star_planner/include/a_star_planner/a_star_component.hpp
[6.259s] -- Symlinking: /home/suke/chicken_core/install/a_star_planner/include/a_star_planner/astar_planner.hpp
[6.274s] -- Symlinking: /home/suke/chicken_core/install/a_star_planner/include/a_star_planner/base_global_planner.hpp
[6.288s] -- Symlinking: /home/suke/chicken_core/install/a_star_planner/include/a_star_planner/node.hpp
[6.301s] -- Symlinking: /home/suke/chicken_core/install/a_star_planner/include/a_star_planner/smoother.hpp
[6.312s] -- Symlinking: /home/suke/chicken_core/install/a_star_planner/share/a_star_planner/environment/library_path.sh
[6.323s] -- Symlinking: /home/suke/chicken_core/install/a_star_planner/share/a_star_planner/environment/library_path.dsv
[6.335s] -- Symlinking: /home/suke/chicken_core/install/a_star_planner/lib/liba_star_planner.so
[6.350s] -- Symlinking: /home/suke/chicken_core/install/a_star_planner/share/a_star_planner/launch/a_star_planner.launch.py
[6.363s] -- Symlinking: /home/suke/chicken_core/install/a_star_planner/share/a_star_planner/config/planner_params.yaml
[6.376s] -- Symlinking: /home/suke/chicken_core/install/a_star_planner/share/ament_index/resource_index/package_run_dependencies/a_star_planner
[6.390s] -- Symlinking: /home/suke/chicken_core/install/a_star_planner/share/ament_index/resource_index/parent_prefix_path/a_star_planner
[6.406s] -- Symlinking: /home/suke/chicken_core/install/a_star_planner/share/a_star_planner/environment/ament_prefix_path.sh
[6.430s] -- Symlinking: /home/suke/chicken_core/install/a_star_planner/share/a_star_planner/environment/ament_prefix_path.dsv
[6.451s] -- Symlinking: /home/suke/chicken_core/install/a_star_planner/share/a_star_planner/environment/path.sh
[6.475s] -- Symlinking: /home/suke/chicken_core/install/a_star_planner/share/a_star_planner/environment/path.dsv
[6.491s] -- Symlinking: /home/suke/chicken_core/install/a_star_planner/share/a_star_planner/local_setup.bash
[6.509s] -- Symlinking: /home/suke/chicken_core/install/a_star_planner/share/a_star_planner/local_setup.sh
[6.526s] -- Symlinking: /home/suke/chicken_core/install/a_star_planner/share/a_star_planner/local_setup.zsh
[6.544s] -- Symlinking: /home/suke/chicken_core/install/a_star_planner/share/a_star_planner/local_setup.dsv
[6.560s] -- Symlinking: /home/suke/chicken_core/install/a_star_planner/share/a_star_planner/package.dsv
[6.577s] -- Symlinking: /home/suke/chicken_core/install/a_star_planner/share/ament_index/resource_index/packages/a_star_planner
[6.594s] -- Symlinking: /home/suke/chicken_core/install/a_star_planner/share/ament_index/resource_index/rclcpp_components/a_star_planner
[6.611s] -- Symlinking: /home/suke/chicken_core/install/a_star_planner/share/a_star_planner/cmake/ament_cmake_export_dependencies-extras.cmake
[6.628s] -- Symlinking: /home/suke/chicken_core/install/a_star_planner/share/a_star_planner/cmake/ament_cmake_export_include_directories-extras.cmake
[6.644s] -- Symlinking: /home/suke/chicken_core/install/a_star_planner/share/a_star_planner/cmake/ament_cmake_export_libraries-extras.cmake
[6.661s] -- Symlinking: /home/suke/chicken_core/install/a_star_planner/share/a_star_planner/cmake/a_star_plannerConfig.cmake
[6.677s] -- Symlinking: /home/suke/chicken_core/install/a_star_planner/share/a_star_planner/cmake/a_star_plannerConfig-version.cmake
[6.694s] -- Symlinking: /home/suke/chicken_core/install/a_star_planner/share/a_star_planner/package.xml
[6.715s] Invoked command in '/home/suke/chicken_core/build/a_star_planner' returned '0': CMAKE_PREFIX_PATH=${CMAKE_PREFIX_PATH}:/home/suke/ouxt_automation/robotx_ws/install/opencv_tests:/home/suke/ouxt_automation/robotx_ws/install/detic_onnx_ros2:/opt/ros/humble /usr/bin/cmake --install /home/suke/chicken_core/build/a_star_planner
