[0.020s] Invoking command in '/home/suke/chicken_core/build/ekf_localization': CMAKE_PREFIX_PATH=${CMAKE_PREFIX_PATH}:/home/suke/chicken_core/install/wheelbot_control:/home/suke/chicken_core/install/sensor_bringup:/home/suke/chicken_core/install/joy_translate:/home/suke/Documents/microros_ws/install/sensor_msgs_py:/home/suke/ouxt_automation/robotx_ws/install/opencv_tests:/home/suke/ouxt_automation/robotx_ws/install/detic_onnx_ros2:/opt/ros/humble /usr/bin/cmake --build /home/suke/chicken_core/build/ekf_localization -- -j12 -l12
[0.057s] -- Found ament_cmake_auto: 1.3.10 (/opt/ros/humble/share/ament_cmake_auto/cmake)
[0.351s] -- Found rosidl_generator_c: 3.1.5 (/opt/ros/humble/share/rosidl_generator_c/cmake)
[0.353s] -- Found rosidl_adapter: 3.1.5 (/opt/ros/humble/share/rosidl_adapter/cmake)
[0.358s] -- Found rosidl_generator_cpp: 3.1.5 (/opt/ros/humble/share/rosidl_generator_cpp/cmake)
[0.372s] -- Using all available rosidl_typesupport_c: rosidl_typesupport_microxrcedds_c;rosidl_typesupport_fastrtps_c;rosidl_typesupport_introspection_c
[0.393s] -- Using all available rosidl_typesupport_cpp: rosidl_typesupport_microxrcedds_cpp;rosidl_typesupport_fastrtps_cpp;rosidl_typesupport_introspection_cpp
[0.455s] -- Found rmw_implementation_cmake: 6.1.2 (/opt/ros/humble/share/rmw_implementation_cmake/cmake)
[0.461s] -- Found rmw_cyclonedds_cpp: 1.3.4 (/opt/ros/humble/share/rmw_cyclonedds_cpp/cmake)
[0.482s] -- Using RMW implementation 'rmw_cyclonedds_cpp' as default
[0.667s] -- Found ament_lint_auto: 0.12.11 (/opt/ros/humble/share/ament_lint_auto/cmake)
[0.674s] -- Added test 'copyright' to check source files copyright and LICENSE
[0.680s] -- Added test 'cppcheck' to perform static code analysis on C / C++ code
[0.680s] -- Configured cppcheck include dirs: /home/suke/chicken_core/src/localization/ekf_localization/include
[0.680s] -- Configured cppcheck exclude dirs and/or files: 
[0.685s] -- Added test 'cpplint' to check C / C++ code against the Google style
[0.685s] -- Configured cpplint exclude dirs and/or files: 
[0.687s] -- Added test 'lint_cmake' to check CMake code style
[0.692s] -- Added test 'uncrustify' to check C / C++ code style
[0.692s] -- Configured uncrustify additional arguments: 
[0.693s] -- Added test 'xmllint' to check XML markup files
[0.695s] -- Configuring done
[0.705s] -- Generating done
[0.707s] -- Build files have been written to: /home/suke/chicken_core/build/ekf_localization
[0.745s] [35m[1mConsolidate compiler generated dependencies of target ekf_localization_component[0m
[0.769s] [100%] Built target ekf_localization_component
[0.785s] Invoked command in '/home/suke/chicken_core/build/ekf_localization' returned '0': CMAKE_PREFIX_PATH=${CMAKE_PREFIX_PATH}:/home/suke/chicken_core/install/wheelbot_control:/home/suke/chicken_core/install/sensor_bringup:/home/suke/chicken_core/install/joy_translate:/home/suke/Documents/microros_ws/install/sensor_msgs_py:/home/suke/ouxt_automation/robotx_ws/install/opencv_tests:/home/suke/ouxt_automation/robotx_ws/install/detic_onnx_ros2:/opt/ros/humble /usr/bin/cmake --build /home/suke/chicken_core/build/ekf_localization -- -j12 -l12
[0.851s] Invoking command in '/home/suke/chicken_core/build/ekf_localization': CMAKE_PREFIX_PATH=${CMAKE_PREFIX_PATH}:/home/suke/chicken_core/install/wheelbot_control:/home/suke/chicken_core/install/sensor_bringup:/home/suke/chicken_core/install/joy_translate:/home/suke/Documents/microros_ws/install/sensor_msgs_py:/home/suke/ouxt_automation/robotx_ws/install/opencv_tests:/home/suke/ouxt_automation/robotx_ws/install/detic_onnx_ros2:/opt/ros/humble /usr/bin/cmake --install /home/suke/chicken_core/build/ekf_localization
[0.864s] -- Install configuration: ""
[0.865s] -- Up-to-date: /home/suke/chicken_core/install/ekf_localization/include
[0.865s] -- Up-to-date: /home/suke/chicken_core/install/ekf_localization/include/ekf_localization
[0.865s] -- Up-to-date: /home/suke/chicken_core/install/ekf_localization/include/ekf_localization/ekf_localization_component.hpp
[0.865s] -- Up-to-date: /home/suke/chicken_core/install/ekf_localization/share/ekf_localization//launch
[0.865s] -- Up-to-date: /home/suke/chicken_core/install/ekf_localization/share/ekf_localization//launch/ekf_localization_launch.xml
[0.865s] -- Up-to-date: /home/suke/chicken_core/install/ekf_localization/share/ekf_localization//config
[0.865s] -- Up-to-date: /home/suke/chicken_core/install/ekf_localization/share/ekf_localization//config/ekf.yaml
[0.865s] -- Up-to-date: /home/suke/chicken_core/install/ekf_localization/include
[0.865s] -- Up-to-date: /home/suke/chicken_core/install/ekf_localization/include/ekf_localization
[0.865s] -- Up-to-date: /home/suke/chicken_core/install/ekf_localization/include/ekf_localization/ekf_localization_component.hpp
[0.865s] -- Up-to-date: /home/suke/chicken_core/install/ekf_localization/share/ekf_localization/environment/library_path.sh
[0.865s] -- Installing: /home/suke/chicken_core/install/ekf_localization/share/ekf_localization/environment/library_path.dsv
[0.865s] -- Up-to-date: /home/suke/chicken_core/install/ekf_localization/lib/libekf_localization_component.so
[0.866s] -- Up-to-date: /home/suke/chicken_core/install/ekf_localization/share/ament_index/resource_index/package_run_dependencies/ekf_localization
[0.866s] -- Up-to-date: /home/suke/chicken_core/install/ekf_localization/share/ament_index/resource_index/parent_prefix_path/ekf_localization
[0.866s] -- Up-to-date: /home/suke/chicken_core/install/ekf_localization/share/ekf_localization/environment/ament_prefix_path.sh
[0.866s] -- Installing: /home/suke/chicken_core/install/ekf_localization/share/ekf_localization/environment/ament_prefix_path.dsv
[0.866s] -- Up-to-date: /home/suke/chicken_core/install/ekf_localization/share/ekf_localization/environment/path.sh
[0.866s] -- Installing: /home/suke/chicken_core/install/ekf_localization/share/ekf_localization/environment/path.dsv
[0.866s] -- Up-to-date: /home/suke/chicken_core/install/ekf_localization/share/ekf_localization/local_setup.bash
[0.866s] -- Up-to-date: /home/suke/chicken_core/install/ekf_localization/share/ekf_localization/local_setup.sh
[0.866s] -- Up-to-date: /home/suke/chicken_core/install/ekf_localization/share/ekf_localization/local_setup.zsh
[0.866s] -- Installing: /home/suke/chicken_core/install/ekf_localization/share/ekf_localization/local_setup.dsv
[0.866s] -- Installing: /home/suke/chicken_core/install/ekf_localization/share/ekf_localization/package.dsv
[0.866s] -- Up-to-date: /home/suke/chicken_core/install/ekf_localization/share/ament_index/resource_index/packages/ekf_localization
[0.866s] -- Up-to-date: /home/suke/chicken_core/install/ekf_localization/share/ament_index/resource_index/rclcpp_components/ekf_localization
[0.866s] -- Up-to-date: /home/suke/chicken_core/install/ekf_localization/share/ekf_localization/cmake/ament_cmake_export_dependencies-extras.cmake
[0.867s] -- Up-to-date: /home/suke/chicken_core/install/ekf_localization/share/ekf_localization/cmake/ament_cmake_export_include_directories-extras.cmake
[0.867s] -- Up-to-date: /home/suke/chicken_core/install/ekf_localization/share/ekf_localization/cmake/ament_cmake_export_libraries-extras.cmake
[0.867s] -- Up-to-date: /home/suke/chicken_core/install/ekf_localization/share/ekf_localization/cmake/ekf_localizationConfig.cmake
[0.867s] -- Up-to-date: /home/suke/chicken_core/install/ekf_localization/share/ekf_localization/cmake/ekf_localizationConfig-version.cmake
[0.867s] -- Up-to-date: /home/suke/chicken_core/install/ekf_localization/share/ekf_localization/package.xml
[0.868s] Invoked command in '/home/suke/chicken_core/build/ekf_localization' returned '0': CMAKE_PREFIX_PATH=${CMAKE_PREFIX_PATH}:/home/suke/chicken_core/install/wheelbot_control:/home/suke/chicken_core/install/sensor_bringup:/home/suke/chicken_core/install/joy_translate:/home/suke/Documents/microros_ws/install/sensor_msgs_py:/home/suke/ouxt_automation/robotx_ws/install/opencv_tests:/home/suke/ouxt_automation/robotx_ws/install/detic_onnx_ros2:/opt/ros/humble /usr/bin/cmake --install /home/suke/chicken_core/build/ekf_localization
