[0.014s] Invoking command in '/home/suke/chicken_core/build/ekf_localization': CMAKE_PREFIX_PATH=${CMAKE_PREFIX_PATH}:/home/suke/ouxt_automation/robotx_ws/install/opencv_tests:/home/suke/ouxt_automation/robotx_ws/install/detic_onnx_ros2:/opt/ros/humble /usr/bin/cmake --build /home/suke/chicken_core/build/ekf_localization -- -j12 -l12
[0.067s] [35m[1mConsolidate compiler generated dependencies of target ekf_localization_component[0m
[0.091s] [ 50%] [32mBuilding CXX object CMakeFiles/ekf_localization_component.dir/src/ekf_localization_component.cpp.o[0m
[9.980s] In file included from [01m[K/home/suke/chicken_core/src/localization/ekf_localization/src/ekf_localization_component.cpp:9[m[K:
[9.980s] [01m[K/home/suke/chicken_core/src/localization/ekf_localization/include/ekf_localization/ekf_localization_component.hpp:23:5:[m[K [01;31m[Kerror: [m[Kexpected identifier before numeric constant
[9.980s]    23 |   Q([01;31m[K0[m[K, 0) = 0.1;  // Process noise for x
[9.981s]       |     [01;31m[K^[m[K
[9.981s] [01m[K/home/suke/chicken_core/src/localization/ekf_localization/include/ekf_localization/ekf_localization_component.hpp:23:5:[m[K [01;31m[Kerror: [m[Kexpected ‘[01m[K,[m[K’ or ‘[01m[K...[m[K’ before numeric constant
[9.981s] [01m[K/home/suke/chicken_core/src/localization/ekf_localization/include/ekf_localization/ekf_localization_component.hpp:23:16:[m[K [01;31m[Kerror: [m[Kinvalid pure specifier (only ‘[01m[K= 0[m[K’ is allowed) before ‘[01m[K;[m[K’ token
[9.981s]    23 |   Q(0, 0) = 0.1[01;31m[K;[m[K  // Process noise for x
[9.981s]       |                [01;31m[K^[m[K
[9.981s] [01m[K/home/suke/chicken_core/src/localization/ekf_localization/include/ekf_localization/ekf_localization_component.hpp:23:3:[m[K [01;31m[Kerror: [m[KISO C++ forbids declaration of ‘[01m[KQ[m[K’ with no type [[01;31m[K-fpermissive[m[K]
[9.981s]    23 |   [01;31m[KQ[m[K(0, 0) = 0.1;  // Process noise for x
[9.981s]       |   [01;31m[K^[m[K
[9.981s] [01m[K/home/suke/chicken_core/src/localization/ekf_localization/include/ekf_localization/ekf_localization_component.hpp:23:16:[m[K [01;31m[Kerror: [m[K‘[01m[Kint ekf_localization::ExtendedKalmanFilter::Q(int)[m[K’ conflicts with a previous declaration
[9.981s]    23 |   Q(0, 0) = 0.1[01;31m[K;[m[K  // Process noise for x
[9.981s]       |                [01;31m[K^[m[K
[9.981s] [01m[K/home/suke/chicken_core/src/localization/ekf_localization/include/ekf_localization/ekf_localization_component.hpp:22:12:[m[K [01;36m[Knote: [m[Kprevious declaration ‘[01m[KEigen::MatrixXd ekf_localization::ExtendedKalmanFilter::Q[m[K’
[9.981s]    22 |   MatrixXd [01;36m[KQ[m[K = MatrixXd::Zero(3, 3);
[9.981s]       |            [01;36m[K^[m[K
[9.982s] [01m[K/home/suke/chicken_core/src/localization/ekf_localization/include/ekf_localization/ekf_localization_component.hpp:24:5:[m[K [01;31m[Kerror: [m[Kexpected identifier before numeric constant
[9.982s]    24 |   Q([01;31m[K1[m[K, 1) = 0.1;  // Process noise for y
[9.982s]       |     [01;31m[K^[m[K
[9.982s] [01m[K/home/suke/chicken_core/src/localization/ekf_localization/include/ekf_localization/ekf_localization_component.hpp:24:5:[m[K [01;31m[Kerror: [m[Kexpected ‘[01m[K,[m[K’ or ‘[01m[K...[m[K’ before numeric constant
[9.982s] [01m[K/home/suke/chicken_core/src/localization/ekf_localization/include/ekf_localization/ekf_localization_component.hpp:24:16:[m[K [01;31m[Kerror: [m[Kinvalid pure specifier (only ‘[01m[K= 0[m[K’ is allowed) before ‘[01m[K;[m[K’ token
[9.982s]    24 |   Q(1, 1) = 0.1[01;31m[K;[m[K  // Process noise for y
[9.982s]       |                [01;31m[K^[m[K
[9.982s] [01m[K/home/suke/chicken_core/src/localization/ekf_localization/include/ekf_localization/ekf_localization_component.hpp:24:3:[m[K [01;31m[Kerror: [m[KISO C++ forbids declaration of ‘[01m[KQ[m[K’ with no type [[01;31m[K-fpermissive[m[K]
[9.982s]    24 |   [01;31m[KQ[m[K(1, 1) = 0.1;  // Process noise for y
[9.983s]       |   [01;31m[K^[m[K
[9.983s] [01m[K/home/suke/chicken_core/src/localization/ekf_localization/include/ekf_localization/ekf_localization_component.hpp:24:16:[m[K [01;31m[Kerror: [m[K‘[01m[Kint ekf_localization::ExtendedKalmanFilter::Q(int)[m[K’ conflicts with a previous declaration
[9.983s]    24 |   Q(1, 1) = 0.1[01;31m[K;[m[K  // Process noise for y
[9.983s]       |                [01;31m[K^[m[K
[9.983s] [01m[K/home/suke/chicken_core/src/localization/ekf_localization/include/ekf_localization/ekf_localization_component.hpp:22:12:[m[K [01;36m[Knote: [m[Kprevious declaration ‘[01m[KEigen::MatrixXd ekf_localization::ExtendedKalmanFilter::Q[m[K’
[9.983s]    22 |   MatrixXd [01;36m[KQ[m[K = MatrixXd::Zero(3, 3);
[9.983s]       |            [01;36m[K^[m[K
[9.983s] [01m[K/home/suke/chicken_core/src/localization/ekf_localization/include/ekf_localization/ekf_localization_component.hpp:25:5:[m[K [01;31m[Kerror: [m[Kexpected identifier before numeric constant
[9.983s]    25 |   Q([01;31m[K2[m[K, 2) = 0.01; // Process noise for theta
[9.983s]       |     [01;31m[K^[m[K
[9.983s] [01m[K/home/suke/chicken_core/src/localization/ekf_localization/include/ekf_localization/ekf_localization_component.hpp:25:5:[m[K [01;31m[Kerror: [m[Kexpected ‘[01m[K,[m[K’ or ‘[01m[K...[m[K’ before numeric constant
[9.983s] [01m[K/home/suke/chicken_core/src/localization/ekf_localization/include/ekf_localization/ekf_localization_component.hpp:25:17:[m[K [01;31m[Kerror: [m[Kinvalid pure specifier (only ‘[01m[K= 0[m[K’ is allowed) before ‘[01m[K;[m[K’ token
[9.983s]    25 |   Q(2, 2) = 0.01[01;31m[K;[m[K // Process noise for theta
[9.983s]       |                 [01;31m[K^[m[K
[9.983s] [01m[K/home/suke/chicken_core/src/localization/ekf_localization/include/ekf_localization/ekf_localization_component.hpp:25:3:[m[K [01;31m[Kerror: [m[KISO C++ forbids declaration of ‘[01m[KQ[m[K’ with no type [[01;31m[K-fpermissive[m[K]
[9.984s]    25 |   [01;31m[KQ[m[K(2, 2) = 0.01; // Process noise for theta
[9.984s]       |   [01;31m[K^[m[K
[9.984s] [01m[K/home/suke/chicken_core/src/localization/ekf_localization/include/ekf_localization/ekf_localization_component.hpp:25:17:[m[K [01;31m[Kerror: [m[K‘[01m[Kint ekf_localization::ExtendedKalmanFilter::Q(int)[m[K’ conflicts with a previous declaration
[9.984s]    25 |   Q(2, 2) = 0.01[01;31m[K;[m[K // Process noise for theta
[9.984s]       |                 [01;31m[K^[m[K
[9.984s] [01m[K/home/suke/chicken_core/src/localization/ekf_localization/include/ekf_localization/ekf_localization_component.hpp:22:12:[m[K [01;36m[Knote: [m[Kprevious declaration ‘[01m[KEigen::MatrixXd ekf_localization::ExtendedKalmanFilter::Q[m[K’
[9.984s]    22 |   MatrixXd [01;36m[KQ[m[K = MatrixXd::Zero(3, 3);
[9.984s]       |            [01;36m[K^[m[K
[9.984s] [01m[K/home/suke/chicken_core/src/localization/ekf_localization/include/ekf_localization/ekf_localization_component.hpp:29:5:[m[K [01;31m[Kerror: [m[Kexpected identifier before numeric constant
[9.984s]    29 |   R([01;31m[K0[m[K, 0) = 0.1;  // Process noise for x
[9.984s]       |     [01;31m[K^[m[K
[9.984s] [01m[K/home/suke/chicken_core/src/localization/ekf_localization/include/ekf_localization/ekf_localization_component.hpp:29:5:[m[K [01;31m[Kerror: [m[Kexpected ‘[01m[K,[m[K’ or ‘[01m[K...[m[K’ before numeric constant
[9.985s] [01m[K/home/suke/chicken_core/src/localization/ekf_localization/include/ekf_localization/ekf_localization_component.hpp:29:16:[m[K [01;31m[Kerror: [m[Kinvalid pure specifier (only ‘[01m[K= 0[m[K’ is allowed) before ‘[01m[K;[m[K’ token
[9.985s]    29 |   R(0, 0) = 0.1[01;31m[K;[m[K  // Process noise for x
[9.985s]       |                [01;31m[K^[m[K
[9.985s] [01m[K/home/suke/chicken_core/src/localization/ekf_localization/include/ekf_localization/ekf_localization_component.hpp:29:3:[m[K [01;31m[Kerror: [m[KISO C++ forbids declaration of ‘[01m[KR[m[K’ with no type [[01;31m[K-fpermissive[m[K]
[9.985s]    29 |   [01;31m[KR[m[K(0, 0) = 0.1;  // Process noise for x
[9.985s]       |   [01;31m[K^[m[K
[9.985s] [01m[K/home/suke/chicken_core/src/localization/ekf_localization/include/ekf_localization/ekf_localization_component.hpp:29:16:[m[K [01;31m[Kerror: [m[K‘[01m[Kint ekf_localization::ExtendedKalmanFilter::R(int)[m[K’ conflicts with a previous declaration
[9.985s]    29 |   R(0, 0) = 0.1[01;31m[K;[m[K  // Process noise for x
[9.986s]       |                [01;31m[K^[m[K
[9.986s] [01m[K/home/suke/chicken_core/src/localization/ekf_localization/include/ekf_localization/ekf_localization_component.hpp:28:12:[m[K [01;36m[Knote: [m[Kprevious declaration ‘[01m[KEigen::MatrixXd ekf_localization::ExtendedKalmanFilter::R[m[K’
[9.986s]    28 |   MatrixXd [01;36m[KR[m[K = MatrixXd::Zero(3, 3);
[9.986s]       |            [01;36m[K^[m[K
[9.986s] [01m[K/home/suke/chicken_core/src/localization/ekf_localization/include/ekf_localization/ekf_localization_component.hpp:30:5:[m[K [01;31m[Kerror: [m[Kexpected identifier before numeric constant
[9.986s]    30 |   R([01;31m[K1[m[K, 1) = 0.1;  // Process noise for y
[9.987s]       |     [01;31m[K^[m[K
[9.987s] [01m[K/home/suke/chicken_core/src/localization/ekf_localization/include/ekf_localization/ekf_localization_component.hpp:30:5:[m[K [01;31m[Kerror: [m[Kexpected ‘[01m[K,[m[K’ or ‘[01m[K...[m[K’ before numeric constant
[9.987s] [01m[K/home/suke/chicken_core/src/localization/ekf_localization/include/ekf_localization/ekf_localization_component.hpp:30:16:[m[K [01;31m[Kerror: [m[Kinvalid pure specifier (only ‘[01m[K= 0[m[K’ is allowed) before ‘[01m[K;[m[K’ token
[9.987s]    30 |   R(1, 1) = 0.1[01;31m[K;[m[K  // Process noise for y
[9.987s]       |                [01;31m[K^[m[K
[9.987s] [01m[K/home/suke/chicken_core/src/localization/ekf_localization/include/ekf_localization/ekf_localization_component.hpp:30:3:[m[K [01;31m[Kerror: [m[KISO C++ forbids declaration of ‘[01m[KR[m[K’ with no type [[01;31m[K-fpermissive[m[K]
[9.988s]    30 |   [01;31m[KR[m[K(1, 1) = 0.1;  // Process noise for y
[9.988s]       |   [01;31m[K^[m[K
[9.988s] [01m[K/home/suke/chicken_core/src/localization/ekf_localization/include/ekf_localization/ekf_localization_component.hpp:30:16:[m[K [01;31m[Kerror: [m[K‘[01m[Kint ekf_localization::ExtendedKalmanFilter::R(int)[m[K’ conflicts with a previous declaration
[9.988s]    30 |   R(1, 1) = 0.1[01;31m[K;[m[K  // Process noise for y
[9.988s]       |                [01;31m[K^[m[K
[9.988s] [01m[K/home/suke/chicken_core/src/localization/ekf_localization/include/ekf_localization/ekf_localization_component.hpp:28:12:[m[K [01;36m[Knote: [m[Kprevious declaration ‘[01m[KEigen::MatrixXd ekf_localization::ExtendedKalmanFilter::R[m[K’
[9.988s]    28 |   MatrixXd [01;36m[KR[m[K = MatrixXd::Zero(3, 3);
[9.988s]       |            [01;36m[K^[m[K
[9.988s] [01m[K/home/suke/chicken_core/src/localization/ekf_localization/include/ekf_localization/ekf_localization_component.hpp:31:5:[m[K [01;31m[Kerror: [m[Kexpected identifier before numeric constant
[9.988s]    31 |   R([01;31m[K2[m[K, 2) = 0.01; // Process noise for theta
[9.988s]       |     [01;31m[K^[m[K
[9.989s] [01m[K/home/suke/chicken_core/src/localization/ekf_localization/include/ekf_localization/ekf_localization_component.hpp:31:5:[m[K [01;31m[Kerror: [m[Kexpected ‘[01m[K,[m[K’ or ‘[01m[K...[m[K’ before numeric constant
[9.989s] [01m[K/home/suke/chicken_core/src/localization/ekf_localization/include/ekf_localization/ekf_localization_component.hpp:31:17:[m[K [01;31m[Kerror: [m[Kinvalid pure specifier (only ‘[01m[K= 0[m[K’ is allowed) before ‘[01m[K;[m[K’ token
[9.989s]    31 |   R(2, 2) = 0.01[01;31m[K;[m[K // Process noise for theta
[9.989s]       |                 [01;31m[K^[m[K
[9.989s] [01m[K/home/suke/chicken_core/src/localization/ekf_localization/include/ekf_localization/ekf_localization_component.hpp:31:3:[m[K [01;31m[Kerror: [m[KISO C++ forbids declaration of ‘[01m[KR[m[K’ with no type [[01;31m[K-fpermissive[m[K]
[9.989s]    31 |   [01;31m[KR[m[K(2, 2) = 0.01; // Process noise for theta
[9.989s]       |   [01;31m[K^[m[K
[9.989s] [01m[K/home/suke/chicken_core/src/localization/ekf_localization/include/ekf_localization/ekf_localization_component.hpp:31:17:[m[K [01;31m[Kerror: [m[K‘[01m[Kint ekf_localization::ExtendedKalmanFilter::R(int)[m[K’ conflicts with a previous declaration
[9.989s]    31 |   R(2, 2) = 0.01[01;31m[K;[m[K // Process noise for theta
[9.990s]       |                 [01;31m[K^[m[K
[9.990s] [01m[K/home/suke/chicken_core/src/localization/ekf_localization/include/ekf_localization/ekf_localization_component.hpp:28:12:[m[K [01;36m[Knote: [m[Kprevious declaration ‘[01m[KEigen::MatrixXd ekf_localization::ExtendedKalmanFilter::R[m[K’
[9.990s]    28 |   MatrixXd [01;36m[KR[m[K = MatrixXd::Zero(3, 3);
[9.990s]       |            [01;36m[K^[m[K
[9.990s] [01m[K/home/suke/chicken_core/src/localization/ekf_localization/include/ekf_localization/ekf_localization_component.hpp:35:3:[m[K [01;31m[Kerror: [m[K‘[01m[Ktimestamp[m[K’ does not name a type
[9.990s]    35 |   [01;31m[Ktimestamp[m[K;
[9.990s]       |   [01;31m[K^~~~~~~~~[m[K
[9.990s] [01m[K/home/suke/chicken_core/src/localization/ekf_localization/src/ekf_localization_component.cpp:[m[K In constructor ‘[01m[Kekf_localization::ExtendedKalmanFilter::ExtendedKalmanFilter(const rclcpp::NodeOptions&)[m[K’:
[9.990s] [01m[K/home/suke/chicken_core/src/localization/ekf_localization/src/ekf_localization_component.cpp:24:39:[m[K [01;31m[Kerror: [m[K‘[01m[Kreference_frame_id_[m[K’ was not declared in this scope
[9.990s]    24 |   get_parameter("reference_frame_id", [01;31m[Kreference_frame_id_[m[K);
[9.991s]       |                                       [01;31m[K^~~~~~~~~~~~~~~~~~~[m[K
[9.991s] [01m[K/home/suke/chicken_core/src/localization/ekf_localization/src/ekf_localization_component.cpp:25:35:[m[K [01;31m[Kerror: [m[K‘[01m[Krobot_frame_id_[m[K’ was not declared in this scope
[9.991s]    25 |   get_parameter("robot_frame_id", [01;31m[Krobot_frame_id_[m[K);
[9.991s]       |                                   [01;31m[K^~~~~~~~~~~~~~~[m[K
[9.991s] [01m[K/home/suke/chicken_core/src/localization/ekf_localization/src/ekf_localization_component.cpp:26:39:[m[K [01;31m[Kerror: [m[K‘[01m[Kinitial_pose_topic_[m[K’ was not declared in this scope
[9.991s]    26 |   get_parameter("initial_pose_topic", [01;31m[Kinitial_pose_topic_[m[K);
[9.991s]       |                                       [01;31m[K^~~~~~~~~~~~~~~~~~~[m[K
[9.991s] [01m[K/home/suke/chicken_core/src/localization/ekf_localization/src/ekf_localization_component.cpp:27:30:[m[K [01;31m[Kerror: [m[K‘[01m[Kimu_topic_[m[K’ was not declared in this scope
[9.991s]    27 |   get_parameter("imu_topic", [01;31m[Kimu_topic_[m[K);
[9.991s]       |                              [01;31m[K^~~~~~~~~~[m[K
[9.992s] [01m[K/home/suke/chicken_core/src/localization/ekf_localization/src/ekf_localization_component.cpp:28:31:[m[K [01;31m[Kerror: [m[K‘[01m[Kodom_topic_[m[K’ was not declared in this scope; did you mean ‘[01m[Knode_topics_[m[K’?
[9.992s]    28 |   get_parameter("odom_topic", [01;31m[Kodom_topic_[m[K);
[9.992s]       |                               [01;31m[K^~~~~~~~~~~[m[K
[9.992s]       |                               [32m[Knode_topics_[m[K
[9.992s] [01m[K/home/suke/chicken_core/src/localization/ekf_localization/src/ekf_localization_component.cpp:34:31:[m[K [01;31m[Kerror: [m[K‘[01m[Kpub_period_[m[K’ was not declared in this scope
[9.992s]    34 |   get_parameter("pub_period", [01;31m[Kpub_period_[m[K);
[9.992s]       |                               [01;31m[K^~~~~~~~~~~[m[K
[9.992s] [01m[K/home/suke/chicken_core/src/localization/ekf_localization/src/ekf_localization_component.cpp:35:30:[m[K [01;31m[Kerror: [m[K‘[01m[Kvar_imu_w_[m[K’ was not declared in this scope
[9.992s]    35 |   get_parameter("var_imu_w", [01;31m[Kvar_imu_w_[m[K);
[9.992s]       |                              [01;31m[K^~~~~~~~~~[m[K
[9.992s] [01m[K/home/suke/chicken_core/src/localization/ekf_localization/src/ekf_localization_component.cpp:36:32:[m[K [01;31m[Kerror: [m[K‘[01m[Kvar_imu_acc_[m[K’ was not declared in this scope
[9.993s]    36 |   get_parameter("var_imu_acc", [01;31m[Kvar_imu_acc_[m[K);
[9.993s]       |                                [01;31m[K^~~~~~~~~~~~[m[K
[9.993s] [01m[K/home/suke/chicken_core/src/localization/ekf_localization/src/ekf_localization_component.cpp:37:33:[m[K [01;31m[Kerror: [m[K‘[01m[Kvar_odom_xyz_[m[K’ was not declared in this scope
[9.993s]    37 |   get_parameter("var_odom_xyz", [01;31m[Kvar_odom_xyz_[m[K);
[9.993s]       |                                 [01;31m[K^~~~~~~~~~~~~[m[K
[9.993s] [01m[K/home/suke/chicken_core/src/localization/ekf_localization/src/ekf_localization_component.cpp:[m[K In member function ‘[01m[Kvoid ekf_localization::ExtendedKalmanFilter::odom_callback(nav_msgs::msg::Odometry_<std::allocator<void> >::SharedPtr)[m[K’:
[9.993s] [01m[K/home/suke/chicken_core/src/localization/ekf_localization/src/ekf_localization_component.cpp:66:21:[m[K [01;31m[Kerror: [m[Kcannot convert ‘[01m[Knav_msgs::msg::Odometry_<std::allocator<void> >::SharedPtr[m[K’ {aka ‘[01m[Kstd::shared_ptr<nav_msgs::msg::Odometry_<std::allocator<void> > >[m[K’} to ‘[01m[Ksensor_msgs::msg::Imu[m[K’ {aka ‘[01m[Ksensor_msgs::msg::Imu_<std::allocator<void> >[m[K’}
[9.993s]    66 |   measurementUpdate([01;31m[Kmsg[m[K);
[9.993s]       |                     [01;31m[K^~~[m[K
[9.993s]       |                     [01;31m[K|[m[K
[9.994s]       |                     [01;31m[Knav_msgs::msg::Odometry_<std::allocator<void> >::SharedPtr {aka std::shared_ptr<nav_msgs::msg::Odometry_<std::allocator<void> > >}[m[K
[9.994s] In file included from [01m[K/home/suke/chicken_core/src/localization/ekf_localization/src/ekf_localization_component.cpp:9[m[K:
[9.994s] [01m[K/home/suke/chicken_core/src/localization/ekf_localization/include/ekf_localization/ekf_localization_component.hpp:44:48:[m[K [01;36m[Knote: [m[K  initializing argument 1 of ‘[01m[Kvoid ekf_localization::ExtendedKalmanFilter::measurementUpdate(sensor_msgs::msg::Imu)[m[K’
[9.994s]    44 |   void measurementUpdate([01;36m[Ksensor_msgs::msg::Imu msg[m[K);
[9.994s]       |                          [01;36m[K~~~~~~~~~~~~~~~~~~~~~~^~~[m[K
[9.994s] [01m[K/home/suke/chicken_core/src/localization/ekf_localization/src/ekf_localization_component.cpp:[m[K In member function ‘[01m[Kvoid ekf_localization::ExtendedKalmanFilter::imu_callback(sensor_msgs::msg::Imu_<std::allocator<void> >::SharedPtr)[m[K’:
[9.994s] [01m[K/home/suke/chicken_core/src/localization/ekf_localization/src/ekf_localization_component.cpp:78:27:[m[K [01;31m[Kerror: [m[K‘[01m[KVector3Stamped[m[K’ is not a member of ‘[01m[Kgeometry_msgs::msg[m[K’
[9.994s]    78 |       geometry_msgs::msg::[01;31m[KVector3Stamped[m[K acc_in, acc_out, w_in, w_out;
[9.994s]       |                           [01;31m[K^~~~~~~~~~~~~~[m[K
[9.994s] [01m[K/home/suke/chicken_core/src/localization/ekf_localization/src/ekf_localization_component.cpp:79:7:[m[K [01;31m[Kerror: [m[K‘[01m[Kacc_in[m[K’ was not declared in this scope
[9.995s]    79 |       [01;31m[Kacc_in[m[K.vector.x = msg->linear_acceleration.x;
[9.995s]       |       [01;31m[K^~~~~~[m[K
[9.995s] [01m[K/home/suke/chicken_core/src/localization/ekf_localization/src/ekf_localization_component.cpp:82:7:[m[K [01;31m[Kerror: [m[K‘[01m[Kw_in[m[K’ was not declared in this scope
[9.995s]    82 |       [01;31m[Kw_in[m[K.vector.x = msg->angular_velocity.x;
[9.995s]       |       [01;31m[K^~~~[m[K
[9.995s] [01m[K/home/suke/chicken_core/src/localization/ekf_localization/src/ekf_localization_component.cpp:85:7:[m[K [01;31m[Kerror: [m[K‘[01m[Ktf2[m[K’ has not been declared
[9.995s]    85 |       [01;31m[Ktf2[m[K::TimePoint time_point = tf2::TimePoint(
[9.995s]       |       [01;31m[K^~~[m[K
[9.995s] [01m[K/home/suke/chicken_core/src/localization/ekf_localization/src/ekf_localization_component.cpp:88:33:[m[K [01;31m[Kerror: [m[K‘[01m[KTransformStamped[m[K’ in namespace ‘[01m[Kgeometry_msgs::msg[m[K’ does not name a type
[9.995s]    88 |       const geometry_msgs::msg::[01;31m[KTransformStamped[m[K transform =
[9.995s]       |                                 [01;31m[K^~~~~~~~~~~~~~~~[m[K
[9.996s] [01m[K/home/suke/chicken_core/src/localization/ekf_localization/src/ekf_localization_component.cpp:93:7:[m[K [01;31m[Kerror: [m[K‘[01m[Ktf2[m[K’ has not been declared
[9.996s]    93 |       [01;31m[Ktf2[m[K::doTransform(acc_in, acc_out, transform);
[9.996s]       |       [01;31m[K^~~[m[K
[9.996s] [01m[K/home/suke/chicken_core/src/localization/ekf_localization/src/ekf_localization_component.cpp:93:32:[m[K [01;31m[Kerror: [m[K‘[01m[Kacc_out[m[K’ was not declared in this scope; did you mean ‘[01m[Kacct[m[K’?
[9.996s]    93 |       tf2::doTransform(acc_in, [01;31m[Kacc_out[m[K, transform);
[9.996s]       |                                [01;31m[K^~~~~~~[m[K
[9.996s]       |                                [32m[Kacct[m[K
[9.996s] [01m[K/home/suke/chicken_core/src/localization/ekf_localization/src/ekf_localization_component.cpp:93:41:[m[K [01;31m[Kerror: [m[K‘[01m[Ktransform[m[K’ was not declared in this scope; did you mean ‘[01m[Kstd::transform[m[K’?
[9.996s]    93 |       tf2::doTransform(acc_in, acc_out, [01;31m[Ktransform[m[K);
[9.996s]       |                                         [01;31m[K^~~~~~~~~[m[K
[9.996s]       |                                         [32m[Kstd::transform[m[K
[9.997s] In file included from [01m[K/usr/include/c++/11/algorithm:74[m[K,
[9.997s]                  from [01m[K/usr/include/eigen3/Eigen/Core:95[m[K,
[9.997s]                  from [01m[K/usr/include/eigen3/Eigen/Dense:1[m[K,
[9.997s]                  from [01m[K/home/suke/chicken_core/src/localization/ekf_localization/src/ekf_localization_component.cpp:5[m[K:
[9.997s] [01m[K/usr/include/c++/11/pstl/glue_algorithm_defs.h:162:1:[m[K [01;36m[Knote: [m[K‘[01m[Kstd::transform[m[K’ declared here
[9.997s]   162 | [01;36m[Ktransform[m[K(_ExecutionPolicy&& __exec, _ForwardIterator1 __first1, _ForwardIterator1 __last1, _ForwardIterator2 __first2,
[9.997s]       | [01;36m[K^~~~~~~~~[m[K
[9.997s] [01m[K/home/suke/chicken_core/src/localization/ekf_localization/src/ekf_localization_component.cpp:94:7:[m[K [01;31m[Kerror: [m[K‘[01m[Ktf2[m[K’ has not been declared
[9.997s]    94 |       [01;31m[Ktf2[m[K::doTransform(w_in, w_out, transform);
[9.997s]       |       [01;31m[K^~~[m[K
[9.997s] [01m[K/home/suke/chicken_core/src/localization/ekf_localization/src/ekf_localization_component.cpp:94:30:[m[K [01;31m[Kerror: [m[K‘[01m[Kw_out[m[K’ was not declared in this scope
[9.998s]    94 |       tf2::doTransform(w_in, [01;31m[Kw_out[m[K, transform);
[9.998s]       |                              [01;31m[K^~~~~[m[K
[9.998s] [01m[K/home/suke/chicken_core/src/localization/ekf_localization/src/ekf_localization_component.cpp:103:14:[m[K [01;31m[Kerror: [m[K‘[01m[Ktf2[m[K’ does not name a type
[9.998s]   103 |     } catch ([01;31m[Ktf2[m[K::TransformException & e) {
[9.998s]       |              [01;31m[K^~~[m[K
[9.998s] [01m[K/home/suke/chicken_core/src/localization/ekf_localization/src/ekf_localization_component.cpp:103:38:[m[K [01;31m[Kerror: [m[Kexpected unqualified-id before ‘[01m[K&[m[K’ token
[9.998s]   103 |     } catch (tf2::TransformException [01;31m[K&[m[K e) {
[9.998s]       |                                      [01;31m[K^[m[K
[9.998s] [01m[K/home/suke/chicken_core/src/localization/ekf_localization/src/ekf_localization_component.cpp:103:37:[m[K [01;31m[Kerror: [m[Kexpected ‘[01m[K)[m[K’ before ‘[01m[K&[m[K’ token
[9.998s]   103 |     } catch [34m[K([m[Ktf2::TransformException[01;31m[K [m[K[32m[K&[m[K e) {
[9.998s]       |             [34m[K~[m[K                       [01;31m[K^[m[K[32m[K~[m[K
[9.999s]       |                                     [32m[K)[m[K
[9.999s] [01m[K/home/suke/chicken_core/src/localization/ekf_localization/src/ekf_localization_component.cpp:103:38:[m[K [01;31m[Kerror: [m[Kexpected ‘[01m[K{[m[K’ before ‘[01m[K&[m[K’ token
[9.999s]   103 |     } catch (tf2::TransformException [01;31m[K&[m[K e) {
[9.999s]       |                                      [01;31m[K^[m[K
[9.999s] [01m[K/home/suke/chicken_core/src/localization/ekf_localization/src/ekf_localization_component.cpp:103:40:[m[K [01;31m[Kerror: [m[K‘[01m[Ke[m[K’ was not declared in this scope
[9.999s]   103 |     } catch (tf2::TransformException & [01;31m[Ke[m[K) {
[9.999s]       |                                        [01;31m[K^[m[K
[9.999s] [01m[K/home/suke/chicken_core/src/localization/ekf_localization/src/ekf_localization_component.cpp:106:7:[m[K [01;31m[Kerror: [m[Kexpected primary-expression before ‘[01m[Kcatch[m[K’
[9.999s]   106 |     } [01;31m[Kcatch[m[K (std::runtime_error & e) {
[9.999s]       |       [01;31m[K^~~~~[m[K
[9.999s] [01m[K/home/suke/chicken_core/src/localization/ekf_localization/src/ekf_localization_component.cpp:[m[K In member function ‘[01m[Kvoid ekf_localization::ExtendedKalmanFilter::predictUpdate(nav_msgs::msg::Odometry_<std::allocator<void> >::SharedPtr)[m[K’:
[10.000s] [01m[K/home/suke/chicken_core/src/localization/ekf_localization/src/ekf_localization_component.cpp:132:31:[m[K [01;31m[Kerror: [m[K‘[01m[Kold_timestamp[m[K’ was not declared in this scope; did you mean ‘[01m[Kodomtimestamp[m[K’?
[10.000s]   132 |   double dt = odomtimestamp - [01;31m[Kold_timestamp[m[K
[10.000s]       |                               [01;31m[K^~~~~~~~~~~~~[m[K
[10.000s]       |                               [32m[Kodomtimestamp[m[K
[10.000s] [01m[K/home/suke/chicken_core/src/localization/ekf_localization/src/ekf_localization_component.cpp:[m[K In member function ‘[01m[Kvoid ekf_localization::ExtendedKalmanFilter::measurementUpdate(sensor_msgs::msg::Imu)[m[K’:
[10.000s] [01m[K/home/suke/chicken_core/src/localization/ekf_localization/src/ekf_localization_component.cpp:162:21:[m[K [01;31m[Kerror: [m[Kbase operand of ‘[01m[K->[m[K’ has non-pointer type ‘[01m[Ksensor_msgs::msg::Imu[m[K’ {aka ‘[01m[Ksensor_msgs::msg::Imu_<std::allocator<void> >[m[K’}
[10.000s]   162 |   imutimestamp = msg[01;31m[K->[m[Kheader.stamp;
[10.000s]       |                     [01;31m[K^~[m[K
[10.000s] [01m[K/home/suke/chicken_core/src/localization/ekf_localization/src/ekf_localization_component.cpp:163:30:[m[K [01;31m[Kerror: [m[K‘[01m[Kold_timestamp[m[K’ was not declared in this scope; did you mean ‘[01m[Kodomtimestamp[m[K’?
[10.000s]   163 |   double dt = imutimestamp - [01;31m[Kold_timestamp[m[K;
[10.001s]       |                              [01;31m[K^~~~~~~~~~~~~[m[K
[10.001s]       |                              [32m[Kodomtimestamp[m[K
[10.001s] [01m[K/home/suke/chicken_core/src/localization/ekf_localization/src/ekf_localization_component.cpp:166:12:[m[K [01;31m[Kerror: [m[Kexpected initializer before ‘[01m[K+=[m[K’ token
[10.001s]   166 |   double v [01;31m[K+=[m[K u(0)*dt;
[10.001s]       |            [01;31m[K^~[m[K
[10.001s] [01m[K/home/suke/chicken_core/src/localization/ekf_localization/src/ekf_localization_component.cpp:168:15:[m[K [01;31m[Kerror: [m[K‘[01m[Kv[m[K’ was not declared in this scope
[10.001s]   168 |   double dx = [01;31m[Kv[m[K*cos(theta);
[10.001s]       |               [01;31m[K^[m[K
[10.001s] [01m[K/home/suke/chicken_core/src/localization/ekf_localization/src/ekf_localization_component.cpp:170:19:[m[K [01;31m[Kerror: [m[K‘[01m[Ku[m[K’ was not declared in this scope
[10.001s]   170 |   double dtheta = [01;31m[Ku[m[K(5);
[10.001s]       |                   [01;31m[K^[m[K
[10.002s] [01m[K/home/suke/chicken_core/src/localization/ekf_localization/src/ekf_localization_component.cpp:171:3:[m[K [01;31m[Kerror: [m[K‘[01m[KZ[m[K’ was not declared in this scope
[10.002s]   171 |   [01;31m[KZ[m[K(0) = x + dx * dt;
[10.002s]       |   [01;31m[K^[m[K
[10.002s] [01m[K/home/suke/chicken_core/src/localization/ekf_localization/src/ekf_localization_component.cpp:183:3:[m[K [01;31m[Kerror: [m[K‘[01m[KVectorXdy[m[K’ was not declared in this scope
[10.002s]   183 |   [01;31m[KVectorXdy[m[K = Z - h * X;
[10.002s]       |   [01;31m[K^~~~~~~~~[m[K
[10.002s] gmake[2]: *** [CMakeFiles/ekf_localization_component.dir/build.make:76: CMakeFiles/ekf_localization_component.dir/src/ekf_localization_component.cpp.o] Error 1
[10.002s] gmake[1]: *** [CMakeFiles/Makefile2:137: CMakeFiles/ekf_localization_component.dir/all] Error 2
[10.002s] gmake: *** [Makefile:146: all] Error 2
[10.003s] Invoked command in '/home/suke/chicken_core/build/ekf_localization' returned '2': CMAKE_PREFIX_PATH=${CMAKE_PREFIX_PATH}:/home/suke/ouxt_automation/robotx_ws/install/opencv_tests:/home/suke/ouxt_automation/robotx_ws/install/detic_onnx_ros2:/opt/ros/humble /usr/bin/cmake --build /home/suke/chicken_core/build/ekf_localization -- -j12 -l12
