[0.024s] Invoking command in '/home/suke/chicken_core/build/pure_pursuit_planner': CMAKE_PREFIX_PATH=${CMAKE_PREFIX_PATH}:/home/suke/chicken_core/install/wheelbot_control:/home/suke/chicken_core/install/sensor_bringup:/home/suke/chicken_core/install/joy_translate:/home/suke/Documents/microros_ws/install/sensor_msgs_py:/home/suke/ouxt_automation/robotx_ws/install/opencv_tests:/home/suke/ouxt_automation/robotx_ws/install/detic_onnx_ros2:/opt/ros/humble /usr/bin/cmake --build /home/suke/chicken_core/build/pure_pursuit_planner -- -j12 -l12
[0.108s] [35m[1mConsolidate compiler generated dependencies of target pure_pursuit_planner[0m
[0.141s] [ 33%] [32mBuilding CXX object CMakeFiles/pure_pursuit_planner.dir/src/pure_pursuit_planner_component.cpp.o[0m
[10.174s] [ 66%] [32m[1mLinking CXX executable pure_pursuit_planner[0m
[10.706s] [100%] Built target pure_pursuit_planner
[10.728s] Invoked command in '/home/suke/chicken_core/build/pure_pursuit_planner' returned '0': CMAKE_PREFIX_PATH=${CMAKE_PREFIX_PATH}:/home/suke/chicken_core/install/wheelbot_control:/home/suke/chicken_core/install/sensor_bringup:/home/suke/chicken_core/install/joy_translate:/home/suke/Documents/microros_ws/install/sensor_msgs_py:/home/suke/ouxt_automation/robotx_ws/install/opencv_tests:/home/suke/ouxt_automation/robotx_ws/install/detic_onnx_ros2:/opt/ros/humble /usr/bin/cmake --build /home/suke/chicken_core/build/pure_pursuit_planner -- -j12 -l12
[10.847s] Invoking command in '/home/suke/chicken_core/build/pure_pursuit_planner': CMAKE_PREFIX_PATH=${CMAKE_PREFIX_PATH}:/home/suke/chicken_core/install/wheelbot_control:/home/suke/chicken_core/install/sensor_bringup:/home/suke/chicken_core/install/joy_translate:/home/suke/Documents/microros_ws/install/sensor_msgs_py:/home/suke/ouxt_automation/robotx_ws/install/opencv_tests:/home/suke/ouxt_automation/robotx_ws/install/detic_onnx_ros2:/opt/ros/humble /usr/bin/cmake --install /home/suke/chicken_core/build/pure_pursuit_planner
[10.864s] -- Install configuration: ""
[10.865s] -- Execute custom install script
[10.865s] -- Up-to-date symlink: /home/suke/chicken_core/install/pure_pursuit_planner/lib/pure_pursuit_planner/pure_pursuit_planner
[10.866s] -- Up-to-date symlink: /home/suke/chicken_core/install/pure_pursuit_planner/share/pure_pursuit_planner/launch/pure_pursuit_planner.py
[10.866s] -- Up-to-date symlink: /home/suke/chicken_core/install/pure_pursuit_planner/share/pure_pursuit_planner/rviz/pure_pursuit_planner.rviz
[10.866s] -- Up-to-date symlink: /home/suke/chicken_core/install/pure_pursuit_planner/share/ament_index/resource_index/package_run_dependencies/pure_pursuit_planner
[10.866s] -- Up-to-date symlink: /home/suke/chicken_core/install/pure_pursuit_planner/share/ament_index/resource_index/parent_prefix_path/pure_pursuit_planner
[10.867s] -- Up-to-date symlink: /home/suke/chicken_core/install/pure_pursuit_planner/share/pure_pursuit_planner/environment/ament_prefix_path.sh
[10.867s] -- Up-to-date symlink: /home/suke/chicken_core/install/pure_pursuit_planner/share/pure_pursuit_planner/environment/ament_prefix_path.dsv
[10.867s] -- Up-to-date symlink: /home/suke/chicken_core/install/pure_pursuit_planner/share/pure_pursuit_planner/environment/path.sh
[10.867s] -- Up-to-date symlink: /home/suke/chicken_core/install/pure_pursuit_planner/share/pure_pursuit_planner/environment/path.dsv
[10.867s] -- Up-to-date symlink: /home/suke/chicken_core/install/pure_pursuit_planner/share/pure_pursuit_planner/local_setup.bash
[10.867s] -- Up-to-date symlink: /home/suke/chicken_core/install/pure_pursuit_planner/share/pure_pursuit_planner/local_setup.sh
[10.868s] -- Up-to-date symlink: /home/suke/chicken_core/install/pure_pursuit_planner/share/pure_pursuit_planner/local_setup.zsh
[10.868s] -- Up-to-date symlink: /home/suke/chicken_core/install/pure_pursuit_planner/share/pure_pursuit_planner/local_setup.dsv
[10.868s] -- Symlinking: /home/suke/chicken_core/install/pure_pursuit_planner/share/pure_pursuit_planner/package.dsv
[10.893s] -- Up-to-date symlink: /home/suke/chicken_core/install/pure_pursuit_planner/share/ament_index/resource_index/packages/pure_pursuit_planner
[10.894s] -- Up-to-date symlink: /home/suke/chicken_core/install/pure_pursuit_planner/share/pure_pursuit_planner/cmake/pure_pursuit_plannerConfig.cmake
[10.894s] -- Up-to-date symlink: /home/suke/chicken_core/install/pure_pursuit_planner/share/pure_pursuit_planner/cmake/pure_pursuit_plannerConfig-version.cmake
[10.894s] -- Up-to-date symlink: /home/suke/chicken_core/install/pure_pursuit_planner/share/pure_pursuit_planner/package.xml
[10.896s] Invoked command in '/home/suke/chicken_core/build/pure_pursuit_planner' returned '0': CMAKE_PREFIX_PATH=${CMAKE_PREFIX_PATH}:/home/suke/chicken_core/install/wheelbot_control:/home/suke/chicken_core/install/sensor_bringup:/home/suke/chicken_core/install/joy_translate:/home/suke/Documents/microros_ws/install/sensor_msgs_py:/home/suke/ouxt_automation/robotx_ws/install/opencv_tests:/home/suke/ouxt_automation/robotx_ws/install/detic_onnx_ros2:/opt/ros/humble /usr/bin/cmake --install /home/suke/chicken_core/build/pure_pursuit_planner
