[01m[K/home/suke/chicken_core/src/planner/pure_pursuit_planner/src/pure_pursuit_planner_component.cpp:[m[K In member function ‘[01m[Kvoid PurePursuitNode::updateControl()[m[K’:
[01m[K/home/suke/chicken_core/src/planner/pure_pursuit_planner/src/pure_pursuit_planner_component.cpp:29:10:[m[K [01;35m[Kwarning: [m[Kstructured binding declaration set but not used [[01;35m[K-Wunused-but-set-variable[m[K]
   29 |     auto [01;35m[K[v, w][m[K = purePursuitControl(target_ind);
      |          [01;35m[K^~~~~~[m[K
[01m[K/home/suke/chicken_core/src/planner/pure_pursuit_planner/src/pure_pursuit_planner_component.cpp:[m[K In member function ‘[01m[Kstd::pair<double, double> PurePursuitNode::purePursuitControl(int&)[m[K’:
[01m[K/home/suke/chicken_core/src/planner/pure_pursuit_planner/src/pure_pursuit_planner_component.cpp:40:12:[m[K [01;35m[Kwarning: [m[Kunused variable ‘[01m[Ktarget_lookahed_x[m[K’ [[01;35m[K-Wunused-variable[m[K]
   40 |     double [01;35m[Ktarget_lookahed_x[m[K, target_lookahed_y, target_curvature;
      |            [01;35m[K^~~~~~~~~~~~~~~~~[m[K
[01m[K/home/suke/chicken_core/src/planner/pure_pursuit_planner/src/pure_pursuit_planner_component.cpp:40:31:[m[K [01;35m[Kwarning: [m[Kunused variable ‘[01m[Ktarget_lookahed_y[m[K’ [[01;35m[K-Wunused-variable[m[K]
   40 |     double target_lookahed_x, [01;35m[Ktarget_lookahed_y[m[K, target_curvature;
      |                               [01;35m[K^~~~~~~~~~~~~~~~~[m[K
[01m[K/home/suke/chicken_core/src/planner/pure_pursuit_planner/src/pure_pursuit_planner_component.cpp:40:50:[m[K [01;35m[Kwarning: [m[Kunused variable ‘[01m[Ktarget_curvature[m[K’ [[01;35m[K-Wunused-variable[m[K]
   40 |     double target_lookahed_x, target_lookahed_y, [01;35m[Ktarget_curvature[m[K;
      |                                                  [01;35m[K^~~~~~~~~~~~~~~~[m[K
[01m[K/home/suke/chicken_core/src/planner/pure_pursuit_planner/src/pure_pursuit_planner_component.cpp:[m[K In member function ‘[01m[Kstd::pair<int, double> PurePursuitNode::searchTargetIndex()[m[K’:
[01m[K/home/suke/chicken_core/src/planner/pure_pursuit_planner/src/pure_pursuit_planner_component.cpp:104:14:[m[K [01;31m[Kerror: [m[K‘[01m[Kind[m[K’ was not declared in this scope; did you mean ‘[01m[Kint[m[K’?
  104 |     return { [01;31m[Kind[m[K, Lf };
      |              [01;31m[K^~~[m[K
      |              [32m[Kint[m[K
[01m[K/home/suke/chicken_core/src/planner/pure_pursuit_planner/src/pure_pursuit_planner_component.cpp:104:19:[m[K [01;31m[Kerror: [m[K‘[01m[KLf[m[K’ was not declared in this scope; did you mean ‘[01m[KLfc[m[K’?
  104 |     return { ind, [01;31m[KLf[m[K };
      |                   [01;31m[K^~[m[K
      |                   [32m[KLfc[m[K
[01m[K/home/suke/chicken_core/src/planner/pure_pursuit_planner/src/pure_pursuit_planner_component.cpp:104:22:[m[K [01;31m[Kerror: [m[Kcould not convert ‘[01m[K{<expression error>, <expression error>}[m[K’ from ‘[01m[K<brace-enclosed initializer list>[m[K’ to ‘[01m[Kstd::pair<int, double>[m[K’
  104 |     return { ind, Lf [01;31m[K}[m[K;
      |                      [01;31m[K^[m[K
      |                      [01;31m[K|[m[K
      |                      [01;31m[K<brace-enclosed initializer list>[m[K
gmake[2]: *** [CMakeFiles/pure_pursuit_planner.dir/build.make:90: CMakeFiles/pure_pursuit_planner.dir/src/pure_pursuit_planner_component.cpp.o] Error 1
gmake[1]: *** [CMakeFiles/Makefile2:137: CMakeFiles/pure_pursuit_planner.dir/all] Error 2
gmake: *** [Makefile:146: all] Error 2
