-- Install configuration: ""
-- Execute custom install script
-- Up-to-date symlink: /home/suke/chicken_core/install/map_server/share/map_server/launch/map_server_launch.py
-- Up-to-date symlink: /home/suke/chicken_core/install/map_server/share/map_server/launch/map_server_launch.xml
-- Up-to-date symlink: /home/suke/chicken_core/install/map_server/share/map_server/map/map.png
-- Up-to-date symlink: /home/suke/chicken_core/install/map_server/share/map_server/map/map.yaml
-- Up-to-date symlink: /home/suke/chicken_core/install/map_server/share/map_server/map/map_server_params.yaml
-- Up-to-date symlink: /home/suke/chicken_core/install/map_server/share/ament_index/resource_index/package_run_dependencies/map_server
-- Up-to-date symlink: /home/suke/chicken_core/install/map_server/share/ament_index/resource_index/parent_prefix_path/map_server
-- Up-to-date symlink: /home/suke/chicken_core/install/map_server/share/map_server/environment/ament_prefix_path.sh
-- Up-to-date symlink: /home/suke/chicken_core/install/map_server/share/map_server/environment/ament_prefix_path.dsv
-- Up-to-date symlink: /home/suke/chicken_core/install/map_server/share/map_server/environment/path.sh
-- Up-to-date symlink: /home/suke/chicken_core/install/map_server/share/map_server/environment/path.dsv
-- Up-to-date symlink: /home/suke/chicken_core/install/map_server/share/map_server/local_setup.bash
-- Up-to-date symlink: /home/suke/chicken_core/install/map_server/share/map_server/local_setup.sh
-- Up-to-date symlink: /home/suke/chicken_core/install/map_server/share/map_server/local_setup.zsh
-- Up-to-date symlink: /home/suke/chicken_core/install/map_server/share/map_server/local_setup.dsv
-- Symlinking: /home/suke/chicken_core/install/map_server/share/map_server/package.dsv
-- Up-to-date symlink: /home/suke/chicken_core/install/map_server/share/ament_index/resource_index/packages/map_server
-- Up-to-date symlink: /home/suke/chicken_core/install/map_server/share/map_server/cmake/map_serverConfig.cmake
-- Up-to-date symlink: /home/suke/chicken_core/install/map_server/share/map_server/cmake/map_serverConfig-version.cmake
-- Up-to-date symlink: /home/suke/chicken_core/install/map_server/share/map_server/package.xml
