[0.336s] Invoking command in '/home/suke/chicken_core/build/map_server': CMAKE_PREFIX_PATH=${CMAKE_PREFIX_PATH}:/home/suke/chicken_core/install/wheelbot_control:/home/suke/chicken_core/install/sensor_bringup:/home/suke/chicken_core/install/joy_translate:/home/suke/ouxt_automation/robotx_ws/install/opencv_tests:/home/suke/ouxt_automation/robotx_ws/install/detic_onnx_ros2:/opt/ros/humble /usr/bin/cmake --build /home/suke/chicken_core/build/map_server -- -j12 -l12
[0.868s] Invoked command in '/home/suke/chicken_core/build/map_server' returned '0': CMAKE_PREFIX_PATH=${CMAKE_PREFIX_PATH}:/home/suke/chicken_core/install/wheelbot_control:/home/suke/chicken_core/install/sensor_bringup:/home/suke/chicken_core/install/joy_translate:/home/suke/ouxt_automation/robotx_ws/install/opencv_tests:/home/suke/ouxt_automation/robotx_ws/install/detic_onnx_ros2:/opt/ros/humble /usr/bin/cmake --build /home/suke/chicken_core/build/map_server -- -j12 -l12
[0.943s] Invoking command in '/home/suke/chicken_core/build/map_server': CMAKE_PREFIX_PATH=${CMAKE_PREFIX_PATH}:/home/suke/chicken_core/install/wheelbot_control:/home/suke/chicken_core/install/sensor_bringup:/home/suke/chicken_core/install/joy_translate:/home/suke/ouxt_automation/robotx_ws/install/opencv_tests:/home/suke/ouxt_automation/robotx_ws/install/detic_onnx_ros2:/opt/ros/humble /usr/bin/cmake --install /home/suke/chicken_core/build/map_server
[0.974s] -- Install configuration: ""
[0.974s] -- Execute custom install script
[0.974s] -- Up-to-date symlink: /home/suke/chicken_core/install/map_server/share/map_server/launch/map_server_launch.py
[0.975s] -- Up-to-date symlink: /home/suke/chicken_core/install/map_server/share/map_server/launch/map_server_launch.xml
[0.975s] -- Up-to-date symlink: /home/suke/chicken_core/install/map_server/share/map_server/map/map.png
[0.975s] -- Up-to-date symlink: /home/suke/chicken_core/install/map_server/share/map_server/map/map.yaml
[0.975s] -- Up-to-date symlink: /home/suke/chicken_core/install/map_server/share/map_server/map/map_server_params.yaml
[0.975s] -- Up-to-date symlink: /home/suke/chicken_core/install/map_server/share/ament_index/resource_index/package_run_dependencies/map_server
[0.975s] -- Up-to-date symlink: /home/suke/chicken_core/install/map_server/share/ament_index/resource_index/parent_prefix_path/map_server
[0.975s] -- Up-to-date symlink: /home/suke/chicken_core/install/map_server/share/map_server/environment/ament_prefix_path.sh
[0.975s] -- Up-to-date symlink: /home/suke/chicken_core/install/map_server/share/map_server/environment/ament_prefix_path.dsv
[0.975s] -- Up-to-date symlink: /home/suke/chicken_core/install/map_server/share/map_server/environment/path.sh
[0.976s] -- Up-to-date symlink: /home/suke/chicken_core/install/map_server/share/map_server/environment/path.dsv
[0.976s] -- Up-to-date symlink: /home/suke/chicken_core/install/map_server/share/map_server/local_setup.bash
[0.976s] -- Up-to-date symlink: /home/suke/chicken_core/install/map_server/share/map_server/local_setup.sh
[0.976s] -- Up-to-date symlink: /home/suke/chicken_core/install/map_server/share/map_server/local_setup.zsh
[0.976s] -- Up-to-date symlink: /home/suke/chicken_core/install/map_server/share/map_server/local_setup.dsv
[0.976s] -- Symlinking: /home/suke/chicken_core/install/map_server/share/map_server/package.dsv
[0.987s] -- Up-to-date symlink: /home/suke/chicken_core/install/map_server/share/ament_index/resource_index/packages/map_server
[0.987s] -- Up-to-date symlink: /home/suke/chicken_core/install/map_server/share/map_server/cmake/map_serverConfig.cmake
[0.987s] -- Up-to-date symlink: /home/suke/chicken_core/install/map_server/share/map_server/cmake/map_serverConfig-version.cmake
[0.987s] -- Up-to-date symlink: /home/suke/chicken_core/install/map_server/share/map_server/package.xml
[1.030s] Invoked command in '/home/suke/chicken_core/build/map_server' returned '0': CMAKE_PREFIX_PATH=${CMAKE_PREFIX_PATH}:/home/suke/chicken_core/install/wheelbot_control:/home/suke/chicken_core/install/sensor_bringup:/home/suke/chicken_core/install/joy_translate:/home/suke/ouxt_automation/robotx_ws/install/opencv_tests:/home/suke/ouxt_automation/robotx_ws/install/detic_onnx_ros2:/opt/ros/humble /usr/bin/cmake --install /home/suke/chicken_core/build/map_server
