[1.243s] Invoking command in '/home/suke/chicken_core/build/wheelbot_control': PYTHONPATH=/home/suke/chicken_core/build/wheelbot_control/prefix_override:/usr/lib/python3/dist-packages/colcon_core/task/python/colcon_distutils_commands:/home/suke/chicken_core/install/wheelbot_control/lib/python3.10/site-packages:${PYTHONPATH} /usr/bin/python3 -W ignore:setup.py install is deprecated setup.py develop --uninstall --editable --build-directory /home/suke/chicken_core/build/wheelbot_control/build
[1.451s] /home/suke/.local/lib/python3.10/site-packages/setuptools/_distutils/dist.py:268: UserWarning: Unknown distribution option: 'tests_require'
[1.451s]   warnings.warn(msg)
[1.674s] running develop
[1.679s] /home/suke/.local/lib/python3.10/site-packages/setuptools/command/develop.py:42: EasyInstallDeprecationWarning: easy_install command is deprecated.
[1.679s] !!
[1.679s] 
[1.679s]         ********************************************************************************
[1.679s]         Please avoid running ``setup.py`` and ``easy_install``.
[1.679s]         Instead, use pypa/build, pypa/installer or other
[1.679s]         standards-based tools.
[1.679s] 
[1.680s]         See https://github.com/pypa/setuptools/issues/917 for details.
[1.680s]         ********************************************************************************
[1.680s] 
[1.680s] !!
[1.680s]   easy_install.initialize_options(self)
[2.017s] Removing /home/suke/chicken_core/install/wheelbot_control/lib/python3.10/site-packages/wheelbot-control.egg-link (link to .)
[2.042s] Invoked command in '/home/suke/chicken_core/build/wheelbot_control' returned '0': PYTHONPATH=/home/suke/chicken_core/build/wheelbot_control/prefix_override:/usr/lib/python3/dist-packages/colcon_core/task/python/colcon_distutils_commands:/home/suke/chicken_core/install/wheelbot_control/lib/python3.10/site-packages:${PYTHONPATH} /usr/bin/python3 -W ignore:setup.py install is deprecated setup.py develop --uninstall --editable --build-directory /home/suke/chicken_core/build/wheelbot_control/build
[2.044s] Invoking command in '/home/suke/chicken_core/src/control/wheelbot_control': PYTHONPATH=/home/suke/chicken_core/build/wheelbot_control/prefix_override:/usr/lib/python3/dist-packages/colcon_core/task/python/colcon_distutils_commands:/home/suke/chicken_core/install/wheelbot_control/lib/python3.10/site-packages:${PYTHONPATH} /usr/bin/python3 -W ignore:setup.py install is deprecated setup.py egg_info --egg-base ../../../build/wheelbot_control build --build-base /home/suke/chicken_core/build/wheelbot_control/build install --record /home/suke/chicken_core/build/wheelbot_control/install.log --single-version-externally-managed install_data --force
[2.251s] /home/suke/.local/lib/python3.10/site-packages/setuptools/_distutils/dist.py:268: UserWarning: Unknown distribution option: 'tests_require'
[2.251s]   warnings.warn(msg)
[2.392s] running egg_info
[2.415s] writing ../../../build/wheelbot_control/wheelbot_control.egg-info/PKG-INFO
[2.416s] writing dependency_links to ../../../build/wheelbot_control/wheelbot_control.egg-info/dependency_links.txt
[2.416s] writing entry points to ../../../build/wheelbot_control/wheelbot_control.egg-info/entry_points.txt
[2.416s] writing requirements to ../../../build/wheelbot_control/wheelbot_control.egg-info/requires.txt
[2.417s] writing top-level names to ../../../build/wheelbot_control/wheelbot_control.egg-info/top_level.txt
[2.466s] reading manifest file '../../../build/wheelbot_control/wheelbot_control.egg-info/SOURCES.txt'
[2.466s] adding license file 'LICENSE'
[2.467s] writing manifest file '../../../build/wheelbot_control/wheelbot_control.egg-info/SOURCES.txt'
[2.467s] running build
[2.467s] running build_py
[2.468s] creating /home/suke/chicken_core/build/wheelbot_control/build
[2.468s] creating /home/suke/chicken_core/build/wheelbot_control/build/lib
[2.468s] creating /home/suke/chicken_core/build/wheelbot_control/build/lib/wheelbot_control
[2.468s] copying wheelbot_control/wheelbot_control_node.py -> /home/suke/chicken_core/build/wheelbot_control/build/lib/wheelbot_control
[2.468s] copying wheelbot_control/__init__.py -> /home/suke/chicken_core/build/wheelbot_control/build/lib/wheelbot_control
[2.468s] running install
[2.473s] running install_lib
[2.496s] creating /home/suke/chicken_core/install/wheelbot_control/lib/python3.10/site-packages/wheelbot_control
[2.496s] copying /home/suke/chicken_core/build/wheelbot_control/build/lib/wheelbot_control/wheelbot_control_node.py -> /home/suke/chicken_core/install/wheelbot_control/lib/python3.10/site-packages/wheelbot_control
[2.496s] copying /home/suke/chicken_core/build/wheelbot_control/build/lib/wheelbot_control/__init__.py -> /home/suke/chicken_core/install/wheelbot_control/lib/python3.10/site-packages/wheelbot_control
[2.497s] byte-compiling /home/suke/chicken_core/install/wheelbot_control/lib/python3.10/site-packages/wheelbot_control/wheelbot_control_node.py to wheelbot_control_node.cpython-310.pyc
[2.498s] byte-compiling /home/suke/chicken_core/install/wheelbot_control/lib/python3.10/site-packages/wheelbot_control/__init__.py to __init__.cpython-310.pyc
[2.499s] running install_data
[2.499s] copying resource/wheelbot_control -> /home/suke/chicken_core/install/wheelbot_control/share/ament_index/resource_index/packages
[2.499s] copying package.xml -> /home/suke/chicken_core/install/wheelbot_control/share/wheelbot_control
[2.499s] copying launch/wheelbot_control_launch.py -> /home/suke/chicken_core/install/wheelbot_control/share/wheelbot_control
[2.499s] running install_egg_info
[2.524s] Copying ../../../build/wheelbot_control/wheelbot_control.egg-info to /home/suke/chicken_core/install/wheelbot_control/lib/python3.10/site-packages/wheelbot_control-0.0.0-py3.10.egg-info
[2.525s] running install_scripts
[2.727s] Installing wheelbot_control_node script to /home/suke/chicken_core/install/wheelbot_control/lib/wheelbot_control
[2.728s] writing list of installed files to '/home/suke/chicken_core/build/wheelbot_control/install.log'
[2.752s] Invoked command in '/home/suke/chicken_core/src/control/wheelbot_control' returned '0': PYTHONPATH=/home/suke/chicken_core/build/wheelbot_control/prefix_override:/usr/lib/python3/dist-packages/colcon_core/task/python/colcon_distutils_commands:/home/suke/chicken_core/install/wheelbot_control/lib/python3.10/site-packages:${PYTHONPATH} /usr/bin/python3 -W ignore:setup.py install is deprecated setup.py egg_info --egg-base ../../../build/wheelbot_control build --build-base /home/suke/chicken_core/build/wheelbot_control/build install --record /home/suke/chicken_core/build/wheelbot_control/install.log --single-version-externally-managed install_data --force
