[1.819s] Invoking command in '/home/suke/chicken_core/build/joy_translate': PYTHONPATH=/home/suke/chicken_core/build/joy_translate/prefix_override:/usr/lib/python3/dist-packages/colcon_core/task/python/colcon_distutils_commands:/home/suke/chicken_core/install/joy_translate/lib/python3.10/site-packages:${PYTHONPATH} /usr/bin/python3 -W ignore:setup.py install is deprecated setup.py develop --editable --build-directory /home/suke/chicken_core/build/joy_translate/build --no-deps symlink_data
[2.051s] /home/suke/.local/lib/python3.10/site-packages/setuptools/_distutils/dist.py:268: UserWarning: Unknown distribution option: 'tests_require'
[2.051s]   warnings.warn(msg)
[2.316s] running develop
[2.316s] /home/suke/.local/lib/python3.10/site-packages/setuptools/command/develop.py:42: EasyInstallDeprecationWarning: easy_install command is deprecated.
[2.316s] !!
[2.316s] 
[2.316s]         ********************************************************************************
[2.316s]         Please avoid running ``setup.py`` and ``easy_install``.
[2.317s]         Instead, use pypa/build, pypa/installer or other
[2.317s]         standards-based tools.
[2.317s] 
[2.317s]         See https://github.com/pypa/setuptools/issues/917 for details.
[2.317s]         ********************************************************************************
[2.317s] 
[2.317s] !!
[2.317s]   easy_install.initialize_options(self)
[2.645s] running egg_info
[2.670s] writing joy_translate.egg-info/PKG-INFO
[2.670s] writing dependency_links to joy_translate.egg-info/dependency_links.txt
[2.671s] writing entry points to joy_translate.egg-info/entry_points.txt
[2.671s] writing requirements to joy_translate.egg-info/requires.txt
[2.671s] writing top-level names to joy_translate.egg-info/top_level.txt
[2.727s] reading manifest file 'joy_translate.egg-info/SOURCES.txt'
[2.727s] writing manifest file 'joy_translate.egg-info/SOURCES.txt'
[2.753s] running build_ext
[2.753s] Creating /home/suke/chicken_core/install/joy_translate/lib/python3.10/site-packages/joy-translate.egg-link (link to .)
[2.753s] Installing joy_translate_node script to /home/suke/chicken_core/install/joy_translate/lib/joy_translate
[2.753s] 
[2.754s] Installed /home/suke/chicken_core/build/joy_translate
[2.754s] running symlink_data
[2.782s] Invoked command in '/home/suke/chicken_core/build/joy_translate' returned '0': PYTHONPATH=/home/suke/chicken_core/build/joy_translate/prefix_override:/usr/lib/python3/dist-packages/colcon_core/task/python/colcon_distutils_commands:/home/suke/chicken_core/install/joy_translate/lib/python3.10/site-packages:${PYTHONPATH} /usr/bin/python3 -W ignore:setup.py install is deprecated setup.py develop --editable --build-directory /home/suke/chicken_core/build/joy_translate/build --no-deps symlink_data
