/home/suke/.local/lib/python3.10/site-packages/setuptools/_distutils/dist.py:268: UserWarning: Unknown distribution option: 'tests_require'
  warnings.warn(msg)
running develop
/home/suke/.local/lib/python3.10/site-packages/setuptools/command/develop.py:42: EasyInstallDeprecationWarning: easy_install command is deprecated.
!!

        ********************************************************************************
        Please avoid running ``setup.py`` and ``easy_install``.
        Instead, use pypa/build, pypa/installer or other
        standards-based tools.

        See https://github.com/pypa/setuptools/issues/917 for details.
        ********************************************************************************

!!
  easy_install.initialize_options(self)
running egg_info
creating joy_translate.egg-info
writing joy_translate.egg-info/PKG-INFO
writing dependency_links to joy_translate.egg-info/dependency_links.txt
writing entry points to joy_translate.egg-info/entry_points.txt
writing requirements to joy_translate.egg-info/requires.txt
writing top-level names to joy_translate.egg-info/top_level.txt
writing manifest file 'joy_translate.egg-info/SOURCES.txt'
reading manifest file 'joy_translate.egg-info/SOURCES.txt'
writing manifest file 'joy_translate.egg-info/SOURCES.txt'
running build_ext
Creating /home/suke/chicken_core/install/joy_translate/lib/python3.10/site-packages/joy-translate.egg-link (link to .)
Installing joy_translate_node script to /home/suke/chicken_core/install/joy_translate/lib/joy_translate

Installed /home/suke/chicken_core/build/joy_translate
running symlink_data
creating /home/suke/chicken_core/install/joy_translate/share/ament_index
creating /home/suke/chicken_core/install/joy_translate/share/ament_index/resource_index
creating /home/suke/chicken_core/install/joy_translate/share/ament_index/resource_index/packages
symbolically linking /home/suke/chicken_core/build/joy_translate/resource/joy_translate -> /home/suke/chicken_core/install/joy_translate/share/ament_index/resource_index/packages
symbolically linking /home/suke/chicken_core/build/joy_translate/package.xml -> /home/suke/chicken_core/install/joy_translate/share/joy_translate
