[2.345s] Invoking command in '/home/suke/chicken_core/build/joy_translate': PYTHONPATH=/home/suke/chicken_core/build/joy_translate/prefix_override:/usr/lib/python3/dist-packages/colcon_core/task/python/colcon_distutils_commands:/home/suke/chicken_core/install/joy_translate/lib/python3.10/site-packages:${PYTHONPATH} /usr/bin/python3 -W ignore:setup.py install is deprecated setup.py develop --editable --build-directory /home/suke/chicken_core/build/joy_translate/build --no-deps symlink_data
[2.662s] /home/suke/.local/lib/python3.10/site-packages/setuptools/_distutils/dist.py:268: UserWarning: Unknown distribution option: 'tests_require'
[2.662s]   warnings.warn(msg)
[3.053s] running develop
[3.053s] /home/suke/.local/lib/python3.10/site-packages/setuptools/command/develop.py:42: EasyInstallDeprecationWarning: easy_install command is deprecated.
[3.053s] !!
[3.053s] 
[3.053s]         ********************************************************************************
[3.053s]         Please avoid running ``setup.py`` and ``easy_install``.
[3.053s]         Instead, use pypa/build, pypa/installer or other
[3.054s]         standards-based tools.
[3.054s] 
[3.054s]         See https://github.com/pypa/setuptools/issues/917 for details.
[3.054s]         ********************************************************************************
[3.054s] 
[3.054s] !!
[3.054s]   easy_install.initialize_options(self)
[3.610s] running egg_info
[3.611s] creating joy_translate.egg-info
[3.670s] writing joy_translate.egg-info/PKG-INFO
[3.671s] writing dependency_links to joy_translate.egg-info/dependency_links.txt
[3.671s] writing entry points to joy_translate.egg-info/entry_points.txt
[3.671s] writing requirements to joy_translate.egg-info/requires.txt
[3.671s] writing top-level names to joy_translate.egg-info/top_level.txt
[3.672s] writing manifest file 'joy_translate.egg-info/SOURCES.txt'
[3.803s] reading manifest file 'joy_translate.egg-info/SOURCES.txt'
[3.803s] writing manifest file 'joy_translate.egg-info/SOURCES.txt'
[3.856s] running build_ext
[3.857s] Creating /home/suke/chicken_core/install/joy_translate/lib/python3.10/site-packages/joy-translate.egg-link (link to .)
[3.858s] Installing joy_translate_node script to /home/suke/chicken_core/install/joy_translate/lib/joy_translate
[3.859s] 
[3.859s] Installed /home/suke/chicken_core/build/joy_translate
[3.859s] running symlink_data
[3.862s] creating /home/suke/chicken_core/install/joy_translate/share/ament_index
[3.862s] creating /home/suke/chicken_core/install/joy_translate/share/ament_index/resource_index
[3.862s] creating /home/suke/chicken_core/install/joy_translate/share/ament_index/resource_index/packages
[3.863s] symbolically linking /home/suke/chicken_core/build/joy_translate/resource/joy_translate -> /home/suke/chicken_core/install/joy_translate/share/ament_index/resource_index/packages
[3.863s] symbolically linking /home/suke/chicken_core/build/joy_translate/package.xml -> /home/suke/chicken_core/install/joy_translate/share/joy_translate
[3.985s] Invoked command in '/home/suke/chicken_core/build/joy_translate' returned '0': PYTHONPATH=/home/suke/chicken_core/build/joy_translate/prefix_override:/usr/lib/python3/dist-packages/colcon_core/task/python/colcon_distutils_commands:/home/suke/chicken_core/install/joy_translate/lib/python3.10/site-packages:${PYTHONPATH} /usr/bin/python3 -W ignore:setup.py install is deprecated setup.py develop --editable --build-directory /home/suke/chicken_core/build/joy_translate/build --no-deps symlink_data
