[01m[K/home/suke/chicken_core/src/localization/ekf_localization/src/ekf_localization_component.cpp:[m[K In constructor ‘[01m[Kekf_localization::ExtendedKalmanFilter::ExtendedKalmanFilter(const rclcpp::NodeOptions&)[m[K’:
[01m[K/home/suke/chicken_core/src/localization/ekf_localization/src/ekf_localization_component.cpp:13:3:[m[K [01;31m[Kerror: [m[Kclass ‘[01m[Kekf_localization::ExtendedKalmanFilter[m[K’ does not have any field named ‘[01m[Kclock_[m[K’
   13 |   [01;31m[Kclock_[m[K(RCL_ROS_TIME),
      |   [01;31m[K^~~~~~[m[K
[01m[K/home/suke/chicken_core/src/localization/ekf_localization/src/ekf_localization_component.cpp:14:45:[m[K [01;31m[Kerror: [m[K‘[01m[Kclock_[m[K’ was not declared in this scope; did you mean ‘[01m[Kclock_t[m[K’?
   14 |   tfbuffer_(std::make_shared<rclcpp::Clock>([01;31m[Kclock_[m[K)),
      |                                             [01;31m[K^~~~~~[m[K
      |                                             [32m[Kclock_t[m[K
[01m[K/home/suke/chicken_core/src/localization/ekf_localization/src/ekf_localization_component.cpp:[m[K In member function ‘[01m[Kvoid ekf_localization::ExtendedKalmanFilter::imu_callback(const Imu&)[m[K’:
[01m[K/home/suke/chicken_core/src/localization/ekf_localization/src/ekf_localization_component.cpp:110:33:[m[K [01;31m[Kerror: [m[Kbase operand of ‘[01m[K->[m[K’ has non-pointer type ‘[01m[Kconst Imu[m[K’ {aka ‘[01m[Kconst sensor_msgs::msg::Imu_<std::allocator<void> >[m[K’}
  110 |         std::chrono::seconds(msg[01;31m[K->[m[Kheader.stamp.sec) +
      |                                 [01;31m[K^~[m[K
[01m[K/home/suke/chicken_core/src/localization/ekf_localization/src/ekf_localization_component.cpp:111:37:[m[K [01;31m[Kerror: [m[Kbase operand of ‘[01m[K->[m[K’ has non-pointer type ‘[01m[Kconst Imu[m[K’ {aka ‘[01m[Kconst sensor_msgs::msg::Imu_<std::allocator<void> >[m[K’}
  111 |         std::chrono::nanoseconds(msg[01;31m[K->[m[Kheader.stamp.nanosec));
      |                                     [01;31m[K^~[m[K
[01m[K/home/suke/chicken_core/src/localization/ekf_localization/src/ekf_localization_component.cpp:115:12:[m[K [01;31m[Kerror: [m[Kbase operand of ‘[01m[K->[m[K’ has non-pointer type ‘[01m[Kconst Imu[m[K’ {aka ‘[01m[Kconst sensor_msgs::msg::Imu_<std::allocator<void> >[m[K’}
  115 |         msg[01;31m[K->[m[Kheader.frame_id,
      |            [01;31m[K^~[m[K
[01m[K/home/suke/chicken_core/src/localization/ekf_localization/src/ekf_localization_component.cpp:[m[K In member function ‘[01m[Kvoid ekf_localization::ExtendedKalmanFilter::measurementUpdate(const Imu&)[m[K’:
[01m[K/home/suke/chicken_core/src/localization/ekf_localization/src/ekf_localization_component.cpp:248:7:[m[K [01;31m[Kerror: [m[K‘[01m[Kbroadcaster_[m[K’ was not declared in this scope
  248 |       [01;31m[Kbroadcaster_[m[K.sendTransform(transform_stamped);
      |       [01;31m[K^~~~~~~~~~~~[m[K
gmake[2]: *** [CMakeFiles/ekf_localization_component.dir/build.make:76: CMakeFiles/ekf_localization_component.dir/src/ekf_localization_component.cpp.o] Error 1
gmake[1]: *** [CMakeFiles/Makefile2:137: CMakeFiles/ekf_localization_component.dir/all] Error 2
gmake: *** [Makefile:146: all] Error 2
