[0.215s] [34mcolcon[0m [1;30mDEBUG[0m [32mCommand line arguments: ['/usr/bin/colcon', 'build', '--packages-up-to', 'pure_pursuit_planner'][0m
[0.215s] [34mcolcon[0m [1;30mDEBUG[0m [32mParsed command line arguments: Namespace(log_base=None, log_level=None, verb_name='build', build_base='build', install_base='install', merge_install=False, symlink_install=False, test_result_base=None, continue_on_error=False, executor='parallel', parallel_workers=12, event_handlers=None, ignore_user_meta=False, metas=['./colcon.meta'], base_paths=['.'], packages_ignore=None, packages_ignore_regex=None, paths=None, packages_up_to=['pure_pursuit_planner'], packages_up_to_regex=None, packages_above=None, packages_above_and_dependencies=None, packages_above_depth=None, packages_select_by_dep=None, packages_skip_by_dep=None, packages_skip_up_to=None, packages_select_build_failed=False, packages_skip_build_finished=False, packages_select_test_failures=False, packages_skip_test_passed=False, packages_select=None, packages_skip=None, packages_select_regex=None, packages_skip_regex=None, packages_start=None, packages_end=None, allow_overriding=[], cmake_args=None, cmake_target=None, cmake_target_skip_unavailable=False, cmake_clean_cache=False, cmake_clean_first=False, cmake_force_configure=False, ament_cmake_args=None, catkin_cmake_args=None, catkin_skip_building_tests=False, mixin_files=None, mixin=None, verb_parser=<colcon_mixin.mixin.mixin_argument.MixinArgumentDecorator object at 0x735bce274940>, verb_extension=<colcon_core.verb.build.BuildVerb object at 0x735bce3510f0>, main=<bound method BuildVerb.main of <colcon_core.verb.build.BuildVerb object at 0x735bce3510f0>>, mixin_verb=('build',))[0m
[0.275s] [34mcolcon.colcon_core.package_discovery[0m [1;30mLevel 1[0m discover_packages(colcon_meta) check parameters
[0.276s] [34mcolcon.colcon_core.package_discovery[0m [1;30mLevel 1[0m discover_packages(recursive) check parameters
[0.276s] [34mcolcon.colcon_core.package_discovery[0m [1;30mLevel 1[0m discover_packages(ignore) check parameters
[0.276s] [34mcolcon.colcon_core.package_discovery[0m [1;30mLevel 1[0m discover_packages(path) check parameters
[0.276s] [34mcolcon.colcon_core.package_discovery[0m [1;30mLevel 1[0m discover_packages(colcon_meta) discover
[0.276s] [34mcolcon.colcon_core.package_discovery[0m [1;30mLevel 1[0m discover_packages(recursive) discover
[0.276s] [34mcolcon.colcon_core.package_discovery[0m [1;30mINFO[0m Crawling recursively for packages in '/home/suke/chicken_core'
[0.276s] [34mcolcon.colcon_core.package_identification[0m [1;30mLevel 1[0m _identify(.) by extensions ['ignore', 'ignore_ament_install']
[0.276s] [34mcolcon.colcon_core.package_identification[0m [1;30mLevel 1[0m _identify(.) by extension 'ignore'
[0.276s] [34mcolcon.colcon_core.package_identification[0m [1;30mLevel 1[0m _identify(.) by extension 'ignore_ament_install'
[0.276s] [34mcolcon.colcon_core.package_identification[0m [1;30mLevel 1[0m _identify(.) by extensions ['colcon_pkg']
[0.276s] [34mcolcon.colcon_core.package_identification[0m [1;30mLevel 1[0m _identify(.) by extension 'colcon_pkg'
[0.277s] [34mcolcon.colcon_core.package_identification[0m [1;30mLevel 1[0m _identify(.) by extensions ['colcon_meta']
[0.277s] [34mcolcon.colcon_core.package_identification[0m [1;30mLevel 1[0m _identify(.) by extension 'colcon_meta'
[0.277s] [34mcolcon.colcon_core.package_identification[0m [1;30mLevel 1[0m _identify(.) by extensions ['ros']
[0.277s] [34mcolcon.colcon_core.package_identification[0m [1;30mLevel 1[0m _identify(.) by extension 'ros'
[0.310s] [34mcolcon.colcon_core.package_identification[0m [1;30mLevel 1[0m _identify(.) by extensions ['cmake', 'python']
[0.310s] [34mcolcon.colcon_core.package_identification[0m [1;30mLevel 1[0m _identify(.) by extension 'cmake'
[0.310s] [34mcolcon.colcon_core.package_identification[0m [1;30mLevel 1[0m _identify(.) by extension 'python'
[0.310s] [34mcolcon.colcon_core.package_identification[0m [1;30mLevel 1[0m _identify(.) by extensions ['python_setup_py']
[0.311s] [34mcolcon.colcon_core.package_identification[0m [1;30mLevel 1[0m _identify(.) by extension 'python_setup_py'
[0.311s] [34mcolcon.colcon_core.package_identification[0m [1;30mLevel 1[0m _identify(build) by extensions ['ignore', 'ignore_ament_install']
[0.311s] [34mcolcon.colcon_core.package_identification[0m [1;30mLevel 1[0m _identify(build) by extension 'ignore'
[0.311s] [34mcolcon.colcon_core.package_identification[0m [1;30mLevel 1[0m _identify(build) ignored
[0.311s] [34mcolcon.colcon_core.package_identification[0m [1;30mLevel 1[0m _identify(install) by extensions ['ignore', 'ignore_ament_install']
[0.311s] [34mcolcon.colcon_core.package_identification[0m [1;30mLevel 1[0m _identify(install) by extension 'ignore'
[0.311s] [34mcolcon.colcon_core.package_identification[0m [1;30mLevel 1[0m _identify(install) ignored
[0.312s] [34mcolcon.colcon_core.package_identification[0m [1;30mLevel 1[0m _identify(log) by extensions ['ignore', 'ignore_ament_install']
[0.312s] [34mcolcon.colcon_core.package_identification[0m [1;30mLevel 1[0m _identify(log) by extension 'ignore'
[0.312s] [34mcolcon.colcon_core.package_identification[0m [1;30mLevel 1[0m _identify(log) ignored
[0.312s] [34mcolcon.colcon_core.package_identification[0m [1;30mLevel 1[0m _identify(src) by extensions ['ignore', 'ignore_ament_install']
[0.312s] [34mcolcon.colcon_core.package_identification[0m [1;30mLevel 1[0m _identify(src) by extension 'ignore'
[0.312s] [34mcolcon.colcon_core.package_identification[0m [1;30mLevel 1[0m _identify(src) by extension 'ignore_ament_install'
[0.312s] [34mcolcon.colcon_core.package_identification[0m [1;30mLevel 1[0m _identify(src) by extensions ['colcon_pkg']
[0.312s] [34mcolcon.colcon_core.package_identification[0m [1;30mLevel 1[0m _identify(src) by extension 'colcon_pkg'
[0.313s] [34mcolcon.colcon_core.package_identification[0m [1;30mLevel 1[0m _identify(src) by extensions ['colcon_meta']
[0.313s] [34mcolcon.colcon_core.package_identification[0m [1;30mLevel 1[0m _identify(src) by extension 'colcon_meta'
[0.313s] [34mcolcon.colcon_core.package_identification[0m [1;30mLevel 1[0m _identify(src) by extensions ['ros']
[0.313s] [34mcolcon.colcon_core.package_identification[0m [1;30mLevel 1[0m _identify(src) by extension 'ros'
[0.313s] [34mcolcon.colcon_core.package_identification[0m [1;30mLevel 1[0m _identify(src) by extensions ['cmake', 'python']
[0.313s] [34mcolcon.colcon_core.package_identification[0m [1;30mLevel 1[0m _identify(src) by extension 'cmake'
[0.313s] [34mcolcon.colcon_core.package_identification[0m [1;30mLevel 1[0m _identify(src) by extension 'python'
[0.313s] [34mcolcon.colcon_core.package_identification[0m [1;30mLevel 1[0m _identify(src) by extensions ['python_setup_py']
[0.313s] [34mcolcon.colcon_core.package_identification[0m [1;30mLevel 1[0m _identify(src) by extension 'python_setup_py'
[0.313s] [34mcolcon.colcon_core.package_identification[0m [1;30mLevel 1[0m _identify(src/control) by extensions ['ignore', 'ignore_ament_install']
[0.313s] [34mcolcon.colcon_core.package_identification[0m [1;30mLevel 1[0m _identify(src/control) by extension 'ignore'
[0.313s] [34mcolcon.colcon_core.package_identification[0m [1;30mLevel 1[0m _identify(src/control) by extension 'ignore_ament_install'
[0.313s] [34mcolcon.colcon_core.package_identification[0m [1;30mLevel 1[0m _identify(src/control) by extensions ['colcon_pkg']
[0.314s] [34mcolcon.colcon_core.package_identification[0m [1;30mLevel 1[0m _identify(src/control) by extension 'colcon_pkg'
[0.314s] [34mcolcon.colcon_core.package_identification[0m [1;30mLevel 1[0m _identify(src/control) by extensions ['colcon_meta']
[0.314s] [34mcolcon.colcon_core.package_identification[0m [1;30mLevel 1[0m _identify(src/control) by extension 'colcon_meta'
[0.314s] [34mcolcon.colcon_core.package_identification[0m [1;30mLevel 1[0m _identify(src/control) by extensions ['ros']
[0.314s] [34mcolcon.colcon_core.package_identification[0m [1;30mLevel 1[0m _identify(src/control) by extension 'ros'
[0.314s] [34mcolcon.colcon_core.package_identification[0m [1;30mLevel 1[0m _identify(src/control) by extensions ['cmake', 'python']
[0.314s] [34mcolcon.colcon_core.package_identification[0m [1;30mLevel 1[0m _identify(src/control) by extension 'cmake'
[0.314s] [34mcolcon.colcon_core.package_identification[0m [1;30mLevel 1[0m _identify(src/control) by extension 'python'
[0.314s] [34mcolcon.colcon_core.package_identification[0m [1;30mLevel 1[0m _identify(src/control) by extensions ['python_setup_py']
[0.314s] [34mcolcon.colcon_core.package_identification[0m [1;30mLevel 1[0m _identify(src/control) by extension 'python_setup_py'
[0.314s] [34mcolcon.colcon_core.package_identification[0m [1;30mLevel 1[0m _identify(src/control/joy_translate) by extensions ['ignore', 'ignore_ament_install']
[0.314s] [34mcolcon.colcon_core.package_identification[0m [1;30mLevel 1[0m _identify(src/control/joy_translate) by extension 'ignore'
[0.314s] [34mcolcon.colcon_core.package_identification[0m [1;30mLevel 1[0m _identify(src/control/joy_translate) by extension 'ignore_ament_install'
[0.314s] [34mcolcon.colcon_core.package_identification[0m [1;30mLevel 1[0m _identify(src/control/joy_translate) by extensions ['colcon_pkg']
[0.314s] [34mcolcon.colcon_core.package_identification[0m [1;30mLevel 1[0m _identify(src/control/joy_translate) by extension 'colcon_pkg'
[0.315s] [34mcolcon.colcon_core.package_identification[0m [1;30mLevel 1[0m _identify(src/control/joy_translate) by extensions ['colcon_meta']
[0.315s] [34mcolcon.colcon_core.package_identification[0m [1;30mLevel 1[0m _identify(src/control/joy_translate) by extension 'colcon_meta'
[0.315s] [34mcolcon.colcon_core.package_identification[0m [1;30mLevel 1[0m _identify(src/control/joy_translate) by extensions ['ros']
[0.315s] [34mcolcon.colcon_core.package_identification[0m [1;30mLevel 1[0m _identify(src/control/joy_translate) by extension 'ros'
[0.317s] [34mcolcon.colcon_core.package_identification[0m [1;30mDEBUG[0m [32mPackage 'src/control/joy_translate' with type 'ros.ament_python' and name 'joy_translate'[0m
[0.318s] [34mcolcon.colcon_core.package_identification[0m [1;30mLevel 1[0m _identify(src/control/wheelbot_control) by extensions ['ignore', 'ignore_ament_install']
[0.318s] [34mcolcon.colcon_core.package_identification[0m [1;30mLevel 1[0m _identify(src/control/wheelbot_control) by extension 'ignore'
[0.318s] [34mcolcon.colcon_core.package_identification[0m [1;30mLevel 1[0m _identify(src/control/wheelbot_control) by extension 'ignore_ament_install'
[0.318s] [34mcolcon.colcon_core.package_identification[0m [1;30mLevel 1[0m _identify(src/control/wheelbot_control) by extensions ['colcon_pkg']
[0.318s] [34mcolcon.colcon_core.package_identification[0m [1;30mLevel 1[0m _identify(src/control/wheelbot_control) by extension 'colcon_pkg'
[0.318s] [34mcolcon.colcon_core.package_identification[0m [1;30mLevel 1[0m _identify(src/control/wheelbot_control) by extensions ['colcon_meta']
[0.318s] [34mcolcon.colcon_core.package_identification[0m [1;30mLevel 1[0m _identify(src/control/wheelbot_control) by extension 'colcon_meta'
[0.318s] [34mcolcon.colcon_core.package_identification[0m [1;30mLevel 1[0m _identify(src/control/wheelbot_control) by extensions ['ros']
[0.318s] [34mcolcon.colcon_core.package_identification[0m [1;30mLevel 1[0m _identify(src/control/wheelbot_control) by extension 'ros'
[0.319s] [34mcolcon.colcon_core.package_identification[0m [1;30mDEBUG[0m [32mPackage 'src/control/wheelbot_control' with type 'ros.ament_python' and name 'wheelbot_control'[0m
[0.320s] [34mcolcon.colcon_core.package_identification[0m [1;30mLevel 1[0m _identify(src/core) by extensions ['ignore', 'ignore_ament_install']
[0.320s] [34mcolcon.colcon_core.package_identification[0m [1;30mLevel 1[0m _identify(src/core) by extension 'ignore'
[0.320s] [34mcolcon.colcon_core.package_identification[0m [1;30mLevel 1[0m _identify(src/core) by extension 'ignore_ament_install'
[0.320s] [34mcolcon.colcon_core.package_identification[0m [1;30mLevel 1[0m _identify(src/core) by extensions ['colcon_pkg']
[0.320s] [34mcolcon.colcon_core.package_identification[0m [1;30mLevel 1[0m _identify(src/core) by extension 'colcon_pkg'
[0.320s] [34mcolcon.colcon_core.package_identification[0m [1;30mLevel 1[0m _identify(src/core) by extensions ['colcon_meta']
[0.320s] [34mcolcon.colcon_core.package_identification[0m [1;30mLevel 1[0m _identify(src/core) by extension 'colcon_meta'
[0.320s] [34mcolcon.colcon_core.package_identification[0m [1;30mLevel 1[0m _identify(src/core) by extensions ['ros']
[0.320s] [34mcolcon.colcon_core.package_identification[0m [1;30mLevel 1[0m _identify(src/core) by extension 'ros'
[0.320s] [34mcolcon.colcon_core.package_identification[0m [1;30mLevel 1[0m _identify(src/core) by extensions ['cmake', 'python']
[0.320s] [34mcolcon.colcon_core.package_identification[0m [1;30mLevel 1[0m _identify(src/core) by extension 'cmake'
[0.320s] [34mcolcon.colcon_core.package_identification[0m [1;30mLevel 1[0m _identify(src/core) by extension 'python'
[0.320s] [34mcolcon.colcon_core.package_identification[0m [1;30mLevel 1[0m _identify(src/core) by extensions ['python_setup_py']
[0.321s] [34mcolcon.colcon_core.package_identification[0m [1;30mLevel 1[0m _identify(src/core) by extension 'python_setup_py'
[0.321s] [34mcolcon.colcon_core.package_identification[0m [1;30mLevel 1[0m _identify(src/core/chicken_core) by extensions ['ignore', 'ignore_ament_install']
[0.321s] [34mcolcon.colcon_core.package_identification[0m [1;30mLevel 1[0m _identify(src/core/chicken_core) by extension 'ignore'
[0.321s] [34mcolcon.colcon_core.package_identification[0m [1;30mLevel 1[0m _identify(src/core/chicken_core) by extension 'ignore_ament_install'
[0.321s] [34mcolcon.colcon_core.package_identification[0m [1;30mLevel 1[0m _identify(src/core/chicken_core) by extensions ['colcon_pkg']
[0.321s] [34mcolcon.colcon_core.package_identification[0m [1;30mLevel 1[0m _identify(src/core/chicken_core) by extension 'colcon_pkg'
[0.321s] [34mcolcon.colcon_core.package_identification[0m [1;30mLevel 1[0m _identify(src/core/chicken_core) by extensions ['colcon_meta']
[0.321s] [34mcolcon.colcon_core.package_identification[0m [1;30mLevel 1[0m _identify(src/core/chicken_core) by extension 'colcon_meta'
[0.321s] [34mcolcon.colcon_core.package_identification[0m [1;30mLevel 1[0m _identify(src/core/chicken_core) by extensions ['ros']
[0.321s] [34mcolcon.colcon_core.package_identification[0m [1;30mLevel 1[0m _identify(src/core/chicken_core) by extension 'ros'
[0.322s] [34mcolcon.colcon_core.package_identification[0m [1;30mDEBUG[0m [32mPackage 'src/core/chicken_core' with type 'ros.ament_cmake' and name 'chicken_core'[0m
[0.322s] [34mcolcon.colcon_core.package_identification[0m [1;30mLevel 1[0m _identify(src/core/chicken_simulator) by extensions ['ignore', 'ignore_ament_install']
[0.322s] [34mcolcon.colcon_core.package_identification[0m [1;30mLevel 1[0m _identify(src/core/chicken_simulator) by extension 'ignore'
[0.323s] [34mcolcon.colcon_core.package_identification[0m [1;30mLevel 1[0m _identify(src/core/chicken_simulator) by extension 'ignore_ament_install'
[0.323s] [34mcolcon.colcon_core.package_identification[0m [1;30mLevel 1[0m _identify(src/core/chicken_simulator) by extensions ['colcon_pkg']
[0.323s] [34mcolcon.colcon_core.package_identification[0m [1;30mLevel 1[0m _identify(src/core/chicken_simulator) by extension 'colcon_pkg'
[0.323s] [34mcolcon.colcon_core.package_identification[0m [1;30mLevel 1[0m _identify(src/core/chicken_simulator) by extensions ['colcon_meta']
[0.323s] [34mcolcon.colcon_core.package_identification[0m [1;30mLevel 1[0m _identify(src/core/chicken_simulator) by extension 'colcon_meta'
[0.323s] [34mcolcon.colcon_core.package_identification[0m [1;30mLevel 1[0m _identify(src/core/chicken_simulator) by extensions ['ros']
[0.323s] [34mcolcon.colcon_core.package_identification[0m [1;30mLevel 1[0m _identify(src/core/chicken_simulator) by extension 'ros'
[0.325s] [34mcolcon.colcon_core.package_identification[0m [1;30mDEBUG[0m [32mPackage 'src/core/chicken_simulator' with type 'ros.ament_cmake' and name 'chicken_simulator'[0m
[0.325s] [34mcolcon.colcon_core.package_identification[0m [1;30mLevel 1[0m _identify(src/core/chicken_utils) by extensions ['ignore', 'ignore_ament_install']
[0.325s] [34mcolcon.colcon_core.package_identification[0m [1;30mLevel 1[0m _identify(src/core/chicken_utils) by extension 'ignore'
[0.325s] [34mcolcon.colcon_core.package_identification[0m [1;30mLevel 1[0m _identify(src/core/chicken_utils) by extension 'ignore_ament_install'
[0.325s] [34mcolcon.colcon_core.package_identification[0m [1;30mLevel 1[0m _identify(src/core/chicken_utils) by extensions ['colcon_pkg']
[0.325s] [34mcolcon.colcon_core.package_identification[0m [1;30mLevel 1[0m _identify(src/core/chicken_utils) by extension 'colcon_pkg'
[0.325s] [34mcolcon.colcon_core.package_identification[0m [1;30mLevel 1[0m _identify(src/core/chicken_utils) by extensions ['colcon_meta']
[0.325s] [34mcolcon.colcon_core.package_identification[0m [1;30mLevel 1[0m _identify(src/core/chicken_utils) by extension 'colcon_meta'
[0.326s] [34mcolcon.colcon_core.package_identification[0m [1;30mLevel 1[0m _identify(src/core/chicken_utils) by extensions ['ros']
[0.326s] [34mcolcon.colcon_core.package_identification[0m [1;30mLevel 1[0m _identify(src/core/chicken_utils) by extension 'ros'
[0.327s] [34mcolcon.colcon_core.package_identification[0m [1;30mDEBUG[0m [32mPackage 'src/core/chicken_utils' with type 'ros.ament_cmake' and name 'chicken_utils'[0m
[0.327s] [34mcolcon.colcon_core.package_identification[0m [1;30mLevel 1[0m _identify(src/core/wheelbot_description) by extensions ['ignore', 'ignore_ament_install']
[0.327s] [34mcolcon.colcon_core.package_identification[0m [1;30mLevel 1[0m _identify(src/core/wheelbot_description) by extension 'ignore'
[0.327s] [34mcolcon.colcon_core.package_identification[0m [1;30mLevel 1[0m _identify(src/core/wheelbot_description) by extension 'ignore_ament_install'
[0.327s] [34mcolcon.colcon_core.package_identification[0m [1;30mLevel 1[0m _identify(src/core/wheelbot_description) by extensions ['colcon_pkg']
[0.327s] [34mcolcon.colcon_core.package_identification[0m [1;30mLevel 1[0m _identify(src/core/wheelbot_description) by extension 'colcon_pkg'
[0.327s] [34mcolcon.colcon_core.package_identification[0m [1;30mLevel 1[0m _identify(src/core/wheelbot_description) by extensions ['colcon_meta']
[0.327s] [34mcolcon.colcon_core.package_identification[0m [1;30mLevel 1[0m _identify(src/core/wheelbot_description) by extension 'colcon_meta'
[0.327s] [34mcolcon.colcon_core.package_identification[0m [1;30mLevel 1[0m _identify(src/core/wheelbot_description) by extensions ['ros']
[0.327s] [34mcolcon.colcon_core.package_identification[0m [1;30mLevel 1[0m _identify(src/core/wheelbot_description) by extension 'ros'
[0.328s] [34mcolcon.colcon_core.package_identification[0m [1;30mDEBUG[0m [32mPackage 'src/core/wheelbot_description' with type 'ros.ament_cmake' and name 'wheelbot_description'[0m
[0.328s] [34mcolcon.colcon_core.package_identification[0m [1;30mLevel 1[0m _identify(src/localization) by extensions ['ignore', 'ignore_ament_install']
[0.328s] [34mcolcon.colcon_core.package_identification[0m [1;30mLevel 1[0m _identify(src/localization) by extension 'ignore'
[0.328s] [34mcolcon.colcon_core.package_identification[0m [1;30mLevel 1[0m _identify(src/localization) by extension 'ignore_ament_install'
[0.328s] [34mcolcon.colcon_core.package_identification[0m [1;30mLevel 1[0m _identify(src/localization) by extensions ['colcon_pkg']
[0.329s] [34mcolcon.colcon_core.package_identification[0m [1;30mLevel 1[0m _identify(src/localization) by extension 'colcon_pkg'
[0.329s] [34mcolcon.colcon_core.package_identification[0m [1;30mLevel 1[0m _identify(src/localization) by extensions ['colcon_meta']
[0.329s] [34mcolcon.colcon_core.package_identification[0m [1;30mLevel 1[0m _identify(src/localization) by extension 'colcon_meta'
[0.329s] [34mcolcon.colcon_core.package_identification[0m [1;30mLevel 1[0m _identify(src/localization) by extensions ['ros']
[0.329s] [34mcolcon.colcon_core.package_identification[0m [1;30mLevel 1[0m _identify(src/localization) by extension 'ros'
[0.329s] [34mcolcon.colcon_core.package_identification[0m [1;30mLevel 1[0m _identify(src/localization) by extensions ['cmake', 'python']
[0.329s] [34mcolcon.colcon_core.package_identification[0m [1;30mLevel 1[0m _identify(src/localization) by extension 'cmake'
[0.329s] [34mcolcon.colcon_core.package_identification[0m [1;30mLevel 1[0m _identify(src/localization) by extension 'python'
[0.329s] [34mcolcon.colcon_core.package_identification[0m [1;30mLevel 1[0m _identify(src/localization) by extensions ['python_setup_py']
[0.329s] [34mcolcon.colcon_core.package_identification[0m [1;30mLevel 1[0m _identify(src/localization) by extension 'python_setup_py'
[0.329s] [34mcolcon.colcon_core.package_identification[0m [1;30mLevel 1[0m _identify(src/localization/ekf_localization) by extensions ['ignore', 'ignore_ament_install']
[0.329s] [34mcolcon.colcon_core.package_identification[0m [1;30mLevel 1[0m _identify(src/localization/ekf_localization) by extension 'ignore'
[0.329s] [34mcolcon.colcon_core.package_identification[0m [1;30mLevel 1[0m _identify(src/localization/ekf_localization) by extension 'ignore_ament_install'
[0.329s] [34mcolcon.colcon_core.package_identification[0m [1;30mLevel 1[0m _identify(src/localization/ekf_localization) by extensions ['colcon_pkg']
[0.330s] [34mcolcon.colcon_core.package_identification[0m [1;30mLevel 1[0m _identify(src/localization/ekf_localization) by extension 'colcon_pkg'
[0.330s] [34mcolcon.colcon_core.package_identification[0m [1;30mLevel 1[0m _identify(src/localization/ekf_localization) by extensions ['colcon_meta']
[0.330s] [34mcolcon.colcon_core.package_identification[0m [1;30mLevel 1[0m _identify(src/localization/ekf_localization) by extension 'colcon_meta'
[0.330s] [34mcolcon.colcon_core.package_identification[0m [1;30mLevel 1[0m _identify(src/localization/ekf_localization) by extensions ['ros']
[0.330s] [34mcolcon.colcon_core.package_identification[0m [1;30mLevel 1[0m _identify(src/localization/ekf_localization) by extension 'ros'
[0.331s] [34mcolcon.colcon_core.package_identification[0m [1;30mDEBUG[0m [32mPackage 'src/localization/ekf_localization' with type 'ros.ament_cmake' and name 'ekf_localization'[0m
[0.331s] [34mcolcon.colcon_core.package_identification[0m [1;30mLevel 1[0m _identify(src/map_server) by extensions ['ignore', 'ignore_ament_install']
[0.331s] [34mcolcon.colcon_core.package_identification[0m [1;30mLevel 1[0m _identify(src/map_server) by extension 'ignore'
[0.331s] [34mcolcon.colcon_core.package_identification[0m [1;30mLevel 1[0m _identify(src/map_server) by extension 'ignore_ament_install'
[0.331s] [34mcolcon.colcon_core.package_identification[0m [1;30mLevel 1[0m _identify(src/map_server) by extensions ['colcon_pkg']
[0.331s] [34mcolcon.colcon_core.package_identification[0m [1;30mLevel 1[0m _identify(src/map_server) by extension 'colcon_pkg'
[0.332s] [34mcolcon.colcon_core.package_identification[0m [1;30mLevel 1[0m _identify(src/map_server) by extensions ['colcon_meta']
[0.332s] [34mcolcon.colcon_core.package_identification[0m [1;30mLevel 1[0m _identify(src/map_server) by extension 'colcon_meta'
[0.332s] [34mcolcon.colcon_core.package_identification[0m [1;30mLevel 1[0m _identify(src/map_server) by extensions ['ros']
[0.332s] [34mcolcon.colcon_core.package_identification[0m [1;30mLevel 1[0m _identify(src/map_server) by extension 'ros'
[0.332s] [34mcolcon.colcon_core.package_identification[0m [1;30mDEBUG[0m [32mPackage 'src/map_server' with type 'ros.ament_cmake' and name 'map_server'[0m
[0.332s] [34mcolcon.colcon_core.package_identification[0m [1;30mLevel 1[0m _identify(src/perception) by extensions ['ignore', 'ignore_ament_install']
[0.332s] [34mcolcon.colcon_core.package_identification[0m [1;30mLevel 1[0m _identify(src/perception) by extension 'ignore'
[0.332s] [34mcolcon.colcon_core.package_identification[0m [1;30mLevel 1[0m _identify(src/perception) by extension 'ignore_ament_install'
[0.333s] [34mcolcon.colcon_core.package_identification[0m [1;30mLevel 1[0m _identify(src/perception) by extensions ['colcon_pkg']
[0.333s] [34mcolcon.colcon_core.package_identification[0m [1;30mLevel 1[0m _identify(src/perception) by extension 'colcon_pkg'
[0.333s] [34mcolcon.colcon_core.package_identification[0m [1;30mLevel 1[0m _identify(src/perception) by extensions ['colcon_meta']
[0.333s] [34mcolcon.colcon_core.package_identification[0m [1;30mLevel 1[0m _identify(src/perception) by extension 'colcon_meta'
[0.333s] [34mcolcon.colcon_core.package_identification[0m [1;30mLevel 1[0m _identify(src/perception) by extensions ['ros']
[0.333s] [34mcolcon.colcon_core.package_identification[0m [1;30mLevel 1[0m _identify(src/perception) by extension 'ros'
[0.333s] [34mcolcon.colcon_core.package_identification[0m [1;30mLevel 1[0m _identify(src/perception) by extensions ['cmake', 'python']
[0.333s] [34mcolcon.colcon_core.package_identification[0m [1;30mLevel 1[0m _identify(src/perception) by extension 'cmake'
[0.333s] [34mcolcon.colcon_core.package_identification[0m [1;30mLevel 1[0m _identify(src/perception) by extension 'python'
[0.333s] [34mcolcon.colcon_core.package_identification[0m [1;30mLevel 1[0m _identify(src/perception) by extensions ['python_setup_py']
[0.333s] [34mcolcon.colcon_core.package_identification[0m [1;30mLevel 1[0m _identify(src/perception) by extension 'python_setup_py'
[0.333s] [34mcolcon.colcon_core.package_identification[0m [1;30mLevel 1[0m _identify(src/planner) by extensions ['ignore', 'ignore_ament_install']
[0.333s] [34mcolcon.colcon_core.package_identification[0m [1;30mLevel 1[0m _identify(src/planner) by extension 'ignore'
[0.333s] [34mcolcon.colcon_core.package_identification[0m [1;30mLevel 1[0m _identify(src/planner) by extension 'ignore_ament_install'
[0.333s] [34mcolcon.colcon_core.package_identification[0m [1;30mLevel 1[0m _identify(src/planner) by extensions ['colcon_pkg']
[0.333s] [34mcolcon.colcon_core.package_identification[0m [1;30mLevel 1[0m _identify(src/planner) by extension 'colcon_pkg'
[0.333s] [34mcolcon.colcon_core.package_identification[0m [1;30mLevel 1[0m _identify(src/planner) by extensions ['colcon_meta']
[0.334s] [34mcolcon.colcon_core.package_identification[0m [1;30mLevel 1[0m _identify(src/planner) by extension 'colcon_meta'
[0.334s] [34mcolcon.colcon_core.package_identification[0m [1;30mLevel 1[0m _identify(src/planner) by extensions ['ros']
[0.334s] [34mcolcon.colcon_core.package_identification[0m [1;30mLevel 1[0m _identify(src/planner) by extension 'ros'
[0.334s] [34mcolcon.colcon_core.package_identification[0m [1;30mLevel 1[0m _identify(src/planner) by extensions ['cmake', 'python']
[0.334s] [34mcolcon.colcon_core.package_identification[0m [1;30mLevel 1[0m _identify(src/planner) by extension 'cmake'
[0.334s] [34mcolcon.colcon_core.package_identification[0m [1;30mLevel 1[0m _identify(src/planner) by extension 'python'
[0.334s] [34mcolcon.colcon_core.package_identification[0m [1;30mLevel 1[0m _identify(src/planner) by extensions ['python_setup_py']
[0.334s] [34mcolcon.colcon_core.package_identification[0m [1;30mLevel 1[0m _identify(src/planner) by extension 'python_setup_py'
[0.334s] [34mcolcon.colcon_core.package_identification[0m [1;30mLevel 1[0m _identify(src/planner/a_star_planner) by extensions ['ignore', 'ignore_ament_install']
[0.334s] [34mcolcon.colcon_core.package_identification[0m [1;30mLevel 1[0m _identify(src/planner/a_star_planner) by extension 'ignore'
[0.334s] [34mcolcon.colcon_core.package_identification[0m [1;30mLevel 1[0m _identify(src/planner/a_star_planner) by extension 'ignore_ament_install'
[0.334s] [34mcolcon.colcon_core.package_identification[0m [1;30mLevel 1[0m _identify(src/planner/a_star_planner) by extensions ['colcon_pkg']
[0.334s] [34mcolcon.colcon_core.package_identification[0m [1;30mLevel 1[0m _identify(src/planner/a_star_planner) by extension 'colcon_pkg'
[0.334s] [34mcolcon.colcon_core.package_identification[0m [1;30mLevel 1[0m _identify(src/planner/a_star_planner) by extensions ['colcon_meta']
[0.334s] [34mcolcon.colcon_core.package_identification[0m [1;30mLevel 1[0m _identify(src/planner/a_star_planner) by extension 'colcon_meta'
[0.334s] [34mcolcon.colcon_core.package_identification[0m [1;30mLevel 1[0m _identify(src/planner/a_star_planner) by extensions ['ros']
[0.334s] [34mcolcon.colcon_core.package_identification[0m [1;30mLevel 1[0m _identify(src/planner/a_star_planner) by extension 'ros'
[0.336s] [34mcolcon.colcon_core.package_identification[0m [1;30mDEBUG[0m [32mPackage 'src/planner/a_star_planner' with type 'ros.ament_cmake' and name 'a_star_planner'[0m
[0.336s] [34mcolcon.colcon_core.package_identification[0m [1;30mLevel 1[0m _identify(src/planner/pure_pursuit_planner) by extensions ['ignore', 'ignore_ament_install']
[0.336s] [34mcolcon.colcon_core.package_identification[0m [1;30mLevel 1[0m _identify(src/planner/pure_pursuit_planner) by extension 'ignore'
[0.336s] [34mcolcon.colcon_core.package_identification[0m [1;30mLevel 1[0m _identify(src/planner/pure_pursuit_planner) by extension 'ignore_ament_install'
[0.336s] [34mcolcon.colcon_core.package_identification[0m [1;30mLevel 1[0m _identify(src/planner/pure_pursuit_planner) by extensions ['colcon_pkg']
[0.336s] [34mcolcon.colcon_core.package_identification[0m [1;30mLevel 1[0m _identify(src/planner/pure_pursuit_planner) by extension 'colcon_pkg'
[0.336s] [34mcolcon.colcon_core.package_identification[0m [1;30mLevel 1[0m _identify(src/planner/pure_pursuit_planner) by extensions ['colcon_meta']
[0.336s] [34mcolcon.colcon_core.package_identification[0m [1;30mLevel 1[0m _identify(src/planner/pure_pursuit_planner) by extension 'colcon_meta'
[0.337s] [34mcolcon.colcon_core.package_identification[0m [1;30mLevel 1[0m _identify(src/planner/pure_pursuit_planner) by extensions ['ros']
[0.337s] [34mcolcon.colcon_core.package_identification[0m [1;30mLevel 1[0m _identify(src/planner/pure_pursuit_planner) by extension 'ros'
[0.338s] [34mcolcon.colcon_core.package_identification[0m [1;30mDEBUG[0m [32mPackage 'src/planner/pure_pursuit_planner' with type 'ros.ament_cmake' and name 'pure_pursuit_planner'[0m
[0.338s] [34mcolcon.colcon_core.package_identification[0m [1;30mLevel 1[0m _identify(src/sensor) by extensions ['ignore', 'ignore_ament_install']
[0.338s] [34mcolcon.colcon_core.package_identification[0m [1;30mLevel 1[0m _identify(src/sensor) by extension 'ignore'
[0.338s] [34mcolcon.colcon_core.package_identification[0m [1;30mLevel 1[0m _identify(src/sensor) by extension 'ignore_ament_install'
[0.338s] [34mcolcon.colcon_core.package_identification[0m [1;30mLevel 1[0m _identify(src/sensor) by extensions ['colcon_pkg']
[0.338s] [34mcolcon.colcon_core.package_identification[0m [1;30mLevel 1[0m _identify(src/sensor) by extension 'colcon_pkg'
[0.338s] [34mcolcon.colcon_core.package_identification[0m [1;30mLevel 1[0m _identify(src/sensor) by extensions ['colcon_meta']
[0.338s] [34mcolcon.colcon_core.package_identification[0m [1;30mLevel 1[0m _identify(src/sensor) by extension 'colcon_meta'
[0.338s] [34mcolcon.colcon_core.package_identification[0m [1;30mLevel 1[0m _identify(src/sensor) by extensions ['ros']
[0.338s] [34mcolcon.colcon_core.package_identification[0m [1;30mLevel 1[0m _identify(src/sensor) by extension 'ros'
[0.338s] [34mcolcon.colcon_core.package_identification[0m [1;30mLevel 1[0m _identify(src/sensor) by extensions ['cmake', 'python']
[0.338s] [34mcolcon.colcon_core.package_identification[0m [1;30mLevel 1[0m _identify(src/sensor) by extension 'cmake'
[0.338s] [34mcolcon.colcon_core.package_identification[0m [1;30mLevel 1[0m _identify(src/sensor) by extension 'python'
[0.338s] [34mcolcon.colcon_core.package_identification[0m [1;30mLevel 1[0m _identify(src/sensor) by extensions ['python_setup_py']
[0.338s] [34mcolcon.colcon_core.package_identification[0m [1;30mLevel 1[0m _identify(src/sensor) by extension 'python_setup_py'
[0.339s] [34mcolcon.colcon_core.package_identification[0m [1;30mLevel 1[0m _identify(src/sensor/HesaiLidar_ROS_2.0) by extensions ['ignore', 'ignore_ament_install']
[0.339s] [34mcolcon.colcon_core.package_identification[0m [1;30mLevel 1[0m _identify(src/sensor/HesaiLidar_ROS_2.0) by extension 'ignore'
[0.339s] [34mcolcon.colcon_core.package_identification[0m [1;30mLevel 1[0m _identify(src/sensor/HesaiLidar_ROS_2.0) by extension 'ignore_ament_install'
[0.339s] [34mcolcon.colcon_core.package_identification[0m [1;30mLevel 1[0m _identify(src/sensor/HesaiLidar_ROS_2.0) by extensions ['colcon_pkg']
[0.339s] [34mcolcon.colcon_core.package_identification[0m [1;30mLevel 1[0m _identify(src/sensor/HesaiLidar_ROS_2.0) by extension 'colcon_pkg'
[0.339s] [34mcolcon.colcon_core.package_identification[0m [1;30mLevel 1[0m _identify(src/sensor/HesaiLidar_ROS_2.0) by extensions ['colcon_meta']
[0.339s] [34mcolcon.colcon_core.package_identification[0m [1;30mLevel 1[0m _identify(src/sensor/HesaiLidar_ROS_2.0) by extension 'colcon_meta'
[0.339s] [34mcolcon.colcon_core.package_identification[0m [1;30mLevel 1[0m _identify(src/sensor/HesaiLidar_ROS_2.0) by extensions ['ros']
[0.339s] [34mcolcon.colcon_core.package_identification[0m [1;30mLevel 1[0m _identify(src/sensor/HesaiLidar_ROS_2.0) by extension 'ros'
[0.348s] [34mcolcon.colcon_core.package_identification[0m [1;30mDEBUG[0m [32mPackage 'src/sensor/HesaiLidar_ROS_2.0' with type 'ros.ament_cmake' and name 'hesai_ros_driver'[0m
[0.349s] [34mcolcon.colcon_core.package_identification[0m [1;30mLevel 1[0m _identify(src/sensor/linefit_ground_segmentation_ros2) by extensions ['ignore', 'ignore_ament_install']
[0.349s] [34mcolcon.colcon_core.package_identification[0m [1;30mLevel 1[0m _identify(src/sensor/linefit_ground_segmentation_ros2) by extension 'ignore'
[0.349s] [34mcolcon.colcon_core.package_identification[0m [1;30mLevel 1[0m _identify(src/sensor/linefit_ground_segmentation_ros2) by extension 'ignore_ament_install'
[0.349s] [34mcolcon.colcon_core.package_identification[0m [1;30mLevel 1[0m _identify(src/sensor/linefit_ground_segmentation_ros2) by extensions ['colcon_pkg']
[0.349s] [34mcolcon.colcon_core.package_identification[0m [1;30mLevel 1[0m _identify(src/sensor/linefit_ground_segmentation_ros2) by extension 'colcon_pkg'
[0.349s] [34mcolcon.colcon_core.package_identification[0m [1;30mLevel 1[0m _identify(src/sensor/linefit_ground_segmentation_ros2) by extensions ['colcon_meta']
[0.349s] [34mcolcon.colcon_core.package_identification[0m [1;30mLevel 1[0m _identify(src/sensor/linefit_ground_segmentation_ros2) by extension 'colcon_meta'
[0.349s] [34mcolcon.colcon_core.package_identification[0m [1;30mLevel 1[0m _identify(src/sensor/linefit_ground_segmentation_ros2) by extensions ['ros']
[0.349s] [34mcolcon.colcon_core.package_identification[0m [1;30mLevel 1[0m _identify(src/sensor/linefit_ground_segmentation_ros2) by extension 'ros'
[0.349s] [34mcolcon.colcon_core.package_identification[0m [1;30mLevel 1[0m _identify(src/sensor/linefit_ground_segmentation_ros2) by extensions ['cmake', 'python']
[0.349s] [34mcolcon.colcon_core.package_identification[0m [1;30mLevel 1[0m _identify(src/sensor/linefit_ground_segmentation_ros2) by extension 'cmake'
[0.349s] [34mcolcon.colcon_core.package_identification[0m [1;30mLevel 1[0m _identify(src/sensor/linefit_ground_segmentation_ros2) by extension 'python'
[0.349s] [34mcolcon.colcon_core.package_identification[0m [1;30mLevel 1[0m _identify(src/sensor/linefit_ground_segmentation_ros2) by extensions ['python_setup_py']
[0.349s] [34mcolcon.colcon_core.package_identification[0m [1;30mLevel 1[0m _identify(src/sensor/linefit_ground_segmentation_ros2) by extension 'python_setup_py'
[0.350s] [34mcolcon.colcon_core.package_identification[0m [1;30mLevel 1[0m _identify(src/sensor/linefit_ground_segmentation_ros2/doc) by extensions ['ignore', 'ignore_ament_install']
[0.350s] [34mcolcon.colcon_core.package_identification[0m [1;30mLevel 1[0m _identify(src/sensor/linefit_ground_segmentation_ros2/doc) by extension 'ignore'
[0.350s] [34mcolcon.colcon_core.package_identification[0m [1;30mLevel 1[0m _identify(src/sensor/linefit_ground_segmentation_ros2/doc) by extension 'ignore_ament_install'
[0.350s] [34mcolcon.colcon_core.package_identification[0m [1;30mLevel 1[0m _identify(src/sensor/linefit_ground_segmentation_ros2/doc) by extensions ['colcon_pkg']
[0.350s] [34mcolcon.colcon_core.package_identification[0m [1;30mLevel 1[0m _identify(src/sensor/linefit_ground_segmentation_ros2/doc) by extension 'colcon_pkg'
[0.350s] [34mcolcon.colcon_core.package_identification[0m [1;30mLevel 1[0m _identify(src/sensor/linefit_ground_segmentation_ros2/doc) by extensions ['colcon_meta']
[0.350s] [34mcolcon.colcon_core.package_identification[0m [1;30mLevel 1[0m _identify(src/sensor/linefit_ground_segmentation_ros2/doc) by extension 'colcon_meta'
[0.350s] [34mcolcon.colcon_core.package_identification[0m [1;30mLevel 1[0m _identify(src/sensor/linefit_ground_segmentation_ros2/doc) by extensions ['ros']
[0.350s] [34mcolcon.colcon_core.package_identification[0m [1;30mLevel 1[0m _identify(src/sensor/linefit_ground_segmentation_ros2/doc) by extension 'ros'
[0.350s] [34mcolcon.colcon_core.package_identification[0m [1;30mLevel 1[0m _identify(src/sensor/linefit_ground_segmentation_ros2/doc) by extensions ['cmake', 'python']
[0.350s] [34mcolcon.colcon_core.package_identification[0m [1;30mLevel 1[0m _identify(src/sensor/linefit_ground_segmentation_ros2/doc) by extension 'cmake'
[0.350s] [34mcolcon.colcon_core.package_identification[0m [1;30mLevel 1[0m _identify(src/sensor/linefit_ground_segmentation_ros2/doc) by extension 'python'
[0.350s] [34mcolcon.colcon_core.package_identification[0m [1;30mLevel 1[0m _identify(src/sensor/linefit_ground_segmentation_ros2/doc) by extensions ['python_setup_py']
[0.350s] [34mcolcon.colcon_core.package_identification[0m [1;30mLevel 1[0m _identify(src/sensor/linefit_ground_segmentation_ros2/doc) by extension 'python_setup_py'
[0.350s] [34mcolcon.colcon_core.package_identification[0m [1;30mLevel 1[0m _identify(src/sensor/linefit_ground_segmentation_ros2/linefit_ground_segmentation) by extensions ['ignore', 'ignore_ament_install']
[0.350s] [34mcolcon.colcon_core.package_identification[0m [1;30mLevel 1[0m _identify(src/sensor/linefit_ground_segmentation_ros2/linefit_ground_segmentation) by extension 'ignore'
[0.351s] [34mcolcon.colcon_core.package_identification[0m [1;30mLevel 1[0m _identify(src/sensor/linefit_ground_segmentation_ros2/linefit_ground_segmentation) by extension 'ignore_ament_install'
[0.351s] [34mcolcon.colcon_core.package_identification[0m [1;30mLevel 1[0m _identify(src/sensor/linefit_ground_segmentation_ros2/linefit_ground_segmentation) by extensions ['colcon_pkg']
[0.351s] [34mcolcon.colcon_core.package_identification[0m [1;30mLevel 1[0m _identify(src/sensor/linefit_ground_segmentation_ros2/linefit_ground_segmentation) by extension 'colcon_pkg'
[0.351s] [34mcolcon.colcon_core.package_identification[0m [1;30mLevel 1[0m _identify(src/sensor/linefit_ground_segmentation_ros2/linefit_ground_segmentation) by extensions ['colcon_meta']
[0.351s] [34mcolcon.colcon_core.package_identification[0m [1;30mLevel 1[0m _identify(src/sensor/linefit_ground_segmentation_ros2/linefit_ground_segmentation) by extension 'colcon_meta'
[0.351s] [34mcolcon.colcon_core.package_identification[0m [1;30mLevel 1[0m _identify(src/sensor/linefit_ground_segmentation_ros2/linefit_ground_segmentation) by extensions ['ros']
[0.351s] [34mcolcon.colcon_core.package_identification[0m [1;30mLevel 1[0m _identify(src/sensor/linefit_ground_segmentation_ros2/linefit_ground_segmentation) by extension 'ros'
[0.352s] [34mcolcon.colcon_core.package_identification[0m [1;30mDEBUG[0m [32mPackage 'src/sensor/linefit_ground_segmentation_ros2/linefit_ground_segmentation' with type 'ros.ament_cmake' and name 'linefit_ground_segmentation'[0m
[0.352s] [34mcolcon.colcon_core.package_identification[0m [1;30mLevel 1[0m _identify(src/sensor/linefit_ground_segmentation_ros2/linefit_ground_segmentation_ros) by extensions ['ignore', 'ignore_ament_install']
[0.352s] [34mcolcon.colcon_core.package_identification[0m [1;30mLevel 1[0m _identify(src/sensor/linefit_ground_segmentation_ros2/linefit_ground_segmentation_ros) by extension 'ignore'
[0.352s] [34mcolcon.colcon_core.package_identification[0m [1;30mLevel 1[0m _identify(src/sensor/linefit_ground_segmentation_ros2/linefit_ground_segmentation_ros) by extension 'ignore_ament_install'
[0.352s] [34mcolcon.colcon_core.package_identification[0m [1;30mLevel 1[0m _identify(src/sensor/linefit_ground_segmentation_ros2/linefit_ground_segmentation_ros) by extensions ['colcon_pkg']
[0.352s] [34mcolcon.colcon_core.package_identification[0m [1;30mLevel 1[0m _identify(src/sensor/linefit_ground_segmentation_ros2/linefit_ground_segmentation_ros) by extension 'colcon_pkg'
[0.352s] [34mcolcon.colcon_core.package_identification[0m [1;30mLevel 1[0m _identify(src/sensor/linefit_ground_segmentation_ros2/linefit_ground_segmentation_ros) by extensions ['colcon_meta']
[0.352s] [34mcolcon.colcon_core.package_identification[0m [1;30mLevel 1[0m _identify(src/sensor/linefit_ground_segmentation_ros2/linefit_ground_segmentation_ros) by extension 'colcon_meta'
[0.352s] [34mcolcon.colcon_core.package_identification[0m [1;30mLevel 1[0m _identify(src/sensor/linefit_ground_segmentation_ros2/linefit_ground_segmentation_ros) by extensions ['ros']
[0.352s] [34mcolcon.colcon_core.package_identification[0m [1;30mLevel 1[0m _identify(src/sensor/linefit_ground_segmentation_ros2/linefit_ground_segmentation_ros) by extension 'ros'
[0.353s] [34mcolcon.colcon_core.package_identification[0m [1;30mDEBUG[0m [32mPackage 'src/sensor/linefit_ground_segmentation_ros2/linefit_ground_segmentation_ros' with type 'ros.ament_cmake' and name 'linefit_ground_segmentation_ros'[0m
[0.354s] [34mcolcon.colcon_core.package_identification[0m [1;30mLevel 1[0m _identify(src/sensor/sensor_bringup) by extensions ['ignore', 'ignore_ament_install']
[0.354s] [34mcolcon.colcon_core.package_identification[0m [1;30mLevel 1[0m _identify(src/sensor/sensor_bringup) by extension 'ignore'
[0.354s] [34mcolcon.colcon_core.package_identification[0m [1;30mLevel 1[0m _identify(src/sensor/sensor_bringup) by extension 'ignore_ament_install'
[0.354s] [34mcolcon.colcon_core.package_identification[0m [1;30mLevel 1[0m _identify(src/sensor/sensor_bringup) by extensions ['colcon_pkg']
[0.354s] [34mcolcon.colcon_core.package_identification[0m [1;30mLevel 1[0m _identify(src/sensor/sensor_bringup) by extension 'colcon_pkg'
[0.354s] [34mcolcon.colcon_core.package_identification[0m [1;30mLevel 1[0m _identify(src/sensor/sensor_bringup) by extensions ['colcon_meta']
[0.354s] [34mcolcon.colcon_core.package_identification[0m [1;30mLevel 1[0m _identify(src/sensor/sensor_bringup) by extension 'colcon_meta'
[0.354s] [34mcolcon.colcon_core.package_identification[0m [1;30mLevel 1[0m _identify(src/sensor/sensor_bringup) by extensions ['ros']
[0.354s] [34mcolcon.colcon_core.package_identification[0m [1;30mLevel 1[0m _identify(src/sensor/sensor_bringup) by extension 'ros'
[0.355s] [34mcolcon.colcon_core.package_identification[0m [1;30mDEBUG[0m [32mPackage 'src/sensor/sensor_bringup' with type 'ros.ament_python' and name 'sensor_bringup'[0m
[0.355s] [34mcolcon.colcon_core.package_identification[0m [1;30mLevel 1[0m _identify(src/sensor/ydlidar_ros2_driver) by extensions ['ignore', 'ignore_ament_install']
[0.355s] [34mcolcon.colcon_core.package_identification[0m [1;30mLevel 1[0m _identify(src/sensor/ydlidar_ros2_driver) by extension 'ignore'
[0.355s] [34mcolcon.colcon_core.package_identification[0m [1;30mLevel 1[0m _identify(src/sensor/ydlidar_ros2_driver) by extension 'ignore_ament_install'
[0.355s] [34mcolcon.colcon_core.package_identification[0m [1;30mLevel 1[0m _identify(src/sensor/ydlidar_ros2_driver) by extensions ['colcon_pkg']
[0.355s] [34mcolcon.colcon_core.package_identification[0m [1;30mLevel 1[0m _identify(src/sensor/ydlidar_ros2_driver) by extension 'colcon_pkg'
[0.355s] [34mcolcon.colcon_core.package_identification[0m [1;30mLevel 1[0m _identify(src/sensor/ydlidar_ros2_driver) by extensions ['colcon_meta']
[0.355s] [34mcolcon.colcon_core.package_identification[0m [1;30mLevel 1[0m _identify(src/sensor/ydlidar_ros2_driver) by extension 'colcon_meta'
[0.355s] [34mcolcon.colcon_core.package_identification[0m [1;30mLevel 1[0m _identify(src/sensor/ydlidar_ros2_driver) by extensions ['ros']
[0.355s] [34mcolcon.colcon_core.package_identification[0m [1;30mLevel 1[0m _identify(src/sensor/ydlidar_ros2_driver) by extension 'ros'
[0.356s] [34mcolcon.colcon_core.package_identification[0m [1;30mDEBUG[0m [32mPackage 'src/sensor/ydlidar_ros2_driver' with type 'ros.ament_cmake' and name 'ydlidar_ros2_driver'[0m
[0.356s] [34mcolcon.colcon_core.package_discovery[0m [1;30mLevel 1[0m discover_packages(recursive) using defaults
[0.356s] [34mcolcon.colcon_core.package_discovery[0m [1;30mLevel 1[0m discover_packages(ignore) discover
[0.356s] [34mcolcon.colcon_core.package_discovery[0m [1;30mLevel 1[0m discover_packages(ignore) using defaults
[0.356s] [34mcolcon.colcon_core.package_discovery[0m [1;30mLevel 1[0m discover_packages(path) discover
[0.356s] [34mcolcon.colcon_core.package_discovery[0m [1;30mLevel 1[0m discover_packages(path) using defaults
[0.382s] [34mcolcon.colcon_core.package_selection[0m [1;30mINFO[0m Skipping package 'linefit_ground_segmentation_ros' in 'src/sensor/linefit_ground_segmentation_ros2/linefit_ground_segmentation_ros'
[0.382s] [34mcolcon.colcon_core.package_selection[0m [1;30mINFO[0m Skipping package 'chicken_simulator' in 'src/core/chicken_simulator'
[0.382s] [34mcolcon.colcon_core.package_selection[0m [1;30mINFO[0m Skipping package 'ydlidar_ros2_driver' in 'src/sensor/ydlidar_ros2_driver'
[0.382s] [34mcolcon.colcon_core.package_selection[0m [1;30mINFO[0m Skipping package 'wheelbot_description' in 'src/core/wheelbot_description'
[0.382s] [34mcolcon.colcon_core.package_selection[0m [1;30mINFO[0m Skipping package 'wheelbot_control' in 'src/control/wheelbot_control'
[0.382s] [34mcolcon.colcon_core.package_selection[0m [1;30mINFO[0m Skipping package 'sensor_bringup' in 'src/sensor/sensor_bringup'
[0.382s] [34mcolcon.colcon_core.package_selection[0m [1;30mINFO[0m Skipping package 'map_server' in 'src/map_server'
[0.382s] [34mcolcon.colcon_core.package_selection[0m [1;30mINFO[0m Skipping package 'linefit_ground_segmentation' in 'src/sensor/linefit_ground_segmentation_ros2/linefit_ground_segmentation'
[0.382s] [34mcolcon.colcon_core.package_selection[0m [1;30mINFO[0m Skipping package 'joy_translate' in 'src/control/joy_translate'
[0.382s] [34mcolcon.colcon_core.package_selection[0m [1;30mINFO[0m Skipping package 'hesai_ros_driver' in 'src/sensor/HesaiLidar_ROS_2.0'
[0.382s] [34mcolcon.colcon_core.package_selection[0m [1;30mINFO[0m Skipping package 'ekf_localization' in 'src/localization/ekf_localization'
[0.382s] [34mcolcon.colcon_core.package_selection[0m [1;30mINFO[0m Skipping package 'chicken_utils' in 'src/core/chicken_utils'
[0.382s] [34mcolcon.colcon_core.package_selection[0m [1;30mINFO[0m Skipping package 'chicken_core' in 'src/core/chicken_core'
[0.382s] [34mcolcon.colcon_core.package_selection[0m [1;30mINFO[0m Skipping package 'a_star_planner' in 'src/planner/a_star_planner'
[0.382s] [34mcolcon.colcon_core.package_discovery[0m [1;30mLevel 1[0m discover_packages(prefix_path) check parameters
[0.383s] [34mcolcon.colcon_core.package_discovery[0m [1;30mLevel 1[0m discover_packages(prefix_path) discover
[0.389s] [34mcolcon.colcon_installed_package_information.package_discovery[0m [1;30mDEBUG[0m [32mFound 15 installed packages in /home/suke/chicken_core/install[0m
[0.391s] [34mcolcon.colcon_installed_package_information.package_discovery[0m [1;30mDEBUG[0m [32mFound 57 installed packages in /home/suke/ouxt_automation/robotx_ws/install[0m
[0.402s] [34mcolcon.colcon_installed_package_information.package_discovery[0m [1;30mDEBUG[0m [32mFound 39 installed packages in /home/suke/Documents/microros_ws/install[0m
[0.405s] [34mcolcon.colcon_installed_package_information.package_discovery[0m [1;30mDEBUG[0m [32mFound 490 installed packages in /opt/ros/humble[0m
[0.409s] [34mcolcon.colcon_core.package_discovery[0m [1;30mLevel 1[0m discover_packages(prefix_path) using defaults
[0.482s] [34mcolcon.colcon_core.package_selection[0m [1;30mWARNING[0m [33mSome selected packages are already built in one or more underlay workspaces:
	'pure_pursuit_planner' is in: /home/suke/chicken_core/install/pure_pursuit_planner, /home/suke/ouxt_automation/robotx_ws/install/pure_pursuit_planner
If a package in a merged underlay workspace is overridden and it installs headers, then all packages in the overlay must sort their include directories by workspace order. Failure to do so may result in build failures or undefined behavior at run time.
If the overridden package is used by another package in any underlay, then the overriding package in the overlay must be API and ABI compatible or undefined behavior at run time may occur.

If you understand the risks and want to override a package anyways, add the following to the command line:
	--allow-overriding pure_pursuit_planner

This may be promoted to an error in a future release of colcon-override-check.[0m
[0.483s] [34mcolcon.colcon_core.verb[0m [1;30mLevel 5[0m set package 'pure_pursuit_planner' build argument 'cmake_args' from command line to 'None'
[0.484s] [34mcolcon.colcon_core.verb[0m [1;30mLevel 5[0m set package 'pure_pursuit_planner' build argument 'cmake_target' from command line to 'None'
[0.484s] [34mcolcon.colcon_core.verb[0m [1;30mLevel 5[0m set package 'pure_pursuit_planner' build argument 'cmake_target_skip_unavailable' from command line to 'False'
[0.484s] [34mcolcon.colcon_core.verb[0m [1;30mLevel 5[0m set package 'pure_pursuit_planner' build argument 'cmake_clean_cache' from command line to 'False'
[0.484s] [34mcolcon.colcon_core.verb[0m [1;30mLevel 5[0m set package 'pure_pursuit_planner' build argument 'cmake_clean_first' from command line to 'False'
[0.484s] [34mcolcon.colcon_core.verb[0m [1;30mLevel 5[0m set package 'pure_pursuit_planner' build argument 'cmake_force_configure' from command line to 'False'
[0.484s] [34mcolcon.colcon_core.verb[0m [1;30mLevel 5[0m set package 'pure_pursuit_planner' build argument 'ament_cmake_args' from command line to 'None'
[0.484s] [34mcolcon.colcon_core.verb[0m [1;30mLevel 5[0m set package 'pure_pursuit_planner' build argument 'catkin_cmake_args' from command line to 'None'
[0.484s] [34mcolcon.colcon_core.verb[0m [1;30mLevel 5[0m set package 'pure_pursuit_planner' build argument 'catkin_skip_building_tests' from command line to 'False'
[0.484s] [34mcolcon.colcon_core.verb[0m [1;30mDEBUG[0m [32mBuilding package 'pure_pursuit_planner' with the following arguments: {'ament_cmake_args': None, 'build_base': '/home/suke/chicken_core/build/pure_pursuit_planner', 'catkin_cmake_args': None, 'catkin_skip_building_tests': False, 'cmake_args': None, 'cmake_clean_cache': False, 'cmake_clean_first': False, 'cmake_force_configure': False, 'cmake_target': None, 'cmake_target_skip_unavailable': False, 'install_base': '/home/suke/chicken_core/install/pure_pursuit_planner', 'merge_install': False, 'path': '/home/suke/chicken_core/src/planner/pure_pursuit_planner', 'symlink_install': False, 'test_result_base': None}[0m
[0.484s] [34mcolcon.colcon_core.executor[0m [1;30mINFO[0m Executing jobs using 'parallel' executor
[0.485s] [34mcolcon.colcon_parallel_executor.executor.parallel[0m [1;30mDEBUG[0m [32mrun_until_complete[0m
[0.485s] [34mcolcon.colcon_ros.task.ament_cmake.build[0m [1;30mINFO[0m Building ROS package in '/home/suke/chicken_core/src/planner/pure_pursuit_planner' with build type 'ament_cmake'
[0.486s] [34mcolcon.colcon_cmake.task.cmake.build[0m [1;30mINFO[0m Building CMake package in '/home/suke/chicken_core/src/planner/pure_pursuit_planner'
[0.490s] [34mcolcon.colcon_core.plugin_system[0m [1;30mINFO[0m Skipping extension 'colcon_core.shell.bat': Not used on non-Windows systems
[0.490s] [34mcolcon.colcon_core.shell[0m [1;30mINFO[0m Skip shell extension 'powershell' for command environment: Not usable outside of PowerShell
[0.490s] [34mcolcon.colcon_core.shell[0m [1;30mDEBUG[0m [32mSkip shell extension 'dsv' for command environment[0m
[0.514s] [34mcolcon.colcon_core.event_handler.log_command[0m [1;30mDEBUG[0m [32mInvoking command in '/home/suke/chicken_core/build/pure_pursuit_planner': CMAKE_PREFIX_PATH=${CMAKE_PREFIX_PATH}:/home/suke/chicken_core/install/wheelbot_control:/home/suke/chicken_core/install/sensor_bringup:/home/suke/chicken_core/install/joy_translate:/home/suke/Documents/microros_ws/install/sensor_msgs_py:/home/suke/ouxt_automation/robotx_ws/install/opencv_tests:/home/suke/ouxt_automation/robotx_ws/install/detic_onnx_ros2:/opt/ros/humble /usr/bin/cmake --build /home/suke/chicken_core/build/pure_pursuit_planner -- -j12 -l12[0m
[14.820s] [34mcolcon.colcon_core.event_handler.log_command[0m [1;30mDEBUG[0m [32mInvoked command in '/home/suke/chicken_core/build/pure_pursuit_planner' returned '0': CMAKE_PREFIX_PATH=${CMAKE_PREFIX_PATH}:/home/suke/chicken_core/install/wheelbot_control:/home/suke/chicken_core/install/sensor_bringup:/home/suke/chicken_core/install/joy_translate:/home/suke/Documents/microros_ws/install/sensor_msgs_py:/home/suke/ouxt_automation/robotx_ws/install/opencv_tests:/home/suke/ouxt_automation/robotx_ws/install/detic_onnx_ros2:/opt/ros/humble /usr/bin/cmake --build /home/suke/chicken_core/build/pure_pursuit_planner -- -j12 -l12[0m
[14.922s] [34mcolcon.colcon_core.event_handler.log_command[0m [1;30mDEBUG[0m [32mInvoking command in '/home/suke/chicken_core/build/pure_pursuit_planner': CMAKE_PREFIX_PATH=${CMAKE_PREFIX_PATH}:/home/suke/chicken_core/install/wheelbot_control:/home/suke/chicken_core/install/sensor_bringup:/home/suke/chicken_core/install/joy_translate:/home/suke/Documents/microros_ws/install/sensor_msgs_py:/home/suke/ouxt_automation/robotx_ws/install/opencv_tests:/home/suke/ouxt_automation/robotx_ws/install/detic_onnx_ros2:/opt/ros/humble /usr/bin/cmake --install /home/suke/chicken_core/build/pure_pursuit_planner[0m
[14.965s] [34mcolcon.colcon_core.environment[0m [1;30mLevel 1[0m create_environment_scripts_only(pure_pursuit_planner)
[14.966s] [34mcolcon.colcon_core.event_handler.log_command[0m [1;30mDEBUG[0m [32mInvoked command in '/home/suke/chicken_core/build/pure_pursuit_planner' returned '0': CMAKE_PREFIX_PATH=${CMAKE_PREFIX_PATH}:/home/suke/chicken_core/install/wheelbot_control:/home/suke/chicken_core/install/sensor_bringup:/home/suke/chicken_core/install/joy_translate:/home/suke/Documents/microros_ws/install/sensor_msgs_py:/home/suke/ouxt_automation/robotx_ws/install/opencv_tests:/home/suke/ouxt_automation/robotx_ws/install/detic_onnx_ros2:/opt/ros/humble /usr/bin/cmake --install /home/suke/chicken_core/build/pure_pursuit_planner[0m
[14.969s] [34mcolcon.colcon_core.environment[0m [1;30mLevel 1[0m checking '/home/suke/chicken_core/install/pure_pursuit_planner' for CMake module files
[14.970s] [34mcolcon.colcon_core.environment[0m [1;30mLevel 1[0m checking '/home/suke/chicken_core/install/pure_pursuit_planner' for CMake config files
[14.971s] [34mcolcon.colcon_core.shell[0m [1;30mLevel 1[0m create_environment_hook('pure_pursuit_planner', 'cmake_prefix_path')
[14.971s] [34mcolcon.colcon_core.shell[0m [1;30mINFO[0m Creating environment hook '/home/suke/chicken_core/install/pure_pursuit_planner/share/pure_pursuit_planner/hook/cmake_prefix_path.ps1'
[14.972s] [34mcolcon.colcon_core.shell[0m [1;30mINFO[0m Creating environment descriptor '/home/suke/chicken_core/install/pure_pursuit_planner/share/pure_pursuit_planner/hook/cmake_prefix_path.dsv'
[14.973s] [34mcolcon.colcon_core.shell[0m [1;30mINFO[0m Creating environment hook '/home/suke/chicken_core/install/pure_pursuit_planner/share/pure_pursuit_planner/hook/cmake_prefix_path.sh'
[14.973s] [34mcolcon.colcon_core.environment[0m [1;30mLevel 1[0m checking '/home/suke/chicken_core/install/pure_pursuit_planner/lib'
[14.974s] [34mcolcon.colcon_core.environment[0m [1;30mLevel 1[0m checking '/home/suke/chicken_core/install/pure_pursuit_planner/bin'
[14.974s] [34mcolcon.colcon_core.environment[0m [1;30mLevel 1[0m checking '/home/suke/chicken_core/install/pure_pursuit_planner/lib/pkgconfig/pure_pursuit_planner.pc'
[14.974s] [34mcolcon.colcon_core.environment[0m [1;30mLevel 1[0m checking '/home/suke/chicken_core/install/pure_pursuit_planner/lib/python3.10/site-packages'
[14.974s] [34mcolcon.colcon_core.environment[0m [1;30mLevel 1[0m checking '/home/suke/chicken_core/install/pure_pursuit_planner/bin'
[14.975s] [34mcolcon.colcon_core.shell[0m [1;30mINFO[0m Creating package script '/home/suke/chicken_core/install/pure_pursuit_planner/share/pure_pursuit_planner/package.ps1'
[14.976s] [34mcolcon.colcon_core.shell[0m [1;30mINFO[0m Creating package descriptor '/home/suke/chicken_core/install/pure_pursuit_planner/share/pure_pursuit_planner/package.dsv'
[14.976s] [34mcolcon.colcon_core.shell[0m [1;30mINFO[0m Creating package script '/home/suke/chicken_core/install/pure_pursuit_planner/share/pure_pursuit_planner/package.sh'
[14.977s] [34mcolcon.colcon_core.shell[0m [1;30mINFO[0m Creating package script '/home/suke/chicken_core/install/pure_pursuit_planner/share/pure_pursuit_planner/package.bash'
[14.978s] [34mcolcon.colcon_core.shell[0m [1;30mINFO[0m Creating package script '/home/suke/chicken_core/install/pure_pursuit_planner/share/pure_pursuit_planner/package.zsh'
[14.979s] [34mcolcon.colcon_core.environment[0m [1;30mLevel 1[0m create_file_with_runtime_dependencies(/home/suke/chicken_core/install/pure_pursuit_planner/share/colcon-core/packages/pure_pursuit_planner)
[15.060s] [34mcolcon.colcon_core.environment[0m [1;30mLevel 1[0m create_environment_scripts_only(pure_pursuit_planner)
[15.060s] [34mcolcon.colcon_core.environment[0m [1;30mLevel 1[0m checking '/home/suke/chicken_core/install/pure_pursuit_planner' for CMake module files
[15.061s] [34mcolcon.colcon_core.environment[0m [1;30mLevel 1[0m checking '/home/suke/chicken_core/install/pure_pursuit_planner' for CMake config files
[15.061s] [34mcolcon.colcon_core.shell[0m [1;30mLevel 1[0m create_environment_hook('pure_pursuit_planner', 'cmake_prefix_path')
[15.062s] [34mcolcon.colcon_core.shell[0m [1;30mINFO[0m Creating environment hook '/home/suke/chicken_core/install/pure_pursuit_planner/share/pure_pursuit_planner/hook/cmake_prefix_path.ps1'
[15.062s] [34mcolcon.colcon_core.shell[0m [1;30mINFO[0m Creating environment descriptor '/home/suke/chicken_core/install/pure_pursuit_planner/share/pure_pursuit_planner/hook/cmake_prefix_path.dsv'
[15.063s] [34mcolcon.colcon_core.shell[0m [1;30mINFO[0m Creating environment hook '/home/suke/chicken_core/install/pure_pursuit_planner/share/pure_pursuit_planner/hook/cmake_prefix_path.sh'
[15.064s] [34mcolcon.colcon_core.environment[0m [1;30mLevel 1[0m checking '/home/suke/chicken_core/install/pure_pursuit_planner/lib'
[15.064s] [34mcolcon.colcon_core.environment[0m [1;30mLevel 1[0m checking '/home/suke/chicken_core/install/pure_pursuit_planner/bin'
[15.064s] [34mcolcon.colcon_core.environment[0m [1;30mLevel 1[0m checking '/home/suke/chicken_core/install/pure_pursuit_planner/lib/pkgconfig/pure_pursuit_planner.pc'
[15.064s] [34mcolcon.colcon_core.environment[0m [1;30mLevel 1[0m checking '/home/suke/chicken_core/install/pure_pursuit_planner/lib/python3.10/site-packages'
[15.064s] [34mcolcon.colcon_core.environment[0m [1;30mLevel 1[0m checking '/home/suke/chicken_core/install/pure_pursuit_planner/bin'
[15.065s] [34mcolcon.colcon_core.shell[0m [1;30mINFO[0m Creating package script '/home/suke/chicken_core/install/pure_pursuit_planner/share/pure_pursuit_planner/package.ps1'
[15.065s] [34mcolcon.colcon_core.shell[0m [1;30mINFO[0m Creating package descriptor '/home/suke/chicken_core/install/pure_pursuit_planner/share/pure_pursuit_planner/package.dsv'
[15.066s] [34mcolcon.colcon_core.shell[0m [1;30mINFO[0m Creating package script '/home/suke/chicken_core/install/pure_pursuit_planner/share/pure_pursuit_planner/package.sh'
[15.066s] [34mcolcon.colcon_core.shell[0m [1;30mINFO[0m Creating package script '/home/suke/chicken_core/install/pure_pursuit_planner/share/pure_pursuit_planner/package.bash'
[15.067s] [34mcolcon.colcon_core.shell[0m [1;30mINFO[0m Creating package script '/home/suke/chicken_core/install/pure_pursuit_planner/share/pure_pursuit_planner/package.zsh'
[15.067s] [34mcolcon.colcon_core.environment[0m [1;30mLevel 1[0m create_file_with_runtime_dependencies(/home/suke/chicken_core/install/pure_pursuit_planner/share/colcon-core/packages/pure_pursuit_planner)
[15.067s] [34mcolcon.colcon_parallel_executor.executor.parallel[0m [1;30mDEBUG[0m [32mclosing loop[0m
[15.068s] [34mcolcon.colcon_parallel_executor.executor.parallel[0m [1;30mDEBUG[0m [32mloop closed[0m
[15.068s] [34mcolcon.colcon_parallel_executor.executor.parallel[0m [1;30mDEBUG[0m [32mrun_until_complete finished with '0'[0m
[15.068s] [34mcolcon.colcon_core.event_reactor[0m [1;30mDEBUG[0m [32mjoining thread[0m
[15.076s] [34mcolcon.colcon_core.plugin_system[0m [1;30mINFO[0m Skipping extension 'colcon_notification.desktop_notification.terminal_notifier': Not used on non-Darwin systems
[15.076s] [34mcolcon.colcon_core.plugin_system[0m [1;30mINFO[0m Skipping extension 'colcon_notification.desktop_notification.win32': Not used on non-Windows systems
[15.077s] [34mcolcon.colcon_notification.desktop_notification[0m [1;30mINFO[0m Sending desktop notification using 'notify2'
[15.091s] [34mcolcon.colcon_core.event_reactor[0m [1;30mDEBUG[0m [32mjoined thread[0m
[15.091s] [34mcolcon.colcon_core.shell[0m [1;30mINFO[0m Creating prefix script '/home/suke/chicken_core/install/local_setup.ps1'
[15.093s] [34mcolcon.colcon_core.shell[0m [1;30mINFO[0m Creating prefix util module '/home/suke/chicken_core/install/_local_setup_util_ps1.py'
[15.095s] [34mcolcon.colcon_core.shell[0m [1;30mINFO[0m Creating prefix chain script '/home/suke/chicken_core/install/setup.ps1'
[15.101s] [34mcolcon.colcon_core.shell[0m [1;30mINFO[0m Creating prefix script '/home/suke/chicken_core/install/local_setup.sh'
[15.102s] [34mcolcon.colcon_core.shell[0m [1;30mINFO[0m Creating prefix util module '/home/suke/chicken_core/install/_local_setup_util_sh.py'
[15.103s] [34mcolcon.colcon_core.shell[0m [1;30mINFO[0m Creating prefix chain script '/home/suke/chicken_core/install/setup.sh'
[15.109s] [34mcolcon.colcon_core.shell[0m [1;30mINFO[0m Creating prefix script '/home/suke/chicken_core/install/local_setup.bash'
[15.110s] [34mcolcon.colcon_core.shell[0m [1;30mINFO[0m Creating prefix chain script '/home/suke/chicken_core/install/setup.bash'
[15.116s] [34mcolcon.colcon_core.shell[0m [1;30mINFO[0m Creating prefix script '/home/suke/chicken_core/install/local_setup.zsh'
[15.117s] [34mcolcon.colcon_core.shell[0m [1;30mINFO[0m Creating prefix chain script '/home/suke/chicken_core/install/setup.zsh'
