[0.068s] Invoking command in '/home/suke/chicken_core/build/hesai_ros_driver': CMAKE_PREFIX_PATH=${CMAKE_PREFIX_PATH}:/home/suke/ouxt_automation/robotx_ws/install/opencv_tests:/home/suke/ouxt_automation/robotx_ws/install/detic_onnx_ros2:/opt/ros/humble /usr/bin/cmake /home/suke/chicken_core/src/sensor/HesaiLidar_ROS_2.0 -DAMENT_CMAKE_SYMLINK_INSTALL=1 -DCMAKE_INSTALL_PREFIX=/home/suke/chicken_core/install/hesai_ros_driver
[1.049s] -- The C compiler identification is GNU 11.4.0
[1.049s] -- The CXX compiler identification is GNU 11.4.0
[1.050s] -- Detecting C compiler ABI info
[1.050s] -- Detecting C compiler ABI info - done
[1.050s] -- Check for working C compiler: /usr/lib/ccache/gcc - skipped
[1.050s] -- Detecting C compile features
[1.050s] -- Detecting C compile features - done
[1.050s] -- Detecting CXX compiler ABI info
[1.050s] -- Detecting CXX compiler ABI info - done
[1.050s] -- Check for working CXX compiler: /usr/lib/ccache/g++ - skipped
[1.050s] -- Detecting CXX compile features
[1.050s] -- Detecting CXX compile features - done
[1.051s] -- Found Python3: /usr/bin/python3 (found version "3.10.12") found components: Interpreter 
[1.051s] [0m=============================================================[0m
[1.051s] [0m-- ROS_VERSION is 2[0m
[1.051s] [0m=============================================================[0m
[1.166s] -- Override CMake install command with custom implementation using symlinks instead of copying resources
[1.524s] -- Found rosidl_generator_c: 3.1.5 (/opt/ros/humble/share/rosidl_generator_c/cmake)
[1.546s] -- Found rosidl_adapter: 3.1.5 (/opt/ros/humble/share/rosidl_adapter/cmake)
[1.576s] -- Found rosidl_generator_cpp: 3.1.5 (/opt/ros/humble/share/rosidl_generator_cpp/cmake)
[1.620s] -- Using all available rosidl_typesupport_c: rosidl_typesupport_fastrtps_c;rosidl_typesupport_introspection_c
[1.678s] -- Using all available rosidl_typesupport_cpp: rosidl_typesupport_fastrtps_cpp;rosidl_typesupport_introspection_cpp
[1.848s] -- Found rmw_implementation_cmake: 6.1.2 (/opt/ros/humble/share/rmw_implementation_cmake/cmake)
[1.865s] -- Found rmw_cyclonedds_cpp: 1.3.4 (/opt/ros/humble/share/rmw_cyclonedds_cpp/cmake)
[1.957s] -- Using RMW implementation 'rmw_cyclonedds_cpp' as default
[1.995s] -- Looking for pthread.h
[2.122s] -- Looking for pthread.h - found
[2.122s] -- Performing Test CMAKE_HAVE_LIBC_PTHREAD
[2.225s] -- Performing Test CMAKE_HAVE_LIBC_PTHREAD - Success
[2.226s] -- Found Threads: TRUE  
[2.361s] [0m=============================================================[0m
[2.362s] [0m-- ROS2 Found. ROS2 Support is turned On.[0m
[2.362s] [0m=============================================================[0m
[2.366s] -- Found sensor_msgs: 4.2.4 (/opt/ros/humble/share/sensor_msgs/cmake)
[2.438s] -- Found rclcpp_action: 16.0.10 (/opt/ros/humble/share/rclcpp_action/cmake)
[2.535s] -- Found rosidl_default_generators: 1.2.0 (/opt/ros/humble/share/rosidl_default_generators/cmake)
[3.093s] -- Found ament_cmake_ros: 0.10.0 (/opt/ros/humble/share/ament_cmake_ros/cmake)
[3.869s] -- Using all available rosidl_typesupport_c: rosidl_typesupport_fastrtps_c;rosidl_typesupport_introspection_c
[4.213s] -- Using all available rosidl_typesupport_cpp: rosidl_typesupport_fastrtps_cpp;rosidl_typesupport_introspection_cpp
[4.287s] -- Found PythonInterp: /usr/bin/python3 (found suitable version "3.10.12", minimum required is "3.6") 
[4.298s] -- Found python_cmake_module: 0.10.0 (/opt/ros/humble/share/python_cmake_module/cmake)
[4.405s] -- Found PythonLibs: /usr/lib/x86_64-linux-gnu/libpython3.10.so (found suitable version "3.10.12", minimum required is "3.5") 
[4.406s] -- Using PYTHON_EXECUTABLE: /usr/bin/python3
[4.406s] -- Using PYTHON_INCLUDE_DIRS: /usr/include/python3.10
[4.406s] -- Using PYTHON_LIBRARIES: /usr/lib/x86_64-linux-gnu/libpython3.10.so
[4.480s] -- Found PythonExtra: .so  
[4.865s] -- Found OpenSSL: /usr/lib/x86_64-linux-gnu/libcrypto.so (found version "3.0.2")  
[4.868s] [0mCMake Deprecation Warning at src/driver/HesaiLidar_SDK_2.0/libhesai/CMakeLists.txt:5 (cmake_minimum_required):
[4.868s]   Compatibility with CMake < 2.8.12 will be removed from a future version of
[4.869s]   CMake.
[4.869s] 
[4.869s]   Update the VERSION argument <min> value or use a ...<max> suffix to tell
[4.869s]   CMake that the project does not need compatibility with older versions.
[4.869s] 
[4.869s] [0m
[4.944s] -- Found CUDA: /usr/local/cuda-11.8 (found version "11.8") 
[5.022s] -- Found Boost: /usr/lib/x86_64-linux-gnu/cmake/Boost-1.74.0/BoostConfig.cmake (found version "1.74.0") found components: thread 
[5.041s] [0m=============================================================[0m
[5.041s] [0m-- CUDA Found. CUDA Support is turned On.[0m
[5.041s] [0m=============================================================[0m
[5.062s] [0mCMake Deprecation Warning at /opt/ros/humble/share/rosidl_cmake/cmake/rosidl_target_interfaces.cmake:32 (message):
[5.062s]   Use rosidl_get_typesupport_target() and target_link_libraries() instead of
[5.062s]   rosidl_target_interfaces()
[5.062s] Call Stack (most recent call first):
[5.063s]   CMakeLists.txt:262 (rosidl_target_interfaces)
[5.063s] 
[5.063s] [0m
[5.081s] -- Configuring done
[5.225s] -- Generating done
[5.231s] -- Build files have been written to: /home/suke/chicken_core/build/hesai_ros_driver
[5.270s] Invoked command in '/home/suke/chicken_core/build/hesai_ros_driver' returned '0': CMAKE_PREFIX_PATH=${CMAKE_PREFIX_PATH}:/home/suke/ouxt_automation/robotx_ws/install/opencv_tests:/home/suke/ouxt_automation/robotx_ws/install/detic_onnx_ros2:/opt/ros/humble /usr/bin/cmake /home/suke/chicken_core/src/sensor/HesaiLidar_ROS_2.0 -DAMENT_CMAKE_SYMLINK_INSTALL=1 -DCMAKE_INSTALL_PREFIX=/home/suke/chicken_core/install/hesai_ros_driver
[5.274s] Invoking command in '/home/suke/chicken_core/build/hesai_ros_driver': CMAKE_PREFIX_PATH=${CMAKE_PREFIX_PATH}:/home/suke/ouxt_automation/robotx_ws/install/opencv_tests:/home/suke/ouxt_automation/robotx_ws/install/detic_onnx_ros2:/opt/ros/humble /usr/bin/cmake --build /home/suke/chicken_core/build/hesai_ros_driver -- -j12 -l12
[5.360s] [  1%] [34m[1mGenerating C code for ROS interfaces[0m
[5.384s] [  2%] [34m[1mGenerating C++ code for ROS interfaces[0m
[5.385s] [  3%] [32mBuilding CXX object src/driver/HesaiLidar_SDK_2.0/libhesai/CMakeFiles/log_lib.dir/Logger/src/logger.cc.o[0m
[5.392s] [  4%] [32mBuilding CXX object src/driver/HesaiLidar_SDK_2.0/libhesai/CMakeFiles/ptcClient_lib.dir/PtcClient/src/tcp_ssl_client.cc.o[0m
[5.400s] [  5%] [32mBuilding CXX object src/driver/HesaiLidar_SDK_2.0/libhesai/CMakeFiles/ptcParser_lib.dir/PtcParser/src/general_ptc_parser.cc.o[0m
[5.402s] [  6%] [32mBuilding CXX object src/driver/HesaiLidar_SDK_2.0/libhesai/CMakeFiles/ptcClient_lib.dir/PtcClient/src/tcp_client.cc.o[0m
[5.403s] [  6%] Built target ament_cmake_python_symlink_hesai_ros_driver
[5.409s] [  7%] [32mBuilding CXX object src/driver/HesaiLidar_SDK_2.0/libhesai/CMakeFiles/container_lib.dir/Container/src/ring_2d_shared.cc.o[0m
[5.415s] [  8%] [32mBuilding CXX object src/driver/HesaiLidar_SDK_2.0/libhesai/CMakeFiles/container_lib.dir/Container/src/ring_2dex.cc.o[0m
[5.417s] [  9%] [32mBuilding CXX object src/driver/HesaiLidar_SDK_2.0/libhesai/CMakeFiles/ptcClient_lib.dir/PtcClient/src/ptc_client.cc.o[0m
[5.420s] [ 10%] [32mBuilding CXX object src/driver/HesaiLidar_SDK_2.0/libhesai/CMakeFiles/ptcParser_lib.dir/PtcParser/src/ptc_1_0_parser.cc.o[0m
[5.422s] [ 11%] [32mBuilding CXX object src/driver/HesaiLidar_SDK_2.0/libhesai/CMakeFiles/ptcParser_lib.dir/PtcParser/src/ptc_2_0_parser.cc.o[0m
[5.430s] [ 12%] [32mBuilding CXX object src/driver/HesaiLidar_SDK_2.0/libhesai/CMakeFiles/platutils_lib.dir/src/plat_utils.cc.o[0m
[5.440s] [ 13%] [32m[1mLinking CXX shared library liblog_lib.so[0m
[5.453s] [ 14%] [32mBuilding CXX object src/driver/HesaiLidar_SDK_2.0/libhesai/CMakeFiles/platutils_lib.dir/src/auto_tick_count.cc.o[0m
[5.462s] [ 15%] [32mBuilding CXX object src/driver/HesaiLidar_SDK_2.0/libhesai/CMakeFiles/ptcParser_lib.dir/PtcParser/ptc_parser.cc.o[0m
[5.466s] [ 16%] [32m[1mLinking CXX shared library libcontainer_lib.so[0m
[5.466s] [ 17%] [32m[1mLinking CXX shared library libptcClient_lib.so[0m
[5.486s] [ 18%] [32m[1mLinking CXX shared library libplatutils_lib.so[0m
[5.509s] [ 20%] [32m[1mLinking CXX shared library libptcParser_lib.so[0m
[5.602s] [ 20%] Built target log_lib
[5.629s] [ 20%] Built target container_lib
[5.706s] [ 20%] Built target platutils_lib
[5.711s] [ 20%] Built target ptcParser_lib
[5.713s] [ 20%] Built target ptcClient_lib
[5.770s] [ 21%] [32mBuilding CXX object src/driver/HesaiLidar_SDK_2.0/libhesai/CMakeFiles/source_lib.dir/Source/src/source.cc.o[0m
[5.770s] [ 22%] [32mBuilding CXX object src/driver/HesaiLidar_SDK_2.0/libhesai/CMakeFiles/source_lib.dir/Source/src/pcap_saver.cc.o[0m
[5.773s] [ 23%] [32mBuilding CXX object src/driver/HesaiLidar_SDK_2.0/libhesai/CMakeFiles/source_lib.dir/Source/src/pcap_source.cc.o[0m
[5.775s] [ 24%] [32mBuilding CXX object src/driver/HesaiLidar_SDK_2.0/libhesai/CMakeFiles/source_lib.dir/Source/src/socket_source.cc.o[0m
[5.815s] [ 25%] [32m[1mLinking CXX shared library libsource_lib.so[0m
[5.904s] running egg_info
[5.905s] creating hesai_ros_driver.egg-info
[5.935s] writing hesai_ros_driver.egg-info/PKG-INFO
[5.935s] writing dependency_links to hesai_ros_driver.egg-info/dependency_links.txt
[5.936s] writing top-level names to hesai_ros_driver.egg-info/top_level.txt
[5.936s] writing manifest file 'hesai_ros_driver.egg-info/SOURCES.txt'
[5.967s] [ 25%] Built target source_lib
[5.987s] [ 26%] [34m[1mBuilding NVCC (Device) object src/driver/HesaiLidar_SDK_2.0/CMakeFiles/sample_gpu.dir/test/sample_gpu_generated_test.cu.o[0m
[5.988s] [ 27%] [34m[1mBuilding NVCC (Device) object src/driver/HesaiLidar_SDK_2.0/CMakeFiles/sample_gpu.dir/libhesai/UdpParserGpu/src/sample_gpu_generated_buffer.cu.o[0m
[6.008s] [ 28%] [32mBuilding CXX object src/driver/HesaiLidar_SDK_2.0/CMakeFiles/sample.dir/test/test.cc.o[0m
[6.034s] reading manifest file 'hesai_ros_driver.egg-info/SOURCES.txt'
[6.034s] writing manifest file 'hesai_ros_driver.egg-info/SOURCES.txt'
[6.046s] [ 29%] [32m[1mLinking CXX executable sample[0m
[6.084s] [ 29%] Built target ament_cmake_python_build_hesai_ros_driver_egg
[6.244s] [ 29%] Built target sample
[6.260s] [ 29%] Built target hesai_ros_driver__cpp
[6.262s] [ 30%] [32mBuilding C object CMakeFiles/hesai_ros_driver__rosidl_generator_c.dir/rosidl_generator_c/hesai_ros_driver/msg/detail/udp_packet__functions.c.o[0m
[6.264s] [ 34%] [32mBuilding C object CMakeFiles/hesai_ros_driver__rosidl_generator_c.dir/rosidl_generator_c/hesai_ros_driver/msg/detail/firetime__functions.c.o[0m
[6.264s] [ 34%] [32mBuilding C object CMakeFiles/hesai_ros_driver__rosidl_generator_c.dir/rosidl_generator_c/hesai_ros_driver/msg/detail/loss_packet__functions.c.o[0m
[6.265s] [ 34%] [32mBuilding C object CMakeFiles/hesai_ros_driver__rosidl_generator_c.dir/rosidl_generator_c/hesai_ros_driver/msg/detail/ptp__functions.c.o[0m
[6.265s] [ 34%] [32mBuilding C object CMakeFiles/hesai_ros_driver__rosidl_generator_c.dir/rosidl_generator_c/hesai_ros_driver/msg/detail/udp_frame__functions.c.o[0m
[6.271s] [01m[Kcc1:[m[K [01;35m[Kwarning: [m[Kcommand-line option ‘[01m[K-std=c++17[m[K’ is valid for C++/ObjC++ but not for C
[6.278s] [01m[Kcc1:[m[K [01;35m[Kwarning: [m[Kcommand-line option ‘[01m[K-std=c++17[m[K’ is valid for C++/ObjC++ but not for C
[6.279s] [ 35%] [34m[1mGenerating C++ type support dispatch for ROS interfaces[0m
[6.279s] [01m[Kcc1:[m[K [01;35m[Kwarning: [m[Kcommand-line option ‘[01m[K-std=c++17[m[K’ is valid for C++/ObjC++ but not for C
[6.280s] [ 36%] [34m[1mGenerating C++ type support for eProsima Fast-RTPS[0m
[6.284s] [ 37%] [34m[1mGenerating C++ introspection for ROS interfaces[0m
[6.302s] [01m[Kcc1:[m[K [01;35m[Kwarning: [m[Kcommand-line option ‘[01m[K-std=c++17[m[K’ is valid for C++/ObjC++ but not for C
[6.306s] [01m[Kcc1:[m[K [01;35m[Kwarning: [m[Kcommand-line option ‘[01m[K-std=c++17[m[K’ is valid for C++/ObjC++ but not for C
[6.317s] [ 38%] [32m[1mLinking C shared library libhesai_ros_driver__rosidl_generator_c.so[0m
[6.387s] [ 38%] Built target hesai_ros_driver__rosidl_generator_c
[6.412s] [ 40%] [34m[1mGenerating C type support for eProsima Fast-RTPS[0m
[6.412s] [ 41%] [34m[1mGenerating C introspection for ROS interfaces[0m
[6.416s] [ 42%] [34m[1mGenerating C type support dispatch for ROS interfaces[0m
[6.835s] [ 43%] [32mBuilding CXX object CMakeFiles/hesai_ros_driver__rosidl_typesupport_cpp.dir/rosidl_typesupport_cpp/hesai_ros_driver/msg/udp_frame__type_support.cpp.o[0m
[6.837s] [ 44%] [32mBuilding CXX object CMakeFiles/hesai_ros_driver__rosidl_typesupport_cpp.dir/rosidl_typesupport_cpp/hesai_ros_driver/msg/firetime__type_support.cpp.o[0m
[6.840s] [ 45%] [32mBuilding CXX object CMakeFiles/hesai_ros_driver__rosidl_typesupport_cpp.dir/rosidl_typesupport_cpp/hesai_ros_driver/msg/udp_packet__type_support.cpp.o[0m
[6.841s] [ 46%] [32mBuilding CXX object CMakeFiles/hesai_ros_driver__rosidl_typesupport_cpp.dir/rosidl_typesupport_cpp/hesai_ros_driver/msg/loss_packet__type_support.cpp.o[0m
[6.847s] [ 47%] [32mBuilding CXX object CMakeFiles/hesai_ros_driver__rosidl_typesupport_cpp.dir/rosidl_typesupport_cpp/hesai_ros_driver/msg/ptp__type_support.cpp.o[0m
[6.873s] [ 48%] [32m[1mLinking CXX shared library libhesai_ros_driver__rosidl_typesupport_cpp.so[0m
[6.958s] [ 48%] Built target hesai_ros_driver__rosidl_typesupport_cpp
[7.022s] [ 49%] [32mBuilding CXX object CMakeFiles/hesai_ros_driver__rosidl_typesupport_introspection_cpp.dir/rosidl_typesupport_introspection_cpp/hesai_ros_driver/msg/detail/udp_packet__type_support.cpp.o[0m
[7.033s] [ 50%] [32mBuilding CXX object CMakeFiles/hesai_ros_driver__rosidl_typesupport_c.dir/rosidl_typesupport_c/hesai_ros_driver/msg/udp_packet__type_support.cpp.o[0m
[7.045s] [ 51%] [32mBuilding CXX object CMakeFiles/hesai_ros_driver__rosidl_typesupport_introspection_cpp.dir/rosidl_typesupport_introspection_cpp/hesai_ros_driver/msg/detail/udp_frame__type_support.cpp.o[0m
[7.046s] [ 52%] [32mBuilding CXX object CMakeFiles/hesai_ros_driver__rosidl_typesupport_introspection_cpp.dir/rosidl_typesupport_introspection_cpp/hesai_ros_driver/msg/detail/firetime__type_support.cpp.o[0m
[7.049s] [ 53%] [32mBuilding CXX object CMakeFiles/hesai_ros_driver__rosidl_typesupport_c.dir/rosidl_typesupport_c/hesai_ros_driver/msg/udp_frame__type_support.cpp.o[0m
[7.059s] [ 54%] [32mBuilding CXX object CMakeFiles/hesai_ros_driver__rosidl_typesupport_introspection_cpp.dir/rosidl_typesupport_introspection_cpp/hesai_ros_driver/msg/detail/ptp__type_support.cpp.o[0m
[7.064s] [ 55%] [32mBuilding CXX object CMakeFiles/hesai_ros_driver__rosidl_typesupport_introspection_cpp.dir/rosidl_typesupport_introspection_cpp/hesai_ros_driver/msg/detail/loss_packet__type_support.cpp.o[0m
[7.068s] [ 56%] [32mBuilding CXX object CMakeFiles/hesai_ros_driver__rosidl_typesupport_c.dir/rosidl_typesupport_c/hesai_ros_driver/msg/firetime__type_support.cpp.o[0m
[7.077s] [ 58%] [32mBuilding CXX object CMakeFiles/hesai_ros_driver__rosidl_typesupport_c.dir/rosidl_typesupport_c/hesai_ros_driver/msg/ptp__type_support.cpp.o[0m
[7.077s] [ 58%] [32mBuilding CXX object CMakeFiles/hesai_ros_driver__rosidl_typesupport_c.dir/rosidl_typesupport_c/hesai_ros_driver/msg/loss_packet__type_support.cpp.o[0m
[7.088s] [ 60%] [32mBuilding CXX object CMakeFiles/hesai_ros_driver__rosidl_typesupport_fastrtps_c.dir/rosidl_typesupport_fastrtps_c/hesai_ros_driver/msg/detail/udp_packet__type_support_c.cpp.o[0m
[7.093s] [ 61%] [32mBuilding CXX object CMakeFiles/hesai_ros_driver__rosidl_typesupport_fastrtps_c.dir/rosidl_typesupport_fastrtps_c/hesai_ros_driver/msg/detail/udp_frame__type_support_c.cpp.o[0m
[7.099s] [ 62%] [32m[1mLinking CXX shared library libhesai_ros_driver__rosidl_typesupport_c.so[0m
[7.107s] [ 64%] [32mBuilding CXX object CMakeFiles/hesai_ros_driver__rosidl_typesupport_fastrtps_c.dir/rosidl_typesupport_fastrtps_c/hesai_ros_driver/msg/detail/ptp__type_support_c.cpp.o[0m
[7.107s] [ 64%] [32m[1mLinking CXX shared library libhesai_ros_driver__rosidl_typesupport_introspection_cpp.so[0m
[7.114s] [ 67%] [32mBuilding CXX object CMakeFiles/hesai_ros_driver__rosidl_typesupport_fastrtps_c.dir/rosidl_typesupport_fastrtps_c/hesai_ros_driver/msg/detail/loss_packet__type_support_c.cpp.o[0m
[7.114s] [ 67%] [32mBuilding CXX object CMakeFiles/hesai_ros_driver__rosidl_typesupport_fastrtps_cpp.dir/rosidl_typesupport_fastrtps_cpp/hesai_ros_driver/msg/detail/dds_fastrtps/udp_frame__type_support.cpp.o[0m
[7.114s] [ 67%] [32mBuilding CXX object CMakeFiles/hesai_ros_driver__rosidl_typesupport_fastrtps_c.dir/rosidl_typesupport_fastrtps_c/hesai_ros_driver/msg/detail/firetime__type_support_c.cpp.o[0m
[7.115s] [ 68%] [32mBuilding CXX object CMakeFiles/hesai_ros_driver__rosidl_typesupport_fastrtps_cpp.dir/rosidl_typesupport_fastrtps_cpp/hesai_ros_driver/msg/detail/dds_fastrtps/udp_packet__type_support.cpp.o[0m
[7.136s] [ 69%] [32mBuilding CXX object CMakeFiles/hesai_ros_driver__rosidl_typesupport_fastrtps_cpp.dir/rosidl_typesupport_fastrtps_cpp/hesai_ros_driver/msg/detail/dds_fastrtps/firetime__type_support.cpp.o[0m
[7.141s] [ 70%] [32mBuilding CXX object CMakeFiles/hesai_ros_driver__rosidl_typesupport_fastrtps_cpp.dir/rosidl_typesupport_fastrtps_cpp/hesai_ros_driver/msg/detail/dds_fastrtps/ptp__type_support.cpp.o[0m
[7.142s] [ 71%] [32mBuilding C object CMakeFiles/hesai_ros_driver__rosidl_typesupport_introspection_c.dir/rosidl_typesupport_introspection_c/hesai_ros_driver/msg/detail/udp_packet__type_support.c.o[0m
[7.144s] [ 72%] [32mBuilding C object CMakeFiles/hesai_ros_driver__rosidl_typesupport_introspection_c.dir/rosidl_typesupport_introspection_c/hesai_ros_driver/msg/detail/udp_frame__type_support.c.o[0m
[7.145s] [ 73%] [32mBuilding C object CMakeFiles/hesai_ros_driver__rosidl_typesupport_introspection_c.dir/rosidl_typesupport_introspection_c/hesai_ros_driver/msg/detail/firetime__type_support.c.o[0m
[7.146s] [ 74%] [32m[1mLinking CXX shared library libhesai_ros_driver__rosidl_typesupport_fastrtps_c.so[0m
[7.146s] [ 75%] [32mBuilding CXX object CMakeFiles/hesai_ros_driver__rosidl_typesupport_fastrtps_cpp.dir/rosidl_typesupport_fastrtps_cpp/hesai_ros_driver/msg/detail/dds_fastrtps/loss_packet__type_support.cpp.o[0m
[7.154s] [01m[Kcc1:[m[K [01;35m[Kwarning: [m[Kcommand-line option ‘[01m[K-std=c++17[m[K’ is valid for C++/ObjC++ but not for C
[7.154s] [ 76%] [32mBuilding C object CMakeFiles/hesai_ros_driver__rosidl_typesupport_introspection_c.dir/rosidl_typesupport_introspection_c/hesai_ros_driver/msg/detail/ptp__type_support.c.o[0m
[7.156s] [01m[Kcc1:[m[K [01;35m[Kwarning: [m[Kcommand-line option ‘[01m[K-std=c++17[m[K’ is valid for C++/ObjC++ but not for C
[7.156s] [01m[Kcc1:[m[K [01;35m[Kwarning: [m[Kcommand-line option ‘[01m[K-std=c++17[m[K’ is valid for C++/ObjC++ but not for C
[7.160s] [01m[Kcc1:[m[K [01;35m[Kwarning: [m[Kcommand-line option ‘[01m[K-std=c++17[m[K’ is valid for C++/ObjC++ but not for C
[7.166s] [ 77%] [32mBuilding C object CMakeFiles/hesai_ros_driver__rosidl_typesupport_introspection_c.dir/rosidl_typesupport_introspection_c/hesai_ros_driver/msg/detail/loss_packet__type_support.c.o[0m
[7.173s] [01m[Kcc1:[m[K [01;35m[Kwarning: [m[Kcommand-line option ‘[01m[K-std=c++17[m[K’ is valid for C++/ObjC++ but not for C
[7.176s] [ 77%] Built target hesai_ros_driver__rosidl_typesupport_c
[7.178s] [ 78%] [32m[1mLinking CXX shared library libhesai_ros_driver__rosidl_typesupport_fastrtps_cpp.so[0m
[7.191s] [ 80%] [32m[1mLinking C shared library libhesai_ros_driver__rosidl_typesupport_introspection_c.so[0m
[7.239s] [ 80%] Built target hesai_ros_driver__rosidl_typesupport_introspection_cpp
[7.248s] [ 80%] Built target hesai_ros_driver__rosidl_typesupport_introspection_c
[7.256s] [ 80%] Built target hesai_ros_driver__rosidl_typesupport_fastrtps_c
[7.271s] [ 80%] Built target hesai_ros_driver__rosidl_typesupport_fastrtps_cpp
[7.298s] [ 80%] Built target hesai_ros_driver
[7.312s] [ 81%] [34m[1mBuilding NVCC (Device) object CMakeFiles/hesai_ros_driver_node.dir/node/hesai_ros_driver_node_generated_hesai_ros_driver_node.cu.o[0m
[7.313s] [ 82%] [34m[1mBuilding NVCC (Device) object CMakeFiles/hesai_ros_driver_node.dir/src/driver/HesaiLidar_SDK_2.0/libhesai/UdpParserGpu/src/hesai_ros_driver_node_generated_buffer.cu.o[0m
[7.317s] [ 83%] [34m[1mBuilding NVCC (Device) object CMakeFiles/hesai_ros_driver_node.dir/src/manager/hesai_ros_driver_node_generated_node_manager.cu.o[0m
[7.329s] [ 84%] [34m[1mGenerating Python code for ROS interfaces[0m
[8.396s] [ 84%] Built target hesai_ros_driver__py
[8.430s] [ 86%] [32mBuilding C object CMakeFiles/hesai_ros_driver__rosidl_generator_py.dir/rosidl_generator_py/hesai_ros_driver/msg/_udp_packet_s.c.o[0m
[8.433s] [ 86%] [32mBuilding C object CMakeFiles/hesai_ros_driver__rosidl_generator_py.dir/rosidl_generator_py/hesai_ros_driver/msg/_udp_frame_s.c.o[0m
[8.436s] [ 88%] [32mBuilding C object CMakeFiles/hesai_ros_driver__rosidl_generator_py.dir/rosidl_generator_py/hesai_ros_driver/msg/_firetime_s.c.o[0m
[8.437s] [ 89%] [32mBuilding C object CMakeFiles/hesai_ros_driver__rosidl_generator_py.dir/rosidl_generator_py/hesai_ros_driver/msg/_loss_packet_s.c.o[0m
[8.438s] [ 87%] [32mBuilding C object CMakeFiles/hesai_ros_driver__rosidl_generator_py.dir/rosidl_generator_py/hesai_ros_driver/msg/_ptp_s.c.o[0m
[8.455s] [01m[Kcc1:[m[K [01;35m[Kwarning: [m[Kcommand-line option ‘[01m[K-std=c++17[m[K’ is valid for C++/ObjC++ but not for C
[8.455s] [01m[Kcc1:[m[K [01;35m[Kwarning: [m[Kcommand-line option ‘[01m[K-std=c++17[m[K’ is valid for C++/ObjC++ but not for C
[8.455s] [01m[Kcc1:[m[K [01;35m[Kwarning: [m[Kcommand-line option ‘[01m[K-std=c++17[m[K’ is valid for C++/ObjC++ but not for C
[8.455s] [01m[Kcc1:[m[K [01;35m[Kwarning: [m[Kcommand-line option ‘[01m[K-std=c++17[m[K’ is valid for C++/ObjC++ but not for C
[8.455s] [01m[Kcc1:[m[K [01;35m[Kwarning: [m[Kcommand-line option ‘[01m[K-std=c++17[m[K’ is valid for C++/ObjC++ but not for C
[8.466s] [ 90%] [32m[1mLinking C shared library rosidl_generator_py/hesai_ros_driver/libhesai_ros_driver__rosidl_generator_py.so[0m
[8.517s] [ 90%] Built target hesai_ros_driver__rosidl_generator_py
[8.550s] [ 91%] [32mBuilding C object CMakeFiles/hesai_ros_driver__rosidl_typesupport_fastrtps_c__pyext.dir/rosidl_generator_py/hesai_ros_driver/_hesai_ros_driver_s.ep.rosidl_typesupport_fastrtps_c.c.o[0m
[8.556s] [ 92%] [32mBuilding C object CMakeFiles/hesai_ros_driver__rosidl_typesupport_c__pyext.dir/rosidl_generator_py/hesai_ros_driver/_hesai_ros_driver_s.ep.rosidl_typesupport_c.c.o[0m
[8.556s] [01m[Kcc1:[m[K [01;35m[Kwarning: [m[Kcommand-line option ‘[01m[K-std=c++17[m[K’ is valid for C++/ObjC++ but not for C
[8.558s] [ 93%] [32mBuilding C object CMakeFiles/hesai_ros_driver__rosidl_typesupport_introspection_c__pyext.dir/rosidl_generator_py/hesai_ros_driver/_hesai_ros_driver_s.ep.rosidl_typesupport_introspection_c.c.o[0m
[8.564s] [01m[Kcc1:[m[K [01;35m[Kwarning: [m[Kcommand-line option ‘[01m[K-std=c++17[m[K’ is valid for C++/ObjC++ but not for C
[8.566s] [01m[Kcc1:[m[K [01;35m[Kwarning: [m[Kcommand-line option ‘[01m[K-std=c++17[m[K’ is valid for C++/ObjC++ but not for C
[8.571s] [ 94%] [32m[1mLinking C shared library rosidl_generator_py/hesai_ros_driver/hesai_ros_driver_s__rosidl_typesupport_fastrtps_c.cpython-310-x86_64-linux-gnu.so[0m
[8.579s] [ 95%] [32m[1mLinking C shared library rosidl_generator_py/hesai_ros_driver/hesai_ros_driver_s__rosidl_typesupport_c.cpython-310-x86_64-linux-gnu.so[0m
[8.583s] [ 96%] [32m[1mLinking C shared library rosidl_generator_py/hesai_ros_driver/hesai_ros_driver_s__rosidl_typesupport_introspection_c.cpython-310-x86_64-linux-gnu.so[0m
[8.640s] [ 96%] Built target hesai_ros_driver__rosidl_typesupport_fastrtps_c__pyext
[8.644s] [ 96%] Built target hesai_ros_driver__rosidl_typesupport_c__pyext
[8.648s] [ 96%] Built target hesai_ros_driver__rosidl_typesupport_introspection_c__pyext
[11.809s] /opt/ros/humble/include/rclcpp/rclcpp/logger.hpp(106): warning #970-D: the qualifier on this friend declaration is ignored
[11.809s] 
[11.849s] /opt/ros/humble/include/rclcpp/rclcpp/logger.hpp(106): warning #970-D: the qualifier on this friend declaration is ignored
[11.849s] 
[11.875s] /opt/ros/humble/include/rclcpp/rclcpp/network_flow_endpoint.hpp(92): warning #970-D: the qualifier on this friend declaration is ignored
[11.875s] 
[11.875s] /opt/ros/humble/include/rclcpp/rclcpp/network_flow_endpoint.hpp(95): warning #970-D: the qualifier on this friend declaration is ignored
[11.875s] 
[11.875s] /opt/ros/humble/include/rclcpp/rclcpp/network_flow_endpoint.hpp(100): warning #970-D: the qualifier on this friend declaration is ignored
[11.875s] 
[11.910s] /opt/ros/humble/include/rclcpp/rclcpp/network_flow_endpoint.hpp(92): warning #970-D: the qualifier on this friend declaration is ignored
[11.910s] 
[11.910s] /opt/ros/humble/include/rclcpp/rclcpp/network_flow_endpoint.hpp(95): warning #970-D: the qualifier on this friend declaration is ignored
[11.910s] 
[11.910s] /opt/ros/humble/include/rclcpp/rclcpp/network_flow_endpoint.hpp(100): warning #970-D: the qualifier on this friend declaration is ignored
[11.910s] 
[12.413s] /opt/ros/humble/include/rclcpp/rclcpp/executors.hpp(54): warning #737-D: using-declaration ignored -- it refers to the current namespace
[12.413s] 
[12.414s] /opt/ros/humble/include/rclcpp/rclcpp/executors.hpp(55): warning #737-D: using-declaration ignored -- it refers to the current namespace
[12.414s] 
[12.415s] /opt/ros/humble/include/rclcpp/rclcpp/executors.hpp(54): warning #737-D: using-declaration ignored -- it refers to the current namespace
[12.415s] 
[12.415s] /opt/ros/humble/include/rclcpp/rclcpp/executors.hpp(55): warning #737-D: using-declaration ignored -- it refers to the current namespace
[12.415s] 
[17.866s] [ 97%] [34m[1mBuilding NVCC intermediate link file src/driver/HesaiLidar_SDK_2.0/CMakeFiles/sample_gpu.dir/sample_gpu_intermediate_link.o[0m
[17.987s] [ 98%] [32m[1mLinking CXX executable sample_gpu[0m
[18.148s] [ 98%] Built target sample_gpu
[29.215s] /opt/ros/humble/include/rclcpp/rclcpp/logger.hpp(106): warning #970-D: the qualifier on this friend declaration is ignored
[29.215s] 
[29.316s] /opt/ros/humble/include/rclcpp/rclcpp/network_flow_endpoint.hpp(92): warning #970-D: the qualifier on this friend declaration is ignored
[29.316s] 
[29.316s] /opt/ros/humble/include/rclcpp/rclcpp/network_flow_endpoint.hpp(95): warning #970-D: the qualifier on this friend declaration is ignored
[29.316s] 
[29.316s] /opt/ros/humble/include/rclcpp/rclcpp/network_flow_endpoint.hpp(100): warning #970-D: the qualifier on this friend declaration is ignored
[29.316s] 
[29.449s] /opt/ros/humble/include/rclcpp/rclcpp/logger.hpp(106): warning #970-D: the qualifier on this friend declaration is ignored
[29.449s] 
[29.548s] /opt/ros/humble/include/rclcpp/rclcpp/network_flow_endpoint.hpp(92): warning #970-D: the qualifier on this friend declaration is ignored
[29.549s] 
[29.549s] /opt/ros/humble/include/rclcpp/rclcpp/network_flow_endpoint.hpp(95): warning #970-D: the qualifier on this friend declaration is ignored
[29.549s] 
[29.549s] /opt/ros/humble/include/rclcpp/rclcpp/network_flow_endpoint.hpp(100): warning #970-D: the qualifier on this friend declaration is ignored
[29.549s] 
[30.064s] /opt/ros/humble/include/rclcpp/rclcpp/executors.hpp(54): warning #737-D: using-declaration ignored -- it refers to the current namespace
[30.064s] 
[30.064s] /opt/ros/humble/include/rclcpp/rclcpp/executors.hpp(55): warning #737-D: using-declaration ignored -- it refers to the current namespace
[30.064s] 
[30.295s] /opt/ros/humble/include/rclcpp/rclcpp/executors.hpp(54): warning #737-D: using-declaration ignored -- it refers to the current namespace
[30.295s] 
[30.295s] /opt/ros/humble/include/rclcpp/rclcpp/executors.hpp(55): warning #737-D: using-declaration ignored -- it refers to the current namespace
[30.295s] 
[46.397s] /opt/ros/humble/include/rclcpp/rclcpp/any_subscription_callback.hpp: In instantiation of ‘rclcpp::AnySubscriptionCallback<MessageT, AllocatorT> rclcpp::AnySubscriptionCallback<MessageT, AllocatorT>::set(CallbackT) [with CallbackT = std::_Bind<void (SourceDriver::*(SourceDriver*, std::_Placeholder<1>))(std::shared_ptr<hesai_ros_driver::msg::UdpFrame_<std::allocator<void> > >)>; MessageT = hesai_ros_driver::msg::UdpFrame_<std::allocator<void> >; AllocatorT = std::allocator<void>]’:
[46.397s] /opt/ros/humble/include/rclcpp/rclcpp/subscription_factory.hpp:94:30:   required from ‘rclcpp::SubscriptionFactory rclcpp::create_subscription_factory(CallbackT&&, const rclcpp::SubscriptionOptionsWithAllocator<AllocatorT>&, typename MessageMemoryStrategyT::SharedPtr, std::shared_ptr<rclcpp::topic_statistics::SubscriptionTopicStatistics<ROSMessageType> >) [with MessageT = hesai_ros_driver::msg::UdpFrame_<std::allocator<void> >; CallbackT = std::_Bind<void (SourceDriver::*(SourceDriver*, std::_Placeholder<1>))(std::shared_ptr<hesai_ros_driver::msg::UdpFrame_<std::allocator<void> > >)>; AllocatorT = std::allocator<void>; SubscriptionT = rclcpp::Subscription<hesai_ros_driver::msg::UdpFrame_<std::allocator<void> > >; MessageMemoryStrategyT = rclcpp::message_memory_strategy::MessageMemoryStrategy<hesai_ros_driver::msg::UdpFrame_<std::allocator<void> >, std::allocator<void> >; ROSMessageType = hesai_ros_driver::msg::UdpFrame_<std::allocator<void> >; typename MessageMemoryStrategyT::SharedPtr = std::shared_ptr<rclcpp::message_memory_strategy::MessageMemoryStrategy<hesai_ros_driver::msg::UdpFrame_<std::allocator<void> >, std::allocator<void> > >]’
[46.398s] /opt/ros/humble/include/rclcpp/rclcpp/create_subscription.hpp:122:63:   required from ‘std::shared_ptr<ROSMessageT> rclcpp::detail::create_subscription(NodeParametersT&, NodeTopicsT&, const string&, const rclcpp::QoS&, CallbackT&&, const rclcpp::SubscriptionOptionsWithAllocator<AllocatorT>&, typename MessageMemoryStrategyT::SharedPtr) [with MessageT = hesai_ros_driver::msg::UdpFrame_<std::allocator<void> >; CallbackT = std::_Bind<void (SourceDriver::*(SourceDriver*, std::_Placeholder<1>))(std::shared_ptr<hesai_ros_driver::msg::UdpFrame_<std::allocator<void> > >)>; AllocatorT = std::allocator<void>; SubscriptionT = rclcpp::Subscription<hesai_ros_driver::msg::UdpFrame_<std::allocator<void> > >; MessageMemoryStrategyT = rclcpp::message_memory_strategy::MessageMemoryStrategy<hesai_ros_driver::msg::UdpFrame_<std::allocator<void> >, std::allocator<void> >; NodeParametersT = rclcpp::Node; NodeTopicsT = rclcpp::Node; ROSMessageType = hesai_ros_driver::msg::UdpFrame_<std::allocator<void> >; std::string = std::__cxx11::basic_string<char>; typename MessageMemoryStrategyT::SharedPtr = std::shared_ptr<rclcpp::message_memory_strategy::MessageMemoryStrategy<hesai_ros_driver::msg::UdpFrame_<std::allocator<void> >, std::allocator<void> > >]’
[46.398s] /opt/ros/humble/include/rclcpp/rclcpp/create_subscription.hpp:190:109:   required from ‘std::shared_ptr<ROSMessageT> rclcpp::create_subscription(NodeT&, const string&, const rclcpp::QoS&, CallbackT&&, const rclcpp::SubscriptionOptionsWithAllocator<AllocatorT>&, typename MessageMemoryStrategyT::SharedPtr) [with MessageT = hesai_ros_driver::msg::UdpFrame_<std::allocator<void> >; CallbackT = std::_Bind<void (SourceDriver::*(SourceDriver*, std::_Placeholder<1>))(std::shared_ptr<hesai_ros_driver::msg::UdpFrame_<std::allocator<void> > >)>; AllocatorT = std::allocator<void>; SubscriptionT = rclcpp::Subscription<hesai_ros_driver::msg::UdpFrame_<std::allocator<void> > >; MessageMemoryStrategyT = rclcpp::message_memory_strategy::MessageMemoryStrategy<hesai_ros_driver::msg::UdpFrame_<std::allocator<void> >, std::allocator<void> >; NodeT = rclcpp::Node; std::string = std::__cxx11::basic_string<char>; typename MessageMemoryStrategyT::SharedPtr = std::shared_ptr<rclcpp::message_memory_strategy::MessageMemoryStrategy<hesai_ros_driver::msg::UdpFrame_<std::allocator<void> >, std::allocator<void> > >]’
[46.398s] /opt/ros/humble/include/rclcpp/rclcpp/node_impl.hpp:99:47:   required from ‘std::shared_ptr<ROSMessageT> rclcpp::Node::create_subscription(const string&, const rclcpp::QoS&, CallbackT&&, const rclcpp::SubscriptionOptionsWithAllocator<AllocatorT>&, typename MessageMemoryStrategyT::SharedPtr) [with MessageT = hesai_ros_driver::msg::UdpFrame_<std::allocator<void> >; CallbackT = std::_Bind<void (SourceDriver::*(SourceDriver*, std::_Placeholder<1>))(std::shared_ptr<hesai_ros_driver::msg::UdpFrame_<std::allocator<void> > >)>; AllocatorT = std::allocator<void>; SubscriptionT = rclcpp::Subscription<hesai_ros_driver::msg::UdpFrame_<std::allocator<void> > >; MessageMemoryStrategyT = rclcpp::message_memory_strategy::MessageMemoryStrategy<hesai_ros_driver::msg::UdpFrame_<std::allocator<void> >, std::allocator<void> >; std::string = std::__cxx11::basic_string<char>; typename MessageMemoryStrategyT::SharedPtr = std::shared_ptr<rclcpp::message_memory_strategy::MessageMemoryStrategy<hesai_ros_driver::msg::UdpFrame_<std::allocator<void> >, std::allocator<void> > >]’
[46.398s] /home/suke/chicken_core/src/sensor/HesaiLidar_ROS_2.0/src/manager/source_driver_ros2.hpp:151:110:   required from here
[46.398s] /opt/ros/humble/include/rclcpp/rclcpp/any_subscription_callback.hpp:391:15: warning: ‘void rclcpp::AnySubscriptionCallback<MessageT, AllocatorT>::set_deprecated(std::function<void(std::shared_ptr<_Yp>)>) [with SetT = hesai_ros_driver::msg::UdpFrame_<std::allocator<void> >; MessageT = hesai_ros_driver::msg::UdpFrame_<std::allocator<void> >; AllocatorT = std::allocator<void>]’ is deprecated: use 'void(std::shared_ptr<const MessageT>)' instead [-Wdeprecated-declarations]
[46.398s]   391 |       set_deprecated(static_cast<typename scbth::callback_type>(callback));
[46.398s]       |       ~~~~~~~~^~~~~~~~~~~~~~~~~~~~~~~~~~~~~~~~~~~~~~~~~~~~~~~~~~~~~~~~~~~~~                                                  
[46.398s] /opt/ros/humble/include/rclcpp/rclcpp/any_subscription_callback.hpp:408:1: note: declared here
[46.398s]   408 |   set_deprecated(std::function<void(std::shared_ptr<SetT>)> callback)
[46.398s]       | ^ ~~~~~~~~~~~~
[46.398s] /opt/ros/humble/include/rclcpp/rclcpp/any_subscription_callback.hpp: In instantiation of ‘rclcpp::AnySubscriptionCallback<MessageT, AllocatorT> rclcpp::AnySubscriptionCallback<MessageT, AllocatorT>::set(CallbackT) [with CallbackT = std::_Bind<void (SourceDriver::*(SourceDriver*, std::_Placeholder<1>))(std::shared_ptr<std_msgs::msg::UInt8MultiArray_<std::allocator<void> > >)>; MessageT = std_msgs::msg::UInt8MultiArray_<std::allocator<void> >; AllocatorT = std::allocator<void>]’:
[46.398s] /opt/ros/humble/include/rclcpp/rclcpp/subscription_factory.hpp:94:30:   required from ‘rclcpp::SubscriptionFactory rclcpp::create_subscription_factory(CallbackT&&, const rclcpp::SubscriptionOptionsWithAllocator<AllocatorT>&, typename MessageMemoryStrategyT::SharedPtr, std::shared_ptr<rclcpp::topic_statistics::SubscriptionTopicStatistics<ROSMessageType> >) [with MessageT = std_msgs::msg::UInt8MultiArray_<std::allocator<void> >; CallbackT = std::_Bind<void (SourceDriver::*(SourceDriver*, std::_Placeholder<1>))(std::shared_ptr<std_msgs::msg::UInt8MultiArray_<std::allocator<void> > >)>; AllocatorT = std::allocator<void>; SubscriptionT = rclcpp::Subscription<std_msgs::msg::UInt8MultiArray_<std::allocator<void> > >; MessageMemoryStrategyT = rclcpp::message_memory_strategy::MessageMemoryStrategy<std_msgs::msg::UInt8MultiArray_<std::allocator<void> >, std::allocator<void> >; ROSMessageType = std_msgs::msg::UInt8MultiArray_<std::allocator<void> >; typename MessageMemoryStrategyT::SharedPtr = std::shared_ptr<rclcpp::message_memory_strategy::MessageMemoryStrategy<std_msgs::msg::UInt8MultiArray_<std::allocator<void> >, std::allocator<void> > >]’
[46.398s] /opt/ros/humble/include/rclcpp/rclcpp/create_subscription.hpp:122:63:   required from ‘std::shared_ptr<ROSMessageT> rclcpp::detail::create_subscription(NodeParametersT&, NodeTopicsT&, const string&, const rclcpp::QoS&, CallbackT&&, const rclcpp::SubscriptionOptionsWithAllocator<AllocatorT>&, typename MessageMemoryStrategyT::SharedPtr) [with MessageT = std_msgs::msg::UInt8MultiArray_<std::allocator<void> >; CallbackT = std::_Bind<void (SourceDriver::*(SourceDriver*, std::_Placeholder<1>))(std::shared_ptr<std_msgs::msg::UInt8MultiArray_<std::allocator<void> > >)>; AllocatorT = std::allocator<void>; SubscriptionT = rclcpp::Subscription<std_msgs::msg::UInt8MultiArray_<std::allocator<void> > >; MessageMemoryStrategyT = rclcpp::message_memory_strategy::MessageMemoryStrategy<std_msgs::msg::UInt8MultiArray_<std::allocator<void> >, std::allocator<void> >; NodeParametersT = rclcpp::Node; NodeTopicsT = rclcpp::Node; ROSMessageType = std_msgs::msg::UInt8MultiArray_<std::allocator<void> >; std::string = std::__cxx11::basic_string<char>; typename MessageMemoryStrategyT::SharedPtr = std::shared_ptr<rclcpp::message_memory_strategy::MessageMemoryStrategy<std_msgs::msg::UInt8MultiArray_<std::allocator<void> >, std::allocator<void> > >]’
[46.398s] /opt/ros/humble/include/rclcpp/rclcpp/create_subscription.hpp:190:109:   required from ‘std::shared_ptr<ROSMessageT> rclcpp::create_subscription(NodeT&, const string&, const rclcpp::QoS&, CallbackT&&, const rclcpp::SubscriptionOptionsWithAllocator<AllocatorT>&, typename MessageMemoryStrategyT::SharedPtr) [with MessageT = std_msgs::msg::UInt8MultiArray_<std::allocator<void> >; CallbackT = std::_Bind<void (SourceDriver::*(SourceDriver*, std::_Placeholder<1>))(std::shared_ptr<std_msgs::msg::UInt8MultiArray_<std::allocator<void> > >)>; AllocatorT = std::allocator<void>; SubscriptionT = rclcpp::Subscription<std_msgs::msg::UInt8MultiArray_<std::allocator<void> > >; MessageMemoryStrategyT = rclcpp::message_memory_strategy::MessageMemoryStrategy<std_msgs::msg::UInt8MultiArray_<std::allocator<void> >, std::allocator<void> >; NodeT = rclcpp::Node; std::string = std::__cxx11::basic_string<char>; typename MessageMemoryStrategyT::SharedPtr = std::shared_ptr<rclcpp::message_memory_strategy::MessageMemoryStrategy<std_msgs::msg::UInt8MultiArray_<std::allocator<void> >, std::allocator<void> > >]’
[46.398s] /opt/ros/humble/include/rclcpp/rclcpp/node_impl.hpp:99:47:   required from ‘std::shared_ptr<ROSMessageT> rclcpp::Node::create_subscription(const string&, const rclcpp::QoS&, CallbackT&&, const rclcpp::SubscriptionOptionsWithAllocator<AllocatorT>&, typename MessageMemoryStrategyT::SharedPtr) [with MessageT = std_msgs::msg::UInt8MultiArray_<std::allocator<void> >; CallbackT = std::_Bind<void (SourceDriver::*(SourceDriver*, std::_Placeholder<1>))(std::shared_ptr<std_msgs::msg::UInt8MultiArray_<std::allocator<void> > >)>; AllocatorT = std::allocator<void>; SubscriptionT = rclcpp::Subscription<std_msgs::msg::UInt8MultiArray_<std::allocator<void> > >; MessageMemoryStrategyT = rclcpp::message_memory_strategy::MessageMemoryStrategy<std_msgs::msg::UInt8MultiArray_<std::allocator<void> >, std::allocator<void> >; std::string = std::__cxx11::basic_string<char>; typename MessageMemoryStrategyT::SharedPtr = std::shared_ptr<rclcpp::message_memory_strategy::MessageMemoryStrategy<std_msgs::msg::UInt8MultiArray_<std::allocator<void> >, std::allocator<void> > >]’
[46.398s] /home/suke/chicken_core/src/sensor/HesaiLidar_ROS_2.0/src/manager/source_driver_ros2.hpp:154:109:   required from here
[46.398s] /opt/ros/humble/include/rclcpp/rclcpp/any_subscription_callback.hpp:391:15: warning: ‘void rclcpp::AnySubscriptionCallback<MessageT, AllocatorT>::set_deprecated(std::function<void(std::shared_ptr<_Yp>)>) [with SetT = std_msgs::msg::UInt8MultiArray_<std::allocator<void> >; MessageT = std_msgs::msg::UInt8MultiArray_<std::allocator<void> >; AllocatorT = std::allocator<void>]’ is deprecated: use 'void(std::shared_ptr<const MessageT>)' instead [-Wdeprecated-declarations]
[46.398s]   391 |       set_deprecated(static_cast<typename scbth::callback_type>(callback));
[46.398s]       |       ~~~~~~~~^~~~~~~~~~~~~~~~~~~~~~~~~~~~~~~~~~~~~~~~~~~~~~~~~~~~~~~~~~~~~                                                  
[46.399s] /opt/ros/humble/include/rclcpp/rclcpp/any_subscription_callback.hpp:408:1: note: declared here
[46.399s]   408 |   set_deprecated(std::function<void(std::shared_ptr<SetT>)> callback)
[46.399s]       | ^ ~~~~~~~~~~~~
[58.577s] /opt/ros/humble/include/rclcpp/rclcpp/any_subscription_callback.hpp: In instantiation of ‘rclcpp::AnySubscriptionCallback<MessageT, AllocatorT> rclcpp::AnySubscriptionCallback<MessageT, AllocatorT>::set(CallbackT) [with CallbackT = std::_Bind<void (SourceDriver::*(SourceDriver*, std::_Placeholder<1>))(std::shared_ptr<hesai_ros_driver::msg::UdpFrame_<std::allocator<void> > >)>; MessageT = hesai_ros_driver::msg::UdpFrame_<std::allocator<void> >; AllocatorT = std::allocator<void>]’:
[58.577s] /opt/ros/humble/include/rclcpp/rclcpp/subscription_factory.hpp:94:30:   required from ‘rclcpp::SubscriptionFactory rclcpp::create_subscription_factory(CallbackT&&, const rclcpp::SubscriptionOptionsWithAllocator<AllocatorT>&, typename MessageMemoryStrategyT::SharedPtr, std::shared_ptr<rclcpp::topic_statistics::SubscriptionTopicStatistics<ROSMessageType> >) [with MessageT = hesai_ros_driver::msg::UdpFrame_<std::allocator<void> >; CallbackT = std::_Bind<void (SourceDriver::*(SourceDriver*, std::_Placeholder<1>))(std::shared_ptr<hesai_ros_driver::msg::UdpFrame_<std::allocator<void> > >)>; AllocatorT = std::allocator<void>; SubscriptionT = rclcpp::Subscription<hesai_ros_driver::msg::UdpFrame_<std::allocator<void> > >; MessageMemoryStrategyT = rclcpp::message_memory_strategy::MessageMemoryStrategy<hesai_ros_driver::msg::UdpFrame_<std::allocator<void> >, std::allocator<void> >; ROSMessageType = hesai_ros_driver::msg::UdpFrame_<std::allocator<void> >; typename MessageMemoryStrategyT::SharedPtr = std::shared_ptr<rclcpp::message_memory_strategy::MessageMemoryStrategy<hesai_ros_driver::msg::UdpFrame_<std::allocator<void> >, std::allocator<void> > >]’
[58.577s] /opt/ros/humble/include/rclcpp/rclcpp/create_subscription.hpp:122:63:   required from ‘std::shared_ptr<ROSMessageT> rclcpp::detail::create_subscription(NodeParametersT&, NodeTopicsT&, const string&, const rclcpp::QoS&, CallbackT&&, const rclcpp::SubscriptionOptionsWithAllocator<AllocatorT>&, typename MessageMemoryStrategyT::SharedPtr) [with MessageT = hesai_ros_driver::msg::UdpFrame_<std::allocator<void> >; CallbackT = std::_Bind<void (SourceDriver::*(SourceDriver*, std::_Placeholder<1>))(std::shared_ptr<hesai_ros_driver::msg::UdpFrame_<std::allocator<void> > >)>; AllocatorT = std::allocator<void>; SubscriptionT = rclcpp::Subscription<hesai_ros_driver::msg::UdpFrame_<std::allocator<void> > >; MessageMemoryStrategyT = rclcpp::message_memory_strategy::MessageMemoryStrategy<hesai_ros_driver::msg::UdpFrame_<std::allocator<void> >, std::allocator<void> >; NodeParametersT = rclcpp::Node; NodeTopicsT = rclcpp::Node; ROSMessageType = hesai_ros_driver::msg::UdpFrame_<std::allocator<void> >; std::string = std::__cxx11::basic_string<char>; typename MessageMemoryStrategyT::SharedPtr = std::shared_ptr<rclcpp::message_memory_strategy::MessageMemoryStrategy<hesai_ros_driver::msg::UdpFrame_<std::allocator<void> >, std::allocator<void> > >]’
[58.577s] /opt/ros/humble/include/rclcpp/rclcpp/create_subscription.hpp:190:109:   required from ‘std::shared_ptr<ROSMessageT> rclcpp::create_subscription(NodeT&, const string&, const rclcpp::QoS&, CallbackT&&, const rclcpp::SubscriptionOptionsWithAllocator<AllocatorT>&, typename MessageMemoryStrategyT::SharedPtr) [with MessageT = hesai_ros_driver::msg::UdpFrame_<std::allocator<void> >; CallbackT = std::_Bind<void (SourceDriver::*(SourceDriver*, std::_Placeholder<1>))(std::shared_ptr<hesai_ros_driver::msg::UdpFrame_<std::allocator<void> > >)>; AllocatorT = std::allocator<void>; SubscriptionT = rclcpp::Subscription<hesai_ros_driver::msg::UdpFrame_<std::allocator<void> > >; MessageMemoryStrategyT = rclcpp::message_memory_strategy::MessageMemoryStrategy<hesai_ros_driver::msg::UdpFrame_<std::allocator<void> >, std::allocator<void> >; NodeT = rclcpp::Node; std::string = std::__cxx11::basic_string<char>; typename MessageMemoryStrategyT::SharedPtr = std::shared_ptr<rclcpp::message_memory_strategy::MessageMemoryStrategy<hesai_ros_driver::msg::UdpFrame_<std::allocator<void> >, std::allocator<void> > >]’
[58.577s] /opt/ros/humble/include/rclcpp/rclcpp/node_impl.hpp:99:47:   required from ‘std::shared_ptr<ROSMessageT> rclcpp::Node::create_subscription(const string&, const rclcpp::QoS&, CallbackT&&, const rclcpp::SubscriptionOptionsWithAllocator<AllocatorT>&, typename MessageMemoryStrategyT::SharedPtr) [with MessageT = hesai_ros_driver::msg::UdpFrame_<std::allocator<void> >; CallbackT = std::_Bind<void (SourceDriver::*(SourceDriver*, std::_Placeholder<1>))(std::shared_ptr<hesai_ros_driver::msg::UdpFrame_<std::allocator<void> > >)>; AllocatorT = std::allocator<void>; SubscriptionT = rclcpp::Subscription<hesai_ros_driver::msg::UdpFrame_<std::allocator<void> > >; MessageMemoryStrategyT = rclcpp::message_memory_strategy::MessageMemoryStrategy<hesai_ros_driver::msg::UdpFrame_<std::allocator<void> >, std::allocator<void> >; std::string = std::__cxx11::basic_string<char>; typename MessageMemoryStrategyT::SharedPtr = std::shared_ptr<rclcpp::message_memory_strategy::MessageMemoryStrategy<hesai_ros_driver::msg::UdpFrame_<std::allocator<void> >, std::allocator<void> > >]’
[58.577s] /home/suke/chicken_core/src/sensor/HesaiLidar_ROS_2.0/src/manager/source_driver_ros2.hpp:151:110:   required from here
[58.577s] /opt/ros/humble/include/rclcpp/rclcpp/any_subscription_callback.hpp:391:15: warning: ‘void rclcpp::AnySubscriptionCallback<MessageT, AllocatorT>::set_deprecated(std::function<void(std::shared_ptr<_Yp>)>) [with SetT = hesai_ros_driver::msg::UdpFrame_<std::allocator<void> >; MessageT = hesai_ros_driver::msg::UdpFrame_<std::allocator<void> >; AllocatorT = std::allocator<void>]’ is deprecated: use 'void(std::shared_ptr<const MessageT>)' instead [-Wdeprecated-declarations]
[58.577s]   391 |       set_deprecated(static_cast<typename scbth::callback_type>(callback));
[58.577s]       |       ~~~~~~~~^~~~~~~~~~~~~~~~~~~~~~~~~~~~~~~~~~~~~~~~~~~~~~~~~~~~~~~~~~~~~                                                  
[58.577s] /opt/ros/humble/include/rclcpp/rclcpp/any_subscription_callback.hpp:408:1: note: declared here
[58.578s]   408 |   set_deprecated(std::function<void(std::shared_ptr<SetT>)> callback)
[58.578s]       | ^ ~~~~~~~~~~~~
[58.578s] /opt/ros/humble/include/rclcpp/rclcpp/any_subscription_callback.hpp: In instantiation of ‘rclcpp::AnySubscriptionCallback<MessageT, AllocatorT> rclcpp::AnySubscriptionCallback<MessageT, AllocatorT>::set(CallbackT) [with CallbackT = std::_Bind<void (SourceDriver::*(SourceDriver*, std::_Placeholder<1>))(std::shared_ptr<std_msgs::msg::UInt8MultiArray_<std::allocator<void> > >)>; MessageT = std_msgs::msg::UInt8MultiArray_<std::allocator<void> >; AllocatorT = std::allocator<void>]’:
[58.578s] /opt/ros/humble/include/rclcpp/rclcpp/subscription_factory.hpp:94:30:   required from ‘rclcpp::SubscriptionFactory rclcpp::create_subscription_factory(CallbackT&&, const rclcpp::SubscriptionOptionsWithAllocator<AllocatorT>&, typename MessageMemoryStrategyT::SharedPtr, std::shared_ptr<rclcpp::topic_statistics::SubscriptionTopicStatistics<ROSMessageType> >) [with MessageT = std_msgs::msg::UInt8MultiArray_<std::allocator<void> >; CallbackT = std::_Bind<void (SourceDriver::*(SourceDriver*, std::_Placeholder<1>))(std::shared_ptr<std_msgs::msg::UInt8MultiArray_<std::allocator<void> > >)>; AllocatorT = std::allocator<void>; SubscriptionT = rclcpp::Subscription<std_msgs::msg::UInt8MultiArray_<std::allocator<void> > >; MessageMemoryStrategyT = rclcpp::message_memory_strategy::MessageMemoryStrategy<std_msgs::msg::UInt8MultiArray_<std::allocator<void> >, std::allocator<void> >; ROSMessageType = std_msgs::msg::UInt8MultiArray_<std::allocator<void> >; typename MessageMemoryStrategyT::SharedPtr = std::shared_ptr<rclcpp::message_memory_strategy::MessageMemoryStrategy<std_msgs::msg::UInt8MultiArray_<std::allocator<void> >, std::allocator<void> > >]’
[58.578s] /opt/ros/humble/include/rclcpp/rclcpp/create_subscription.hpp:122:63:   required from ‘std::shared_ptr<ROSMessageT> rclcpp::detail::create_subscription(NodeParametersT&, NodeTopicsT&, const string&, const rclcpp::QoS&, CallbackT&&, const rclcpp::SubscriptionOptionsWithAllocator<AllocatorT>&, typename MessageMemoryStrategyT::SharedPtr) [with MessageT = std_msgs::msg::UInt8MultiArray_<std::allocator<void> >; CallbackT = std::_Bind<void (SourceDriver::*(SourceDriver*, std::_Placeholder<1>))(std::shared_ptr<std_msgs::msg::UInt8MultiArray_<std::allocator<void> > >)>; AllocatorT = std::allocator<void>; SubscriptionT = rclcpp::Subscription<std_msgs::msg::UInt8MultiArray_<std::allocator<void> > >; MessageMemoryStrategyT = rclcpp::message_memory_strategy::MessageMemoryStrategy<std_msgs::msg::UInt8MultiArray_<std::allocator<void> >, std::allocator<void> >; NodeParametersT = rclcpp::Node; NodeTopicsT = rclcpp::Node; ROSMessageType = std_msgs::msg::UInt8MultiArray_<std::allocator<void> >; std::string = std::__cxx11::basic_string<char>; typename MessageMemoryStrategyT::SharedPtr = std::shared_ptr<rclcpp::message_memory_strategy::MessageMemoryStrategy<std_msgs::msg::UInt8MultiArray_<std::allocator<void> >, std::allocator<void> > >]’
[58.578s] /opt/ros/humble/include/rclcpp/rclcpp/create_subscription.hpp:190:109:   required from ‘std::shared_ptr<ROSMessageT> rclcpp::create_subscription(NodeT&, const string&, const rclcpp::QoS&, CallbackT&&, const rclcpp::SubscriptionOptionsWithAllocator<AllocatorT>&, typename MessageMemoryStrategyT::SharedPtr) [with MessageT = std_msgs::msg::UInt8MultiArray_<std::allocator<void> >; CallbackT = std::_Bind<void (SourceDriver::*(SourceDriver*, std::_Placeholder<1>))(std::shared_ptr<std_msgs::msg::UInt8MultiArray_<std::allocator<void> > >)>; AllocatorT = std::allocator<void>; SubscriptionT = rclcpp::Subscription<std_msgs::msg::UInt8MultiArray_<std::allocator<void> > >; MessageMemoryStrategyT = rclcpp::message_memory_strategy::MessageMemoryStrategy<std_msgs::msg::UInt8MultiArray_<std::allocator<void> >, std::allocator<void> >; NodeT = rclcpp::Node; std::string = std::__cxx11::basic_string<char>; typename MessageMemoryStrategyT::SharedPtr = std::shared_ptr<rclcpp::message_memory_strategy::MessageMemoryStrategy<std_msgs::msg::UInt8MultiArray_<std::allocator<void> >, std::allocator<void> > >]’
[58.578s] /opt/ros/humble/include/rclcpp/rclcpp/node_impl.hpp:99:47:   required from ‘std::shared_ptr<ROSMessageT> rclcpp::Node::create_subscription(const string&, const rclcpp::QoS&, CallbackT&&, const rclcpp::SubscriptionOptionsWithAllocator<AllocatorT>&, typename MessageMemoryStrategyT::SharedPtr) [with MessageT = std_msgs::msg::UInt8MultiArray_<std::allocator<void> >; CallbackT = std::_Bind<void (SourceDriver::*(SourceDriver*, std::_Placeholder<1>))(std::shared_ptr<std_msgs::msg::UInt8MultiArray_<std::allocator<void> > >)>; AllocatorT = std::allocator<void>; SubscriptionT = rclcpp::Subscription<std_msgs::msg::UInt8MultiArray_<std::allocator<void> > >; MessageMemoryStrategyT = rclcpp::message_memory_strategy::MessageMemoryStrategy<std_msgs::msg::UInt8MultiArray_<std::allocator<void> >, std::allocator<void> >; std::string = std::__cxx11::basic_string<char>; typename MessageMemoryStrategyT::SharedPtr = std::shared_ptr<rclcpp::message_memory_strategy::MessageMemoryStrategy<std_msgs::msg::UInt8MultiArray_<std::allocator<void> >, std::allocator<void> > >]’
[58.578s] /home/suke/chicken_core/src/sensor/HesaiLidar_ROS_2.0/src/manager/source_driver_ros2.hpp:154:109:   required from here
[58.578s] /opt/ros/humble/include/rclcpp/rclcpp/any_subscription_callback.hpp:391:15: warning: ‘void rclcpp::AnySubscriptionCallback<MessageT, AllocatorT>::set_deprecated(std::function<void(std::shared_ptr<_Yp>)>) [with SetT = std_msgs::msg::UInt8MultiArray_<std::allocator<void> >; MessageT = std_msgs::msg::UInt8MultiArray_<std::allocator<void> >; AllocatorT = std::allocator<void>]’ is deprecated: use 'void(std::shared_ptr<const MessageT>)' instead [-Wdeprecated-declarations]
[58.578s]   391 |       set_deprecated(static_cast<typename scbth::callback_type>(callback));
[58.578s]       |       ~~~~~~~~^~~~~~~~~~~~~~~~~~~~~~~~~~~~~~~~~~~~~~~~~~~~~~~~~~~~~~~~~~~~~                                                  
[58.578s] /opt/ros/humble/include/rclcpp/rclcpp/any_subscription_callback.hpp:408:1: note: declared here
[58.578s]   408 |   set_deprecated(std::function<void(std::shared_ptr<SetT>)> callback)
[58.578s]       | ^ ~~~~~~~~~~~~
[58.609s] [100%] [32m[1mLinking CXX executable hesai_ros_driver_node[0m
[58.859s] [100%] Built target hesai_ros_driver_node
[58.873s] Invoked command in '/home/suke/chicken_core/build/hesai_ros_driver' returned '0': CMAKE_PREFIX_PATH=${CMAKE_PREFIX_PATH}:/home/suke/ouxt_automation/robotx_ws/install/opencv_tests:/home/suke/ouxt_automation/robotx_ws/install/detic_onnx_ros2:/opt/ros/humble /usr/bin/cmake --build /home/suke/chicken_core/build/hesai_ros_driver -- -j12 -l12
[59.154s] Invoking command in '/home/suke/chicken_core/build/hesai_ros_driver': CMAKE_PREFIX_PATH=${CMAKE_PREFIX_PATH}:/home/suke/ouxt_automation/robotx_ws/install/opencv_tests:/home/suke/ouxt_automation/robotx_ws/install/detic_onnx_ros2:/opt/ros/humble /usr/bin/cmake --install /home/suke/chicken_core/build/hesai_ros_driver
[59.164s] -- Install configuration: "Release"
[59.165s] -- Execute custom install script
[59.165s] -- Symlinking: /home/suke/chicken_core/install/hesai_ros_driver/share/ament_index/resource_index/rosidl_interfaces/hesai_ros_driver
[59.175s] -- Symlinking: /home/suke/chicken_core/install/hesai_ros_driver/include/hesai_ros_driver/hesai_ros_driver/msg/detail/firetime__functions.h
[59.186s] -- Symlinking: /home/suke/chicken_core/install/hesai_ros_driver/include/hesai_ros_driver/hesai_ros_driver/msg/detail/firetime__struct.h
[59.197s] -- Symlinking: /home/suke/chicken_core/install/hesai_ros_driver/include/hesai_ros_driver/hesai_ros_driver/msg/detail/firetime__type_support.h
[59.208s] -- Symlinking: /home/suke/chicken_core/install/hesai_ros_driver/include/hesai_ros_driver/hesai_ros_driver/msg/detail/loss_packet__functions.h
[59.219s] -- Symlinking: /home/suke/chicken_core/install/hesai_ros_driver/include/hesai_ros_driver/hesai_ros_driver/msg/detail/loss_packet__struct.h
[59.228s] -- Symlinking: /home/suke/chicken_core/install/hesai_ros_driver/include/hesai_ros_driver/hesai_ros_driver/msg/detail/loss_packet__type_support.h
[59.238s] -- Symlinking: /home/suke/chicken_core/install/hesai_ros_driver/include/hesai_ros_driver/hesai_ros_driver/msg/detail/ptp__functions.h
[59.247s] -- Symlinking: /home/suke/chicken_core/install/hesai_ros_driver/include/hesai_ros_driver/hesai_ros_driver/msg/detail/ptp__struct.h
[59.257s] -- Symlinking: /home/suke/chicken_core/install/hesai_ros_driver/include/hesai_ros_driver/hesai_ros_driver/msg/detail/ptp__type_support.h
[59.266s] -- Symlinking: /home/suke/chicken_core/install/hesai_ros_driver/include/hesai_ros_driver/hesai_ros_driver/msg/detail/udp_frame__functions.h
[59.276s] -- Symlinking: /home/suke/chicken_core/install/hesai_ros_driver/include/hesai_ros_driver/hesai_ros_driver/msg/detail/udp_frame__struct.h
[59.286s] -- Symlinking: /home/suke/chicken_core/install/hesai_ros_driver/include/hesai_ros_driver/hesai_ros_driver/msg/detail/udp_frame__type_support.h
[59.296s] -- Symlinking: /home/suke/chicken_core/install/hesai_ros_driver/include/hesai_ros_driver/hesai_ros_driver/msg/detail/udp_packet__functions.h
[59.305s] -- Symlinking: /home/suke/chicken_core/install/hesai_ros_driver/include/hesai_ros_driver/hesai_ros_driver/msg/detail/udp_packet__struct.h
[59.314s] -- Symlinking: /home/suke/chicken_core/install/hesai_ros_driver/include/hesai_ros_driver/hesai_ros_driver/msg/detail/udp_packet__type_support.h
[59.324s] -- Symlinking: /home/suke/chicken_core/install/hesai_ros_driver/include/hesai_ros_driver/hesai_ros_driver/msg/firetime.h
[59.334s] -- Symlinking: /home/suke/chicken_core/install/hesai_ros_driver/include/hesai_ros_driver/hesai_ros_driver/msg/loss_packet.h
[59.343s] -- Symlinking: /home/suke/chicken_core/install/hesai_ros_driver/include/hesai_ros_driver/hesai_ros_driver/msg/ptp.h
[59.352s] -- Symlinking: /home/suke/chicken_core/install/hesai_ros_driver/include/hesai_ros_driver/hesai_ros_driver/msg/rosidl_generator_c__visibility_control.h
[59.362s] -- Symlinking: /home/suke/chicken_core/install/hesai_ros_driver/include/hesai_ros_driver/hesai_ros_driver/msg/udp_frame.h
[59.371s] -- Symlinking: /home/suke/chicken_core/install/hesai_ros_driver/include/hesai_ros_driver/hesai_ros_driver/msg/udp_packet.h
[59.381s] -- Symlinking: /home/suke/chicken_core/install/hesai_ros_driver/share/hesai_ros_driver/environment/library_path.sh
[59.391s] -- Symlinking: /home/suke/chicken_core/install/hesai_ros_driver/share/hesai_ros_driver/environment/library_path.dsv
[59.401s] -- Symlinking: /home/suke/chicken_core/install/hesai_ros_driver/include/hesai_ros_driver/hesai_ros_driver/msg/detail/firetime__rosidl_typesupport_fastrtps_c.h
[59.410s] -- Symlinking: /home/suke/chicken_core/install/hesai_ros_driver/include/hesai_ros_driver/hesai_ros_driver/msg/detail/loss_packet__rosidl_typesupport_fastrtps_c.h
[59.420s] -- Symlinking: /home/suke/chicken_core/install/hesai_ros_driver/include/hesai_ros_driver/hesai_ros_driver/msg/detail/ptp__rosidl_typesupport_fastrtps_c.h
[59.429s] -- Symlinking: /home/suke/chicken_core/install/hesai_ros_driver/include/hesai_ros_driver/hesai_ros_driver/msg/detail/udp_frame__rosidl_typesupport_fastrtps_c.h
[59.440s] -- Symlinking: /home/suke/chicken_core/install/hesai_ros_driver/include/hesai_ros_driver/hesai_ros_driver/msg/detail/udp_packet__rosidl_typesupport_fastrtps_c.h
[59.452s] -- Symlinking: /home/suke/chicken_core/install/hesai_ros_driver/include/hesai_ros_driver/hesai_ros_driver/msg/rosidl_typesupport_fastrtps_c__visibility_control.h
[59.465s] -- Symlinking: /home/suke/chicken_core/install/hesai_ros_driver/include/hesai_ros_driver/hesai_ros_driver/msg/detail/firetime__builder.hpp
[59.479s] -- Symlinking: /home/suke/chicken_core/install/hesai_ros_driver/include/hesai_ros_driver/hesai_ros_driver/msg/detail/firetime__struct.hpp
[59.493s] -- Symlinking: /home/suke/chicken_core/install/hesai_ros_driver/include/hesai_ros_driver/hesai_ros_driver/msg/detail/firetime__traits.hpp
[59.508s] -- Symlinking: /home/suke/chicken_core/install/hesai_ros_driver/include/hesai_ros_driver/hesai_ros_driver/msg/detail/loss_packet__builder.hpp
[59.522s] -- Symlinking: /home/suke/chicken_core/install/hesai_ros_driver/include/hesai_ros_driver/hesai_ros_driver/msg/detail/loss_packet__struct.hpp
[59.536s] -- Symlinking: /home/suke/chicken_core/install/hesai_ros_driver/include/hesai_ros_driver/hesai_ros_driver/msg/detail/loss_packet__traits.hpp
[59.550s] -- Symlinking: /home/suke/chicken_core/install/hesai_ros_driver/include/hesai_ros_driver/hesai_ros_driver/msg/detail/ptp__builder.hpp
[59.564s] -- Symlinking: /home/suke/chicken_core/install/hesai_ros_driver/include/hesai_ros_driver/hesai_ros_driver/msg/detail/ptp__struct.hpp
[59.580s] -- Symlinking: /home/suke/chicken_core/install/hesai_ros_driver/include/hesai_ros_driver/hesai_ros_driver/msg/detail/ptp__traits.hpp
[59.596s] -- Symlinking: /home/suke/chicken_core/install/hesai_ros_driver/include/hesai_ros_driver/hesai_ros_driver/msg/detail/udp_frame__builder.hpp
[59.612s] -- Symlinking: /home/suke/chicken_core/install/hesai_ros_driver/include/hesai_ros_driver/hesai_ros_driver/msg/detail/udp_frame__struct.hpp
[59.624s] -- Symlinking: /home/suke/chicken_core/install/hesai_ros_driver/include/hesai_ros_driver/hesai_ros_driver/msg/detail/udp_frame__traits.hpp
[59.634s] -- Symlinking: /home/suke/chicken_core/install/hesai_ros_driver/include/hesai_ros_driver/hesai_ros_driver/msg/detail/udp_packet__builder.hpp
[59.643s] -- Symlinking: /home/suke/chicken_core/install/hesai_ros_driver/include/hesai_ros_driver/hesai_ros_driver/msg/detail/udp_packet__struct.hpp
[59.653s] -- Symlinking: /home/suke/chicken_core/install/hesai_ros_driver/include/hesai_ros_driver/hesai_ros_driver/msg/detail/udp_packet__traits.hpp
[59.662s] -- Symlinking: /home/suke/chicken_core/install/hesai_ros_driver/include/hesai_ros_driver/hesai_ros_driver/msg/firetime.hpp
[59.672s] -- Symlinking: /home/suke/chicken_core/install/hesai_ros_driver/include/hesai_ros_driver/hesai_ros_driver/msg/loss_packet.hpp
[59.682s] -- Symlinking: /home/suke/chicken_core/install/hesai_ros_driver/include/hesai_ros_driver/hesai_ros_driver/msg/ptp.hpp
[59.691s] -- Symlinking: /home/suke/chicken_core/install/hesai_ros_driver/include/hesai_ros_driver/hesai_ros_driver/msg/udp_frame.hpp
[59.701s] -- Symlinking: /home/suke/chicken_core/install/hesai_ros_driver/include/hesai_ros_driver/hesai_ros_driver/msg/udp_packet.hpp
[59.711s] -- Symlinking: /home/suke/chicken_core/install/hesai_ros_driver/include/hesai_ros_driver/hesai_ros_driver/msg/detail/firetime__rosidl_typesupport_fastrtps_cpp.hpp
[59.720s] -- Symlinking: /home/suke/chicken_core/install/hesai_ros_driver/include/hesai_ros_driver/hesai_ros_driver/msg/detail/loss_packet__rosidl_typesupport_fastrtps_cpp.hpp
[59.729s] -- Symlinking: /home/suke/chicken_core/install/hesai_ros_driver/include/hesai_ros_driver/hesai_ros_driver/msg/detail/ptp__rosidl_typesupport_fastrtps_cpp.hpp
[59.739s] -- Symlinking: /home/suke/chicken_core/install/hesai_ros_driver/include/hesai_ros_driver/hesai_ros_driver/msg/detail/udp_frame__rosidl_typesupport_fastrtps_cpp.hpp
[59.748s] -- Symlinking: /home/suke/chicken_core/install/hesai_ros_driver/include/hesai_ros_driver/hesai_ros_driver/msg/detail/udp_packet__rosidl_typesupport_fastrtps_cpp.hpp
[59.758s] -- Symlinking: /home/suke/chicken_core/install/hesai_ros_driver/include/hesai_ros_driver/hesai_ros_driver/msg/rosidl_typesupport_fastrtps_cpp__visibility_control.h
[59.768s] -- Symlinking: /home/suke/chicken_core/install/hesai_ros_driver/include/hesai_ros_driver/hesai_ros_driver/msg/detail/firetime__rosidl_typesupport_introspection_c.h
[59.778s] -- Symlinking: /home/suke/chicken_core/install/hesai_ros_driver/include/hesai_ros_driver/hesai_ros_driver/msg/detail/loss_packet__rosidl_typesupport_introspection_c.h
[59.787s] -- Symlinking: /home/suke/chicken_core/install/hesai_ros_driver/include/hesai_ros_driver/hesai_ros_driver/msg/detail/ptp__rosidl_typesupport_introspection_c.h
[59.797s] -- Symlinking: /home/suke/chicken_core/install/hesai_ros_driver/include/hesai_ros_driver/hesai_ros_driver/msg/detail/udp_frame__rosidl_typesupport_introspection_c.h
[59.806s] -- Symlinking: /home/suke/chicken_core/install/hesai_ros_driver/include/hesai_ros_driver/hesai_ros_driver/msg/detail/udp_packet__rosidl_typesupport_introspection_c.h
[59.816s] -- Symlinking: /home/suke/chicken_core/install/hesai_ros_driver/include/hesai_ros_driver/hesai_ros_driver/msg/rosidl_typesupport_introspection_c__visibility_control.h
[59.826s] -- Symlinking: /home/suke/chicken_core/install/hesai_ros_driver/include/hesai_ros_driver/hesai_ros_driver/msg/detail/firetime__rosidl_typesupport_introspection_cpp.hpp
[59.835s] -- Symlinking: /home/suke/chicken_core/install/hesai_ros_driver/include/hesai_ros_driver/hesai_ros_driver/msg/detail/loss_packet__rosidl_typesupport_introspection_cpp.hpp
[59.844s] -- Symlinking: /home/suke/chicken_core/install/hesai_ros_driver/include/hesai_ros_driver/hesai_ros_driver/msg/detail/ptp__rosidl_typesupport_introspection_cpp.hpp
[59.854s] -- Symlinking: /home/suke/chicken_core/install/hesai_ros_driver/include/hesai_ros_driver/hesai_ros_driver/msg/detail/udp_frame__rosidl_typesupport_introspection_cpp.hpp
[59.863s] -- Symlinking: /home/suke/chicken_core/install/hesai_ros_driver/include/hesai_ros_driver/hesai_ros_driver/msg/detail/udp_packet__rosidl_typesupport_introspection_cpp.hpp
[59.873s] -- Symlinking: /home/suke/chicken_core/install/hesai_ros_driver/share/hesai_ros_driver/environment/pythonpath.sh
[59.883s] -- Symlinking: /home/suke/chicken_core/install/hesai_ros_driver/share/hesai_ros_driver/environment/pythonpath.dsv
[59.893s] -- Symlinking: /home/suke/chicken_core/install/hesai_ros_driver/local/lib/python3.10/dist-packages/hesai_ros_driver-1.5.0-py3.10.egg-info/PKG-INFO
[59.903s] -- Symlinking: /home/suke/chicken_core/install/hesai_ros_driver/local/lib/python3.10/dist-packages/hesai_ros_driver-1.5.0-py3.10.egg-info/SOURCES.txt
[59.912s] -- Symlinking: /home/suke/chicken_core/install/hesai_ros_driver/local/lib/python3.10/dist-packages/hesai_ros_driver-1.5.0-py3.10.egg-info/dependency_links.txt
[59.922s] -- Symlinking: /home/suke/chicken_core/install/hesai_ros_driver/local/lib/python3.10/dist-packages/hesai_ros_driver-1.5.0-py3.10.egg-info/top_level.txt
[59.932s] -- Symlinking: /home/suke/chicken_core/install/hesai_ros_driver/local/lib/python3.10/dist-packages/hesai_ros_driver/__init__.py
[59.942s] -- Symlinking: /home/suke/chicken_core/install/hesai_ros_driver/local/lib/python3.10/dist-packages/hesai_ros_driver/_hesai_ros_driver_s.ep.rosidl_typesupport_c.c
[59.951s] -- Symlinking: /home/suke/chicken_core/install/hesai_ros_driver/local/lib/python3.10/dist-packages/hesai_ros_driver/_hesai_ros_driver_s.ep.rosidl_typesupport_fastrtps_c.c
[59.961s] -- Symlinking: /home/suke/chicken_core/install/hesai_ros_driver/local/lib/python3.10/dist-packages/hesai_ros_driver/_hesai_ros_driver_s.ep.rosidl_typesupport_introspection_c.c
[59.970s] -- Symlinking: /home/suke/chicken_core/install/hesai_ros_driver/local/lib/python3.10/dist-packages/hesai_ros_driver/hesai_ros_driver_s__rosidl_typesupport_c.cpython-310-x86_64-linux-gnu.so
[59.980s] -- Symlinking: /home/suke/chicken_core/install/hesai_ros_driver/local/lib/python3.10/dist-packages/hesai_ros_driver/hesai_ros_driver_s__rosidl_typesupport_fastrtps_c.cpython-310-x86_64-linux-gnu.so
[59.989s] -- Symlinking: /home/suke/chicken_core/install/hesai_ros_driver/local/lib/python3.10/dist-packages/hesai_ros_driver/hesai_ros_driver_s__rosidl_typesupport_introspection_c.cpython-310-x86_64-linux-gnu.so
[59.999s] -- Symlinking: /home/suke/chicken_core/install/hesai_ros_driver/local/lib/python3.10/dist-packages/hesai_ros_driver/libhesai_ros_driver__rosidl_generator_py.so
[60.010s] -- Symlinking: /home/suke/chicken_core/install/hesai_ros_driver/local/lib/python3.10/dist-packages/hesai_ros_driver/msg/__init__.py
[60.021s] -- Symlinking: /home/suke/chicken_core/install/hesai_ros_driver/local/lib/python3.10/dist-packages/hesai_ros_driver/msg/_firetime.py
[60.032s] -- Symlinking: /home/suke/chicken_core/install/hesai_ros_driver/local/lib/python3.10/dist-packages/hesai_ros_driver/msg/_firetime_s.c
[60.043s] -- Symlinking: /home/suke/chicken_core/install/hesai_ros_driver/local/lib/python3.10/dist-packages/hesai_ros_driver/msg/_loss_packet.py
[60.053s] -- Symlinking: /home/suke/chicken_core/install/hesai_ros_driver/local/lib/python3.10/dist-packages/hesai_ros_driver/msg/_loss_packet_s.c
[60.063s] -- Symlinking: /home/suke/chicken_core/install/hesai_ros_driver/local/lib/python3.10/dist-packages/hesai_ros_driver/msg/_ptp.py
[60.073s] -- Symlinking: /home/suke/chicken_core/install/hesai_ros_driver/local/lib/python3.10/dist-packages/hesai_ros_driver/msg/_ptp_s.c
[60.083s] -- Symlinking: /home/suke/chicken_core/install/hesai_ros_driver/local/lib/python3.10/dist-packages/hesai_ros_driver/msg/_udp_frame.py
[60.093s] -- Symlinking: /home/suke/chicken_core/install/hesai_ros_driver/local/lib/python3.10/dist-packages/hesai_ros_driver/msg/_udp_frame_s.c
[60.103s] -- Symlinking: /home/suke/chicken_core/install/hesai_ros_driver/local/lib/python3.10/dist-packages/hesai_ros_driver/msg/_udp_packet.py
[60.113s] -- Symlinking: /home/suke/chicken_core/install/hesai_ros_driver/local/lib/python3.10/dist-packages/hesai_ros_driver/msg/_udp_packet_s.c
[60.123s] -- Up-to-date symlink: /home/suke/chicken_core/install/hesai_ros_driver/local/lib/python3.10/dist-packages/hesai_ros_driver/hesai_ros_driver_s__rosidl_typesupport_fastrtps_c.cpython-310-x86_64-linux-gnu.so
[60.123s] -- Up-to-date symlink: /home/suke/chicken_core/install/hesai_ros_driver/local/lib/python3.10/dist-packages/hesai_ros_driver/hesai_ros_driver_s__rosidl_typesupport_introspection_c.cpython-310-x86_64-linux-gnu.so
[60.123s] -- Up-to-date symlink: /home/suke/chicken_core/install/hesai_ros_driver/local/lib/python3.10/dist-packages/hesai_ros_driver/hesai_ros_driver_s__rosidl_typesupport_c.cpython-310-x86_64-linux-gnu.so
[60.123s] -- Symlinking: /home/suke/chicken_core/install/hesai_ros_driver/share/hesai_ros_driver/msg/UdpPacket.idl
[60.133s] -- Symlinking: /home/suke/chicken_core/install/hesai_ros_driver/share/hesai_ros_driver/msg/UdpFrame.idl
[60.143s] -- Symlinking: /home/suke/chicken_core/install/hesai_ros_driver/share/hesai_ros_driver/msg/Firetime.idl
[60.152s] -- Symlinking: /home/suke/chicken_core/install/hesai_ros_driver/share/hesai_ros_driver/msg/Ptp.idl
[60.162s] -- Symlinking: /home/suke/chicken_core/install/hesai_ros_driver/share/hesai_ros_driver/msg/LossPacket.idl
[60.171s] -- Symlinking: /home/suke/chicken_core/install/hesai_ros_driver/share/hesai_ros_driver/msg_ros2/UdpPacket.msg
[60.181s] -- Symlinking: /home/suke/chicken_core/install/hesai_ros_driver/share/hesai_ros_driver/msg_ros2/UdpFrame.msg
[60.191s] -- Symlinking: /home/suke/chicken_core/install/hesai_ros_driver/share/hesai_ros_driver/msg_ros2/Firetime.msg
[60.201s] -- Symlinking: /home/suke/chicken_core/install/hesai_ros_driver/share/hesai_ros_driver/msg_ros2/Ptp.msg
[60.211s] -- Symlinking: /home/suke/chicken_core/install/hesai_ros_driver/share/hesai_ros_driver/msg_ros2/LossPacket.msg
[60.221s] -- Symlinking: /home/suke/chicken_core/install/hesai_ros_driver/lib/hesai_ros_driver/hesai_ros_driver_node
[60.231s] -- Symlinking: /home/suke/chicken_core/install/hesai_ros_driver/share/hesai_ros_driver/launch/dashing_start.py
[60.240s] -- Symlinking: /home/suke/chicken_core/install/hesai_ros_driver/share/hesai_ros_driver/launch/start.launch
[60.250s] -- Symlinking: /home/suke/chicken_core/install/hesai_ros_driver/share/hesai_ros_driver/launch/start.py
[60.260s] -- Symlinking: /home/suke/chicken_core/install/hesai_ros_driver/share/hesai_ros_driver/rviz/rviz.rviz
[60.269s] -- Symlinking: /home/suke/chicken_core/install/hesai_ros_driver/share/hesai_ros_driver/rviz/rviz2.rviz
[60.279s] -- Symlinking: /home/suke/chicken_core/install/hesai_ros_driver/share/ament_index/resource_index/package_run_dependencies/hesai_ros_driver
[60.289s] -- Symlinking: /home/suke/chicken_core/install/hesai_ros_driver/share/ament_index/resource_index/parent_prefix_path/hesai_ros_driver
[60.299s] -- Symlinking: /home/suke/chicken_core/install/hesai_ros_driver/share/hesai_ros_driver/environment/ament_prefix_path.sh
[60.309s] -- Symlinking: /home/suke/chicken_core/install/hesai_ros_driver/share/hesai_ros_driver/environment/ament_prefix_path.dsv
[60.319s] -- Symlinking: /home/suke/chicken_core/install/hesai_ros_driver/share/hesai_ros_driver/environment/path.sh
[60.329s] -- Symlinking: /home/suke/chicken_core/install/hesai_ros_driver/share/hesai_ros_driver/environment/path.dsv
[60.342s] -- Symlinking: /home/suke/chicken_core/install/hesai_ros_driver/share/hesai_ros_driver/local_setup.bash
[60.355s] -- Symlinking: /home/suke/chicken_core/install/hesai_ros_driver/share/hesai_ros_driver/local_setup.sh
[60.368s] -- Symlinking: /home/suke/chicken_core/install/hesai_ros_driver/share/hesai_ros_driver/local_setup.zsh
[60.381s] -- Symlinking: /home/suke/chicken_core/install/hesai_ros_driver/share/hesai_ros_driver/local_setup.dsv
[60.395s] -- Symlinking: /home/suke/chicken_core/install/hesai_ros_driver/share/hesai_ros_driver/package.dsv
[60.406s] -- Symlinking: /home/suke/chicken_core/install/hesai_ros_driver/share/ament_index/resource_index/packages/hesai_ros_driver
[60.416s] -- Symlinking: /home/suke/chicken_core/install/hesai_ros_driver/share/hesai_ros_driver/cmake/rosidl_cmake-extras.cmake
[60.426s] -- Symlinking: /home/suke/chicken_core/install/hesai_ros_driver/share/hesai_ros_driver/cmake/ament_cmake_export_dependencies-extras.cmake
[60.435s] -- Symlinking: /home/suke/chicken_core/install/hesai_ros_driver/share/hesai_ros_driver/cmake/ament_cmake_export_include_directories-extras.cmake
[60.445s] -- Symlinking: /home/suke/chicken_core/install/hesai_ros_driver/share/hesai_ros_driver/cmake/ament_cmake_export_libraries-extras.cmake
[60.455s] -- Symlinking: /home/suke/chicken_core/install/hesai_ros_driver/share/hesai_ros_driver/cmake/ament_cmake_export_targets-extras.cmake
[60.465s] -- Symlinking: /home/suke/chicken_core/install/hesai_ros_driver/share/hesai_ros_driver/cmake/rosidl_cmake_export_typesupport_targets-extras.cmake
[60.476s] -- Symlinking: /home/suke/chicken_core/install/hesai_ros_driver/share/hesai_ros_driver/cmake/rosidl_cmake_export_typesupport_libraries-extras.cmake
[60.489s] -- Symlinking: /home/suke/chicken_core/install/hesai_ros_driver/share/hesai_ros_driver/cmake/hesai_ros_driverConfig.cmake
[60.501s] -- Symlinking: /home/suke/chicken_core/install/hesai_ros_driver/share/hesai_ros_driver/cmake/hesai_ros_driverConfig-version.cmake
[60.512s] -- Symlinking: /home/suke/chicken_core/install/hesai_ros_driver/share/hesai_ros_driver/package.xml
[60.525s] -- Installing: /home/suke/chicken_core/install/hesai_ros_driver/lib/libhesai_ros_driver__rosidl_generator_c.so
[60.525s] -- Set runtime path of "/home/suke/chicken_core/install/hesai_ros_driver/lib/libhesai_ros_driver__rosidl_generator_c.so" to ""
[60.525s] -- Installing: /home/suke/chicken_core/install/hesai_ros_driver/lib/libhesai_ros_driver__rosidl_typesupport_fastrtps_c.so
[60.525s] -- Set runtime path of "/home/suke/chicken_core/install/hesai_ros_driver/lib/libhesai_ros_driver__rosidl_typesupport_fastrtps_c.so" to ""
[60.525s] -- Installing: /home/suke/chicken_core/install/hesai_ros_driver/lib/libhesai_ros_driver__rosidl_typesupport_fastrtps_cpp.so
[60.526s] -- Set runtime path of "/home/suke/chicken_core/install/hesai_ros_driver/lib/libhesai_ros_driver__rosidl_typesupport_fastrtps_cpp.so" to ""
[60.526s] -- Installing: /home/suke/chicken_core/install/hesai_ros_driver/lib/libhesai_ros_driver__rosidl_typesupport_introspection_c.so
[60.526s] -- Set runtime path of "/home/suke/chicken_core/install/hesai_ros_driver/lib/libhesai_ros_driver__rosidl_typesupport_introspection_c.so" to ""
[60.526s] -- Installing: /home/suke/chicken_core/install/hesai_ros_driver/lib/libhesai_ros_driver__rosidl_typesupport_c.so
[60.526s] -- Set runtime path of "/home/suke/chicken_core/install/hesai_ros_driver/lib/libhesai_ros_driver__rosidl_typesupport_c.so" to ""
[60.527s] -- Installing: /home/suke/chicken_core/install/hesai_ros_driver/lib/libhesai_ros_driver__rosidl_typesupport_introspection_cpp.so
[60.527s] -- Set runtime path of "/home/suke/chicken_core/install/hesai_ros_driver/lib/libhesai_ros_driver__rosidl_typesupport_introspection_cpp.so" to ""
[60.527s] -- Installing: /home/suke/chicken_core/install/hesai_ros_driver/lib/libhesai_ros_driver__rosidl_typesupport_cpp.so
[60.527s] -- Set runtime path of "/home/suke/chicken_core/install/hesai_ros_driver/lib/libhesai_ros_driver__rosidl_typesupport_cpp.so" to ""
[60.591s] Listing '/home/suke/chicken_core/install/hesai_ros_driver/local/lib/python3.10/dist-packages/hesai_ros_driver'...
[60.591s] Compiling '/home/suke/chicken_core/install/hesai_ros_driver/local/lib/python3.10/dist-packages/hesai_ros_driver/__init__.py'...
[60.591s] Listing '/home/suke/chicken_core/install/hesai_ros_driver/local/lib/python3.10/dist-packages/hesai_ros_driver/msg'...
[60.592s] Compiling '/home/suke/chicken_core/install/hesai_ros_driver/local/lib/python3.10/dist-packages/hesai_ros_driver/msg/__init__.py'...
[60.592s] Compiling '/home/suke/chicken_core/install/hesai_ros_driver/local/lib/python3.10/dist-packages/hesai_ros_driver/msg/_firetime.py'...
[60.592s] Compiling '/home/suke/chicken_core/install/hesai_ros_driver/local/lib/python3.10/dist-packages/hesai_ros_driver/msg/_loss_packet.py'...
[60.592s] Compiling '/home/suke/chicken_core/install/hesai_ros_driver/local/lib/python3.10/dist-packages/hesai_ros_driver/msg/_ptp.py'...
[60.592s] Compiling '/home/suke/chicken_core/install/hesai_ros_driver/local/lib/python3.10/dist-packages/hesai_ros_driver/msg/_udp_frame.py'...
[60.592s] Compiling '/home/suke/chicken_core/install/hesai_ros_driver/local/lib/python3.10/dist-packages/hesai_ros_driver/msg/_udp_packet.py'...
[60.595s] -- Installing: /home/suke/chicken_core/install/hesai_ros_driver/lib/libhesai_ros_driver__rosidl_generator_py.so
[60.595s] -- Set runtime path of "/home/suke/chicken_core/install/hesai_ros_driver/lib/libhesai_ros_driver__rosidl_generator_py.so" to ""
[60.595s] -- Installing: /home/suke/chicken_core/install/hesai_ros_driver/share/hesai_ros_driver/cmake/export_hesai_ros_driver__rosidl_generator_cExport.cmake
[60.596s] -- Installing: /home/suke/chicken_core/install/hesai_ros_driver/share/hesai_ros_driver/cmake/export_hesai_ros_driver__rosidl_generator_cExport-release.cmake
[60.596s] -- Installing: /home/suke/chicken_core/install/hesai_ros_driver/share/hesai_ros_driver/cmake/export_hesai_ros_driver__rosidl_typesupport_fastrtps_cExport.cmake
[60.596s] -- Installing: /home/suke/chicken_core/install/hesai_ros_driver/share/hesai_ros_driver/cmake/export_hesai_ros_driver__rosidl_typesupport_fastrtps_cExport-release.cmake
[60.596s] -- Installing: /home/suke/chicken_core/install/hesai_ros_driver/share/hesai_ros_driver/cmake/export_hesai_ros_driver__rosidl_generator_cppExport.cmake
[60.596s] -- Installing: /home/suke/chicken_core/install/hesai_ros_driver/share/hesai_ros_driver/cmake/export_hesai_ros_driver__rosidl_typesupport_fastrtps_cppExport.cmake
[60.596s] -- Installing: /home/suke/chicken_core/install/hesai_ros_driver/share/hesai_ros_driver/cmake/export_hesai_ros_driver__rosidl_typesupport_fastrtps_cppExport-release.cmake
[60.596s] -- Installing: /home/suke/chicken_core/install/hesai_ros_driver/share/hesai_ros_driver/cmake/hesai_ros_driver__rosidl_typesupport_introspection_cExport.cmake
[60.596s] -- Installing: /home/suke/chicken_core/install/hesai_ros_driver/share/hesai_ros_driver/cmake/hesai_ros_driver__rosidl_typesupport_introspection_cExport-release.cmake
[60.596s] -- Installing: /home/suke/chicken_core/install/hesai_ros_driver/share/hesai_ros_driver/cmake/hesai_ros_driver__rosidl_typesupport_cExport.cmake
[60.596s] -- Installing: /home/suke/chicken_core/install/hesai_ros_driver/share/hesai_ros_driver/cmake/hesai_ros_driver__rosidl_typesupport_cExport-release.cmake
[60.597s] -- Installing: /home/suke/chicken_core/install/hesai_ros_driver/share/hesai_ros_driver/cmake/hesai_ros_driver__rosidl_typesupport_introspection_cppExport.cmake
[60.597s] -- Installing: /home/suke/chicken_core/install/hesai_ros_driver/share/hesai_ros_driver/cmake/hesai_ros_driver__rosidl_typesupport_introspection_cppExport-release.cmake
[60.597s] -- Installing: /home/suke/chicken_core/install/hesai_ros_driver/share/hesai_ros_driver/cmake/hesai_ros_driver__rosidl_typesupport_cppExport.cmake
[60.597s] -- Installing: /home/suke/chicken_core/install/hesai_ros_driver/share/hesai_ros_driver/cmake/hesai_ros_driver__rosidl_typesupport_cppExport-release.cmake
[60.597s] -- Installing: /home/suke/chicken_core/install/hesai_ros_driver/share/hesai_ros_driver/cmake/export_hesai_ros_driver__rosidl_generator_pyExport.cmake
[60.597s] -- Installing: /home/suke/chicken_core/install/hesai_ros_driver/share/hesai_ros_driver/cmake/export_hesai_ros_driver__rosidl_generator_pyExport-release.cmake
[60.599s] Invoked command in '/home/suke/chicken_core/build/hesai_ros_driver' returned '0': CMAKE_PREFIX_PATH=${CMAKE_PREFIX_PATH}:/home/suke/ouxt_automation/robotx_ws/install/opencv_tests:/home/suke/ouxt_automation/robotx_ws/install/detic_onnx_ros2:/opt/ros/humble /usr/bin/cmake --install /home/suke/chicken_core/build/hesai_ros_driver
