running develop
running egg_info
creating sensor_bringup.egg-info
writing sensor_bringup.egg-info/PKG-INFO
writing dependency_links to sensor_bringup.egg-info/dependency_links.txt
writing requirements to sensor_bringup.egg-info/requires.txt
writing top-level names to sensor_bringup.egg-info/top_level.txt
writing manifest file 'sensor_bringup.egg-info/SOURCES.txt'
reading manifest file 'sensor_bringup.egg-info/SOURCES.txt'
writing manifest file 'sensor_bringup.egg-info/SOURCES.txt'
running build_ext
Creating /home/suke/chicken_core/install/sensor_bringup/lib/python3.10/site-packages/sensor-bringup.egg-link (link to .)

Installed /home/suke/chicken_core/build/sensor_bringup
running symlink_data
creating /home/suke/chicken_core/install/sensor_bringup/share/ament_index
creating /home/suke/chicken_core/install/sensor_bringup/share/ament_index/resource_index
creating /home/suke/chicken_core/install/sensor_bringup/share/ament_index/resource_index/packages
symbolically linking /home/suke/chicken_core/build/sensor_bringup/resource/sensor_bringup -> /home/suke/chicken_core/install/sensor_bringup/share/ament_index/resource_index/packages
symbolically linking /home/suke/chicken_core/build/sensor_bringup/package.xml -> /home/suke/chicken_core/install/sensor_bringup/share/sensor_bringup
symbolically linking /home/suke/chicken_core/build/sensor_bringup/launch/sensor_bringup_launch.py -> /home/suke/chicken_core/install/sensor_bringup/share/sensor_bringup
