[0.024s] Invoking command in '/home/suke/chicken_core/build/ekf_localization': CMAKE_PREFIX_PATH=${CMAKE_PREFIX_PATH}:/home/suke/chicken_core/install/wheelbot_control:/home/suke/chicken_core/install/sensor_bringup:/home/suke/chicken_core/install/joy_translate:/home/suke/Documents/microros_ws/install/sensor_msgs_py:/home/suke/ouxt_automation/robotx_ws/install/opencv_tests:/home/suke/ouxt_automation/robotx_ws/install/detic_onnx_ros2:/opt/ros/humble /usr/bin/cmake --build /home/suke/chicken_core/build/ekf_localization -- -j12 -l12
[0.107s] [35m[1mConsolidate compiler generated dependencies of target ekf_localization_component[0m
[0.138s] [ 50%] [32mBuilding CXX object CMakeFiles/ekf_localization_component.dir/src/ekf_localization_component.cpp.o[0m
[19.485s] [100%] [32m[1mLinking CXX shared library libekf_localization_component.so[0m
[20.387s] [100%] Built target ekf_localization_component
[20.405s] Invoked command in '/home/suke/chicken_core/build/ekf_localization' returned '0': CMAKE_PREFIX_PATH=${CMAKE_PREFIX_PATH}:/home/suke/chicken_core/install/wheelbot_control:/home/suke/chicken_core/install/sensor_bringup:/home/suke/chicken_core/install/joy_translate:/home/suke/Documents/microros_ws/install/sensor_msgs_py:/home/suke/ouxt_automation/robotx_ws/install/opencv_tests:/home/suke/ouxt_automation/robotx_ws/install/detic_onnx_ros2:/opt/ros/humble /usr/bin/cmake --build /home/suke/chicken_core/build/ekf_localization -- -j12 -l12
[20.481s] Invoking command in '/home/suke/chicken_core/build/ekf_localization': CMAKE_PREFIX_PATH=${CMAKE_PREFIX_PATH}:/home/suke/chicken_core/install/wheelbot_control:/home/suke/chicken_core/install/sensor_bringup:/home/suke/chicken_core/install/joy_translate:/home/suke/Documents/microros_ws/install/sensor_msgs_py:/home/suke/ouxt_automation/robotx_ws/install/opencv_tests:/home/suke/ouxt_automation/robotx_ws/install/detic_onnx_ros2:/opt/ros/humble /usr/bin/cmake --install /home/suke/chicken_core/build/ekf_localization
[20.494s] -- Install configuration: ""
[20.494s] -- Up-to-date: /home/suke/chicken_core/install/ekf_localization/include
[20.494s] -- Up-to-date: /home/suke/chicken_core/install/ekf_localization/include/ekf_localization
[20.494s] -- Installing: /home/suke/chicken_core/install/ekf_localization/include/ekf_localization/ekf_localization_component.hpp
[20.494s] -- Up-to-date: /home/suke/chicken_core/install/ekf_localization/share/ekf_localization//launch
[20.494s] -- Up-to-date: /home/suke/chicken_core/install/ekf_localization/share/ekf_localization//launch/ekf_localization_launch.xml
[20.495s] -- Up-to-date: /home/suke/chicken_core/install/ekf_localization/share/ekf_localization//config
[20.495s] -- Up-to-date: /home/suke/chicken_core/install/ekf_localization/share/ekf_localization//config/ekf.yaml
[20.495s] -- Up-to-date: /home/suke/chicken_core/install/ekf_localization/include
[20.495s] -- Up-to-date: /home/suke/chicken_core/install/ekf_localization/include/ekf_localization
[20.495s] -- Up-to-date: /home/suke/chicken_core/install/ekf_localization/include/ekf_localization/ekf_localization_component.hpp
[20.495s] -- Up-to-date: /home/suke/chicken_core/install/ekf_localization/share/ekf_localization/environment/library_path.sh
[20.495s] -- Installing: /home/suke/chicken_core/install/ekf_localization/share/ekf_localization/environment/library_path.dsv
[20.495s] -- Installing: /home/suke/chicken_core/install/ekf_localization/lib/libekf_localization_component.so
[20.509s] -- Set runtime path of "/home/suke/chicken_core/install/ekf_localization/lib/libekf_localization_component.so" to ""
[20.509s] -- Installing: /home/suke/chicken_core/install/ekf_localization/share/ament_index/resource_index/package_run_dependencies/ekf_localization
[20.509s] -- Up-to-date: /home/suke/chicken_core/install/ekf_localization/share/ament_index/resource_index/parent_prefix_path/ekf_localization
[20.510s] -- Up-to-date: /home/suke/chicken_core/install/ekf_localization/share/ekf_localization/environment/ament_prefix_path.sh
[20.510s] -- Installing: /home/suke/chicken_core/install/ekf_localization/share/ekf_localization/environment/ament_prefix_path.dsv
[20.510s] -- Up-to-date: /home/suke/chicken_core/install/ekf_localization/share/ekf_localization/environment/path.sh
[20.510s] -- Installing: /home/suke/chicken_core/install/ekf_localization/share/ekf_localization/environment/path.dsv
[20.510s] -- Up-to-date: /home/suke/chicken_core/install/ekf_localization/share/ekf_localization/local_setup.bash
[20.511s] -- Up-to-date: /home/suke/chicken_core/install/ekf_localization/share/ekf_localization/local_setup.sh
[20.511s] -- Up-to-date: /home/suke/chicken_core/install/ekf_localization/share/ekf_localization/local_setup.zsh
[20.511s] -- Installing: /home/suke/chicken_core/install/ekf_localization/share/ekf_localization/local_setup.dsv
[20.511s] -- Installing: /home/suke/chicken_core/install/ekf_localization/share/ekf_localization/package.dsv
[20.511s] -- Up-to-date: /home/suke/chicken_core/install/ekf_localization/share/ament_index/resource_index/packages/ekf_localization
[20.512s] -- Up-to-date: /home/suke/chicken_core/install/ekf_localization/share/ament_index/resource_index/rclcpp_components/ekf_localization
[20.512s] -- Installing: /home/suke/chicken_core/install/ekf_localization/share/ekf_localization/cmake/ament_cmake_export_dependencies-extras.cmake
[20.512s] -- Up-to-date: /home/suke/chicken_core/install/ekf_localization/share/ekf_localization/cmake/ament_cmake_export_include_directories-extras.cmake
[20.512s] -- Up-to-date: /home/suke/chicken_core/install/ekf_localization/share/ekf_localization/cmake/ament_cmake_export_libraries-extras.cmake
[20.512s] -- Up-to-date: /home/suke/chicken_core/install/ekf_localization/share/ekf_localization/cmake/ekf_localizationConfig.cmake
[20.512s] -- Up-to-date: /home/suke/chicken_core/install/ekf_localization/share/ekf_localization/cmake/ekf_localizationConfig-version.cmake
[20.512s] -- Installing: /home/suke/chicken_core/install/ekf_localization/share/ekf_localization/package.xml
[20.514s] Invoked command in '/home/suke/chicken_core/build/ekf_localization' returned '0': CMAKE_PREFIX_PATH=${CMAKE_PREFIX_PATH}:/home/suke/chicken_core/install/wheelbot_control:/home/suke/chicken_core/install/sensor_bringup:/home/suke/chicken_core/install/joy_translate:/home/suke/Documents/microros_ws/install/sensor_msgs_py:/home/suke/ouxt_automation/robotx_ws/install/opencv_tests:/home/suke/ouxt_automation/robotx_ws/install/detic_onnx_ros2:/opt/ros/humble /usr/bin/cmake --install /home/suke/chicken_core/build/ekf_localization
