[0.014s] Invoking command in '/home/suke/chicken_core/build/ekf_localization': CMAKE_PREFIX_PATH=${CMAKE_PREFIX_PATH}:/home/suke/ouxt_automation/robotx_ws/install/opencv_tests:/home/suke/ouxt_automation/robotx_ws/install/detic_onnx_ros2:/opt/ros/humble /usr/bin/cmake --build /home/suke/chicken_core/build/ekf_localization -- -j12 -l12
[0.043s] -- Found ament_cmake_auto: 1.3.10 (/opt/ros/humble/share/ament_cmake_auto/cmake)
[0.274s] -- Found rosidl_generator_c: 3.1.5 (/opt/ros/humble/share/rosidl_generator_c/cmake)
[0.276s] -- Found rosidl_adapter: 3.1.5 (/opt/ros/humble/share/rosidl_adapter/cmake)
[0.281s] -- Found rosidl_generator_cpp: 3.1.5 (/opt/ros/humble/share/rosidl_generator_cpp/cmake)
[0.292s] -- Using all available rosidl_typesupport_c: rosidl_typesupport_fastrtps_c;rosidl_typesupport_introspection_c
[0.305s] -- Using all available rosidl_typesupport_cpp: rosidl_typesupport_fastrtps_cpp;rosidl_typesupport_introspection_cpp
[0.382s] -- Found rmw_implementation_cmake: 6.1.2 (/opt/ros/humble/share/rmw_implementation_cmake/cmake)
[0.385s] -- Found rmw_cyclonedds_cpp: 1.3.4 (/opt/ros/humble/share/rmw_cyclonedds_cpp/cmake)
[0.404s] -- Using RMW implementation 'rmw_cyclonedds_cpp' as default
[0.519s] -- Found ament_lint_auto: 0.12.11 (/opt/ros/humble/share/ament_lint_auto/cmake)
[0.528s] -- Added test 'copyright' to check source files copyright and LICENSE
[0.531s] -- Added test 'cppcheck' to perform static code analysis on C / C++ code
[0.531s] -- Configured cppcheck include dirs: /home/suke/chicken_core/src/localization/ekf_localization/include
[0.531s] -- Configured cppcheck exclude dirs and/or files: 
[0.534s] -- Added test 'cpplint' to check C / C++ code against the Google style
[0.534s] -- Configured cpplint exclude dirs and/or files: 
[0.536s] -- Added test 'lint_cmake' to check CMake code style
[0.539s] -- Added test 'uncrustify' to check C / C++ code style
[0.539s] -- Configured uncrustify additional arguments: 
[0.540s] -- Added test 'xmllint' to check XML markup files
[0.542s] [31mCMake Error at /opt/ros/humble/share/ament_cmake_export_dependencies/cmake/ament_export_dependencies.cmake:29 (message):
[0.542s]   ament_export_dependencies() must be called before ament_package()
[0.542s] Call Stack (most recent call first):
[0.542s]   /opt/ros/humble/share/ament_cmake_auto/cmake/ament_auto_package.cmake:58 (ament_export_dependencies)
[0.542s]   CMakeLists.txt:41 (ament_auto_package)
[0.542s] 
[0.542s] [0m
[0.542s] -- Configuring incomplete, errors occurred!
[0.542s] See also "/home/suke/chicken_core/build/ekf_localization/CMakeFiles/CMakeOutput.log".
[0.547s] gmake: *** [Makefile:308: cmake_check_build_system] Error 1
[0.548s] Invoked command in '/home/suke/chicken_core/build/ekf_localization' returned '2': CMAKE_PREFIX_PATH=${CMAKE_PREFIX_PATH}:/home/suke/ouxt_automation/robotx_ws/install/opencv_tests:/home/suke/ouxt_automation/robotx_ws/install/detic_onnx_ros2:/opt/ros/humble /usr/bin/cmake --build /home/suke/chicken_core/build/ekf_localization -- -j12 -l12
