[0.020s] Invoking command in '/home/suke/chicken_core/build/pure_pursuit_planner': CMAKE_PREFIX_PATH=${CMAKE_PREFIX_PATH}:/home/suke/chicken_core/install/wheelbot_control:/home/suke/chicken_core/install/sensor_bringup:/home/suke/chicken_core/install/joy_translate:/home/suke/Documents/microros_ws/install/sensor_msgs_py:/home/suke/ouxt_automation/robotx_ws/install/opencv_tests:/home/suke/ouxt_automation/robotx_ws/install/detic_onnx_ros2:/opt/ros/humble /usr/bin/cmake --build /home/suke/chicken_core/build/pure_pursuit_planner -- -j12 -l12
[0.089s] [35m[1mConsolidate compiler generated dependencies of target pure_pursuit_planner[0m
[0.115s] [100%] Built target pure_pursuit_planner
[0.130s] Invoked command in '/home/suke/chicken_core/build/pure_pursuit_planner' returned '0': CMAKE_PREFIX_PATH=${CMAKE_PREFIX_PATH}:/home/suke/chicken_core/install/wheelbot_control:/home/suke/chicken_core/install/sensor_bringup:/home/suke/chicken_core/install/joy_translate:/home/suke/Documents/microros_ws/install/sensor_msgs_py:/home/suke/ouxt_automation/robotx_ws/install/opencv_tests:/home/suke/ouxt_automation/robotx_ws/install/detic_onnx_ros2:/opt/ros/humble /usr/bin/cmake --build /home/suke/chicken_core/build/pure_pursuit_planner -- -j12 -l12
[0.203s] Invoking command in '/home/suke/chicken_core/build/pure_pursuit_planner': CMAKE_PREFIX_PATH=${CMAKE_PREFIX_PATH}:/home/suke/chicken_core/install/wheelbot_control:/home/suke/chicken_core/install/sensor_bringup:/home/suke/chicken_core/install/joy_translate:/home/suke/Documents/microros_ws/install/sensor_msgs_py:/home/suke/ouxt_automation/robotx_ws/install/opencv_tests:/home/suke/ouxt_automation/robotx_ws/install/detic_onnx_ros2:/opt/ros/humble /usr/bin/cmake --install /home/suke/chicken_core/build/pure_pursuit_planner
[0.215s] -- Install configuration: "Debug"
[0.215s] -- Execute custom install script
[0.215s] -- Up-to-date symlink: /home/suke/chicken_core/install/pure_pursuit_planner/lib/pure_pursuit_planner/pure_pursuit_planner
[0.216s] -- Up-to-date symlink: /home/suke/chicken_core/install/pure_pursuit_planner/share/pure_pursuit_planner/launch/pure_pursuit_planner.py
[0.216s] -- Up-to-date symlink: /home/suke/chicken_core/install/pure_pursuit_planner/share/pure_pursuit_planner/rviz/pure_pursuit_planner.rviz
[0.216s] -- Up-to-date symlink: /home/suke/chicken_core/install/pure_pursuit_planner/share/ament_index/resource_index/package_run_dependencies/pure_pursuit_planner
[0.216s] -- Up-to-date symlink: /home/suke/chicken_core/install/pure_pursuit_planner/share/ament_index/resource_index/parent_prefix_path/pure_pursuit_planner
[0.216s] -- Up-to-date symlink: /home/suke/chicken_core/install/pure_pursuit_planner/share/pure_pursuit_planner/environment/ament_prefix_path.sh
[0.216s] -- Up-to-date symlink: /home/suke/chicken_core/install/pure_pursuit_planner/share/pure_pursuit_planner/environment/ament_prefix_path.dsv
[0.216s] -- Up-to-date symlink: /home/suke/chicken_core/install/pure_pursuit_planner/share/pure_pursuit_planner/environment/path.sh
[0.216s] -- Up-to-date symlink: /home/suke/chicken_core/install/pure_pursuit_planner/share/pure_pursuit_planner/environment/path.dsv
[0.217s] -- Up-to-date symlink: /home/suke/chicken_core/install/pure_pursuit_planner/share/pure_pursuit_planner/local_setup.bash
[0.217s] -- Up-to-date symlink: /home/suke/chicken_core/install/pure_pursuit_planner/share/pure_pursuit_planner/local_setup.sh
[0.217s] -- Up-to-date symlink: /home/suke/chicken_core/install/pure_pursuit_planner/share/pure_pursuit_planner/local_setup.zsh
[0.217s] -- Up-to-date symlink: /home/suke/chicken_core/install/pure_pursuit_planner/share/pure_pursuit_planner/local_setup.dsv
[0.217s] -- Symlinking: /home/suke/chicken_core/install/pure_pursuit_planner/share/pure_pursuit_planner/package.dsv
[0.230s] -- Up-to-date symlink: /home/suke/chicken_core/install/pure_pursuit_planner/share/ament_index/resource_index/packages/pure_pursuit_planner
[0.230s] -- Up-to-date symlink: /home/suke/chicken_core/install/pure_pursuit_planner/share/pure_pursuit_planner/cmake/pure_pursuit_plannerConfig.cmake
[0.231s] -- Up-to-date symlink: /home/suke/chicken_core/install/pure_pursuit_planner/share/pure_pursuit_planner/cmake/pure_pursuit_plannerConfig-version.cmake
[0.231s] -- Up-to-date symlink: /home/suke/chicken_core/install/pure_pursuit_planner/share/pure_pursuit_planner/package.xml
[0.232s] Invoked command in '/home/suke/chicken_core/build/pure_pursuit_planner' returned '0': CMAKE_PREFIX_PATH=${CMAKE_PREFIX_PATH}:/home/suke/chicken_core/install/wheelbot_control:/home/suke/chicken_core/install/sensor_bringup:/home/suke/chicken_core/install/joy_translate:/home/suke/Documents/microros_ws/install/sensor_msgs_py:/home/suke/ouxt_automation/robotx_ws/install/opencv_tests:/home/suke/ouxt_automation/robotx_ws/install/detic_onnx_ros2:/opt/ros/humble /usr/bin/cmake --install /home/suke/chicken_core/build/pure_pursuit_planner
