-- Install configuration: ""
-- Execute custom install script
-- Up-to-date symlink: /home/suke/chicken_core/install/chicken_core/share/chicken_core/launch/chicken_core.launch.py
-- Up-to-date symlink: /home/suke/chicken_core/install/chicken_core/share/ament_index/resource_index/package_run_dependencies/chicken_core
-- Up-to-date symlink: /home/suke/chicken_core/install/chicken_core/share/ament_index/resource_index/parent_prefix_path/chicken_core
-- Up-to-date symlink: /home/suke/chicken_core/install/chicken_core/share/chicken_core/environment/ament_prefix_path.sh
-- Up-to-date symlink: /home/suke/chicken_core/install/chicken_core/share/chicken_core/environment/ament_prefix_path.dsv
-- Up-to-date symlink: /home/suke/chicken_core/install/chicken_core/share/chicken_core/environment/path.sh
-- Up-to-date symlink: /home/suke/chicken_core/install/chicken_core/share/chicken_core/environment/path.dsv
-- Up-to-date symlink: /home/suke/chicken_core/install/chicken_core/share/chicken_core/local_setup.bash
-- Up-to-date symlink: /home/suke/chicken_core/install/chicken_core/share/chicken_core/local_setup.sh
-- Up-to-date symlink: /home/suke/chicken_core/install/chicken_core/share/chicken_core/local_setup.zsh
-- Up-to-date symlink: /home/suke/chicken_core/install/chicken_core/share/chicken_core/local_setup.dsv
-- Symlinking: /home/suke/chicken_core/install/chicken_core/share/chicken_core/package.dsv
-- Up-to-date symlink: /home/suke/chicken_core/install/chicken_core/share/ament_index/resource_index/packages/chicken_core
-- Up-to-date symlink: /home/suke/chicken_core/install/chicken_core/share/chicken_core/cmake/ament_cmake_export_dependencies-extras.cmake
-- Up-to-date symlink: /home/suke/chicken_core/install/chicken_core/share/chicken_core/cmake/ament_cmake_export_include_directories-extras.cmake
-- Up-to-date symlink: /home/suke/chicken_core/install/chicken_core/share/chicken_core/cmake/chicken_coreConfig.cmake
-- Up-to-date symlink: /home/suke/chicken_core/install/chicken_core/share/chicken_core/cmake/chicken_coreConfig-version.cmake
-- Up-to-date symlink: /home/suke/chicken_core/install/chicken_core/share/chicken_core/package.xml
