[0.086s] Invoking command in '/home/suke/chicken_core/build/chicken_core': CMAKE_PREFIX_PATH=${CMAKE_PREFIX_PATH}:/home/suke/chicken_core/install/wheelbot_control:/home/suke/chicken_core/install/sensor_bringup:/home/suke/chicken_core/install/joy_translate:/home/suke/ouxt_automation/robotx_ws/install/opencv_tests:/home/suke/ouxt_automation/robotx_ws/install/detic_onnx_ros2:/opt/ros/humble /usr/bin/cmake --build /home/suke/chicken_core/build/chicken_core -- -j12 -l12
[0.885s] Invoked command in '/home/suke/chicken_core/build/chicken_core' returned '0': CMAKE_PREFIX_PATH=${CMAKE_PREFIX_PATH}:/home/suke/chicken_core/install/wheelbot_control:/home/suke/chicken_core/install/sensor_bringup:/home/suke/chicken_core/install/joy_translate:/home/suke/ouxt_automation/robotx_ws/install/opencv_tests:/home/suke/ouxt_automation/robotx_ws/install/detic_onnx_ros2:/opt/ros/humble /usr/bin/cmake --build /home/suke/chicken_core/build/chicken_core -- -j12 -l12
[0.950s] Invoking command in '/home/suke/chicken_core/build/chicken_core': CMAKE_PREFIX_PATH=${CMAKE_PREFIX_PATH}:/home/suke/chicken_core/install/wheelbot_control:/home/suke/chicken_core/install/sensor_bringup:/home/suke/chicken_core/install/joy_translate:/home/suke/ouxt_automation/robotx_ws/install/opencv_tests:/home/suke/ouxt_automation/robotx_ws/install/detic_onnx_ros2:/opt/ros/humble /usr/bin/cmake --install /home/suke/chicken_core/build/chicken_core
[0.968s] -- Install configuration: ""
[0.968s] -- Execute custom install script
[0.968s] -- Up-to-date symlink: /home/suke/chicken_core/install/chicken_core/share/chicken_core/launch/chicken_core.launch.py
[0.968s] -- Up-to-date symlink: /home/suke/chicken_core/install/chicken_core/share/ament_index/resource_index/package_run_dependencies/chicken_core
[0.969s] -- Up-to-date symlink: /home/suke/chicken_core/install/chicken_core/share/ament_index/resource_index/parent_prefix_path/chicken_core
[0.969s] -- Up-to-date symlink: /home/suke/chicken_core/install/chicken_core/share/chicken_core/environment/ament_prefix_path.sh
[0.969s] -- Up-to-date symlink: /home/suke/chicken_core/install/chicken_core/share/chicken_core/environment/ament_prefix_path.dsv
[0.970s] -- Up-to-date symlink: /home/suke/chicken_core/install/chicken_core/share/chicken_core/environment/path.sh
[0.978s] -- Up-to-date symlink: /home/suke/chicken_core/install/chicken_core/share/chicken_core/environment/path.dsv
[0.979s] -- Up-to-date symlink: /home/suke/chicken_core/install/chicken_core/share/chicken_core/local_setup.bash
[0.979s] -- Up-to-date symlink: /home/suke/chicken_core/install/chicken_core/share/chicken_core/local_setup.sh
[0.979s] -- Up-to-date symlink: /home/suke/chicken_core/install/chicken_core/share/chicken_core/local_setup.zsh
[0.979s] -- Up-to-date symlink: /home/suke/chicken_core/install/chicken_core/share/chicken_core/local_setup.dsv
[0.980s] -- Symlinking: /home/suke/chicken_core/install/chicken_core/share/chicken_core/package.dsv
[0.995s] -- Up-to-date symlink: /home/suke/chicken_core/install/chicken_core/share/ament_index/resource_index/packages/chicken_core
[0.997s] -- Up-to-date symlink: /home/suke/chicken_core/install/chicken_core/share/chicken_core/cmake/ament_cmake_export_dependencies-extras.cmake
[0.997s] -- Up-to-date symlink: /home/suke/chicken_core/install/chicken_core/share/chicken_core/cmake/ament_cmake_export_include_directories-extras.cmake
[0.998s] -- Up-to-date symlink: /home/suke/chicken_core/install/chicken_core/share/chicken_core/cmake/chicken_coreConfig.cmake
[0.998s] -- Up-to-date symlink: /home/suke/chicken_core/install/chicken_core/share/chicken_core/cmake/chicken_coreConfig-version.cmake
[0.999s] -- Up-to-date symlink: /home/suke/chicken_core/install/chicken_core/share/chicken_core/package.xml
[1.022s] Invoked command in '/home/suke/chicken_core/build/chicken_core' returned '0': CMAKE_PREFIX_PATH=${CMAKE_PREFIX_PATH}:/home/suke/chicken_core/install/wheelbot_control:/home/suke/chicken_core/install/sensor_bringup:/home/suke/chicken_core/install/joy_translate:/home/suke/ouxt_automation/robotx_ws/install/opencv_tests:/home/suke/ouxt_automation/robotx_ws/install/detic_onnx_ros2:/opt/ros/humble /usr/bin/cmake --install /home/suke/chicken_core/build/chicken_core
