[0.083s] Invoking command in '/home/suke/chicken_core/build/hesai_ros_driver': CMAKE_PREFIX_PATH=${CMAKE_PREFIX_PATH}:/home/suke/chicken_core/install/wheelbot_control:/home/suke/chicken_core/install/sensor_bringup:/home/suke/chicken_core/install/joy_translate:/home/suke/ouxt_automation/robotx_ws/install/opencv_tests:/home/suke/ouxt_automation/robotx_ws/install/detic_onnx_ros2:/opt/ros/humble /usr/bin/cmake --build /home/suke/chicken_core/build/hesai_ros_driver -- -j12 -l12
[0.868s] -- Override CMake install command with custom implementation using symlinks instead of copying resources
[0.868s] -- Found rosidl_generator_c: 3.1.5 (/opt/ros/humble/share/rosidl_generator_c/cmake)
[0.868s] -- Found rosidl_adapter: 3.1.5 (/opt/ros/humble/share/rosidl_adapter/cmake)
[0.869s] -- Found rosidl_generator_cpp: 3.1.5 (/opt/ros/humble/share/rosidl_generator_cpp/cmake)
[0.870s] -- Using all available rosidl_typesupport_c: rosidl_typesupport_fastrtps_c;rosidl_typesupport_introspection_c
[0.870s] -- Using all available rosidl_typesupport_cpp: rosidl_typesupport_fastrtps_cpp;rosidl_typesupport_introspection_cpp
[0.871s] -- Found rmw_implementation_cmake: 6.1.2 (/opt/ros/humble/share/rmw_implementation_cmake/cmake)
[0.871s] -- Found rmw_cyclonedds_cpp: 1.3.4 (/opt/ros/humble/share/rmw_cyclonedds_cpp/cmake)
[0.871s] -- Using RMW implementation 'rmw_cyclonedds_cpp' as default
[0.872s] -- Found sensor_msgs: 4.2.4 (/opt/ros/humble/share/sensor_msgs/cmake)
[0.872s] -- Found rclcpp_action: 16.0.10 (/opt/ros/humble/share/rclcpp_action/cmake)
[0.872s] -- Found rosidl_default_generators: 1.2.0 (/opt/ros/humble/share/rosidl_default_generators/cmake)
[0.873s] -- Found ament_cmake_ros: 0.10.0 (/opt/ros/humble/share/ament_cmake_ros/cmake)
[0.873s] [0m=============================================================[0m
[0.873s] [0m-- ROS_VERSION is 2[0m
[0.874s] [0m=============================================================[0m
[0.874s] [0m=============================================================[0m
[0.875s] [0m-- ROS2 Found. ROS2 Support is turned On.[0m
[0.875s] [0m=============================================================[0m
[1.368s] -- Using all available rosidl_typesupport_c: rosidl_typesupport_fastrtps_c;rosidl_typesupport_introspection_c
[1.551s] -- Using all available rosidl_typesupport_cpp: rosidl_typesupport_fastrtps_cpp;rosidl_typesupport_introspection_cpp
[1.577s] -- Found python_cmake_module: 0.10.0 (/opt/ros/humble/share/python_cmake_module/cmake)
[1.604s] -- Using PYTHON_EXECUTABLE: /usr/bin/python3
[1.604s] -- Using PYTHON_INCLUDE_DIRS: /usr/include/python3.10
[1.604s] -- Using PYTHON_LIBRARIES: /usr/lib/x86_64-linux-gnu/libpython3.10.so
[1.683s] [0mCMake Deprecation Warning at src/driver/HesaiLidar_SDK_2.0/libhesai/CMakeLists.txt:5 (cmake_minimum_required):
[1.683s]   Compatibility with CMake < 2.8.12 will be removed from a future version of
[1.683s]   CMake.
[1.683s] 
[1.683s]   Update the VERSION argument <min> value or use a ...<max> suffix to tell
[1.684s]   CMake that the project does not need compatibility with older versions.
[1.684s] 
[1.684s] [0m
[1.728s] [0m=============================================================[0m
[1.728s] [0m-- CUDA Found. CUDA Support is turned On.[0m
[1.728s] [0m=============================================================[0m
[1.760s] [0mCMake Deprecation Warning at /opt/ros/humble/share/rosidl_cmake/cmake/rosidl_target_interfaces.cmake:32 (message):
[1.760s]   Use rosidl_get_typesupport_target() and target_link_libraries() instead of
[1.760s]   rosidl_target_interfaces()
[1.760s] Call Stack (most recent call first):
[1.761s]   CMakeLists.txt:262 (rosidl_target_interfaces)
[1.761s] 
[1.761s] [0m
[1.768s] -- Configuring done
[1.845s] -- Generating done
[1.850s] -- Build files have been written to: /home/suke/chicken_core/build/hesai_ros_driver
[1.894s] [35m[1mConsolidate compiler generated dependencies of target log_lib[0m
[1.894s] [35m[1mConsolidate compiler generated dependencies of target container_lib[0m
[1.895s] [35m[1mConsolidate compiler generated dependencies of target hesai_ros_driver__rosidl_generator_c[0m
[1.895s] [35m[1mConsolidate compiler generated dependencies of target ptcClient_lib[0m
[1.895s] [35m[1mConsolidate compiler generated dependencies of target ptcParser_lib[0m
[1.895s] [35m[1mConsolidate compiler generated dependencies of target platutils_lib[0m
[1.917s] [  5%] Built target log_lib
[1.917s] [  5%] Built target container_lib
[1.918s] [  6%] Built target hesai_ros_driver__cpp
[1.920s] [ 14%] Built target ptcClient_lib
[1.922s] [ 17%] Built target hesai_ros_driver__rosidl_generator_c
[1.922s] [ 23%] Built target platutils_lib
[1.922s] [ 26%] Built target ptcParser_lib
[1.928s] [ 26%] Built target ament_cmake_python_symlink_hesai_ros_driver
[1.940s] [35m[1mConsolidate compiler generated dependencies of target hesai_ros_driver__rosidl_typesupport_cpp[0m
[1.940s] [35m[1mConsolidate compiler generated dependencies of target hesai_ros_driver__rosidl_typesupport_fastrtps_cpp[0m
[1.941s] [35m[1mConsolidate compiler generated dependencies of target hesai_ros_driver__rosidl_typesupport_introspection_cpp[0m
[1.943s] [35m[1mConsolidate compiler generated dependencies of target hesai_ros_driver__rosidl_typesupport_introspection_c[0m
[1.944s] [35m[1mConsolidate compiler generated dependencies of target source_lib[0m
[1.944s] [35m[1mConsolidate compiler generated dependencies of target hesai_ros_driver__rosidl_typesupport_fastrtps_c[0m
[1.944s] [35m[1mConsolidate compiler generated dependencies of target hesai_ros_driver__rosidl_typesupport_c[0m
[1.968s] [ 40%] Built target hesai_ros_driver__rosidl_typesupport_introspection_c
[1.969s] [ 40%] Built target hesai_ros_driver__rosidl_typesupport_introspection_cpp
[1.971s] [ 52%] Built target source_lib
[1.971s] [ 53%] Built target hesai_ros_driver__rosidl_typesupport_fastrtps_cpp
[1.971s] [ 60%] Built target hesai_ros_driver__rosidl_typesupport_c
[1.972s] [ 67%] Built target hesai_ros_driver__rosidl_typesupport_cpp
[1.972s] [ 75%] Built target hesai_ros_driver__rosidl_typesupport_fastrtps_c
[1.985s] [35m[1mConsolidate compiler generated dependencies of target sample[0m
[1.999s] [ 75%] Built target hesai_ros_driver
[2.001s] [ 77%] Built target sample
[2.025s] [ 78%] [32m[1mLinking CXX executable sample_gpu[0m
[2.027s] [ 79%] Built target hesai_ros_driver__py
[2.047s] [35m[1mConsolidate compiler generated dependencies of target hesai_ros_driver__rosidl_generator_py[0m
[2.072s] [ 85%] Built target hesai_ros_driver__rosidl_generator_py
[2.084s] [ 86%] [32m[1mLinking CXX executable hesai_ros_driver_node[0m
[2.091s] [35m[1mConsolidate compiler generated dependencies of target hesai_ros_driver__rosidl_typesupport_c__pyext[0m
[2.093s] [35m[1mConsolidate compiler generated dependencies of target hesai_ros_driver__rosidl_typesupport_introspection_c__pyext[0m
[2.094s] [35m[1mConsolidate compiler generated dependencies of target hesai_ros_driver__rosidl_typesupport_fastrtps_c__pyext[0m
[2.113s] [ 88%] Built target hesai_ros_driver__rosidl_typesupport_c__pyext
[2.116s] [ 90%] Built target hesai_ros_driver__rosidl_typesupport_fastrtps_c__pyext
[2.117s] [ 92%] Built target hesai_ros_driver__rosidl_typesupport_introspection_c__pyext
[2.206s] [ 95%] Built target sample_gpu
[2.362s] [100%] Built target hesai_ros_driver_node
[2.371s] running egg_info
[2.396s] writing hesai_ros_driver.egg-info/PKG-INFO
[2.396s] writing dependency_links to hesai_ros_driver.egg-info/dependency_links.txt
[2.396s] writing top-level names to hesai_ros_driver.egg-info/top_level.txt
[2.470s] reading manifest file 'hesai_ros_driver.egg-info/SOURCES.txt'
[2.471s] writing manifest file 'hesai_ros_driver.egg-info/SOURCES.txt'
[2.499s] [100%] Built target ament_cmake_python_build_hesai_ros_driver_egg
[2.513s] Invoked command in '/home/suke/chicken_core/build/hesai_ros_driver' returned '0': CMAKE_PREFIX_PATH=${CMAKE_PREFIX_PATH}:/home/suke/chicken_core/install/wheelbot_control:/home/suke/chicken_core/install/sensor_bringup:/home/suke/chicken_core/install/joy_translate:/home/suke/ouxt_automation/robotx_ws/install/opencv_tests:/home/suke/ouxt_automation/robotx_ws/install/detic_onnx_ros2:/opt/ros/humble /usr/bin/cmake --build /home/suke/chicken_core/build/hesai_ros_driver -- -j12 -l12
[2.769s] Invoking command in '/home/suke/chicken_core/build/hesai_ros_driver': CMAKE_PREFIX_PATH=${CMAKE_PREFIX_PATH}:/home/suke/chicken_core/install/wheelbot_control:/home/suke/chicken_core/install/sensor_bringup:/home/suke/chicken_core/install/joy_translate:/home/suke/ouxt_automation/robotx_ws/install/opencv_tests:/home/suke/ouxt_automation/robotx_ws/install/detic_onnx_ros2:/opt/ros/humble /usr/bin/cmake --install /home/suke/chicken_core/build/hesai_ros_driver
[2.780s] -- Install configuration: "Release"
[2.780s] -- Execute custom install script
[2.780s] -- Up-to-date symlink: /home/suke/chicken_core/install/hesai_ros_driver/share/ament_index/resource_index/rosidl_interfaces/hesai_ros_driver
[2.781s] -- Up-to-date symlink: /home/suke/chicken_core/install/hesai_ros_driver/include/hesai_ros_driver/hesai_ros_driver/msg/detail/firetime__functions.h
[2.781s] -- Up-to-date symlink: /home/suke/chicken_core/install/hesai_ros_driver/include/hesai_ros_driver/hesai_ros_driver/msg/detail/firetime__struct.h
[2.781s] -- Up-to-date symlink: /home/suke/chicken_core/install/hesai_ros_driver/include/hesai_ros_driver/hesai_ros_driver/msg/detail/firetime__type_support.h
[2.781s] -- Up-to-date symlink: /home/suke/chicken_core/install/hesai_ros_driver/include/hesai_ros_driver/hesai_ros_driver/msg/detail/loss_packet__functions.h
[2.781s] -- Up-to-date symlink: /home/suke/chicken_core/install/hesai_ros_driver/include/hesai_ros_driver/hesai_ros_driver/msg/detail/loss_packet__struct.h
[2.781s] -- Up-to-date symlink: /home/suke/chicken_core/install/hesai_ros_driver/include/hesai_ros_driver/hesai_ros_driver/msg/detail/loss_packet__type_support.h
[2.781s] -- Up-to-date symlink: /home/suke/chicken_core/install/hesai_ros_driver/include/hesai_ros_driver/hesai_ros_driver/msg/detail/ptp__functions.h
[2.781s] -- Up-to-date symlink: /home/suke/chicken_core/install/hesai_ros_driver/include/hesai_ros_driver/hesai_ros_driver/msg/detail/ptp__struct.h
[2.782s] -- Up-to-date symlink: /home/suke/chicken_core/install/hesai_ros_driver/include/hesai_ros_driver/hesai_ros_driver/msg/detail/ptp__type_support.h
[2.782s] -- Up-to-date symlink: /home/suke/chicken_core/install/hesai_ros_driver/include/hesai_ros_driver/hesai_ros_driver/msg/detail/udp_frame__functions.h
[2.782s] -- Up-to-date symlink: /home/suke/chicken_core/install/hesai_ros_driver/include/hesai_ros_driver/hesai_ros_driver/msg/detail/udp_frame__struct.h
[2.782s] -- Up-to-date symlink: /home/suke/chicken_core/install/hesai_ros_driver/include/hesai_ros_driver/hesai_ros_driver/msg/detail/udp_frame__type_support.h
[2.782s] -- Up-to-date symlink: /home/suke/chicken_core/install/hesai_ros_driver/include/hesai_ros_driver/hesai_ros_driver/msg/detail/udp_packet__functions.h
[2.782s] -- Up-to-date symlink: /home/suke/chicken_core/install/hesai_ros_driver/include/hesai_ros_driver/hesai_ros_driver/msg/detail/udp_packet__struct.h
[2.782s] -- Up-to-date symlink: /home/suke/chicken_core/install/hesai_ros_driver/include/hesai_ros_driver/hesai_ros_driver/msg/detail/udp_packet__type_support.h
[2.782s] -- Up-to-date symlink: /home/suke/chicken_core/install/hesai_ros_driver/include/hesai_ros_driver/hesai_ros_driver/msg/firetime.h
[2.782s] -- Up-to-date symlink: /home/suke/chicken_core/install/hesai_ros_driver/include/hesai_ros_driver/hesai_ros_driver/msg/loss_packet.h
[2.782s] -- Up-to-date symlink: /home/suke/chicken_core/install/hesai_ros_driver/include/hesai_ros_driver/hesai_ros_driver/msg/ptp.h
[2.783s] -- Up-to-date symlink: /home/suke/chicken_core/install/hesai_ros_driver/include/hesai_ros_driver/hesai_ros_driver/msg/rosidl_generator_c__visibility_control.h
[2.783s] -- Up-to-date symlink: /home/suke/chicken_core/install/hesai_ros_driver/include/hesai_ros_driver/hesai_ros_driver/msg/udp_frame.h
[2.783s] -- Up-to-date symlink: /home/suke/chicken_core/install/hesai_ros_driver/include/hesai_ros_driver/hesai_ros_driver/msg/udp_packet.h
[2.783s] -- Up-to-date symlink: /home/suke/chicken_core/install/hesai_ros_driver/share/hesai_ros_driver/environment/library_path.sh
[2.783s] -- Up-to-date symlink: /home/suke/chicken_core/install/hesai_ros_driver/share/hesai_ros_driver/environment/library_path.dsv
[2.783s] -- Up-to-date symlink: /home/suke/chicken_core/install/hesai_ros_driver/include/hesai_ros_driver/hesai_ros_driver/msg/detail/firetime__rosidl_typesupport_fastrtps_c.h
[2.784s] -- Up-to-date symlink: /home/suke/chicken_core/install/hesai_ros_driver/include/hesai_ros_driver/hesai_ros_driver/msg/detail/loss_packet__rosidl_typesupport_fastrtps_c.h
[2.784s] -- Up-to-date symlink: /home/suke/chicken_core/install/hesai_ros_driver/include/hesai_ros_driver/hesai_ros_driver/msg/detail/ptp__rosidl_typesupport_fastrtps_c.h
[2.784s] -- Up-to-date symlink: /home/suke/chicken_core/install/hesai_ros_driver/include/hesai_ros_driver/hesai_ros_driver/msg/detail/udp_frame__rosidl_typesupport_fastrtps_c.h
[2.784s] -- Up-to-date symlink: /home/suke/chicken_core/install/hesai_ros_driver/include/hesai_ros_driver/hesai_ros_driver/msg/detail/udp_packet__rosidl_typesupport_fastrtps_c.h
[2.784s] -- Up-to-date symlink: /home/suke/chicken_core/install/hesai_ros_driver/include/hesai_ros_driver/hesai_ros_driver/msg/rosidl_typesupport_fastrtps_c__visibility_control.h
[2.785s] -- Up-to-date symlink: /home/suke/chicken_core/install/hesai_ros_driver/include/hesai_ros_driver/hesai_ros_driver/msg/detail/firetime__builder.hpp
[2.785s] -- Up-to-date symlink: /home/suke/chicken_core/install/hesai_ros_driver/include/hesai_ros_driver/hesai_ros_driver/msg/detail/firetime__struct.hpp
[2.785s] -- Up-to-date symlink: /home/suke/chicken_core/install/hesai_ros_driver/include/hesai_ros_driver/hesai_ros_driver/msg/detail/firetime__traits.hpp
[2.785s] -- Up-to-date symlink: /home/suke/chicken_core/install/hesai_ros_driver/include/hesai_ros_driver/hesai_ros_driver/msg/detail/loss_packet__builder.hpp
[2.785s] -- Up-to-date symlink: /home/suke/chicken_core/install/hesai_ros_driver/include/hesai_ros_driver/hesai_ros_driver/msg/detail/loss_packet__struct.hpp
[2.785s] -- Up-to-date symlink: /home/suke/chicken_core/install/hesai_ros_driver/include/hesai_ros_driver/hesai_ros_driver/msg/detail/loss_packet__traits.hpp
[2.785s] -- Up-to-date symlink: /home/suke/chicken_core/install/hesai_ros_driver/include/hesai_ros_driver/hesai_ros_driver/msg/detail/ptp__builder.hpp
[2.786s] -- Up-to-date symlink: /home/suke/chicken_core/install/hesai_ros_driver/include/hesai_ros_driver/hesai_ros_driver/msg/detail/ptp__struct.hpp
[2.786s] -- Up-to-date symlink: /home/suke/chicken_core/install/hesai_ros_driver/include/hesai_ros_driver/hesai_ros_driver/msg/detail/ptp__traits.hpp
[2.786s] -- Up-to-date symlink: /home/suke/chicken_core/install/hesai_ros_driver/include/hesai_ros_driver/hesai_ros_driver/msg/detail/udp_frame__builder.hpp
[2.786s] -- Up-to-date symlink: /home/suke/chicken_core/install/hesai_ros_driver/include/hesai_ros_driver/hesai_ros_driver/msg/detail/udp_frame__struct.hpp
[2.786s] -- Up-to-date symlink: /home/suke/chicken_core/install/hesai_ros_driver/include/hesai_ros_driver/hesai_ros_driver/msg/detail/udp_frame__traits.hpp
[2.786s] -- Up-to-date symlink: /home/suke/chicken_core/install/hesai_ros_driver/include/hesai_ros_driver/hesai_ros_driver/msg/detail/udp_packet__builder.hpp
[2.786s] -- Up-to-date symlink: /home/suke/chicken_core/install/hesai_ros_driver/include/hesai_ros_driver/hesai_ros_driver/msg/detail/udp_packet__struct.hpp
[2.786s] -- Up-to-date symlink: /home/suke/chicken_core/install/hesai_ros_driver/include/hesai_ros_driver/hesai_ros_driver/msg/detail/udp_packet__traits.hpp
[2.786s] -- Up-to-date symlink: /home/suke/chicken_core/install/hesai_ros_driver/include/hesai_ros_driver/hesai_ros_driver/msg/firetime.hpp
[2.786s] -- Up-to-date symlink: /home/suke/chicken_core/install/hesai_ros_driver/include/hesai_ros_driver/hesai_ros_driver/msg/loss_packet.hpp
[2.786s] -- Up-to-date symlink: /home/suke/chicken_core/install/hesai_ros_driver/include/hesai_ros_driver/hesai_ros_driver/msg/ptp.hpp
[2.786s] -- Up-to-date symlink: /home/suke/chicken_core/install/hesai_ros_driver/include/hesai_ros_driver/hesai_ros_driver/msg/udp_frame.hpp
[2.787s] -- Up-to-date symlink: /home/suke/chicken_core/install/hesai_ros_driver/include/hesai_ros_driver/hesai_ros_driver/msg/udp_packet.hpp
[2.787s] -- Up-to-date symlink: /home/suke/chicken_core/install/hesai_ros_driver/include/hesai_ros_driver/hesai_ros_driver/msg/detail/firetime__rosidl_typesupport_fastrtps_cpp.hpp
[2.787s] -- Up-to-date symlink: /home/suke/chicken_core/install/hesai_ros_driver/include/hesai_ros_driver/hesai_ros_driver/msg/detail/loss_packet__rosidl_typesupport_fastrtps_cpp.hpp
[2.787s] -- Up-to-date symlink: /home/suke/chicken_core/install/hesai_ros_driver/include/hesai_ros_driver/hesai_ros_driver/msg/detail/ptp__rosidl_typesupport_fastrtps_cpp.hpp
[2.787s] -- Up-to-date symlink: /home/suke/chicken_core/install/hesai_ros_driver/include/hesai_ros_driver/hesai_ros_driver/msg/detail/udp_frame__rosidl_typesupport_fastrtps_cpp.hpp
[2.787s] -- Up-to-date symlink: /home/suke/chicken_core/install/hesai_ros_driver/include/hesai_ros_driver/hesai_ros_driver/msg/detail/udp_packet__rosidl_typesupport_fastrtps_cpp.hpp
[2.787s] -- Up-to-date symlink: /home/suke/chicken_core/install/hesai_ros_driver/include/hesai_ros_driver/hesai_ros_driver/msg/rosidl_typesupport_fastrtps_cpp__visibility_control.h
[2.788s] -- Up-to-date symlink: /home/suke/chicken_core/install/hesai_ros_driver/include/hesai_ros_driver/hesai_ros_driver/msg/detail/firetime__rosidl_typesupport_introspection_c.h
[2.788s] -- Up-to-date symlink: /home/suke/chicken_core/install/hesai_ros_driver/include/hesai_ros_driver/hesai_ros_driver/msg/detail/loss_packet__rosidl_typesupport_introspection_c.h
[2.788s] -- Up-to-date symlink: /home/suke/chicken_core/install/hesai_ros_driver/include/hesai_ros_driver/hesai_ros_driver/msg/detail/ptp__rosidl_typesupport_introspection_c.h
[2.788s] -- Up-to-date symlink: /home/suke/chicken_core/install/hesai_ros_driver/include/hesai_ros_driver/hesai_ros_driver/msg/detail/udp_frame__rosidl_typesupport_introspection_c.h
[2.788s] -- Up-to-date symlink: /home/suke/chicken_core/install/hesai_ros_driver/include/hesai_ros_driver/hesai_ros_driver/msg/detail/udp_packet__rosidl_typesupport_introspection_c.h
[2.788s] -- Up-to-date symlink: /home/suke/chicken_core/install/hesai_ros_driver/include/hesai_ros_driver/hesai_ros_driver/msg/rosidl_typesupport_introspection_c__visibility_control.h
[2.790s] -- Up-to-date symlink: /home/suke/chicken_core/install/hesai_ros_driver/include/hesai_ros_driver/hesai_ros_driver/msg/detail/firetime__rosidl_typesupport_introspection_cpp.hpp
[2.790s] -- Up-to-date symlink: /home/suke/chicken_core/install/hesai_ros_driver/include/hesai_ros_driver/hesai_ros_driver/msg/detail/loss_packet__rosidl_typesupport_introspection_cpp.hpp
[2.790s] -- Up-to-date symlink: /home/suke/chicken_core/install/hesai_ros_driver/include/hesai_ros_driver/hesai_ros_driver/msg/detail/ptp__rosidl_typesupport_introspection_cpp.hpp
[2.790s] -- Up-to-date symlink: /home/suke/chicken_core/install/hesai_ros_driver/include/hesai_ros_driver/hesai_ros_driver/msg/detail/udp_frame__rosidl_typesupport_introspection_cpp.hpp
[2.790s] -- Up-to-date symlink: /home/suke/chicken_core/install/hesai_ros_driver/include/hesai_ros_driver/hesai_ros_driver/msg/detail/udp_packet__rosidl_typesupport_introspection_cpp.hpp
[2.791s] -- Up-to-date symlink: /home/suke/chicken_core/install/hesai_ros_driver/share/hesai_ros_driver/environment/pythonpath.sh
[2.791s] -- Up-to-date symlink: /home/suke/chicken_core/install/hesai_ros_driver/share/hesai_ros_driver/environment/pythonpath.dsv
[2.791s] -- Up-to-date symlink: /home/suke/chicken_core/install/hesai_ros_driver/local/lib/python3.10/dist-packages/hesai_ros_driver-1.5.0-py3.10.egg-info/PKG-INFO
[2.791s] -- Up-to-date symlink: /home/suke/chicken_core/install/hesai_ros_driver/local/lib/python3.10/dist-packages/hesai_ros_driver-1.5.0-py3.10.egg-info/SOURCES.txt
[2.791s] -- Up-to-date symlink: /home/suke/chicken_core/install/hesai_ros_driver/local/lib/python3.10/dist-packages/hesai_ros_driver-1.5.0-py3.10.egg-info/dependency_links.txt
[2.792s] -- Up-to-date symlink: /home/suke/chicken_core/install/hesai_ros_driver/local/lib/python3.10/dist-packages/hesai_ros_driver-1.5.0-py3.10.egg-info/top_level.txt
[2.792s] -- Up-to-date symlink: /home/suke/chicken_core/install/hesai_ros_driver/local/lib/python3.10/dist-packages/hesai_ros_driver/__init__.py
[2.792s] -- Up-to-date symlink: /home/suke/chicken_core/install/hesai_ros_driver/local/lib/python3.10/dist-packages/hesai_ros_driver/_hesai_ros_driver_s.ep.rosidl_typesupport_c.c
[2.792s] -- Up-to-date symlink: /home/suke/chicken_core/install/hesai_ros_driver/local/lib/python3.10/dist-packages/hesai_ros_driver/_hesai_ros_driver_s.ep.rosidl_typesupport_fastrtps_c.c
[2.792s] -- Up-to-date symlink: /home/suke/chicken_core/install/hesai_ros_driver/local/lib/python3.10/dist-packages/hesai_ros_driver/_hesai_ros_driver_s.ep.rosidl_typesupport_introspection_c.c
[2.792s] -- Up-to-date symlink: /home/suke/chicken_core/install/hesai_ros_driver/local/lib/python3.10/dist-packages/hesai_ros_driver/hesai_ros_driver_s__rosidl_typesupport_c.cpython-310-x86_64-linux-gnu.so
[2.792s] -- Up-to-date symlink: /home/suke/chicken_core/install/hesai_ros_driver/local/lib/python3.10/dist-packages/hesai_ros_driver/hesai_ros_driver_s__rosidl_typesupport_fastrtps_c.cpython-310-x86_64-linux-gnu.so
[2.792s] -- Up-to-date symlink: /home/suke/chicken_core/install/hesai_ros_driver/local/lib/python3.10/dist-packages/hesai_ros_driver/hesai_ros_driver_s__rosidl_typesupport_introspection_c.cpython-310-x86_64-linux-gnu.so
[2.792s] -- Up-to-date symlink: /home/suke/chicken_core/install/hesai_ros_driver/local/lib/python3.10/dist-packages/hesai_ros_driver/libhesai_ros_driver__rosidl_generator_py.so
[2.792s] -- Up-to-date symlink: /home/suke/chicken_core/install/hesai_ros_driver/local/lib/python3.10/dist-packages/hesai_ros_driver/msg/__init__.py
[2.793s] -- Up-to-date symlink: /home/suke/chicken_core/install/hesai_ros_driver/local/lib/python3.10/dist-packages/hesai_ros_driver/msg/_firetime.py
[2.793s] -- Up-to-date symlink: /home/suke/chicken_core/install/hesai_ros_driver/local/lib/python3.10/dist-packages/hesai_ros_driver/msg/_firetime_s.c
[2.793s] -- Up-to-date symlink: /home/suke/chicken_core/install/hesai_ros_driver/local/lib/python3.10/dist-packages/hesai_ros_driver/msg/_loss_packet.py
[2.793s] -- Up-to-date symlink: /home/suke/chicken_core/install/hesai_ros_driver/local/lib/python3.10/dist-packages/hesai_ros_driver/msg/_loss_packet_s.c
[2.793s] -- Up-to-date symlink: /home/suke/chicken_core/install/hesai_ros_driver/local/lib/python3.10/dist-packages/hesai_ros_driver/msg/_ptp.py
[2.794s] -- Up-to-date symlink: /home/suke/chicken_core/install/hesai_ros_driver/local/lib/python3.10/dist-packages/hesai_ros_driver/msg/_ptp_s.c
[2.794s] -- Up-to-date symlink: /home/suke/chicken_core/install/hesai_ros_driver/local/lib/python3.10/dist-packages/hesai_ros_driver/msg/_udp_frame.py
[2.794s] -- Up-to-date symlink: /home/suke/chicken_core/install/hesai_ros_driver/local/lib/python3.10/dist-packages/hesai_ros_driver/msg/_udp_frame_s.c
[2.794s] -- Up-to-date symlink: /home/suke/chicken_core/install/hesai_ros_driver/local/lib/python3.10/dist-packages/hesai_ros_driver/msg/_udp_packet.py
[2.794s] -- Up-to-date symlink: /home/suke/chicken_core/install/hesai_ros_driver/local/lib/python3.10/dist-packages/hesai_ros_driver/msg/_udp_packet_s.c
[2.794s] -- Up-to-date symlink: /home/suke/chicken_core/install/hesai_ros_driver/local/lib/python3.10/dist-packages/hesai_ros_driver/hesai_ros_driver_s__rosidl_typesupport_fastrtps_c.cpython-310-x86_64-linux-gnu.so
[2.794s] -- Up-to-date symlink: /home/suke/chicken_core/install/hesai_ros_driver/local/lib/python3.10/dist-packages/hesai_ros_driver/hesai_ros_driver_s__rosidl_typesupport_introspection_c.cpython-310-x86_64-linux-gnu.so
[2.794s] -- Up-to-date symlink: /home/suke/chicken_core/install/hesai_ros_driver/local/lib/python3.10/dist-packages/hesai_ros_driver/hesai_ros_driver_s__rosidl_typesupport_c.cpython-310-x86_64-linux-gnu.so
[2.794s] -- Up-to-date symlink: /home/suke/chicken_core/install/hesai_ros_driver/share/hesai_ros_driver/msg/UdpPacket.idl
[2.794s] -- Up-to-date symlink: /home/suke/chicken_core/install/hesai_ros_driver/share/hesai_ros_driver/msg/UdpFrame.idl
[2.794s] -- Up-to-date symlink: /home/suke/chicken_core/install/hesai_ros_driver/share/hesai_ros_driver/msg/Firetime.idl
[2.795s] -- Up-to-date symlink: /home/suke/chicken_core/install/hesai_ros_driver/share/hesai_ros_driver/msg/Ptp.idl
[2.795s] -- Up-to-date symlink: /home/suke/chicken_core/install/hesai_ros_driver/share/hesai_ros_driver/msg/LossPacket.idl
[2.795s] -- Up-to-date symlink: /home/suke/chicken_core/install/hesai_ros_driver/share/hesai_ros_driver/msg_ros2/UdpPacket.msg
[2.795s] -- Up-to-date symlink: /home/suke/chicken_core/install/hesai_ros_driver/share/hesai_ros_driver/msg_ros2/UdpFrame.msg
[2.795s] -- Up-to-date symlink: /home/suke/chicken_core/install/hesai_ros_driver/share/hesai_ros_driver/msg_ros2/Firetime.msg
[2.795s] -- Up-to-date symlink: /home/suke/chicken_core/install/hesai_ros_driver/share/hesai_ros_driver/msg_ros2/Ptp.msg
[2.795s] -- Up-to-date symlink: /home/suke/chicken_core/install/hesai_ros_driver/share/hesai_ros_driver/msg_ros2/LossPacket.msg
[2.795s] -- Up-to-date symlink: /home/suke/chicken_core/install/hesai_ros_driver/lib/hesai_ros_driver/hesai_ros_driver_node
[2.796s] -- Up-to-date symlink: /home/suke/chicken_core/install/hesai_ros_driver/share/hesai_ros_driver/launch/dashing_start.py
[2.796s] -- Up-to-date symlink: /home/suke/chicken_core/install/hesai_ros_driver/share/hesai_ros_driver/launch/start.launch
[2.796s] -- Up-to-date symlink: /home/suke/chicken_core/install/hesai_ros_driver/share/hesai_ros_driver/launch/start.py
[2.796s] -- Up-to-date symlink: /home/suke/chicken_core/install/hesai_ros_driver/share/hesai_ros_driver/rviz/rviz.rviz
[2.796s] -- Up-to-date symlink: /home/suke/chicken_core/install/hesai_ros_driver/share/hesai_ros_driver/rviz/rviz2.rviz
[2.796s] -- Up-to-date symlink: /home/suke/chicken_core/install/hesai_ros_driver/share/ament_index/resource_index/package_run_dependencies/hesai_ros_driver
[2.796s] -- Up-to-date symlink: /home/suke/chicken_core/install/hesai_ros_driver/share/ament_index/resource_index/parent_prefix_path/hesai_ros_driver
[2.796s] -- Up-to-date symlink: /home/suke/chicken_core/install/hesai_ros_driver/share/hesai_ros_driver/environment/ament_prefix_path.sh
[2.796s] -- Up-to-date symlink: /home/suke/chicken_core/install/hesai_ros_driver/share/hesai_ros_driver/environment/ament_prefix_path.dsv
[2.796s] -- Up-to-date symlink: /home/suke/chicken_core/install/hesai_ros_driver/share/hesai_ros_driver/environment/path.sh
[2.797s] -- Up-to-date symlink: /home/suke/chicken_core/install/hesai_ros_driver/share/hesai_ros_driver/environment/path.dsv
[2.797s] -- Up-to-date symlink: /home/suke/chicken_core/install/hesai_ros_driver/share/hesai_ros_driver/local_setup.bash
[2.797s] -- Up-to-date symlink: /home/suke/chicken_core/install/hesai_ros_driver/share/hesai_ros_driver/local_setup.sh
[2.797s] -- Up-to-date symlink: /home/suke/chicken_core/install/hesai_ros_driver/share/hesai_ros_driver/local_setup.zsh
[2.797s] -- Up-to-date symlink: /home/suke/chicken_core/install/hesai_ros_driver/share/hesai_ros_driver/local_setup.dsv
[2.797s] -- Symlinking: /home/suke/chicken_core/install/hesai_ros_driver/share/hesai_ros_driver/package.dsv
[2.809s] -- Up-to-date symlink: /home/suke/chicken_core/install/hesai_ros_driver/share/ament_index/resource_index/packages/hesai_ros_driver
[2.809s] -- Up-to-date symlink: /home/suke/chicken_core/install/hesai_ros_driver/share/hesai_ros_driver/cmake/rosidl_cmake-extras.cmake
[2.809s] -- Up-to-date symlink: /home/suke/chicken_core/install/hesai_ros_driver/share/hesai_ros_driver/cmake/ament_cmake_export_dependencies-extras.cmake
[2.809s] -- Up-to-date symlink: /home/suke/chicken_core/install/hesai_ros_driver/share/hesai_ros_driver/cmake/ament_cmake_export_include_directories-extras.cmake
[2.810s] -- Up-to-date symlink: /home/suke/chicken_core/install/hesai_ros_driver/share/hesai_ros_driver/cmake/ament_cmake_export_libraries-extras.cmake
[2.810s] -- Up-to-date symlink: /home/suke/chicken_core/install/hesai_ros_driver/share/hesai_ros_driver/cmake/ament_cmake_export_targets-extras.cmake
[2.810s] -- Up-to-date symlink: /home/suke/chicken_core/install/hesai_ros_driver/share/hesai_ros_driver/cmake/rosidl_cmake_export_typesupport_targets-extras.cmake
[2.810s] -- Up-to-date symlink: /home/suke/chicken_core/install/hesai_ros_driver/share/hesai_ros_driver/cmake/rosidl_cmake_export_typesupport_libraries-extras.cmake
[2.810s] -- Up-to-date symlink: /home/suke/chicken_core/install/hesai_ros_driver/share/hesai_ros_driver/cmake/hesai_ros_driverConfig.cmake
[2.810s] -- Up-to-date symlink: /home/suke/chicken_core/install/hesai_ros_driver/share/hesai_ros_driver/cmake/hesai_ros_driverConfig-version.cmake
[2.810s] -- Up-to-date symlink: /home/suke/chicken_core/install/hesai_ros_driver/share/hesai_ros_driver/package.xml
[2.811s] -- Up-to-date: /home/suke/chicken_core/install/hesai_ros_driver/lib/libhesai_ros_driver__rosidl_generator_c.so
[2.811s] -- Up-to-date: /home/suke/chicken_core/install/hesai_ros_driver/lib/libhesai_ros_driver__rosidl_typesupport_fastrtps_c.so
[2.811s] -- Up-to-date: /home/suke/chicken_core/install/hesai_ros_driver/lib/libhesai_ros_driver__rosidl_typesupport_fastrtps_cpp.so
[2.811s] -- Up-to-date: /home/suke/chicken_core/install/hesai_ros_driver/lib/libhesai_ros_driver__rosidl_typesupport_introspection_c.so
[2.811s] -- Up-to-date: /home/suke/chicken_core/install/hesai_ros_driver/lib/libhesai_ros_driver__rosidl_typesupport_c.so
[2.812s] -- Up-to-date: /home/suke/chicken_core/install/hesai_ros_driver/lib/libhesai_ros_driver__rosidl_typesupport_introspection_cpp.so
[2.812s] -- Up-to-date: /home/suke/chicken_core/install/hesai_ros_driver/lib/libhesai_ros_driver__rosidl_typesupport_cpp.so
[2.852s] Listing '/home/suke/chicken_core/install/hesai_ros_driver/local/lib/python3.10/dist-packages/hesai_ros_driver'...
[2.853s] Compiling '/home/suke/chicken_core/install/hesai_ros_driver/local/lib/python3.10/dist-packages/hesai_ros_driver/__init__.py'...
[2.853s] Listing '/home/suke/chicken_core/install/hesai_ros_driver/local/lib/python3.10/dist-packages/hesai_ros_driver/msg'...
[2.856s] -- Up-to-date: /home/suke/chicken_core/install/hesai_ros_driver/lib/libhesai_ros_driver__rosidl_generator_py.so
[2.856s] -- Up-to-date: /home/suke/chicken_core/install/hesai_ros_driver/share/hesai_ros_driver/cmake/export_hesai_ros_driver__rosidl_generator_cExport.cmake
[2.857s] -- Up-to-date: /home/suke/chicken_core/install/hesai_ros_driver/share/hesai_ros_driver/cmake/export_hesai_ros_driver__rosidl_generator_cExport-release.cmake
[2.857s] -- Up-to-date: /home/suke/chicken_core/install/hesai_ros_driver/share/hesai_ros_driver/cmake/export_hesai_ros_driver__rosidl_typesupport_fastrtps_cExport.cmake
[2.857s] -- Up-to-date: /home/suke/chicken_core/install/hesai_ros_driver/share/hesai_ros_driver/cmake/export_hesai_ros_driver__rosidl_typesupport_fastrtps_cExport-release.cmake
[2.857s] -- Up-to-date: /home/suke/chicken_core/install/hesai_ros_driver/share/hesai_ros_driver/cmake/export_hesai_ros_driver__rosidl_generator_cppExport.cmake
[2.857s] -- Up-to-date: /home/suke/chicken_core/install/hesai_ros_driver/share/hesai_ros_driver/cmake/export_hesai_ros_driver__rosidl_typesupport_fastrtps_cppExport.cmake
[2.857s] -- Up-to-date: /home/suke/chicken_core/install/hesai_ros_driver/share/hesai_ros_driver/cmake/export_hesai_ros_driver__rosidl_typesupport_fastrtps_cppExport-release.cmake
[2.857s] -- Up-to-date: /home/suke/chicken_core/install/hesai_ros_driver/share/hesai_ros_driver/cmake/hesai_ros_driver__rosidl_typesupport_introspection_cExport.cmake
[2.857s] -- Up-to-date: /home/suke/chicken_core/install/hesai_ros_driver/share/hesai_ros_driver/cmake/hesai_ros_driver__rosidl_typesupport_introspection_cExport-release.cmake
[2.857s] -- Up-to-date: /home/suke/chicken_core/install/hesai_ros_driver/share/hesai_ros_driver/cmake/hesai_ros_driver__rosidl_typesupport_cExport.cmake
[2.857s] -- Up-to-date: /home/suke/chicken_core/install/hesai_ros_driver/share/hesai_ros_driver/cmake/hesai_ros_driver__rosidl_typesupport_cExport-release.cmake
[2.857s] -- Up-to-date: /home/suke/chicken_core/install/hesai_ros_driver/share/hesai_ros_driver/cmake/hesai_ros_driver__rosidl_typesupport_introspection_cppExport.cmake
[2.858s] -- Up-to-date: /home/suke/chicken_core/install/hesai_ros_driver/share/hesai_ros_driver/cmake/hesai_ros_driver__rosidl_typesupport_introspection_cppExport-release.cmake
[2.858s] -- Up-to-date: /home/suke/chicken_core/install/hesai_ros_driver/share/hesai_ros_driver/cmake/hesai_ros_driver__rosidl_typesupport_cppExport.cmake
[2.858s] -- Up-to-date: /home/suke/chicken_core/install/hesai_ros_driver/share/hesai_ros_driver/cmake/hesai_ros_driver__rosidl_typesupport_cppExport-release.cmake
[2.858s] -- Up-to-date: /home/suke/chicken_core/install/hesai_ros_driver/share/hesai_ros_driver/cmake/export_hesai_ros_driver__rosidl_generator_pyExport.cmake
[2.858s] -- Up-to-date: /home/suke/chicken_core/install/hesai_ros_driver/share/hesai_ros_driver/cmake/export_hesai_ros_driver__rosidl_generator_pyExport-release.cmake
[2.860s] Invoked command in '/home/suke/chicken_core/build/hesai_ros_driver' returned '0': CMAKE_PREFIX_PATH=${CMAKE_PREFIX_PATH}:/home/suke/chicken_core/install/wheelbot_control:/home/suke/chicken_core/install/sensor_bringup:/home/suke/chicken_core/install/joy_translate:/home/suke/ouxt_automation/robotx_ws/install/opencv_tests:/home/suke/ouxt_automation/robotx_ws/install/detic_onnx_ros2:/opt/ros/humble /usr/bin/cmake --install /home/suke/chicken_core/build/hesai_ros_driver
