[1.419s] Invoking command in '/home/suke/chicken_core/src/localization/localization_bringup': PYTHONPATH=/home/suke/chicken_core/build/localization_bringup/prefix_override:/usr/lib/python3/dist-packages/colcon_core/task/python/colcon_distutils_commands:/home/suke/chicken_core/install/localization_bringup/lib/python3.10/site-packages:${PYTHONPATH} /usr/bin/python3 -W ignore:setup.py install is deprecated setup.py egg_info --egg-base ../../../build/localization_bringup build --build-base /home/suke/chicken_core/build/localization_bringup/build install --record /home/suke/chicken_core/build/localization_bringup/install.log --single-version-externally-managed install_data
[1.668s] /home/suke/.local/lib/python3.10/site-packages/setuptools/_distutils/dist.py:268: UserWarning: Unknown distribution option: 'tests_require'
[1.668s]   warnings.warn(msg)
[1.860s] running egg_info
[1.888s] writing ../../../build/localization_bringup/localization_bringup.egg-info/PKG-INFO
[1.889s] writing dependency_links to ../../../build/localization_bringup/localization_bringup.egg-info/dependency_links.txt
[1.889s] writing requirements to ../../../build/localization_bringup/localization_bringup.egg-info/requires.txt
[1.890s] writing top-level names to ../../../build/localization_bringup/localization_bringup.egg-info/top_level.txt
[1.920s] reading manifest file '../../../build/localization_bringup/localization_bringup.egg-info/SOURCES.txt'
[1.922s] writing manifest file '../../../build/localization_bringup/localization_bringup.egg-info/SOURCES.txt'
[1.922s] running build
[1.922s] running install
[1.928s] running install_data
[1.928s] copying resource/localization_bringup -> /home/suke/chicken_core/install/localization_bringup/share/ament_index/resource_index/packages
[1.929s] copying package.xml -> /home/suke/chicken_core/install/localization_bringup/share/localization_bringup
[1.929s] copying launch/localization_bringup_launch.py -> /home/suke/chicken_core/install/localization_bringup/share/localization_bringup
[1.929s] running install_egg_info
[1.989s] removing '/home/suke/chicken_core/install/localization_bringup/lib/python3.10/site-packages/localization_bringup-0.0.0-py3.10.egg-info' (and everything under it)
[1.989s] Copying ../../../build/localization_bringup/localization_bringup.egg-info to /home/suke/chicken_core/install/localization_bringup/lib/python3.10/site-packages/localization_bringup-0.0.0-py3.10.egg-info
[1.990s] running install_scripts
[2.229s] writing list of installed files to '/home/suke/chicken_core/build/localization_bringup/install.log'
[2.256s] Invoked command in '/home/suke/chicken_core/src/localization/localization_bringup' returned '0': PYTHONPATH=/home/suke/chicken_core/build/localization_bringup/prefix_override:/usr/lib/python3/dist-packages/colcon_core/task/python/colcon_distutils_commands:/home/suke/chicken_core/install/localization_bringup/lib/python3.10/site-packages:${PYTHONPATH} /usr/bin/python3 -W ignore:setup.py install is deprecated setup.py egg_info --egg-base ../../../build/localization_bringup build --build-base /home/suke/chicken_core/build/localization_bringup/build install --record /home/suke/chicken_core/build/localization_bringup/install.log --single-version-externally-managed install_data
