running develop
running egg_info
creating wheelbot_control.egg-info
writing wheelbot_control.egg-info/PKG-INFO
writing dependency_links to wheelbot_control.egg-info/dependency_links.txt
writing entry points to wheelbot_control.egg-info/entry_points.txt
writing requirements to wheelbot_control.egg-info/requires.txt
writing top-level names to wheelbot_control.egg-info/top_level.txt
writing manifest file 'wheelbot_control.egg-info/SOURCES.txt'
reading manifest file 'wheelbot_control.egg-info/SOURCES.txt'
writing manifest file 'wheelbot_control.egg-info/SOURCES.txt'
running build_ext
Creating /home/suke/chicken_core/install/wheelbot_control/lib/python3.10/site-packages/wheelbot-control.egg-link (link to .)
Installing wheelbot_control_node script to /home/suke/chicken_core/install/wheelbot_control/lib/wheelbot_control

Installed /home/suke/chicken_core/build/wheelbot_control
running symlink_data
creating /home/suke/chicken_core/install/wheelbot_control/share/ament_index
creating /home/suke/chicken_core/install/wheelbot_control/share/ament_index/resource_index
creating /home/suke/chicken_core/install/wheelbot_control/share/ament_index/resource_index/packages
symbolically linking /home/suke/chicken_core/build/wheelbot_control/resource/wheelbot_control -> /home/suke/chicken_core/install/wheelbot_control/share/ament_index/resource_index/packages
symbolically linking /home/suke/chicken_core/build/wheelbot_control/package.xml -> /home/suke/chicken_core/install/wheelbot_control/share/wheelbot_control
symbolically linking /home/suke/chicken_core/build/wheelbot_control/launch/wheelbot_control_launch.py -> /home/suke/chicken_core/install/wheelbot_control/share/wheelbot_control
