[2.329s] Invoking command in '/home/suke/chicken_core/build/wheelbot_control': PYTHONPATH=/home/suke/chicken_core/build/wheelbot_control/prefix_override:/usr/lib/python3/dist-packages/colcon_core/task/python/colcon_distutils_commands:/home/suke/chicken_core/install/wheelbot_control/lib/python3.10/site-packages:${PYTHONPATH} /usr/bin/python3 -W ignore:setup.py install is deprecated setup.py develop --editable --build-directory /home/suke/chicken_core/build/wheelbot_control/build --no-deps symlink_data
[3.010s] /home/suke/.local/lib/python3.10/site-packages/setuptools/_distutils/dist.py:268: UserWarning: Unknown distribution option: 'tests_require'
[3.010s]   warnings.warn(msg)
[3.034s] running develop
[3.035s] /home/suke/.local/lib/python3.10/site-packages/setuptools/command/develop.py:42: EasyInstallDeprecationWarning: easy_install command is deprecated.
[3.035s] !!
[3.035s] 
[3.035s]         ********************************************************************************
[3.035s]         Please avoid running ``setup.py`` and ``easy_install``.
[3.035s]         Instead, use pypa/build, pypa/installer or other
[3.035s]         standards-based tools.
[3.035s] 
[3.035s]         See https://github.com/pypa/setuptools/issues/917 for details.
[3.036s]         ********************************************************************************
[3.036s] 
[3.036s] !!
[3.036s]   easy_install.initialize_options(self)
[3.595s] running egg_info
[3.595s] creating wheelbot_control.egg-info
[3.638s] writing wheelbot_control.egg-info/PKG-INFO
[3.640s] writing dependency_links to wheelbot_control.egg-info/dependency_links.txt
[3.640s] writing entry points to wheelbot_control.egg-info/entry_points.txt
[3.641s] writing requirements to wheelbot_control.egg-info/requires.txt
[3.641s] writing top-level names to wheelbot_control.egg-info/top_level.txt
[3.641s] writing manifest file 'wheelbot_control.egg-info/SOURCES.txt'
[3.769s] reading manifest file 'wheelbot_control.egg-info/SOURCES.txt'
[3.769s] writing manifest file 'wheelbot_control.egg-info/SOURCES.txt'
[3.823s] running build_ext
[3.823s] Creating /home/suke/chicken_core/install/wheelbot_control/lib/python3.10/site-packages/wheelbot-control.egg-link (link to .)
[3.826s] Installing wheelbot_control_node script to /home/suke/chicken_core/install/wheelbot_control/lib/wheelbot_control
[3.827s] 
[3.827s] Installed /home/suke/chicken_core/build/wheelbot_control
[3.827s] running symlink_data
[3.828s] creating /home/suke/chicken_core/install/wheelbot_control/share/ament_index
[3.829s] creating /home/suke/chicken_core/install/wheelbot_control/share/ament_index/resource_index
[3.829s] creating /home/suke/chicken_core/install/wheelbot_control/share/ament_index/resource_index/packages
[3.829s] symbolically linking /home/suke/chicken_core/build/wheelbot_control/resource/wheelbot_control -> /home/suke/chicken_core/install/wheelbot_control/share/ament_index/resource_index/packages
[3.830s] symbolically linking /home/suke/chicken_core/build/wheelbot_control/package.xml -> /home/suke/chicken_core/install/wheelbot_control/share/wheelbot_control
[3.834s] symbolically linking /home/suke/chicken_core/build/wheelbot_control/launch/wheelbot_control_launch.py -> /home/suke/chicken_core/install/wheelbot_control/share/wheelbot_control
[3.977s] Invoked command in '/home/suke/chicken_core/build/wheelbot_control' returned '0': PYTHONPATH=/home/suke/chicken_core/build/wheelbot_control/prefix_override:/usr/lib/python3/dist-packages/colcon_core/task/python/colcon_distutils_commands:/home/suke/chicken_core/install/wheelbot_control/lib/python3.10/site-packages:${PYTHONPATH} /usr/bin/python3 -W ignore:setup.py install is deprecated setup.py develop --editable --build-directory /home/suke/chicken_core/build/wheelbot_control/build --no-deps symlink_data
