[35m[1mConsolidate compiler generated dependencies of target ekf_localization_component[0m
[ 50%] [32mBuilding CXX object CMakeFiles/ekf_localization_component.dir/src/ekf_localization_component.cpp.o[0m
In file included from [01m[K/home/suke/chicken_core/src/localization/ekf_localization/src/ekf_localization_component.cpp:4[m[K:
[01m[K/home/suke/chicken_core/src/localization/ekf_localization/include/ekf_localization/ekf_localization_component.hpp:57:12:[m[K [01;31m[Kerror: [m[K‘[01m[KTransformBroadcaster[m[K’ in namespace ‘[01m[Ktf2_ros[m[K’ does not name a type
   57 |   tf2_ros::[01;31m[KTransformBroadcaster[m[K broadcaster_;
      |            [01;31m[K^~~~~~~~~~~~~~~~~~~~[m[K
[01m[K/home/suke/chicken_core/src/localization/ekf_localization/src/ekf_localization_component.cpp:[m[K In constructor ‘[01m[Kekf_localization::ExtendedKalmanFilter::ExtendedKalmanFilter(const rclcpp::NodeOptions&)[m[K’:
[01m[K/home/suke/chicken_core/src/localization/ekf_localization/src/ekf_localization_component.cpp:12:44:[m[K [01;31m[Kerror: [m[Kclass ‘[01m[Kekf_localization::ExtendedKalmanFilter[m[K’ does not have any field named ‘[01m[Kbroadcaster_[m[K’
   12 | : Node("extended_kalman_filter", options), [01;31m[Kbroadcaster_[m[K(this)
      |                                            [01;31m[K^~~~~~~~~~~~[m[K
[01m[K/home/suke/chicken_core/src/localization/ekf_localization/src/ekf_localization_component.cpp:[m[K In member function ‘[01m[Kvoid ekf_localization::ExtendedKalmanFilter::imu_callback(const Imu&)[m[K’:
[01m[K/home/suke/chicken_core/src/localization/ekf_localization/src/ekf_localization_component.cpp:107:33:[m[K [01;31m[Kerror: [m[Kbase operand of ‘[01m[K->[m[K’ has non-pointer type ‘[01m[Kconst Imu[m[K’ {aka ‘[01m[Kconst sensor_msgs::msg::Imu_<std::allocator<void> >[m[K’}
  107 |         std::chrono::seconds(msg[01;31m[K->[m[Kheader.stamp.sec) +
      |                                 [01;31m[K^~[m[K
[01m[K/home/suke/chicken_core/src/localization/ekf_localization/src/ekf_localization_component.cpp:108:37:[m[K [01;31m[Kerror: [m[Kbase operand of ‘[01m[K->[m[K’ has non-pointer type ‘[01m[Kconst Imu[m[K’ {aka ‘[01m[Kconst sensor_msgs::msg::Imu_<std::allocator<void> >[m[K’}
  108 |         std::chrono::nanoseconds(msg[01;31m[K->[m[Kheader.stamp.nanosec));
      |                                     [01;31m[K^~[m[K
[01m[K/home/suke/chicken_core/src/localization/ekf_localization/src/ekf_localization_component.cpp:110:9:[m[K [01;31m[Kerror: [m[K‘[01m[Ktfbuffer_[m[K’ was not declared in this scope
  110 |         [01;31m[Ktfbuffer_[m[K.lookupTransform(
      |         [01;31m[K^~~~~~~~~[m[K
[01m[K/home/suke/chicken_core/src/localization/ekf_localization/src/ekf_localization_component.cpp:112:12:[m[K [01;31m[Kerror: [m[Kbase operand of ‘[01m[K->[m[K’ has non-pointer type ‘[01m[Kconst Imu[m[K’ {aka ‘[01m[Kconst sensor_msgs::msg::Imu_<std::allocator<void> >[m[K’}
  112 |         msg[01;31m[K->[m[Kheader.frame_id,
      |            [01;31m[K^~[m[K
[01m[K/home/suke/chicken_core/src/localization/ekf_localization/src/ekf_localization_component.cpp:[m[K In member function ‘[01m[Kvoid ekf_localization::ExtendedKalmanFilter::measurementUpdate(const Imu&)[m[K’:
[01m[K/home/suke/chicken_core/src/localization/ekf_localization/src/ekf_localization_component.cpp:245:7:[m[K [01;31m[Kerror: [m[K‘[01m[Kbroadcaster_[m[K’ was not declared in this scope
  245 |       [01;31m[Kbroadcaster_[m[K.sendTransform(transform_stamped);
      |       [01;31m[K^~~~~~~~~~~~[m[K
gmake[2]: *** [CMakeFiles/ekf_localization_component.dir/build.make:76: CMakeFiles/ekf_localization_component.dir/src/ekf_localization_component.cpp.o] Error 1
gmake[1]: *** [CMakeFiles/Makefile2:137: CMakeFiles/ekf_localization_component.dir/all] Error 2
gmake: *** [Makefile:146: all] Error 2
