[0.025s] Invoking command in '/home/suke/chicken_core/build/pure_pursuit_planner': CMAKE_PREFIX_PATH=${CMAKE_PREFIX_PATH}:/home/suke/chicken_core/install/wheelbot_control:/home/suke/chicken_core/install/sensor_bringup:/home/suke/chicken_core/install/joy_translate:/home/suke/Documents/microros_ws/install/sensor_msgs_py:/home/suke/ouxt_automation/robotx_ws/install/opencv_tests:/home/suke/ouxt_automation/robotx_ws/install/detic_onnx_ros2:/opt/ros/humble /usr/bin/cmake --build /home/suke/chicken_core/build/pure_pursuit_planner -- -j12 -l12
[0.136s] [ 33%] [32mBuilding CXX object CMakeFiles/pure_pursuit_planner.dir/src/pure_pursuit_planner_component.cpp.o[0m
[13.605s] [01m[K/home/suke/chicken_core/src/planner/pure_pursuit_planner/src/pure_pursuit_planner_component.cpp:[m[K In member function ‘[01m[Kvoid PurePursuitNode::updateControl()[m[K’:
[13.606s] [01m[K/home/suke/chicken_core/src/planner/pure_pursuit_planner/src/pure_pursuit_planner_component.cpp:29:10:[m[K [01;35m[Kwarning: [m[Kstructured binding declaration set but not used [[01;35m[K-Wunused-but-set-variable[m[K]
[13.606s]    29 |     auto [01;35m[K[v, w][m[K = purePursuitControl(target_ind);
[13.606s]       |          [01;35m[K^~~~~~[m[K
[13.606s] [01m[K/home/suke/chicken_core/src/planner/pure_pursuit_planner/src/pure_pursuit_planner_component.cpp:[m[K In member function ‘[01m[Kstd::pair<double, double> PurePursuitNode::purePursuitControl(int&)[m[K’:
[13.606s] [01m[K/home/suke/chicken_core/src/planner/pure_pursuit_planner/src/pure_pursuit_planner_component.cpp:40:12:[m[K [01;35m[Kwarning: [m[Kunused variable ‘[01m[Ktarget_lookahed_x[m[K’ [[01;35m[K-Wunused-variable[m[K]
[13.606s]    40 |     double [01;35m[Ktarget_lookahed_x[m[K, target_lookahed_y, target_curvature;
[13.606s]       |            [01;35m[K^~~~~~~~~~~~~~~~~[m[K
[13.606s] [01m[K/home/suke/chicken_core/src/planner/pure_pursuit_planner/src/pure_pursuit_planner_component.cpp:40:31:[m[K [01;35m[Kwarning: [m[Kunused variable ‘[01m[Ktarget_lookahed_y[m[K’ [[01;35m[K-Wunused-variable[m[K]
[13.606s]    40 |     double target_lookahed_x, [01;35m[Ktarget_lookahed_y[m[K, target_curvature;
[13.606s]       |                               [01;35m[K^~~~~~~~~~~~~~~~~[m[K
[13.606s] [01m[K/home/suke/chicken_core/src/planner/pure_pursuit_planner/src/pure_pursuit_planner_component.cpp:40:50:[m[K [01;35m[Kwarning: [m[Kunused variable ‘[01m[Ktarget_curvature[m[K’ [[01;35m[K-Wunused-variable[m[K]
[13.606s]    40 |     double target_lookahed_x, target_lookahed_y, [01;35m[Ktarget_curvature[m[K;
[13.606s]       |                                                  [01;35m[K^~~~~~~~~~~~~~~~[m[K
[13.625s] [ 66%] [32m[1mLinking CXX executable pure_pursuit_planner[0m
[14.312s] [100%] Built target pure_pursuit_planner
[14.332s] Invoked command in '/home/suke/chicken_core/build/pure_pursuit_planner' returned '0': CMAKE_PREFIX_PATH=${CMAKE_PREFIX_PATH}:/home/suke/chicken_core/install/wheelbot_control:/home/suke/chicken_core/install/sensor_bringup:/home/suke/chicken_core/install/joy_translate:/home/suke/Documents/microros_ws/install/sensor_msgs_py:/home/suke/ouxt_automation/robotx_ws/install/opencv_tests:/home/suke/ouxt_automation/robotx_ws/install/detic_onnx_ros2:/opt/ros/humble /usr/bin/cmake --build /home/suke/chicken_core/build/pure_pursuit_planner -- -j12 -l12
[14.433s] Invoking command in '/home/suke/chicken_core/build/pure_pursuit_planner': CMAKE_PREFIX_PATH=${CMAKE_PREFIX_PATH}:/home/suke/chicken_core/install/wheelbot_control:/home/suke/chicken_core/install/sensor_bringup:/home/suke/chicken_core/install/joy_translate:/home/suke/Documents/microros_ws/install/sensor_msgs_py:/home/suke/ouxt_automation/robotx_ws/install/opencv_tests:/home/suke/ouxt_automation/robotx_ws/install/detic_onnx_ros2:/opt/ros/humble /usr/bin/cmake --install /home/suke/chicken_core/build/pure_pursuit_planner
[14.451s] -- Install configuration: ""
[14.451s] -- Execute custom install script
[14.452s] -- Up-to-date symlink: /home/suke/chicken_core/install/pure_pursuit_planner/lib/pure_pursuit_planner/pure_pursuit_planner
[14.452s] -- Up-to-date symlink: /home/suke/chicken_core/install/pure_pursuit_planner/share/pure_pursuit_planner/launch/pure_pursuit_planner.py
[14.452s] -- Up-to-date symlink: /home/suke/chicken_core/install/pure_pursuit_planner/share/pure_pursuit_planner/rviz/pure_pursuit_planner.rviz
[14.453s] -- Up-to-date symlink: /home/suke/chicken_core/install/pure_pursuit_planner/share/ament_index/resource_index/package_run_dependencies/pure_pursuit_planner
[14.453s] -- Up-to-date symlink: /home/suke/chicken_core/install/pure_pursuit_planner/share/ament_index/resource_index/parent_prefix_path/pure_pursuit_planner
[14.453s] -- Up-to-date symlink: /home/suke/chicken_core/install/pure_pursuit_planner/share/pure_pursuit_planner/environment/ament_prefix_path.sh
[14.453s] -- Up-to-date symlink: /home/suke/chicken_core/install/pure_pursuit_planner/share/pure_pursuit_planner/environment/ament_prefix_path.dsv
[14.453s] -- Up-to-date symlink: /home/suke/chicken_core/install/pure_pursuit_planner/share/pure_pursuit_planner/environment/path.sh
[14.453s] -- Up-to-date symlink: /home/suke/chicken_core/install/pure_pursuit_planner/share/pure_pursuit_planner/environment/path.dsv
[14.453s] -- Up-to-date symlink: /home/suke/chicken_core/install/pure_pursuit_planner/share/pure_pursuit_planner/local_setup.bash
[14.454s] -- Up-to-date symlink: /home/suke/chicken_core/install/pure_pursuit_planner/share/pure_pursuit_planner/local_setup.sh
[14.454s] -- Up-to-date symlink: /home/suke/chicken_core/install/pure_pursuit_planner/share/pure_pursuit_planner/local_setup.zsh
[14.454s] -- Up-to-date symlink: /home/suke/chicken_core/install/pure_pursuit_planner/share/pure_pursuit_planner/local_setup.dsv
[14.454s] -- Symlinking: /home/suke/chicken_core/install/pure_pursuit_planner/share/pure_pursuit_planner/package.dsv
[14.474s] -- Up-to-date symlink: /home/suke/chicken_core/install/pure_pursuit_planner/share/ament_index/resource_index/packages/pure_pursuit_planner
[14.474s] -- Up-to-date symlink: /home/suke/chicken_core/install/pure_pursuit_planner/share/pure_pursuit_planner/cmake/pure_pursuit_plannerConfig.cmake
[14.474s] -- Up-to-date symlink: /home/suke/chicken_core/install/pure_pursuit_planner/share/pure_pursuit_planner/cmake/pure_pursuit_plannerConfig-version.cmake
[14.475s] -- Up-to-date symlink: /home/suke/chicken_core/install/pure_pursuit_planner/share/pure_pursuit_planner/package.xml
[14.477s] Invoked command in '/home/suke/chicken_core/build/pure_pursuit_planner' returned '0': CMAKE_PREFIX_PATH=${CMAKE_PREFIX_PATH}:/home/suke/chicken_core/install/wheelbot_control:/home/suke/chicken_core/install/sensor_bringup:/home/suke/chicken_core/install/joy_translate:/home/suke/Documents/microros_ws/install/sensor_msgs_py:/home/suke/ouxt_automation/robotx_ws/install/opencv_tests:/home/suke/ouxt_automation/robotx_ws/install/detic_onnx_ros2:/opt/ros/humble /usr/bin/cmake --install /home/suke/chicken_core/build/pure_pursuit_planner
