-- Found ament_cmake_auto: 1.3.10 (/opt/ros/humble/share/ament_cmake_auto/cmake)
-- Found rosidl_generator_c: 3.1.5 (/opt/ros/humble/share/rosidl_generator_c/cmake)
-- Found rosidl_adapter: 3.1.5 (/opt/ros/humble/share/rosidl_adapter/cmake)
-- Found rosidl_generator_cpp: 3.1.5 (/opt/ros/humble/share/rosidl_generator_cpp/cmake)
-- Using all available rosidl_typesupport_c: rosidl_typesupport_microxrcedds_c;rosidl_typesupport_fastrtps_c;rosidl_typesupport_introspection_c
-- Using all available rosidl_typesupport_cpp: rosidl_typesupport_microxrcedds_cpp;rosidl_typesupport_fastrtps_cpp;rosidl_typesupport_introspection_cpp
-- Found rmw_implementation_cmake: 6.1.2 (/opt/ros/humble/share/rmw_implementation_cmake/cmake)
-- Found rmw_cyclonedds_cpp: 1.3.4 (/opt/ros/humble/share/rmw_cyclonedds_cpp/cmake)
-- Using RMW implementation 'rmw_cyclonedds_cpp' as default
-- Found ament_lint_auto: 0.12.11 (/opt/ros/humble/share/ament_lint_auto/cmake)
-- Added test 'copyright' to check source files copyright and LICENSE
-- Added test 'cppcheck' to perform static code analysis on C / C++ code
-- Configured cppcheck include dirs: /home/suke/chicken_core/src/localization/ekf_localization/include
-- Configured cppcheck exclude dirs and/or files: 
-- Added test 'cpplint' to check C / C++ code against the Google style
-- Configured cpplint exclude dirs and/or files: 
-- Added test 'lint_cmake' to check CMake code style
-- Added test 'uncrustify' to check C / C++ code style
-- Configured uncrustify additional arguments: 
-- Added test 'xmllint' to check XML markup files
-- Configuring done
-- Generating done
-- Build files have been written to: /home/suke/chicken_core/build/ekf_localization
[35m[1mConsolidate compiler generated dependencies of target ekf_localization_component[0m
[ 50%] [32m[1mLinking CXX shared library libekf_localization_component.so[0m
[100%] Built target ekf_localization_component
-- Install configuration: ""
-- Up-to-date: /home/suke/chicken_core/install/ekf_localization/include
-- Up-to-date: /home/suke/chicken_core/install/ekf_localization/include/ekf_localization
-- Up-to-date: /home/suke/chicken_core/install/ekf_localization/include/ekf_localization/ekf_localization_component.hpp
-- Up-to-date: /home/suke/chicken_core/install/ekf_localization/share/ekf_localization//launch
-- Up-to-date: /home/suke/chicken_core/install/ekf_localization/share/ekf_localization//launch/ekf_localization_launch.xml
-- Up-to-date: /home/suke/chicken_core/install/ekf_localization/share/ekf_localization//config
-- Up-to-date: /home/suke/chicken_core/install/ekf_localization/share/ekf_localization//config/ekf.yaml
-- Up-to-date: /home/suke/chicken_core/install/ekf_localization/include
-- Up-to-date: /home/suke/chicken_core/install/ekf_localization/include/ekf_localization
-- Up-to-date: /home/suke/chicken_core/install/ekf_localization/include/ekf_localization/ekf_localization_component.hpp
-- Up-to-date: /home/suke/chicken_core/install/ekf_localization/share/ekf_localization/environment/library_path.sh
-- Installing: /home/suke/chicken_core/install/ekf_localization/share/ekf_localization/environment/library_path.dsv
-- Installing: /home/suke/chicken_core/install/ekf_localization/lib/libekf_localization_component.so
-- Set runtime path of "/home/suke/chicken_core/install/ekf_localization/lib/libekf_localization_component.so" to ""
-- Up-to-date: /home/suke/chicken_core/install/ekf_localization/share/ament_index/resource_index/package_run_dependencies/ekf_localization
-- Up-to-date: /home/suke/chicken_core/install/ekf_localization/share/ament_index/resource_index/parent_prefix_path/ekf_localization
-- Up-to-date: /home/suke/chicken_core/install/ekf_localization/share/ekf_localization/environment/ament_prefix_path.sh
-- Installing: /home/suke/chicken_core/install/ekf_localization/share/ekf_localization/environment/ament_prefix_path.dsv
-- Up-to-date: /home/suke/chicken_core/install/ekf_localization/share/ekf_localization/environment/path.sh
-- Installing: /home/suke/chicken_core/install/ekf_localization/share/ekf_localization/environment/path.dsv
-- Up-to-date: /home/suke/chicken_core/install/ekf_localization/share/ekf_localization/local_setup.bash
-- Up-to-date: /home/suke/chicken_core/install/ekf_localization/share/ekf_localization/local_setup.sh
-- Up-to-date: /home/suke/chicken_core/install/ekf_localization/share/ekf_localization/local_setup.zsh
-- Installing: /home/suke/chicken_core/install/ekf_localization/share/ekf_localization/local_setup.dsv
-- Installing: /home/suke/chicken_core/install/ekf_localization/share/ekf_localization/package.dsv
-- Up-to-date: /home/suke/chicken_core/install/ekf_localization/share/ament_index/resource_index/packages/ekf_localization
-- Up-to-date: /home/suke/chicken_core/install/ekf_localization/share/ament_index/resource_index/rclcpp_components/ekf_localization
-- Up-to-date: /home/suke/chicken_core/install/ekf_localization/share/ekf_localization/cmake/ament_cmake_export_dependencies-extras.cmake
-- Up-to-date: /home/suke/chicken_core/install/ekf_localization/share/ekf_localization/cmake/ament_cmake_export_include_directories-extras.cmake
-- Up-to-date: /home/suke/chicken_core/install/ekf_localization/share/ekf_localization/cmake/ament_cmake_export_libraries-extras.cmake
-- Up-to-date: /home/suke/chicken_core/install/ekf_localization/share/ekf_localization/cmake/ekf_localizationConfig.cmake
-- Up-to-date: /home/suke/chicken_core/install/ekf_localization/share/ekf_localization/cmake/ekf_localizationConfig-version.cmake
-- Up-to-date: /home/suke/chicken_core/install/ekf_localization/share/ekf_localization/package.xml
