/home/suke/.local/lib/python3.10/site-packages/setuptools/_distutils/dist.py:268: UserWarning: Unknown distribution option: 'tests_require'
  warnings.warn(msg)
running develop
/home/suke/.local/lib/python3.10/site-packages/setuptools/command/develop.py:42: EasyInstallDeprecationWarning: easy_install command is deprecated.
!!

        ********************************************************************************
        Please avoid running ``setup.py`` and ``easy_install``.
        Instead, use pypa/build, pypa/installer or other
        standards-based tools.

        See https://github.com/pypa/setuptools/issues/917 for details.
        ********************************************************************************

!!
  easy_install.initialize_options(self)
running egg_info
writing sensor_bringup.egg-info/PKG-INFO
writing dependency_links to sensor_bringup.egg-info/dependency_links.txt
writing requirements to sensor_bringup.egg-info/requires.txt
writing top-level names to sensor_bringup.egg-info/top_level.txt
reading manifest file 'sensor_bringup.egg-info/SOURCES.txt'
writing manifest file 'sensor_bringup.egg-info/SOURCES.txt'
running build_ext
Creating /home/suke/chicken_core/install/sensor_bringup/lib/python3.10/site-packages/sensor-bringup.egg-link (link to .)

Installed /home/suke/chicken_core/build/sensor_bringup
running symlink_data
