[1.728s] Invoking command in '/home/suke/chicken_core/build/sensor_bringup': PYTHONPATH=/home/suke/chicken_core/build/sensor_bringup/prefix_override:/usr/lib/python3/dist-packages/colcon_core/task/python/colcon_distutils_commands:/home/suke/chicken_core/install/sensor_bringup/lib/python3.10/site-packages:${PYTHONPATH} /usr/bin/python3 -W ignore:setup.py install is deprecated setup.py develop --editable --build-directory /home/suke/chicken_core/build/sensor_bringup/build --no-deps symlink_data
[1.956s] /home/suke/.local/lib/python3.10/site-packages/setuptools/_distutils/dist.py:268: UserWarning: Unknown distribution option: 'tests_require'
[1.956s]   warnings.warn(msg)
[2.345s] running develop
[2.345s] /home/suke/.local/lib/python3.10/site-packages/setuptools/command/develop.py:42: EasyInstallDeprecationWarning: easy_install command is deprecated.
[2.345s] !!
[2.345s] 
[2.346s]         ********************************************************************************
[2.346s]         Please avoid running ``setup.py`` and ``easy_install``.
[2.346s]         Instead, use pypa/build, pypa/installer or other
[2.346s]         standards-based tools.
[2.346s] 
[2.346s]         See https://github.com/pypa/setuptools/issues/917 for details.
[2.346s]         ********************************************************************************
[2.346s] 
[2.346s] !!
[2.346s]   easy_install.initialize_options(self)
[2.663s] running egg_info
[2.686s] writing sensor_bringup.egg-info/PKG-INFO
[2.686s] writing dependency_links to sensor_bringup.egg-info/dependency_links.txt
[2.687s] writing requirements to sensor_bringup.egg-info/requires.txt
[2.687s] writing top-level names to sensor_bringup.egg-info/top_level.txt
[2.739s] reading manifest file 'sensor_bringup.egg-info/SOURCES.txt'
[2.740s] writing manifest file 'sensor_bringup.egg-info/SOURCES.txt'
[2.766s] running build_ext
[2.766s] Creating /home/suke/chicken_core/install/sensor_bringup/lib/python3.10/site-packages/sensor-bringup.egg-link (link to .)
[2.766s] 
[2.767s] Installed /home/suke/chicken_core/build/sensor_bringup
[2.767s] running symlink_data
[2.795s] Invoked command in '/home/suke/chicken_core/build/sensor_bringup' returned '0': PYTHONPATH=/home/suke/chicken_core/build/sensor_bringup/prefix_override:/usr/lib/python3/dist-packages/colcon_core/task/python/colcon_distutils_commands:/home/suke/chicken_core/install/sensor_bringup/lib/python3.10/site-packages:${PYTHONPATH} /usr/bin/python3 -W ignore:setup.py install is deprecated setup.py develop --editable --build-directory /home/suke/chicken_core/build/sensor_bringup/build --no-deps symlink_data
