running egg_info
creating ../../../build/localization_bringup/localization_bringup.egg-info
writing ../../../build/localization_bringup/localization_bringup.egg-info/PKG-INFO
writing dependency_links to ../../../build/localization_bringup/localization_bringup.egg-info/dependency_links.txt
writing requirements to ../../../build/localization_bringup/localization_bringup.egg-info/requires.txt
writing top-level names to ../../../build/localization_bringup/localization_bringup.egg-info/top_level.txt
writing manifest file '../../../build/localization_bringup/localization_bringup.egg-info/SOURCES.txt'
reading manifest file '../../../build/localization_bringup/localization_bringup.egg-info/SOURCES.txt'
writing manifest file '../../../build/localization_bringup/localization_bringup.egg-info/SOURCES.txt'
running build
running install
running install_data
creating /home/suke/chicken_core/install/localization_bringup/share/ament_index
creating /home/suke/chicken_core/install/localization_bringup/share/ament_index/resource_index
creating /home/suke/chicken_core/install/localization_bringup/share/ament_index/resource_index/packages
copying resource/localization_bringup -> /home/suke/chicken_core/install/localization_bringup/share/ament_index/resource_index/packages
copying package.xml -> /home/suke/chicken_core/install/localization_bringup/share/localization_bringup
copying launch/localization_bringup_launch.py -> /home/suke/chicken_core/install/localization_bringup/share/localization_bringup
running install_egg_info
Copying ../../../build/localization_bringup/localization_bringup.egg-info to /home/suke/chicken_core/install/localization_bringup/lib/python3.10/site-packages/localization_bringup-0.0.0-py3.10.egg-info
running install_scripts
writing list of installed files to '/home/suke/chicken_core/build/localization_bringup/install.log'
