[1.217s] Invoking command in '/home/suke/chicken_core/src/localization/localization_bringup': PYTHONPATH=/home/suke/chicken_core/build/localization_bringup/prefix_override:/usr/lib/python3/dist-packages/colcon_core/task/python/colcon_distutils_commands:/home/suke/chicken_core/install/localization_bringup/lib/python3.10/site-packages:${PYTHONPATH} /usr/bin/python3 -W ignore:setup.py install is deprecated setup.py egg_info --egg-base ../../../build/localization_bringup build --build-base /home/suke/chicken_core/build/localization_bringup/build install --record /home/suke/chicken_core/build/localization_bringup/install.log --single-version-externally-managed install_data
[1.450s] /home/suke/.local/lib/python3.10/site-packages/setuptools/_distutils/dist.py:268: UserWarning: Unknown distribution option: 'tests_require'
[1.450s]   warnings.warn(msg)
[1.604s] running egg_info
[1.604s] creating ../../../build/localization_bringup/localization_bringup.egg-info
[1.628s] writing ../../../build/localization_bringup/localization_bringup.egg-info/PKG-INFO
[1.628s] writing dependency_links to ../../../build/localization_bringup/localization_bringup.egg-info/dependency_links.txt
[1.629s] writing requirements to ../../../build/localization_bringup/localization_bringup.egg-info/requires.txt
[1.629s] writing top-level names to ../../../build/localization_bringup/localization_bringup.egg-info/top_level.txt
[1.629s] writing manifest file '../../../build/localization_bringup/localization_bringup.egg-info/SOURCES.txt'
[1.655s] reading manifest file '../../../build/localization_bringup/localization_bringup.egg-info/SOURCES.txt'
[1.656s] writing manifest file '../../../build/localization_bringup/localization_bringup.egg-info/SOURCES.txt'
[1.656s] running build
[1.656s] running install
[1.664s] running install_data
[1.664s] creating /home/suke/chicken_core/install/localization_bringup/share/ament_index
[1.665s] creating /home/suke/chicken_core/install/localization_bringup/share/ament_index/resource_index
[1.665s] creating /home/suke/chicken_core/install/localization_bringup/share/ament_index/resource_index/packages
[1.665s] copying resource/localization_bringup -> /home/suke/chicken_core/install/localization_bringup/share/ament_index/resource_index/packages
[1.665s] copying package.xml -> /home/suke/chicken_core/install/localization_bringup/share/localization_bringup
[1.665s] copying launch/localization_bringup_launch.py -> /home/suke/chicken_core/install/localization_bringup/share/localization_bringup
[1.665s] running install_egg_info
[1.716s] Copying ../../../build/localization_bringup/localization_bringup.egg-info to /home/suke/chicken_core/install/localization_bringup/lib/python3.10/site-packages/localization_bringup-0.0.0-py3.10.egg-info
[1.717s] running install_scripts
[1.928s] writing list of installed files to '/home/suke/chicken_core/build/localization_bringup/install.log'
[1.956s] Invoked command in '/home/suke/chicken_core/src/localization/localization_bringup' returned '0': PYTHONPATH=/home/suke/chicken_core/build/localization_bringup/prefix_override:/usr/lib/python3/dist-packages/colcon_core/task/python/colcon_distutils_commands:/home/suke/chicken_core/install/localization_bringup/lib/python3.10/site-packages:${PYTHONPATH} /usr/bin/python3 -W ignore:setup.py install is deprecated setup.py egg_info --egg-base ../../../build/localization_bringup build --build-base /home/suke/chicken_core/build/localization_bringup/build install --record /home/suke/chicken_core/build/localization_bringup/install.log --single-version-externally-managed install_data
