[0.995s] Invoking command in '/home/suke/chicken_core/build/wheelbot_description': CMAKE_PREFIX_PATH=${CMAKE_PREFIX_PATH}:/home/suke/ouxt_automation/robotx_ws/install/opencv_tests:/home/suke/ouxt_automation/robotx_ws/install/detic_onnx_ros2:/opt/ros/humble /usr/bin/cmake /home/suke/chicken_core/src/core/wheelbot_description -DAMENT_CMAKE_SYMLINK_INSTALL=1 -DCMAKE_INSTALL_PREFIX=/home/suke/chicken_core/install/wheelbot_description
[1.101s] -- The C compiler identification is GNU 11.4.0
[1.211s] -- The CXX compiler identification is GNU 11.4.0
[1.233s] -- Detecting C compiler ABI info
[1.343s] -- Detecting C compiler ABI info - done
[1.356s] -- Check for working C compiler: /usr/lib/ccache/gcc - skipped
[1.357s] -- Detecting C compile features
[1.357s] -- Detecting C compile features - done
[1.372s] -- Detecting CXX compiler ABI info
[1.524s] -- Detecting CXX compiler ABI info - done
[1.537s] -- Check for working CXX compiler: /usr/lib/ccache/g++ - skipped
[1.538s] -- Detecting CXX compile features
[1.539s] -- Detecting CXX compile features - done
[1.549s] -- Found ament_cmake: 1.3.10 (/opt/ros/humble/share/ament_cmake/cmake)
[2.206s] -- Found Python3: /usr/bin/python3 (found version "3.10.12") found components: Interpreter 
[2.326s] -- Override CMake install command with custom implementation using symlinks instead of copying resources
[2.452s] -- Found urdf: 2.6.0 (/opt/ros/humble/share/urdf/cmake)
[2.735s] -- Configuring done
[2.740s] -- Generating done
[2.740s] -- Build files have been written to: /home/suke/chicken_core/build/wheelbot_description
[2.752s] Invoked command in '/home/suke/chicken_core/build/wheelbot_description' returned '0': CMAKE_PREFIX_PATH=${CMAKE_PREFIX_PATH}:/home/suke/ouxt_automation/robotx_ws/install/opencv_tests:/home/suke/ouxt_automation/robotx_ws/install/detic_onnx_ros2:/opt/ros/humble /usr/bin/cmake /home/suke/chicken_core/src/core/wheelbot_description -DAMENT_CMAKE_SYMLINK_INSTALL=1 -DCMAKE_INSTALL_PREFIX=/home/suke/chicken_core/install/wheelbot_description
[2.753s] Invoking command in '/home/suke/chicken_core/build/wheelbot_description': CMAKE_PREFIX_PATH=${CMAKE_PREFIX_PATH}:/home/suke/ouxt_automation/robotx_ws/install/opencv_tests:/home/suke/ouxt_automation/robotx_ws/install/detic_onnx_ros2:/opt/ros/humble /usr/bin/cmake --build /home/suke/chicken_core/build/wheelbot_description -- -j12 -l12
[3.131s] Invoked command in '/home/suke/chicken_core/build/wheelbot_description' returned '0': CMAKE_PREFIX_PATH=${CMAKE_PREFIX_PATH}:/home/suke/ouxt_automation/robotx_ws/install/opencv_tests:/home/suke/ouxt_automation/robotx_ws/install/detic_onnx_ros2:/opt/ros/humble /usr/bin/cmake --build /home/suke/chicken_core/build/wheelbot_description -- -j12 -l12
[3.182s] Invoking command in '/home/suke/chicken_core/build/wheelbot_description': CMAKE_PREFIX_PATH=${CMAKE_PREFIX_PATH}:/home/suke/ouxt_automation/robotx_ws/install/opencv_tests:/home/suke/ouxt_automation/robotx_ws/install/detic_onnx_ros2:/opt/ros/humble /usr/bin/cmake --install /home/suke/chicken_core/build/wheelbot_description
[3.669s] -- Install configuration: ""
[3.669s] -- Execute custom install script
[3.669s] -- Symlinking: /home/suke/chicken_core/install/wheelbot_description/share/wheelbot_description/meshes/HESAI_LiDAR_1.stl
[3.669s] -- Symlinking: /home/suke/chicken_core/install/wheelbot_description/share/wheelbot_description/meshes/Intel_Realsense_D435_1.stl
[3.669s] -- Symlinking: /home/suke/chicken_core/install/wheelbot_description/share/wheelbot_description/meshes/RPLiDAR_v1_1.stl
[3.670s] -- Symlinking: /home/suke/chicken_core/install/wheelbot_description/share/wheelbot_description/meshes/base_link.stl
[3.670s] -- Symlinking: /home/suke/chicken_core/install/wheelbot_description/share/wheelbot_description/meshes/caster_1.stl
[3.670s] -- Symlinking: /home/suke/chicken_core/install/wheelbot_description/share/wheelbot_description/meshes/left_wheel_1.stl
[3.670s] -- Symlinking: /home/suke/chicken_core/install/wheelbot_description/share/wheelbot_description/meshes/right_wheel_1.stl
[3.670s] -- Symlinking: /home/suke/chicken_core/install/wheelbot_description/share/wheelbot_description/urdf/materials.xacro
[3.677s] -- Symlinking: /home/suke/chicken_core/install/wheelbot_description/share/wheelbot_description/urdf/wheelbot.trans
[3.677s] -- Symlinking: /home/suke/chicken_core/install/wheelbot_description/share/wheelbot_description/urdf/wheelbot.xacro
[3.677s] -- Symlinking: /home/suke/chicken_core/install/wheelbot_description/share/wheelbot_description/launch/robot_description.launch.py
[3.677s] -- Symlinking: /home/suke/chicken_core/install/wheelbot_description/share/ament_index/resource_index/package_run_dependencies/wheelbot_description
[3.678s] -- Symlinking: /home/suke/chicken_core/install/wheelbot_description/share/ament_index/resource_index/parent_prefix_path/wheelbot_description
[3.678s] -- Symlinking: /home/suke/chicken_core/install/wheelbot_description/share/wheelbot_description/environment/ament_prefix_path.sh
[3.678s] -- Symlinking: /home/suke/chicken_core/install/wheelbot_description/share/wheelbot_description/environment/ament_prefix_path.dsv
[3.678s] -- Symlinking: /home/suke/chicken_core/install/wheelbot_description/share/wheelbot_description/environment/path.sh
[3.678s] -- Symlinking: /home/suke/chicken_core/install/wheelbot_description/share/wheelbot_description/environment/path.dsv
[3.678s] -- Symlinking: /home/suke/chicken_core/install/wheelbot_description/share/wheelbot_description/local_setup.bash
[3.678s] -- Symlinking: /home/suke/chicken_core/install/wheelbot_description/share/wheelbot_description/local_setup.sh
[3.678s] -- Symlinking: /home/suke/chicken_core/install/wheelbot_description/share/wheelbot_description/local_setup.zsh
[3.678s] -- Symlinking: /home/suke/chicken_core/install/wheelbot_description/share/wheelbot_description/local_setup.dsv
[3.678s] -- Symlinking: /home/suke/chicken_core/install/wheelbot_description/share/wheelbot_description/package.dsv
[3.679s] -- Symlinking: /home/suke/chicken_core/install/wheelbot_description/share/ament_index/resource_index/packages/wheelbot_description
[3.679s] -- Symlinking: /home/suke/chicken_core/install/wheelbot_description/share/wheelbot_description/cmake/wheelbot_descriptionConfig.cmake
[3.679s] -- Symlinking: /home/suke/chicken_core/install/wheelbot_description/share/wheelbot_description/cmake/wheelbot_descriptionConfig-version.cmake
[3.695s] -- Symlinking: /home/suke/chicken_core/install/wheelbot_description/share/wheelbot_description/package.xml
[3.727s] Invoked command in '/home/suke/chicken_core/build/wheelbot_description' returned '0': CMAKE_PREFIX_PATH=${CMAKE_PREFIX_PATH}:/home/suke/ouxt_automation/robotx_ws/install/opencv_tests:/home/suke/ouxt_automation/robotx_ws/install/detic_onnx_ros2:/opt/ros/humble /usr/bin/cmake --install /home/suke/chicken_core/build/wheelbot_description
