-- The C compiler identification is GNU 11.4.0
-- The CXX compiler identification is GNU 11.4.0
-- Detecting C compiler ABI info
-- Detecting C compiler ABI info - done
-- Check for working C compiler: /usr/lib/ccache/gcc - skipped
-- Detecting C compile features
-- Detecting C compile features - done
-- Detecting CXX compiler ABI info
-- Detecting CXX compiler ABI info - done
-- Check for working CXX compiler: /usr/lib/ccache/g++ - skipped
-- Detecting CXX compile features
-- Detecting CXX compile features - done
-- Found ament_cmake: 1.3.10 (/opt/ros/humble/share/ament_cmake/cmake)
-- Found Python3: /usr/bin/python3 (found version "3.10.12") found components: Interpreter 
-- Override CMake install command with custom implementation using symlinks instead of copying resources
-- Found ament_lint_auto: 0.12.11 (/opt/ros/humble/share/ament_lint_auto/cmake)
-- Added test 'flake8' to check Python code syntax and style conventions
-- Added test 'lint_cmake' to check CMake code style
-- Added test 'pep257' to check Python code against some of the docstring style conventions in PEP 257
-- Added test 'xmllint' to check XML markup files
-- Configuring done
-- Generating done
-- Build files have been written to: /home/suke/chicken_core/build/map_server
-- Install configuration: ""
-- Execute custom install script
-- Symlinking: /home/suke/chicken_core/install/map_server/share/map_server/launch/map_server_launch.py
-- Symlinking: /home/suke/chicken_core/install/map_server/share/map_server/launch/map_server_launch.xml
-- Symlinking: /home/suke/chicken_core/install/map_server/share/map_server/map/map.png
-- Symlinking: /home/suke/chicken_core/install/map_server/share/map_server/map/map.yaml
-- Symlinking: /home/suke/chicken_core/install/map_server/share/map_server/map/map_server_params.yaml
-- Symlinking: /home/suke/chicken_core/install/map_server/share/ament_index/resource_index/package_run_dependencies/map_server
-- Symlinking: /home/suke/chicken_core/install/map_server/share/ament_index/resource_index/parent_prefix_path/map_server
-- Symlinking: /home/suke/chicken_core/install/map_server/share/map_server/environment/ament_prefix_path.sh
-- Symlinking: /home/suke/chicken_core/install/map_server/share/map_server/environment/ament_prefix_path.dsv
-- Symlinking: /home/suke/chicken_core/install/map_server/share/map_server/environment/path.sh
-- Symlinking: /home/suke/chicken_core/install/map_server/share/map_server/environment/path.dsv
-- Symlinking: /home/suke/chicken_core/install/map_server/share/map_server/local_setup.bash
-- Symlinking: /home/suke/chicken_core/install/map_server/share/map_server/local_setup.sh
-- Symlinking: /home/suke/chicken_core/install/map_server/share/map_server/local_setup.zsh
-- Symlinking: /home/suke/chicken_core/install/map_server/share/map_server/local_setup.dsv
-- Symlinking: /home/suke/chicken_core/install/map_server/share/map_server/package.dsv
-- Symlinking: /home/suke/chicken_core/install/map_server/share/ament_index/resource_index/packages/map_server
-- Symlinking: /home/suke/chicken_core/install/map_server/share/map_server/cmake/map_serverConfig.cmake
-- Symlinking: /home/suke/chicken_core/install/map_server/share/map_server/cmake/map_serverConfig-version.cmake
-- Symlinking: /home/suke/chicken_core/install/map_server/share/map_server/package.xml
