[0.354s] Invoking command in '/home/suke/chicken_core/build/map_server': CMAKE_PREFIX_PATH=${CMAKE_PREFIX_PATH}:/home/suke/ouxt_automation/robotx_ws/install/opencv_tests:/home/suke/ouxt_automation/robotx_ws/install/detic_onnx_ros2:/opt/ros/humble /usr/bin/cmake /home/suke/chicken_core/src/map_server -DAMENT_CMAKE_SYMLINK_INSTALL=1 -DCMAKE_INSTALL_PREFIX=/home/suke/chicken_core/install/map_server
[1.038s] -- The C compiler identification is GNU 11.4.0
[1.038s] -- The CXX compiler identification is GNU 11.4.0
[1.038s] -- Detecting C compiler ABI info
[1.038s] -- Detecting C compiler ABI info - done
[1.039s] -- Check for working C compiler: /usr/lib/ccache/gcc - skipped
[1.039s] -- Detecting C compile features
[1.039s] -- Detecting C compile features - done
[1.039s] -- Detecting CXX compiler ABI info
[1.039s] -- Detecting CXX compiler ABI info - done
[1.039s] -- Check for working CXX compiler: /usr/lib/ccache/g++ - skipped
[1.039s] -- Detecting CXX compile features
[1.039s] -- Detecting CXX compile features - done
[1.039s] -- Found ament_cmake: 1.3.10 (/opt/ros/humble/share/ament_cmake/cmake)
[1.429s] -- Found Python3: /usr/bin/python3 (found version "3.10.12") found components: Interpreter 
[1.533s] -- Override CMake install command with custom implementation using symlinks instead of copying resources
[1.667s] -- Found ament_lint_auto: 0.12.11 (/opt/ros/humble/share/ament_lint_auto/cmake)
[1.884s] -- Added test 'flake8' to check Python code syntax and style conventions
[1.885s] -- Added test 'lint_cmake' to check CMake code style
[1.890s] -- Added test 'pep257' to check Python code against some of the docstring style conventions in PEP 257
[1.894s] -- Added test 'xmllint' to check XML markup files
[1.902s] -- Configuring done
[1.912s] -- Generating done
[1.913s] -- Build files have been written to: /home/suke/chicken_core/build/map_server
[1.931s] Invoked command in '/home/suke/chicken_core/build/map_server' returned '0': CMAKE_PREFIX_PATH=${CMAKE_PREFIX_PATH}:/home/suke/ouxt_automation/robotx_ws/install/opencv_tests:/home/suke/ouxt_automation/robotx_ws/install/detic_onnx_ros2:/opt/ros/humble /usr/bin/cmake /home/suke/chicken_core/src/map_server -DAMENT_CMAKE_SYMLINK_INSTALL=1 -DCMAKE_INSTALL_PREFIX=/home/suke/chicken_core/install/map_server
[1.932s] Invoking command in '/home/suke/chicken_core/build/map_server': CMAKE_PREFIX_PATH=${CMAKE_PREFIX_PATH}:/home/suke/ouxt_automation/robotx_ws/install/opencv_tests:/home/suke/ouxt_automation/robotx_ws/install/detic_onnx_ros2:/opt/ros/humble /usr/bin/cmake --build /home/suke/chicken_core/build/map_server -- -j12 -l12
[2.659s] Invoked command in '/home/suke/chicken_core/build/map_server' returned '0': CMAKE_PREFIX_PATH=${CMAKE_PREFIX_PATH}:/home/suke/ouxt_automation/robotx_ws/install/opencv_tests:/home/suke/ouxt_automation/robotx_ws/install/detic_onnx_ros2:/opt/ros/humble /usr/bin/cmake --build /home/suke/chicken_core/build/map_server -- -j12 -l12
[2.728s] Invoking command in '/home/suke/chicken_core/build/map_server': CMAKE_PREFIX_PATH=${CMAKE_PREFIX_PATH}:/home/suke/ouxt_automation/robotx_ws/install/opencv_tests:/home/suke/ouxt_automation/robotx_ws/install/detic_onnx_ros2:/opt/ros/humble /usr/bin/cmake --install /home/suke/chicken_core/build/map_server
[3.133s] -- Install configuration: ""
[3.136s] -- Execute custom install script
[3.136s] -- Symlinking: /home/suke/chicken_core/install/map_server/share/map_server/launch/map_server_launch.py
[3.136s] -- Symlinking: /home/suke/chicken_core/install/map_server/share/map_server/launch/map_server_launch.xml
[3.136s] -- Symlinking: /home/suke/chicken_core/install/map_server/share/map_server/map/map.png
[3.136s] -- Symlinking: /home/suke/chicken_core/install/map_server/share/map_server/map/map.yaml
[3.136s] -- Symlinking: /home/suke/chicken_core/install/map_server/share/map_server/map/map_server_params.yaml
[3.136s] -- Symlinking: /home/suke/chicken_core/install/map_server/share/ament_index/resource_index/package_run_dependencies/map_server
[3.136s] -- Symlinking: /home/suke/chicken_core/install/map_server/share/ament_index/resource_index/parent_prefix_path/map_server
[3.137s] -- Symlinking: /home/suke/chicken_core/install/map_server/share/map_server/environment/ament_prefix_path.sh
[3.137s] -- Symlinking: /home/suke/chicken_core/install/map_server/share/map_server/environment/ament_prefix_path.dsv
[3.137s] -- Symlinking: /home/suke/chicken_core/install/map_server/share/map_server/environment/path.sh
[3.137s] -- Symlinking: /home/suke/chicken_core/install/map_server/share/map_server/environment/path.dsv
[3.137s] -- Symlinking: /home/suke/chicken_core/install/map_server/share/map_server/local_setup.bash
[3.137s] -- Symlinking: /home/suke/chicken_core/install/map_server/share/map_server/local_setup.sh
[3.137s] -- Symlinking: /home/suke/chicken_core/install/map_server/share/map_server/local_setup.zsh
[3.137s] -- Symlinking: /home/suke/chicken_core/install/map_server/share/map_server/local_setup.dsv
[3.137s] -- Symlinking: /home/suke/chicken_core/install/map_server/share/map_server/package.dsv
[3.137s] -- Symlinking: /home/suke/chicken_core/install/map_server/share/ament_index/resource_index/packages/map_server
[3.138s] -- Symlinking: /home/suke/chicken_core/install/map_server/share/map_server/cmake/map_serverConfig.cmake
[3.138s] -- Symlinking: /home/suke/chicken_core/install/map_server/share/map_server/cmake/map_serverConfig-version.cmake
[3.138s] -- Symlinking: /home/suke/chicken_core/install/map_server/share/map_server/package.xml
[3.140s] Invoked command in '/home/suke/chicken_core/build/map_server' returned '0': CMAKE_PREFIX_PATH=${CMAKE_PREFIX_PATH}:/home/suke/ouxt_automation/robotx_ws/install/opencv_tests:/home/suke/ouxt_automation/robotx_ws/install/detic_onnx_ros2:/opt/ros/humble /usr/bin/cmake --install /home/suke/chicken_core/build/map_server
