[0.021s] Invoking command in '/home/suke/chicken_core/build/ekf_localization': CMAKE_PREFIX_PATH=${CMAKE_PREFIX_PATH}:/home/suke/chicken_core/install/wheelbot_control:/home/suke/chicken_core/install/sensor_bringup:/home/suke/chicken_core/install/joy_translate:/home/suke/Documents/microros_ws/install/sensor_msgs_py:/home/suke/ouxt_automation/robotx_ws/install/opencv_tests:/home/suke/ouxt_automation/robotx_ws/install/detic_onnx_ros2:/opt/ros/humble /usr/bin/cmake --build /home/suke/chicken_core/build/ekf_localization -- -j12 -l12
[0.109s] [100%] Built target ekf_localization_component
[0.124s] Invoked command in '/home/suke/chicken_core/build/ekf_localization' returned '0': CMAKE_PREFIX_PATH=${CMAKE_PREFIX_PATH}:/home/suke/chicken_core/install/wheelbot_control:/home/suke/chicken_core/install/sensor_bringup:/home/suke/chicken_core/install/joy_translate:/home/suke/Documents/microros_ws/install/sensor_msgs_py:/home/suke/ouxt_automation/robotx_ws/install/opencv_tests:/home/suke/ouxt_automation/robotx_ws/install/detic_onnx_ros2:/opt/ros/humble /usr/bin/cmake --build /home/suke/chicken_core/build/ekf_localization -- -j12 -l12
[0.192s] Invoking command in '/home/suke/chicken_core/build/ekf_localization': CMAKE_PREFIX_PATH=${CMAKE_PREFIX_PATH}:/home/suke/chicken_core/install/wheelbot_control:/home/suke/chicken_core/install/sensor_bringup:/home/suke/chicken_core/install/joy_translate:/home/suke/Documents/microros_ws/install/sensor_msgs_py:/home/suke/ouxt_automation/robotx_ws/install/opencv_tests:/home/suke/ouxt_automation/robotx_ws/install/detic_onnx_ros2:/opt/ros/humble /usr/bin/cmake --install /home/suke/chicken_core/build/ekf_localization
[0.204s] -- Install configuration: ""
[0.204s] -- Up-to-date: /home/suke/chicken_core/install/ekf_localization/include
[0.204s] -- Up-to-date: /home/suke/chicken_core/install/ekf_localization/include/ekf_localization
[0.204s] -- Up-to-date: /home/suke/chicken_core/install/ekf_localization/include/ekf_localization/ekf_localization_component.hpp
[0.204s] -- Up-to-date: /home/suke/chicken_core/install/ekf_localization/share/ekf_localization//launch
[0.204s] -- Up-to-date: /home/suke/chicken_core/install/ekf_localization/share/ekf_localization//launch/ekf_localization_launch.xml
[0.204s] -- Up-to-date: /home/suke/chicken_core/install/ekf_localization/share/ekf_localization//config
[0.204s] -- Installing: /home/suke/chicken_core/install/ekf_localization/share/ekf_localization//config/ekf.yaml
[0.204s] -- Up-to-date: /home/suke/chicken_core/install/ekf_localization/include
[0.205s] -- Up-to-date: /home/suke/chicken_core/install/ekf_localization/include/ekf_localization
[0.205s] -- Up-to-date: /home/suke/chicken_core/install/ekf_localization/include/ekf_localization/ekf_localization_component.hpp
[0.205s] -- Up-to-date: /home/suke/chicken_core/install/ekf_localization/share/ekf_localization/environment/library_path.sh
[0.205s] -- Up-to-date: /home/suke/chicken_core/install/ekf_localization/share/ekf_localization/environment/library_path.dsv
[0.205s] -- Up-to-date: /home/suke/chicken_core/install/ekf_localization/lib/libekf_localization_component.so
[0.205s] -- Up-to-date: /home/suke/chicken_core/install/ekf_localization/share/ament_index/resource_index/package_run_dependencies/ekf_localization
[0.205s] -- Up-to-date: /home/suke/chicken_core/install/ekf_localization/share/ament_index/resource_index/parent_prefix_path/ekf_localization
[0.205s] -- Up-to-date: /home/suke/chicken_core/install/ekf_localization/share/ekf_localization/environment/ament_prefix_path.sh
[0.205s] -- Up-to-date: /home/suke/chicken_core/install/ekf_localization/share/ekf_localization/environment/ament_prefix_path.dsv
[0.205s] -- Up-to-date: /home/suke/chicken_core/install/ekf_localization/share/ekf_localization/environment/path.sh
[0.205s] -- Up-to-date: /home/suke/chicken_core/install/ekf_localization/share/ekf_localization/environment/path.dsv
[0.205s] -- Up-to-date: /home/suke/chicken_core/install/ekf_localization/share/ekf_localization/local_setup.bash
[0.205s] -- Up-to-date: /home/suke/chicken_core/install/ekf_localization/share/ekf_localization/local_setup.sh
[0.205s] -- Up-to-date: /home/suke/chicken_core/install/ekf_localization/share/ekf_localization/local_setup.zsh
[0.205s] -- Up-to-date: /home/suke/chicken_core/install/ekf_localization/share/ekf_localization/local_setup.dsv
[0.206s] -- Up-to-date: /home/suke/chicken_core/install/ekf_localization/share/ekf_localization/package.dsv
[0.206s] -- Up-to-date: /home/suke/chicken_core/install/ekf_localization/share/ament_index/resource_index/packages/ekf_localization
[0.206s] -- Up-to-date: /home/suke/chicken_core/install/ekf_localization/share/ament_index/resource_index/rclcpp_components/ekf_localization
[0.206s] -- Up-to-date: /home/suke/chicken_core/install/ekf_localization/share/ekf_localization/cmake/ament_cmake_export_dependencies-extras.cmake
[0.206s] -- Up-to-date: /home/suke/chicken_core/install/ekf_localization/share/ekf_localization/cmake/ament_cmake_export_include_directories-extras.cmake
[0.206s] -- Up-to-date: /home/suke/chicken_core/install/ekf_localization/share/ekf_localization/cmake/ament_cmake_export_libraries-extras.cmake
[0.206s] -- Up-to-date: /home/suke/chicken_core/install/ekf_localization/share/ekf_localization/cmake/ekf_localizationConfig.cmake
[0.206s] -- Up-to-date: /home/suke/chicken_core/install/ekf_localization/share/ekf_localization/cmake/ekf_localizationConfig-version.cmake
[0.206s] -- Up-to-date: /home/suke/chicken_core/install/ekf_localization/share/ekf_localization/package.xml
[0.207s] Invoked command in '/home/suke/chicken_core/build/ekf_localization' returned '0': CMAKE_PREFIX_PATH=${CMAKE_PREFIX_PATH}:/home/suke/chicken_core/install/wheelbot_control:/home/suke/chicken_core/install/sensor_bringup:/home/suke/chicken_core/install/joy_translate:/home/suke/Documents/microros_ws/install/sensor_msgs_py:/home/suke/ouxt_automation/robotx_ws/install/opencv_tests:/home/suke/ouxt_automation/robotx_ws/install/detic_onnx_ros2:/opt/ros/humble /usr/bin/cmake --install /home/suke/chicken_core/build/ekf_localization
