[0.824s] Invoking command in '/home/suke/chicken_core/build/ydlidar_ros2_driver': CMAKE_PREFIX_PATH=${CMAKE_PREFIX_PATH}:/home/suke/chicken_core/install/wheelbot_control:/home/suke/chicken_core/install/sensor_bringup:/home/suke/chicken_core/install/joy_translate:/home/suke/ouxt_automation/robotx_ws/install/opencv_tests:/home/suke/ouxt_automation/robotx_ws/install/detic_onnx_ros2:/opt/ros/humble /usr/bin/cmake --build /home/suke/chicken_core/build/ydlidar_ros2_driver -- -j12 -l12
[0.897s] [35m[1mConsolidate compiler generated dependencies of target ydlidar_ros2_driver_node[0m
[0.898s] [35m[1mConsolidate compiler generated dependencies of target ydlidar_ros2_driver_client[0m
[0.939s] [ 50%] Built target ydlidar_ros2_driver_client
[0.939s] [100%] Built target ydlidar_ros2_driver_node
[0.987s] Invoked command in '/home/suke/chicken_core/build/ydlidar_ros2_driver' returned '0': CMAKE_PREFIX_PATH=${CMAKE_PREFIX_PATH}:/home/suke/chicken_core/install/wheelbot_control:/home/suke/chicken_core/install/sensor_bringup:/home/suke/chicken_core/install/joy_translate:/home/suke/ouxt_automation/robotx_ws/install/opencv_tests:/home/suke/ouxt_automation/robotx_ws/install/detic_onnx_ros2:/opt/ros/humble /usr/bin/cmake --build /home/suke/chicken_core/build/ydlidar_ros2_driver -- -j12 -l12
[1.090s] Invoking command in '/home/suke/chicken_core/build/ydlidar_ros2_driver': CMAKE_PREFIX_PATH=${CMAKE_PREFIX_PATH}:/home/suke/chicken_core/install/wheelbot_control:/home/suke/chicken_core/install/sensor_bringup:/home/suke/chicken_core/install/joy_translate:/home/suke/ouxt_automation/robotx_ws/install/opencv_tests:/home/suke/ouxt_automation/robotx_ws/install/detic_onnx_ros2:/opt/ros/humble /usr/bin/cmake --install /home/suke/chicken_core/build/ydlidar_ros2_driver
[1.099s] -- Install configuration: ""
[1.101s] -- Execute custom install script
[1.101s] -- Up-to-date symlink: /home/suke/chicken_core/install/ydlidar_ros2_driver/lib/ydlidar_ros2_driver/ydlidar_ros2_driver_node
[1.101s] -- Up-to-date symlink: /home/suke/chicken_core/install/ydlidar_ros2_driver/lib/ydlidar_ros2_driver/ydlidar_ros2_driver_client
[1.102s] -- Up-to-date symlink: /home/suke/chicken_core/install/ydlidar_ros2_driver/share/ydlidar_ros2_driver/launch/ydlidar.py
[1.102s] -- Up-to-date symlink: /home/suke/chicken_core/install/ydlidar_ros2_driver/share/ydlidar_ros2_driver/launch/ydlidar_launch.py
[1.102s] -- Up-to-date symlink: /home/suke/chicken_core/install/ydlidar_ros2_driver/share/ydlidar_ros2_driver/launch/ydlidar_launch_view.py
[1.103s] -- Up-to-date symlink: /home/suke/chicken_core/install/ydlidar_ros2_driver/share/ydlidar_ros2_driver/params/G1.yaml
[1.104s] -- Up-to-date symlink: /home/suke/chicken_core/install/ydlidar_ros2_driver/share/ydlidar_ros2_driver/params/G2.yaml
[1.104s] -- Up-to-date symlink: /home/suke/chicken_core/install/ydlidar_ros2_driver/share/ydlidar_ros2_driver/params/G6.yaml
[1.104s] -- Up-to-date symlink: /home/suke/chicken_core/install/ydlidar_ros2_driver/share/ydlidar_ros2_driver/params/GS2.yaml
[1.104s] -- Up-to-date symlink: /home/suke/chicken_core/install/ydlidar_ros2_driver/share/ydlidar_ros2_driver/params/TEA.yaml
[1.104s] -- Up-to-date symlink: /home/suke/chicken_core/install/ydlidar_ros2_driver/share/ydlidar_ros2_driver/params/TG.yaml
[1.104s] -- Up-to-date symlink: /home/suke/chicken_core/install/ydlidar_ros2_driver/share/ydlidar_ros2_driver/params/TminiPro.yaml
[1.104s] -- Up-to-date symlink: /home/suke/chicken_core/install/ydlidar_ros2_driver/share/ydlidar_ros2_driver/params/X2.yaml
[1.104s] -- Up-to-date symlink: /home/suke/chicken_core/install/ydlidar_ros2_driver/share/ydlidar_ros2_driver/params/X4-Pro.yaml
[1.104s] -- Up-to-date symlink: /home/suke/chicken_core/install/ydlidar_ros2_driver/share/ydlidar_ros2_driver/params/X4.yaml
[1.104s] -- Up-to-date symlink: /home/suke/chicken_core/install/ydlidar_ros2_driver/share/ydlidar_ros2_driver/params/ydlidar.yaml
[1.104s] -- Up-to-date symlink: /home/suke/chicken_core/install/ydlidar_ros2_driver/share/ydlidar_ros2_driver/startup/initenv.sh
[1.104s] -- Up-to-date symlink: /home/suke/chicken_core/install/ydlidar_ros2_driver/share/ydlidar_ros2_driver/config/ydlidar.rviz
[1.105s] -- Up-to-date symlink: /home/suke/chicken_core/install/ydlidar_ros2_driver/share/ament_index/resource_index/package_run_dependencies/ydlidar_ros2_driver
[1.105s] -- Up-to-date symlink: /home/suke/chicken_core/install/ydlidar_ros2_driver/share/ament_index/resource_index/parent_prefix_path/ydlidar_ros2_driver
[1.105s] -- Up-to-date symlink: /home/suke/chicken_core/install/ydlidar_ros2_driver/share/ydlidar_ros2_driver/environment/ament_prefix_path.sh
[1.108s] -- Up-to-date symlink: /home/suke/chicken_core/install/ydlidar_ros2_driver/share/ydlidar_ros2_driver/environment/ament_prefix_path.dsv
[1.108s] -- Up-to-date symlink: /home/suke/chicken_core/install/ydlidar_ros2_driver/share/ydlidar_ros2_driver/environment/path.sh
[1.108s] -- Up-to-date symlink: /home/suke/chicken_core/install/ydlidar_ros2_driver/share/ydlidar_ros2_driver/environment/path.dsv
[1.109s] -- Up-to-date symlink: /home/suke/chicken_core/install/ydlidar_ros2_driver/share/ydlidar_ros2_driver/local_setup.bash
[1.109s] -- Up-to-date symlink: /home/suke/chicken_core/install/ydlidar_ros2_driver/share/ydlidar_ros2_driver/local_setup.sh
[1.109s] -- Up-to-date symlink: /home/suke/chicken_core/install/ydlidar_ros2_driver/share/ydlidar_ros2_driver/local_setup.zsh
[1.109s] -- Up-to-date symlink: /home/suke/chicken_core/install/ydlidar_ros2_driver/share/ydlidar_ros2_driver/local_setup.dsv
[1.109s] -- Symlinking: /home/suke/chicken_core/install/ydlidar_ros2_driver/share/ydlidar_ros2_driver/package.dsv
[1.120s] -- Up-to-date symlink: /home/suke/chicken_core/install/ydlidar_ros2_driver/share/ament_index/resource_index/packages/ydlidar_ros2_driver
[1.121s] -- Up-to-date symlink: /home/suke/chicken_core/install/ydlidar_ros2_driver/share/ydlidar_ros2_driver/cmake/ydlidar_ros2_driverConfig.cmake
[1.121s] -- Up-to-date symlink: /home/suke/chicken_core/install/ydlidar_ros2_driver/share/ydlidar_ros2_driver/cmake/ydlidar_ros2_driverConfig-version.cmake
[1.121s] -- Up-to-date symlink: /home/suke/chicken_core/install/ydlidar_ros2_driver/share/ydlidar_ros2_driver/package.xml
[1.134s] Invoked command in '/home/suke/chicken_core/build/ydlidar_ros2_driver' returned '0': CMAKE_PREFIX_PATH=${CMAKE_PREFIX_PATH}:/home/suke/chicken_core/install/wheelbot_control:/home/suke/chicken_core/install/sensor_bringup:/home/suke/chicken_core/install/joy_translate:/home/suke/ouxt_automation/robotx_ws/install/opencv_tests:/home/suke/ouxt_automation/robotx_ws/install/detic_onnx_ros2:/opt/ros/humble /usr/bin/cmake --install /home/suke/chicken_core/build/ydlidar_ros2_driver
