/home/suke/.local/lib/python3.10/site-packages/setuptools/_distutils/dist.py:268: UserWarning: Unknown distribution option: 'tests_require'
  warnings.warn(msg)
running egg_info
writing ../../../build/wheelbot_control/wheelbot_control.egg-info/PKG-INFO
writing dependency_links to ../../../build/wheelbot_control/wheelbot_control.egg-info/dependency_links.txt
writing entry points to ../../../build/wheelbot_control/wheelbot_control.egg-info/entry_points.txt
writing requirements to ../../../build/wheelbot_control/wheelbot_control.egg-info/requires.txt
writing top-level names to ../../../build/wheelbot_control/wheelbot_control.egg-info/top_level.txt
reading manifest file '../../../build/wheelbot_control/wheelbot_control.egg-info/SOURCES.txt'
adding license file 'LICENSE'
writing manifest file '../../../build/wheelbot_control/wheelbot_control.egg-info/SOURCES.txt'
running build
running build_py
copying wheelbot_control/wheelbot_control_node.py -> /home/suke/chicken_core/build/wheelbot_control/build/lib/wheelbot_control
running install
running install_lib
copying /home/suke/chicken_core/build/wheelbot_control/build/lib/wheelbot_control/wheelbot_control_node.py -> /home/suke/chicken_core/install/wheelbot_control/lib/python3.10/site-packages/wheelbot_control
byte-compiling /home/suke/chicken_core/install/wheelbot_control/lib/python3.10/site-packages/wheelbot_control/wheelbot_control_node.py to wheelbot_control_node.cpython-310.pyc
running install_data
running install_egg_info
removing '/home/suke/chicken_core/install/wheelbot_control/lib/python3.10/site-packages/wheelbot_control-0.0.0-py3.10.egg-info' (and everything under it)
Copying ../../../build/wheelbot_control/wheelbot_control.egg-info to /home/suke/chicken_core/install/wheelbot_control/lib/python3.10/site-packages/wheelbot_control-0.0.0-py3.10.egg-info
running install_scripts
Installing wheelbot_control_node script to /home/suke/chicken_core/install/wheelbot_control/lib/wheelbot_control
writing list of installed files to '/home/suke/chicken_core/build/wheelbot_control/install.log'
