[1.120s] Invoking command in '/home/suke/chicken_core/src/control/wheelbot_control': PYTHONPATH=/home/suke/chicken_core/build/wheelbot_control/prefix_override:/usr/lib/python3/dist-packages/colcon_core/task/python/colcon_distutils_commands:/home/suke/chicken_core/install/wheelbot_control/lib/python3.10/site-packages:${PYTHONPATH} /usr/bin/python3 -W ignore:setup.py install is deprecated setup.py egg_info --egg-base ../../../build/wheelbot_control build --build-base /home/suke/chicken_core/build/wheelbot_control/build install --record /home/suke/chicken_core/build/wheelbot_control/install.log --single-version-externally-managed install_data
[1.334s] /home/suke/.local/lib/python3.10/site-packages/setuptools/_distutils/dist.py:268: UserWarning: Unknown distribution option: 'tests_require'
[1.334s]   warnings.warn(msg)
[1.480s] running egg_info
[1.504s] writing ../../../build/wheelbot_control/wheelbot_control.egg-info/PKG-INFO
[1.504s] writing dependency_links to ../../../build/wheelbot_control/wheelbot_control.egg-info/dependency_links.txt
[1.504s] writing entry points to ../../../build/wheelbot_control/wheelbot_control.egg-info/entry_points.txt
[1.505s] writing requirements to ../../../build/wheelbot_control/wheelbot_control.egg-info/requires.txt
[1.505s] writing top-level names to ../../../build/wheelbot_control/wheelbot_control.egg-info/top_level.txt
[1.554s] reading manifest file '../../../build/wheelbot_control/wheelbot_control.egg-info/SOURCES.txt'
[1.555s] adding license file 'LICENSE'
[1.555s] writing manifest file '../../../build/wheelbot_control/wheelbot_control.egg-info/SOURCES.txt'
[1.556s] running build
[1.556s] running build_py
[1.556s] copying wheelbot_control/wheelbot_control_node.py -> /home/suke/chicken_core/build/wheelbot_control/build/lib/wheelbot_control
[1.556s] running install
[1.561s] running install_lib
[1.585s] copying /home/suke/chicken_core/build/wheelbot_control/build/lib/wheelbot_control/wheelbot_control_node.py -> /home/suke/chicken_core/install/wheelbot_control/lib/python3.10/site-packages/wheelbot_control
[1.585s] byte-compiling /home/suke/chicken_core/install/wheelbot_control/lib/python3.10/site-packages/wheelbot_control/wheelbot_control_node.py to wheelbot_control_node.cpython-310.pyc
[1.587s] running install_data
[1.587s] running install_egg_info
[1.613s] removing '/home/suke/chicken_core/install/wheelbot_control/lib/python3.10/site-packages/wheelbot_control-0.0.0-py3.10.egg-info' (and everything under it)
[1.613s] Copying ../../../build/wheelbot_control/wheelbot_control.egg-info to /home/suke/chicken_core/install/wheelbot_control/lib/python3.10/site-packages/wheelbot_control-0.0.0-py3.10.egg-info
[1.614s] running install_scripts
[1.818s] Installing wheelbot_control_node script to /home/suke/chicken_core/install/wheelbot_control/lib/wheelbot_control
[1.818s] writing list of installed files to '/home/suke/chicken_core/build/wheelbot_control/install.log'
[1.842s] Invoked command in '/home/suke/chicken_core/src/control/wheelbot_control' returned '0': PYTHONPATH=/home/suke/chicken_core/build/wheelbot_control/prefix_override:/usr/lib/python3/dist-packages/colcon_core/task/python/colcon_distutils_commands:/home/suke/chicken_core/install/wheelbot_control/lib/python3.10/site-packages:${PYTHONPATH} /usr/bin/python3 -W ignore:setup.py install is deprecated setup.py egg_info --egg-base ../../../build/wheelbot_control build --build-base /home/suke/chicken_core/build/wheelbot_control/build install --record /home/suke/chicken_core/build/wheelbot_control/install.log --single-version-externally-managed install_data
