[0.089s] Invoking command in '/home/suke/chicken_core/build/chicken_utils': CMAKE_PREFIX_PATH=${CMAKE_PREFIX_PATH}:/home/suke/ouxt_automation/robotx_ws/install/opencv_tests:/home/suke/ouxt_automation/robotx_ws/install/detic_onnx_ros2:/opt/ros/humble /usr/bin/cmake /home/suke/chicken_core/src/core/chicken_utils -DAMENT_CMAKE_SYMLINK_INSTALL=1 -DCMAKE_INSTALL_PREFIX=/home/suke/chicken_core/install/chicken_utils
[1.068s] -- The C compiler identification is GNU 11.4.0
[1.069s] -- The CXX compiler identification is GNU 11.4.0
[1.069s] -- Detecting C compiler ABI info
[1.069s] -- Detecting C compiler ABI info - done
[1.069s] -- Check for working C compiler: /usr/lib/ccache/gcc - skipped
[1.069s] -- Detecting C compile features
[1.069s] -- Detecting C compile features - done
[1.069s] -- Detecting CXX compiler ABI info
[1.070s] -- Detecting CXX compiler ABI info - done
[1.070s] -- Check for working CXX compiler: /usr/lib/ccache/g++ - skipped
[1.070s] -- Detecting CXX compile features
[1.070s] -- Detecting CXX compile features - done
[1.070s] -- Found ament_cmake_auto: 1.3.10 (/opt/ros/humble/share/ament_cmake_auto/cmake)
[1.173s] -- Found Python3: /usr/bin/python3 (found version "3.10.12") found components: Interpreter 
[1.280s] -- Override CMake install command with custom implementation using symlinks instead of copying resources
[1.711s] -- Found rosidl_generator_c: 3.1.5 (/opt/ros/humble/share/rosidl_generator_c/cmake)
[1.732s] -- Found rosidl_adapter: 3.1.5 (/opt/ros/humble/share/rosidl_adapter/cmake)
[1.759s] -- Found rosidl_generator_cpp: 3.1.5 (/opt/ros/humble/share/rosidl_generator_cpp/cmake)
[1.797s] -- Using all available rosidl_typesupport_c: rosidl_typesupport_fastrtps_c;rosidl_typesupport_introspection_c
[1.848s] -- Using all available rosidl_typesupport_cpp: rosidl_typesupport_fastrtps_cpp;rosidl_typesupport_introspection_cpp
[1.995s] -- Found rmw_implementation_cmake: 6.1.2 (/opt/ros/humble/share/rmw_implementation_cmake/cmake)
[2.008s] -- Found rmw_cyclonedds_cpp: 1.3.4 (/opt/ros/humble/share/rmw_cyclonedds_cpp/cmake)
[2.085s] -- Using RMW implementation 'rmw_cyclonedds_cpp' as default
[2.120s] -- Looking for pthread.h
[2.226s] -- Looking for pthread.h - found
[2.226s] -- Performing Test CMAKE_HAVE_LIBC_PTHREAD
[2.343s] -- Performing Test CMAKE_HAVE_LIBC_PTHREAD - Success
[2.345s] -- Found Threads: TRUE  
[2.896s] -- Found eigen3_cmake_module: 0.1.1 (/opt/ros/humble/share/eigen3_cmake_module/cmake)
[2.898s] -- Found Eigen3: TRUE (found version "3.4.0") 
[2.898s] -- Ensuring Eigen3 include directory is part of orocos-kdl CMake target
[2.943s] -- Found ament_lint_auto: 0.12.11 (/opt/ros/humble/share/ament_lint_auto/cmake)
[3.031s] -- Added test 'copyright' to check source files copyright and LICENSE
[3.032s] -- Added test 'cppcheck' to perform static code analysis on C / C++ code
[3.032s] -- Configured cppcheck include dirs: /home/suke/chicken_core/src/core/chicken_utils/include
[3.032s] -- Configured cppcheck exclude dirs and/or files: 
[3.034s] -- Added test 'cpplint' to check C / C++ code against the Google style
[3.034s] -- Configured cpplint exclude dirs and/or files: 
[3.035s] -- Added test 'lint_cmake' to check CMake code style
[3.037s] -- Added test 'uncrustify' to check C / C++ code style
[3.037s] -- Configured uncrustify additional arguments: 
[3.038s] -- Added test 'xmllint' to check XML markup files
[3.045s] -- Configuring done
[3.060s] -- Generating done
[3.063s] -- Build files have been written to: /home/suke/chicken_core/build/chicken_utils
[3.074s] Invoked command in '/home/suke/chicken_core/build/chicken_utils' returned '0': CMAKE_PREFIX_PATH=${CMAKE_PREFIX_PATH}:/home/suke/ouxt_automation/robotx_ws/install/opencv_tests:/home/suke/ouxt_automation/robotx_ws/install/detic_onnx_ros2:/opt/ros/humble /usr/bin/cmake /home/suke/chicken_core/src/core/chicken_utils -DAMENT_CMAKE_SYMLINK_INSTALL=1 -DCMAKE_INSTALL_PREFIX=/home/suke/chicken_core/install/chicken_utils
[3.075s] Invoking command in '/home/suke/chicken_core/build/chicken_utils': CMAKE_PREFIX_PATH=${CMAKE_PREFIX_PATH}:/home/suke/ouxt_automation/robotx_ws/install/opencv_tests:/home/suke/ouxt_automation/robotx_ws/install/detic_onnx_ros2:/opt/ros/humble /usr/bin/cmake --build /home/suke/chicken_core/build/chicken_utils -- -j12 -l12
[3.182s] [ 50%] [32mBuilding CXX object CMakeFiles/quaternion_utils.dir/src/quaternion_utils.cpp.o[0m
[3.404s] [100%] [32m[1mLinking CXX shared library libquaternion_utils.so[0m
[3.903s] [100%] Built target quaternion_utils
[3.934s] Invoked command in '/home/suke/chicken_core/build/chicken_utils' returned '0': CMAKE_PREFIX_PATH=${CMAKE_PREFIX_PATH}:/home/suke/ouxt_automation/robotx_ws/install/opencv_tests:/home/suke/ouxt_automation/robotx_ws/install/detic_onnx_ros2:/opt/ros/humble /usr/bin/cmake --build /home/suke/chicken_core/build/chicken_utils -- -j12 -l12
[4.039s] Invoking command in '/home/suke/chicken_core/build/chicken_utils': CMAKE_PREFIX_PATH=${CMAKE_PREFIX_PATH}:/home/suke/ouxt_automation/robotx_ws/install/opencv_tests:/home/suke/ouxt_automation/robotx_ws/install/detic_onnx_ros2:/opt/ros/humble /usr/bin/cmake --install /home/suke/chicken_core/build/chicken_utils
[4.054s] -- Install configuration: ""
[4.054s] -- Execute custom install script
[4.055s] -- Symlinking: /home/suke/chicken_core/install/chicken_utils/include/chicken_utils/quaternion_utils.hpp
[4.075s] -- Symlinking: /home/suke/chicken_core/install/chicken_utils/share/chicken_utils/environment/library_path.sh
[4.096s] -- Symlinking: /home/suke/chicken_core/install/chicken_utils/share/chicken_utils/environment/library_path.dsv
[4.117s] -- Symlinking: /home/suke/chicken_core/install/chicken_utils/lib/libquaternion_utils.so
[4.140s] -- Symlinking: /home/suke/chicken_core/install/chicken_utils/share/ament_index/resource_index/package_run_dependencies/chicken_utils
[4.164s] -- Symlinking: /home/suke/chicken_core/install/chicken_utils/share/ament_index/resource_index/parent_prefix_path/chicken_utils
[4.184s] -- Symlinking: /home/suke/chicken_core/install/chicken_utils/share/chicken_utils/environment/ament_prefix_path.sh
[4.203s] -- Symlinking: /home/suke/chicken_core/install/chicken_utils/share/chicken_utils/environment/ament_prefix_path.dsv
[4.225s] -- Symlinking: /home/suke/chicken_core/install/chicken_utils/share/chicken_utils/environment/path.sh
[4.250s] -- Symlinking: /home/suke/chicken_core/install/chicken_utils/share/chicken_utils/environment/path.dsv
[4.275s] -- Symlinking: /home/suke/chicken_core/install/chicken_utils/share/chicken_utils/local_setup.bash
[4.302s] -- Symlinking: /home/suke/chicken_core/install/chicken_utils/share/chicken_utils/local_setup.sh
[4.330s] -- Symlinking: /home/suke/chicken_core/install/chicken_utils/share/chicken_utils/local_setup.zsh
[4.359s] -- Symlinking: /home/suke/chicken_core/install/chicken_utils/share/chicken_utils/local_setup.dsv
[4.391s] -- Symlinking: /home/suke/chicken_core/install/chicken_utils/share/chicken_utils/package.dsv
[4.420s] -- Symlinking: /home/suke/chicken_core/install/chicken_utils/share/ament_index/resource_index/packages/chicken_utils
[4.451s] -- Symlinking: /home/suke/chicken_core/install/chicken_utils/share/chicken_utils/cmake/ament_cmake_export_dependencies-extras.cmake
[4.474s] -- Symlinking: /home/suke/chicken_core/install/chicken_utils/share/chicken_utils/cmake/ament_cmake_export_include_directories-extras.cmake
[4.500s] -- Symlinking: /home/suke/chicken_core/install/chicken_utils/share/chicken_utils/cmake/ament_cmake_export_libraries-extras.cmake
[4.527s] -- Symlinking: /home/suke/chicken_core/install/chicken_utils/share/chicken_utils/cmake/chicken_utilsConfig.cmake
[4.551s] -- Symlinking: /home/suke/chicken_core/install/chicken_utils/share/chicken_utils/cmake/chicken_utilsConfig-version.cmake
[4.573s] -- Symlinking: /home/suke/chicken_core/install/chicken_utils/share/chicken_utils/package.xml
[4.602s] Invoked command in '/home/suke/chicken_core/build/chicken_utils' returned '0': CMAKE_PREFIX_PATH=${CMAKE_PREFIX_PATH}:/home/suke/ouxt_automation/robotx_ws/install/opencv_tests:/home/suke/ouxt_automation/robotx_ws/install/detic_onnx_ros2:/opt/ros/humble /usr/bin/cmake --install /home/suke/chicken_core/build/chicken_utils
