[0.022s] Invoking command in '/home/suke/chicken_core/build/chicken_utils': CMAKE_PREFIX_PATH=${CMAKE_PREFIX_PATH}:/home/suke/chicken_core/install/wheelbot_control:/home/suke/chicken_core/install/sensor_bringup:/home/suke/chicken_core/install/planner_bringup:/home/suke/chicken_core/install/localization_bringup:/home/suke/chicken_core/install/joy_translate:/home/suke/Documents/microros_ws/install/sensor_msgs_py:/home/suke/ouxt_automation/robotx_ws/install/opencv_tests:/home/suke/ouxt_automation/robotx_ws/install/detic_onnx_ros2:/opt/ros/humble /usr/bin/cmake --build /home/suke/chicken_core/build/chicken_utils -- -j12 -l12
[0.180s] [100%] Built target quaternion_utils
[0.194s] Invoked command in '/home/suke/chicken_core/build/chicken_utils' returned '0': CMAKE_PREFIX_PATH=${CMAKE_PREFIX_PATH}:/home/suke/chicken_core/install/wheelbot_control:/home/suke/chicken_core/install/sensor_bringup:/home/suke/chicken_core/install/planner_bringup:/home/suke/chicken_core/install/localization_bringup:/home/suke/chicken_core/install/joy_translate:/home/suke/Documents/microros_ws/install/sensor_msgs_py:/home/suke/ouxt_automation/robotx_ws/install/opencv_tests:/home/suke/ouxt_automation/robotx_ws/install/detic_onnx_ros2:/opt/ros/humble /usr/bin/cmake --build /home/suke/chicken_core/build/chicken_utils -- -j12 -l12
[0.269s] Invoking command in '/home/suke/chicken_core/build/chicken_utils': CMAKE_PREFIX_PATH=${CMAKE_PREFIX_PATH}:/home/suke/chicken_core/install/wheelbot_control:/home/suke/chicken_core/install/sensor_bringup:/home/suke/chicken_core/install/planner_bringup:/home/suke/chicken_core/install/localization_bringup:/home/suke/chicken_core/install/joy_translate:/home/suke/Documents/microros_ws/install/sensor_msgs_py:/home/suke/ouxt_automation/robotx_ws/install/opencv_tests:/home/suke/ouxt_automation/robotx_ws/install/detic_onnx_ros2:/opt/ros/humble /usr/bin/cmake --install /home/suke/chicken_core/build/chicken_utils
[0.285s] -- Install configuration: ""
[0.286s] -- Execute custom install script
[0.288s] -- Up-to-date symlink: /home/suke/chicken_core/install/chicken_utils/include/chicken_utils/quaternion_utils.hpp
[0.288s] -- Up-to-date symlink: /home/suke/chicken_core/install/chicken_utils/share/chicken_utils/environment/library_path.sh
[0.289s] -- Up-to-date symlink: /home/suke/chicken_core/install/chicken_utils/share/chicken_utils/environment/library_path.dsv
[0.289s] -- Up-to-date symlink: /home/suke/chicken_core/install/chicken_utils/lib/libquaternion_utils.so
[0.289s] -- Up-to-date symlink: /home/suke/chicken_core/install/chicken_utils/share/ament_index/resource_index/package_run_dependencies/chicken_utils
[0.290s] -- Up-to-date symlink: /home/suke/chicken_core/install/chicken_utils/share/ament_index/resource_index/parent_prefix_path/chicken_utils
[0.290s] -- Up-to-date symlink: /home/suke/chicken_core/install/chicken_utils/share/chicken_utils/environment/ament_prefix_path.sh
[0.290s] -- Up-to-date symlink: /home/suke/chicken_core/install/chicken_utils/share/chicken_utils/environment/ament_prefix_path.dsv
[0.290s] -- Up-to-date symlink: /home/suke/chicken_core/install/chicken_utils/share/chicken_utils/environment/path.sh
[0.291s] -- Up-to-date symlink: /home/suke/chicken_core/install/chicken_utils/share/chicken_utils/environment/path.dsv
[0.291s] -- Up-to-date symlink: /home/suke/chicken_core/install/chicken_utils/share/chicken_utils/local_setup.bash
[0.291s] -- Up-to-date symlink: /home/suke/chicken_core/install/chicken_utils/share/chicken_utils/local_setup.sh
[0.291s] -- Up-to-date symlink: /home/suke/chicken_core/install/chicken_utils/share/chicken_utils/local_setup.zsh
[0.291s] -- Up-to-date symlink: /home/suke/chicken_core/install/chicken_utils/share/chicken_utils/local_setup.dsv
[0.291s] -- Symlinking: /home/suke/chicken_core/install/chicken_utils/share/chicken_utils/package.dsv
[0.304s] -- Up-to-date symlink: /home/suke/chicken_core/install/chicken_utils/share/ament_index/resource_index/packages/chicken_utils
[0.304s] -- Up-to-date symlink: /home/suke/chicken_core/install/chicken_utils/share/chicken_utils/cmake/ament_cmake_export_dependencies-extras.cmake
[0.305s] -- Up-to-date symlink: /home/suke/chicken_core/install/chicken_utils/share/chicken_utils/cmake/ament_cmake_export_include_directories-extras.cmake
[0.305s] -- Up-to-date symlink: /home/suke/chicken_core/install/chicken_utils/share/chicken_utils/cmake/ament_cmake_export_libraries-extras.cmake
[0.305s] -- Up-to-date symlink: /home/suke/chicken_core/install/chicken_utils/share/chicken_utils/cmake/chicken_utilsConfig.cmake
[0.306s] -- Up-to-date symlink: /home/suke/chicken_core/install/chicken_utils/share/chicken_utils/cmake/chicken_utilsConfig-version.cmake
[0.306s] -- Up-to-date symlink: /home/suke/chicken_core/install/chicken_utils/share/chicken_utils/package.xml
[0.307s] Invoked command in '/home/suke/chicken_core/build/chicken_utils' returned '0': CMAKE_PREFIX_PATH=${CMAKE_PREFIX_PATH}:/home/suke/chicken_core/install/wheelbot_control:/home/suke/chicken_core/install/sensor_bringup:/home/suke/chicken_core/install/planner_bringup:/home/suke/chicken_core/install/localization_bringup:/home/suke/chicken_core/install/joy_translate:/home/suke/Documents/microros_ws/install/sensor_msgs_py:/home/suke/ouxt_automation/robotx_ws/install/opencv_tests:/home/suke/ouxt_automation/robotx_ws/install/detic_onnx_ros2:/opt/ros/humble /usr/bin/cmake --install /home/suke/chicken_core/build/chicken_utils
