[0.016s] Invoking command in '/home/suke/chicken_core/build/ekf_localization': CMAKE_PREFIX_PATH=${CMAKE_PREFIX_PATH}:/home/suke/ouxt_automation/robotx_ws/install/opencv_tests:/home/suke/ouxt_automation/robotx_ws/install/detic_onnx_ros2:/opt/ros/humble /usr/bin/cmake --build /home/suke/chicken_core/build/ekf_localization -- -j12 -l12
[0.078s] [35m[1mConsolidate compiler generated dependencies of target ekf_localization_component[0m
[0.103s] [ 50%] [32mBuilding CXX object CMakeFiles/ekf_localization_component.dir/src/ekf_localization_component.cpp.o[0m
[8.654s] [01m[K/home/suke/chicken_core/src/localization/ekf_localization/src/ekf_localization_component.cpp:[m[K In member function ‘[01m[Kvoid ekf_localization::ExtendedKalmanFilter::imu_callback(sensor_msgs::msg::Imu_<std::allocator<void> >::SharedPtr)[m[K’:
[8.654s] [01m[K/home/suke/chicken_core/src/localization/ekf_localization/src/ekf_localization_component.cpp:113:25:[m[K [01;31m[Kerror: [m[Kcannot convert ‘[01m[Kconst SharedPtr[m[K’ {aka ‘[01m[Kconst std::shared_ptr<sensor_msgs::msg::Imu_<std::allocator<void> > >[m[K’} to ‘[01m[Ksensor_msgs::msg::Imu[m[K’ {aka ‘[01m[Ksensor_msgs::msg::Imu_<std::allocator<void> >[m[K’}
[8.654s]   113 |       measurementUpdate([01;31m[Kmsg[m[K);
[8.654s]       |                         [01;31m[K^~~[m[K
[8.655s]       |                         [01;31m[K|[m[K
[8.655s]       |                         [01;31m[Kconst SharedPtr {aka const std::shared_ptr<sensor_msgs::msg::Imu_<std::allocator<void> > >}[m[K
[8.655s] In file included from [01m[K/home/suke/chicken_core/src/localization/ekf_localization/src/ekf_localization_component.cpp:8[m[K:
[8.655s] [01m[K/home/suke/chicken_core/src/localization/ekf_localization/include/ekf_localization/ekf_localization_component.hpp:35:48:[m[K [01;36m[Knote: [m[K  initializing argument 1 of ‘[01m[Kvoid ekf_localization::ExtendedKalmanFilter::measurementUpdate(sensor_msgs::msg::Imu)[m[K’
[8.655s]    35 |   void measurementUpdate([01;36m[Ksensor_msgs::msg::Imu msg[m[K);
[8.655s]       |                          [01;36m[K~~~~~~~~~~~~~~~~~~~~~~^~~[m[K
[8.656s] [01m[K/home/suke/chicken_core/src/localization/ekf_localization/src/ekf_localization_component.cpp:114:14:[m[K [01;31m[Kerror: [m[K‘[01m[Ktf2[m[K’ does not name a type
[8.656s]   114 |     } catch ([01;31m[Ktf2[m[K::TransformException & e) {
[8.656s]       |              [01;31m[K^~~[m[K
[8.656s] [01m[K/home/suke/chicken_core/src/localization/ekf_localization/src/ekf_localization_component.cpp:114:38:[m[K [01;31m[Kerror: [m[Kexpected unqualified-id before ‘[01m[K&[m[K’ token
[8.656s]   114 |     } catch (tf2::TransformException [01;31m[K&[m[K e) {
[8.656s]       |                                      [01;31m[K^[m[K
[8.656s] [01m[K/home/suke/chicken_core/src/localization/ekf_localization/src/ekf_localization_component.cpp:114:37:[m[K [01;31m[Kerror: [m[Kexpected ‘[01m[K)[m[K’ before ‘[01m[K&[m[K’ token
[8.656s]   114 |     } catch [34m[K([m[Ktf2::TransformException[01;31m[K [m[K[32m[K&[m[K e) {
[8.656s]       |             [34m[K~[m[K                       [01;31m[K^[m[K[32m[K~[m[K
[8.656s]       |                                     [32m[K)[m[K
[8.657s] [01m[K/home/suke/chicken_core/src/localization/ekf_localization/src/ekf_localization_component.cpp:114:38:[m[K [01;31m[Kerror: [m[Kexpected ‘[01m[K{[m[K’ before ‘[01m[K&[m[K’ token
[8.657s]   114 |     } catch (tf2::TransformException [01;31m[K&[m[K e) {
[8.657s]       |                                      [01;31m[K^[m[K
[8.657s] [01m[K/home/suke/chicken_core/src/localization/ekf_localization/src/ekf_localization_component.cpp:114:40:[m[K [01;31m[Kerror: [m[K‘[01m[Ke[m[K’ was not declared in this scope
[8.657s]   114 |     } catch (tf2::TransformException & [01;31m[Ke[m[K) {
[8.658s]       |                                        [01;31m[K^[m[K
[8.658s] [01m[K/home/suke/chicken_core/src/localization/ekf_localization/src/ekf_localization_component.cpp:117:7:[m[K [01;31m[Kerror: [m[Kexpected primary-expression before ‘[01m[Kcatch[m[K’
[8.659s]   117 |     } [01;31m[Kcatch[m[K (std::runtime_error & e) {
[8.659s]       |       [01;31m[K^~~~~[m[K
[8.659s] [01m[K/home/suke/chicken_core/src/localization/ekf_localization/src/ekf_localization_component.cpp:[m[K In member function ‘[01m[Kvoid ekf_localization::ExtendedKalmanFilter::predictUpdate(nav_msgs::msg::Odometry_<std::allocator<void> >::SharedPtr)[m[K’:
[8.659s] [01m[K/home/suke/chicken_core/src/localization/ekf_localization/src/ekf_localization_component.cpp:143:29:[m[K [01;31m[Kerror: [m[Kcannot convert ‘[01m[Krclcpp::Duration[m[K’ to ‘[01m[Kdouble[m[K’ in initialization
[8.659s]   143 |   double dt = [01;31m[Kodomtimestamp - prev_time_[m[K;
[8.659s]       |               [01;31m[K~~~~~~~~~~~~~~^~~~~~~~~~~~[m[K
[8.659s]       |                             [01;31m[K|[m[K
[8.660s]       |                             [01;31m[Krclcpp::Duration[m[K
[8.660s] [01m[K/home/suke/chicken_core/src/localization/ekf_localization/src/ekf_localization_component.cpp:[m[K In member function ‘[01m[Kvoid ekf_localization::ExtendedKalmanFilter::measurementUpdate(sensor_msgs::msg::Imu)[m[K’:
[8.660s] [01m[K/home/suke/chicken_core/src/localization/ekf_localization/src/ekf_localization_component.cpp:173:21:[m[K [01;31m[Kerror: [m[Kbase operand of ‘[01m[K->[m[K’ has non-pointer type ‘[01m[Ksensor_msgs::msg::Imu[m[K’ {aka ‘[01m[Ksensor_msgs::msg::Imu_<std::allocator<void> >[m[K’}
[8.660s]   173 |   imutimestamp = msg[01;31m[K->[m[Kheader.stamp;
[8.660s]       |                     [01;31m[K^~[m[K
[8.660s] [01m[K/home/suke/chicken_core/src/localization/ekf_localization/src/ekf_localization_component.cpp:174:28:[m[K [01;31m[Kerror: [m[Kcannot convert ‘[01m[Krclcpp::Duration[m[K’ to ‘[01m[Kdouble[m[K’ in initialization
[8.660s]   174 |   double dt = [01;31m[Kimutimestamp - prev_time_[m[K;
[8.660s]       |               [01;31m[K~~~~~~~~~~~~~^~~~~~~~~~~~[m[K
[8.660s]       |                            [01;31m[K|[m[K
[8.660s]       |                            [01;31m[Krclcpp::Duration[m[K
[8.660s] [01m[K/home/suke/chicken_core/src/localization/ekf_localization/src/ekf_localization_component.cpp:177:12:[m[K [01;31m[Kerror: [m[Kexpected initializer before ‘[01m[K+=[m[K’ token
[8.660s]   177 |   double v [01;31m[K+=[m[K msg.linear_acceleration.x*dt;
[8.660s]       |            [01;31m[K^~[m[K
[8.660s] [01m[K/home/suke/chicken_core/src/localization/ekf_localization/src/ekf_localization_component.cpp:179:15:[m[K [01;31m[Kerror: [m[K‘[01m[Kv[m[K’ was not declared in this scope
[8.660s]   179 |   double dx = [01;31m[Kv[m[K*cos(theta);
[8.661s]       |               [01;31m[K^[m[K
[8.661s] [01m[K/home/suke/chicken_core/src/localization/ekf_localization/src/ekf_localization_component.cpp:194:12:[m[K [01;31m[Kerror: [m[Kconflicting declaration ‘[01m[KEigen::VectorXd y[m[K’
[8.661s]   194 |   VectorXd [01;31m[Ky[m[K = Z - h * X;
[8.661s]       |            [01;31m[K^[m[K
[8.661s] [01m[K/home/suke/chicken_core/src/localization/ekf_localization/src/ekf_localization_component.cpp:178:20:[m[K [01;36m[Knote: [m[Kprevious declaration as ‘[01m[Kdouble y[m[K’
[8.661s]   178 |   double x = X(0), [01;36m[Ky[m[K = X(1), theta = X(2);
[8.661s]       |                    [01;36m[K^[m[K
[8.661s] gmake[2]: *** [CMakeFiles/ekf_localization_component.dir/build.make:76: CMakeFiles/ekf_localization_component.dir/src/ekf_localization_component.cpp.o] Error 1
[8.661s] gmake[1]: *** [CMakeFiles/Makefile2:137: CMakeFiles/ekf_localization_component.dir/all] Error 2
[8.661s] gmake: *** [Makefile:146: all] Error 2
[8.661s] Invoked command in '/home/suke/chicken_core/build/ekf_localization' returned '2': CMAKE_PREFIX_PATH=${CMAKE_PREFIX_PATH}:/home/suke/ouxt_automation/robotx_ws/install/opencv_tests:/home/suke/ouxt_automation/robotx_ws/install/detic_onnx_ros2:/opt/ros/humble /usr/bin/cmake --build /home/suke/chicken_core/build/ekf_localization -- -j12 -l12
