[0.081s] Invoking command in '/home/suke/chicken_core/build/linefit_ground_segmentation': CMAKE_PREFIX_PATH=${CMAKE_PREFIX_PATH}:/home/suke/ouxt_automation/robotx_ws/install/opencv_tests:/home/suke/ouxt_automation/robotx_ws/install/detic_onnx_ros2:/opt/ros/humble /usr/bin/cmake /home/suke/chicken_core/src/sensor/linefit_ground_segmentation_ros2/linefit_ground_segmentation -DAMENT_CMAKE_SYMLINK_INSTALL=1 -DCMAKE_INSTALL_PREFIX=/home/suke/chicken_core/install/linefit_ground_segmentation
[1.061s] -- The C compiler identification is GNU 11.4.0
[1.062s] -- The CXX compiler identification is GNU 11.4.0
[1.062s] -- Detecting C compiler ABI info
[1.062s] -- Detecting C compiler ABI info - done
[1.063s] -- Check for working C compiler: /usr/lib/ccache/gcc - skipped
[1.063s] -- Detecting C compile features
[1.063s] -- Detecting C compile features - done
[1.063s] -- Detecting CXX compiler ABI info
[1.063s] -- Detecting CXX compiler ABI info - done
[1.063s] -- Check for working CXX compiler: /usr/lib/ccache/g++ - skipped
[1.064s] -- Detecting CXX compile features
[1.064s] -- Detecting CXX compile features - done
[1.064s] -- Found ament_cmake_auto: 1.3.10 (/opt/ros/humble/share/ament_cmake_auto/cmake)
[1.224s] -- Found Python3: /usr/bin/python3 (found version "3.10.12") found components: Interpreter 
[1.341s] -- Override CMake install command with custom implementation using symlinks instead of copying resources
[1.820s] -- Found rosidl_generator_c: 3.1.5 (/opt/ros/humble/share/rosidl_generator_c/cmake)
[1.838s] -- Found rosidl_adapter: 3.1.5 (/opt/ros/humble/share/rosidl_adapter/cmake)
[1.866s] -- Found rosidl_generator_cpp: 3.1.5 (/opt/ros/humble/share/rosidl_generator_cpp/cmake)
[1.900s] -- Using all available rosidl_typesupport_c: rosidl_typesupport_fastrtps_c;rosidl_typesupport_introspection_c
[1.950s] -- Using all available rosidl_typesupport_cpp: rosidl_typesupport_fastrtps_cpp;rosidl_typesupport_introspection_cpp
[2.097s] -- Found rmw_implementation_cmake: 6.1.2 (/opt/ros/humble/share/rmw_implementation_cmake/cmake)
[2.113s] -- Found rmw_cyclonedds_cpp: 1.3.4 (/opt/ros/humble/share/rmw_cyclonedds_cpp/cmake)
[2.194s] -- Using RMW implementation 'rmw_cyclonedds_cpp' as default
[2.227s] -- Looking for pthread.h
[2.342s] -- Looking for pthread.h - found
[2.342s] -- Performing Test CMAKE_HAVE_LIBC_PTHREAD
[2.458s] -- Performing Test CMAKE_HAVE_LIBC_PTHREAD - Success
[2.459s] -- Found Threads: TRUE  
[2.774s] -- Found eigen3_cmake_module: 0.1.1 (/opt/ros/humble/share/eigen3_cmake_module/cmake)
[2.776s] -- Found Eigen3: TRUE (found version "3.4.0") 
[2.777s] -- Ensuring Eigen3 include directory is part of orocos-kdl CMake target
[3.005s] -- Checking for module 'eigen3'
[3.032s] --   Found eigen3, version 3.4.0
[3.099s] -- Found Eigen: /usr/include/eigen3 (Required is at least version "3.1") 
[3.099s] -- Eigen found (include: /usr/include/eigen3, version: 3.4.0)
[3.213s] -- Checking for module 'flann'
[3.252s] --   Found flann, version 1.9.1
[3.352s] -- Found FLANN: /usr/lib/x86_64-linux-gnu/libflann_cpp.so  
[3.352s] -- FLANN found (include: /usr/include, lib: /usr/lib/x86_64-linux-gnu/libflann_cpp.so)
[5.850s] -- Checking for module 'libusb-1.0'
[5.887s] --   Found libusb-1.0, version 1.0.25
[5.954s] -- Found libusb: /usr/lib/x86_64-linux-gnu/libusb-1.0.so  
[5.956s] -- OpenNI found (version: 1.5.4.0, include: /usr/include/ni, lib: /usr/lib/libOpenNI.so;libusb::libusb)
[6.082s] -- OpenNI2 found (version: 2.2.0.33, include: /usr/include/openni2, lib: /usr/lib/x86_64-linux-gnu/libOpenNI2.so;libusb::libusb)
[6.344s] -- Eigen found (include: /usr/include/eigen3, version: 3.4.0)
[6.355s] -- OpenNI found (version: 1.5.4.0, include: /usr/include/ni, lib: /usr/lib/libOpenNI.so;libusb::libusb)
[6.366s] -- OpenNI2 found (version: 2.2.0.33, include: /usr/include/openni2, lib: /usr/lib/x86_64-linux-gnu/libOpenNI2.so;libusb::libusb)
[6.644s] -- Found Qhull version 8.0.2
[6.900s] -- OpenNI found (version: 1.5.4.0, include: /usr/include/ni, lib: /usr/lib/libOpenNI.so;libusb::libusb)
[7.195s] -- Found PCL_COMMON: /usr/lib/x86_64-linux-gnu/libpcl_common.so  
[7.197s] -- Found PCL_KDTREE: /usr/lib/x86_64-linux-gnu/libpcl_kdtree.so  
[7.200s] -- Found PCL_OCTREE: /usr/lib/x86_64-linux-gnu/libpcl_octree.so  
[7.202s] -- Found PCL_SEARCH: /usr/lib/x86_64-linux-gnu/libpcl_search.so  
[7.205s] -- Found PCL_SAMPLE_CONSENSUS: /usr/lib/x86_64-linux-gnu/libpcl_sample_consensus.so  
[7.209s] -- Found PCL_FILTERS: /usr/lib/x86_64-linux-gnu/libpcl_filters.so  
[7.210s] -- Found PCL_2D: /usr/include/pcl-1.12  
[7.210s] -- Found PCL_GEOMETRY: /usr/include/pcl-1.12  
[7.213s] -- Found PCL_IO: /usr/lib/x86_64-linux-gnu/libpcl_io.so  
[7.216s] -- Found PCL_FEATURES: /usr/lib/x86_64-linux-gnu/libpcl_features.so  
[7.219s] -- Found PCL_ML: /usr/lib/x86_64-linux-gnu/libpcl_ml.so  
[7.221s] -- Found PCL_SEGMENTATION: /usr/lib/x86_64-linux-gnu/libpcl_segmentation.so  
[7.223s] -- Found PCL_VISUALIZATION: /usr/lib/x86_64-linux-gnu/libpcl_visualization.so  
[7.226s] -- Found PCL_SURFACE: /usr/lib/x86_64-linux-gnu/libpcl_surface.so  
[7.229s] -- Found PCL_REGISTRATION: /usr/lib/x86_64-linux-gnu/libpcl_registration.so  
[7.232s] -- Found PCL_KEYPOINTS: /usr/lib/x86_64-linux-gnu/libpcl_keypoints.so  
[7.235s] -- Found PCL_TRACKING: /usr/lib/x86_64-linux-gnu/libpcl_tracking.so  
[7.238s] -- Found PCL_RECOGNITION: /usr/lib/x86_64-linux-gnu/libpcl_recognition.so  
[7.241s] -- Found PCL_STEREO: /usr/lib/x86_64-linux-gnu/libpcl_stereo.so  
[7.244s] -- Found PCL_APPS: /usr/lib/x86_64-linux-gnu/libpcl_apps.so  
[7.246s] -- Found PCL_IN_HAND_SCANNER: /usr/include/pcl-1.12  
[7.246s] -- Found PCL_MODELER: /usr/include/pcl-1.12  
[7.247s] -- Found PCL_POINT_CLOUD_EDITOR: /usr/include/pcl-1.12  
[7.250s] -- Found PCL_OUTOFCORE: /usr/lib/x86_64-linux-gnu/libpcl_outofcore.so  
[7.253s] -- Found PCL_PEOPLE: /usr/lib/x86_64-linux-gnu/libpcl_people.so  
[7.329s] -- Configuring done
[7.394s] -- Generating done
[7.399s] -- Build files have been written to: /home/suke/chicken_core/build/linefit_ground_segmentation
[7.422s] Invoked command in '/home/suke/chicken_core/build/linefit_ground_segmentation' returned '0': CMAKE_PREFIX_PATH=${CMAKE_PREFIX_PATH}:/home/suke/ouxt_automation/robotx_ws/install/opencv_tests:/home/suke/ouxt_automation/robotx_ws/install/detic_onnx_ros2:/opt/ros/humble /usr/bin/cmake /home/suke/chicken_core/src/sensor/linefit_ground_segmentation_ros2/linefit_ground_segmentation -DAMENT_CMAKE_SYMLINK_INSTALL=1 -DCMAKE_INSTALL_PREFIX=/home/suke/chicken_core/install/linefit_ground_segmentation
[7.425s] Invoking command in '/home/suke/chicken_core/build/linefit_ground_segmentation': CMAKE_PREFIX_PATH=${CMAKE_PREFIX_PATH}:/home/suke/ouxt_automation/robotx_ws/install/opencv_tests:/home/suke/ouxt_automation/robotx_ws/install/detic_onnx_ros2:/opt/ros/humble /usr/bin/cmake --build /home/suke/chicken_core/build/linefit_ground_segmentation -- -j12 -l12
[7.530s] [ 60%] [32mBuilding CXX object CMakeFiles/linefit_ground_segmentation.dir/src/viewer.cc.o[0m
[7.530s] [ 80%] [32mBuilding CXX object CMakeFiles/linefit_ground_segmentation.dir/src/segment.cc.o[0m
[7.530s] [ 80%] [32mBuilding CXX object CMakeFiles/linefit_ground_segmentation.dir/src/bin.cc.o[0m
[7.531s] [ 80%] [32mBuilding CXX object CMakeFiles/linefit_ground_segmentation.dir/src/ground_segmentation.cc.o[0m
[7.657s] [100%] [32m[1mLinking CXX shared library liblinefit_ground_segmentation.so[0m
[8.670s] [100%] Built target linefit_ground_segmentation
[8.685s] Invoked command in '/home/suke/chicken_core/build/linefit_ground_segmentation' returned '0': CMAKE_PREFIX_PATH=${CMAKE_PREFIX_PATH}:/home/suke/ouxt_automation/robotx_ws/install/opencv_tests:/home/suke/ouxt_automation/robotx_ws/install/detic_onnx_ros2:/opt/ros/humble /usr/bin/cmake --build /home/suke/chicken_core/build/linefit_ground_segmentation -- -j12 -l12
[8.747s] Invoking command in '/home/suke/chicken_core/build/linefit_ground_segmentation': CMAKE_PREFIX_PATH=${CMAKE_PREFIX_PATH}:/home/suke/ouxt_automation/robotx_ws/install/opencv_tests:/home/suke/ouxt_automation/robotx_ws/install/detic_onnx_ros2:/opt/ros/humble /usr/bin/cmake --install /home/suke/chicken_core/build/linefit_ground_segmentation
[8.757s] -- Install configuration: ""
[8.758s] -- Execute custom install script
[8.758s] -- Symlinking: /home/suke/chicken_core/install/linefit_ground_segmentation/include/ground_segmentation/bin.h
[8.771s] -- Symlinking: /home/suke/chicken_core/install/linefit_ground_segmentation/include/ground_segmentation/ground_segmentation.h
[8.783s] -- Symlinking: /home/suke/chicken_core/install/linefit_ground_segmentation/include/ground_segmentation/segment.h
[8.795s] -- Symlinking: /home/suke/chicken_core/install/linefit_ground_segmentation/include/ground_segmentation/typedefs.h
[8.809s] -- Symlinking: /home/suke/chicken_core/install/linefit_ground_segmentation/include/ground_segmentation/viewer.h
[8.825s] -- Symlinking: /home/suke/chicken_core/install/linefit_ground_segmentation/share/linefit_ground_segmentation/environment/library_path.sh
[8.836s] -- Symlinking: /home/suke/chicken_core/install/linefit_ground_segmentation/share/linefit_ground_segmentation/environment/library_path.dsv
[8.848s] -- Symlinking: /home/suke/chicken_core/install/linefit_ground_segmentation/lib/liblinefit_ground_segmentation.so
[8.859s] -- Symlinking: /home/suke/chicken_core/install/linefit_ground_segmentation/share/ament_index/resource_index/package_run_dependencies/linefit_ground_segmentation
[8.870s] -- Symlinking: /home/suke/chicken_core/install/linefit_ground_segmentation/share/ament_index/resource_index/parent_prefix_path/linefit_ground_segmentation
[8.881s] -- Symlinking: /home/suke/chicken_core/install/linefit_ground_segmentation/share/linefit_ground_segmentation/environment/ament_prefix_path.sh
[8.893s] -- Symlinking: /home/suke/chicken_core/install/linefit_ground_segmentation/share/linefit_ground_segmentation/environment/ament_prefix_path.dsv
[8.903s] -- Symlinking: /home/suke/chicken_core/install/linefit_ground_segmentation/share/linefit_ground_segmentation/environment/path.sh
[8.914s] -- Symlinking: /home/suke/chicken_core/install/linefit_ground_segmentation/share/linefit_ground_segmentation/environment/path.dsv
[8.925s] -- Symlinking: /home/suke/chicken_core/install/linefit_ground_segmentation/share/linefit_ground_segmentation/local_setup.bash
[8.935s] -- Symlinking: /home/suke/chicken_core/install/linefit_ground_segmentation/share/linefit_ground_segmentation/local_setup.sh
[8.946s] -- Symlinking: /home/suke/chicken_core/install/linefit_ground_segmentation/share/linefit_ground_segmentation/local_setup.zsh
[8.957s] -- Symlinking: /home/suke/chicken_core/install/linefit_ground_segmentation/share/linefit_ground_segmentation/local_setup.dsv
[8.968s] -- Symlinking: /home/suke/chicken_core/install/linefit_ground_segmentation/share/linefit_ground_segmentation/package.dsv
[8.979s] -- Symlinking: /home/suke/chicken_core/install/linefit_ground_segmentation/share/ament_index/resource_index/packages/linefit_ground_segmentation
[8.989s] -- Symlinking: /home/suke/chicken_core/install/linefit_ground_segmentation/share/linefit_ground_segmentation/cmake/ament_cmake_export_dependencies-extras.cmake
[9.001s] -- Symlinking: /home/suke/chicken_core/install/linefit_ground_segmentation/share/linefit_ground_segmentation/cmake/ament_cmake_export_include_directories-extras.cmake
[9.012s] -- Symlinking: /home/suke/chicken_core/install/linefit_ground_segmentation/share/linefit_ground_segmentation/cmake/ament_cmake_export_libraries-extras.cmake
[9.023s] -- Symlinking: /home/suke/chicken_core/install/linefit_ground_segmentation/share/linefit_ground_segmentation/cmake/linefit_ground_segmentationConfig.cmake
[9.034s] -- Symlinking: /home/suke/chicken_core/install/linefit_ground_segmentation/share/linefit_ground_segmentation/cmake/linefit_ground_segmentationConfig-version.cmake
[9.045s] -- Symlinking: /home/suke/chicken_core/install/linefit_ground_segmentation/share/linefit_ground_segmentation/package.xml
[9.059s] Invoked command in '/home/suke/chicken_core/build/linefit_ground_segmentation' returned '0': CMAKE_PREFIX_PATH=${CMAKE_PREFIX_PATH}:/home/suke/ouxt_automation/robotx_ws/install/opencv_tests:/home/suke/ouxt_automation/robotx_ws/install/detic_onnx_ros2:/opt/ros/humble /usr/bin/cmake --install /home/suke/chicken_core/build/linefit_ground_segmentation
