[0.016s] Invoking command in '/home/suke/chicken_core/build/ekf_localization': CMAKE_PREFIX_PATH=${CMAKE_PREFIX_PATH}:/home/suke/ouxt_automation/robotx_ws/install/opencv_tests:/home/suke/ouxt_automation/robotx_ws/install/detic_onnx_ros2:/opt/ros/humble /usr/bin/cmake --build /home/suke/chicken_core/build/ekf_localization -- -j12 -l12
[0.076s] [35m[1mConsolidate compiler generated dependencies of target ekf_localization_component[0m
[0.099s] [ 50%] [32mBuilding CXX object CMakeFiles/ekf_localization_component.dir/src/ekf_localization_component.cpp.o[0m
[8.059s] [01m[K/home/suke/chicken_core/src/localization/ekf_localization/src/ekf_localization_component.cpp:72:6:[m[K [01;31m[Kerror: [m[Kno declaration matches ‘[01m[Kvoid ekf_localization::ExtendedKalmanFilter::odom_callback(nav_msgs::msg::Odometry&)[m[K’
[8.059s]    72 | void [01;31m[KExtendedKalmanFilter[m[K::odom_callback(nav_msgs::msg::Odometry & msg)
[8.059s]       |      [01;31m[K^~~~~~~~~~~~~~~~~~~~[m[K
[8.059s] In file included from [01m[K/home/suke/chicken_core/src/localization/ekf_localization/src/ekf_localization_component.cpp:8[m[K:
[8.059s] [01m[K/home/suke/chicken_core/src/localization/ekf_localization/include/ekf_localization/ekf_localization_component.hpp:32:8:[m[K [01;36m[Knote: [m[Kcandidate is: ‘[01m[Kvoid ekf_localization::ExtendedKalmanFilter::odom_callback(nav_msgs::msg::Odometry_<std::allocator<void> >::SharedPtr)[m[K’
[8.059s]    32 |   void [01;36m[Kodom_callback[m[K(const nav_msgs::msg::Odometry::SharedPtr msg);
[8.059s]       |        [01;36m[K^~~~~~~~~~~~~[m[K
[8.059s] [01m[K/home/suke/chicken_core/src/localization/ekf_localization/include/ekf_localization/ekf_localization_component.hpp:11:7:[m[K [01;36m[Knote: [m[K‘[01m[Kclass ekf_localization::ExtendedKalmanFilter[m[K’ defined here
[8.060s]    11 | class [01;36m[KExtendedKalmanFilter[m[K : public rclcpp::Node
[8.060s]       |       [01;36m[K^~~~~~~~~~~~~~~~~~~~[m[K
[8.060s] [01m[K/home/suke/chicken_core/src/localization/ekf_localization/src/ekf_localization_component.cpp:82:6:[m[K [01;31m[Kerror: [m[Kno declaration matches ‘[01m[Kvoid ekf_localization::ExtendedKalmanFilter::imu_callback(const Imu&)[m[K’
[8.060s]    82 | void [01;31m[KExtendedKalmanFilter[m[K::imu_callback(const sensor_msgs::msg::Imu & msg)
[8.060s]       |      [01;31m[K^~~~~~~~~~~~~~~~~~~~[m[K
[8.060s] In file included from [01m[K/home/suke/chicken_core/src/localization/ekf_localization/src/ekf_localization_component.cpp:8[m[K:
[8.060s] [01m[K/home/suke/chicken_core/src/localization/ekf_localization/include/ekf_localization/ekf_localization_component.hpp:33:8:[m[K [01;36m[Knote: [m[Kcandidate is: ‘[01m[Kvoid ekf_localization::ExtendedKalmanFilter::imu_callback(sensor_msgs::msg::Imu_<std::allocator<void> >::SharedPtr)[m[K’
[8.060s]    33 |   void [01;36m[Kimu_callback[m[K(const sensor_msgs::msg::Imu::SharedPtr msg);
[8.060s]       |        [01;36m[K^~~~~~~~~~~~[m[K
[8.060s] [01m[K/home/suke/chicken_core/src/localization/ekf_localization/include/ekf_localization/ekf_localization_component.hpp:11:7:[m[K [01;36m[Knote: [m[K‘[01m[Kclass ekf_localization::ExtendedKalmanFilter[m[K’ defined here
[8.060s]    11 | class [01;36m[KExtendedKalmanFilter[m[K : public rclcpp::Node
[8.060s]       |       [01;36m[K^~~~~~~~~~~~~~~~~~~~[m[K
[8.060s] gmake[2]: *** [CMakeFiles/ekf_localization_component.dir/build.make:76: CMakeFiles/ekf_localization_component.dir/src/ekf_localization_component.cpp.o] Error 1
[8.060s] gmake[1]: *** [CMakeFiles/Makefile2:137: CMakeFiles/ekf_localization_component.dir/all] Error 2
[8.060s] gmake: *** [Makefile:146: all] Error 2
[8.062s] Invoked command in '/home/suke/chicken_core/build/ekf_localization' returned '2': CMAKE_PREFIX_PATH=${CMAKE_PREFIX_PATH}:/home/suke/ouxt_automation/robotx_ws/install/opencv_tests:/home/suke/ouxt_automation/robotx_ws/install/detic_onnx_ros2:/opt/ros/humble /usr/bin/cmake --build /home/suke/chicken_core/build/ekf_localization -- -j12 -l12
