[0.020s] Invoking command in '/home/suke/chicken_core/build/chicken_utils': CMAKE_PREFIX_PATH=${CMAKE_PREFIX_PATH}:/home/suke/chicken_core/install/wheelbot_control:/home/suke/chicken_core/install/sensor_bringup:/home/suke/chicken_core/install/planner_bringup:/home/suke/chicken_core/install/localization_bringup:/home/suke/chicken_core/install/joy_translate:/home/suke/Documents/microros_ws/install/sensor_msgs_py:/home/suke/ouxt_automation/robotx_ws/install/opencv_tests:/home/suke/ouxt_automation/robotx_ws/install/detic_onnx_ros2:/opt/ros/humble /usr/bin/cmake --build /home/suke/chicken_core/build/chicken_utils -- -j12 -l12
[0.106s] [100%] Built target quaternion_utils
[0.124s] Invoked command in '/home/suke/chicken_core/build/chicken_utils' returned '0': CMAKE_PREFIX_PATH=${CMAKE_PREFIX_PATH}:/home/suke/chicken_core/install/wheelbot_control:/home/suke/chicken_core/install/sensor_bringup:/home/suke/chicken_core/install/planner_bringup:/home/suke/chicken_core/install/localization_bringup:/home/suke/chicken_core/install/joy_translate:/home/suke/Documents/microros_ws/install/sensor_msgs_py:/home/suke/ouxt_automation/robotx_ws/install/opencv_tests:/home/suke/ouxt_automation/robotx_ws/install/detic_onnx_ros2:/opt/ros/humble /usr/bin/cmake --build /home/suke/chicken_core/build/chicken_utils -- -j12 -l12
[0.197s] Invoking command in '/home/suke/chicken_core/build/chicken_utils': CMAKE_PREFIX_PATH=${CMAKE_PREFIX_PATH}:/home/suke/chicken_core/install/wheelbot_control:/home/suke/chicken_core/install/sensor_bringup:/home/suke/chicken_core/install/planner_bringup:/home/suke/chicken_core/install/localization_bringup:/home/suke/chicken_core/install/joy_translate:/home/suke/Documents/microros_ws/install/sensor_msgs_py:/home/suke/ouxt_automation/robotx_ws/install/opencv_tests:/home/suke/ouxt_automation/robotx_ws/install/detic_onnx_ros2:/opt/ros/humble /usr/bin/cmake --install /home/suke/chicken_core/build/chicken_utils
[0.211s] -- Install configuration: ""
[0.212s] -- Execute custom install script
[0.212s] -- Up-to-date symlink: /home/suke/chicken_core/install/chicken_utils/include/chicken_utils/quaternion_utils.hpp
[0.212s] -- Up-to-date symlink: /home/suke/chicken_core/install/chicken_utils/share/chicken_utils/environment/library_path.sh
[0.212s] -- Up-to-date symlink: /home/suke/chicken_core/install/chicken_utils/share/chicken_utils/environment/library_path.dsv
[0.213s] -- Up-to-date symlink: /home/suke/chicken_core/install/chicken_utils/lib/libquaternion_utils.so
[0.213s] -- Up-to-date symlink: /home/suke/chicken_core/install/chicken_utils/share/ament_index/resource_index/package_run_dependencies/chicken_utils
[0.213s] -- Up-to-date symlink: /home/suke/chicken_core/install/chicken_utils/share/ament_index/resource_index/parent_prefix_path/chicken_utils
[0.213s] -- Up-to-date symlink: /home/suke/chicken_core/install/chicken_utils/share/chicken_utils/environment/ament_prefix_path.sh
[0.213s] -- Up-to-date symlink: /home/suke/chicken_core/install/chicken_utils/share/chicken_utils/environment/ament_prefix_path.dsv
[0.213s] -- Up-to-date symlink: /home/suke/chicken_core/install/chicken_utils/share/chicken_utils/environment/path.sh
[0.214s] -- Up-to-date symlink: /home/suke/chicken_core/install/chicken_utils/share/chicken_utils/environment/path.dsv
[0.214s] -- Up-to-date symlink: /home/suke/chicken_core/install/chicken_utils/share/chicken_utils/local_setup.bash
[0.214s] -- Up-to-date symlink: /home/suke/chicken_core/install/chicken_utils/share/chicken_utils/local_setup.sh
[0.214s] -- Up-to-date symlink: /home/suke/chicken_core/install/chicken_utils/share/chicken_utils/local_setup.zsh
[0.214s] -- Up-to-date symlink: /home/suke/chicken_core/install/chicken_utils/share/chicken_utils/local_setup.dsv
[0.214s] -- Symlinking: /home/suke/chicken_core/install/chicken_utils/share/chicken_utils/package.dsv
[0.227s] -- Up-to-date symlink: /home/suke/chicken_core/install/chicken_utils/share/ament_index/resource_index/packages/chicken_utils
[0.227s] -- Up-to-date symlink: /home/suke/chicken_core/install/chicken_utils/share/chicken_utils/cmake/ament_cmake_export_dependencies-extras.cmake
[0.227s] -- Up-to-date symlink: /home/suke/chicken_core/install/chicken_utils/share/chicken_utils/cmake/ament_cmake_export_include_directories-extras.cmake
[0.227s] -- Up-to-date symlink: /home/suke/chicken_core/install/chicken_utils/share/chicken_utils/cmake/ament_cmake_export_libraries-extras.cmake
[0.228s] -- Up-to-date symlink: /home/suke/chicken_core/install/chicken_utils/share/chicken_utils/cmake/chicken_utilsConfig.cmake
[0.228s] -- Up-to-date symlink: /home/suke/chicken_core/install/chicken_utils/share/chicken_utils/cmake/chicken_utilsConfig-version.cmake
[0.228s] -- Up-to-date symlink: /home/suke/chicken_core/install/chicken_utils/share/chicken_utils/package.xml
[0.229s] Invoked command in '/home/suke/chicken_core/build/chicken_utils' returned '0': CMAKE_PREFIX_PATH=${CMAKE_PREFIX_PATH}:/home/suke/chicken_core/install/wheelbot_control:/home/suke/chicken_core/install/sensor_bringup:/home/suke/chicken_core/install/planner_bringup:/home/suke/chicken_core/install/localization_bringup:/home/suke/chicken_core/install/joy_translate:/home/suke/Documents/microros_ws/install/sensor_msgs_py:/home/suke/ouxt_automation/robotx_ws/install/opencv_tests:/home/suke/ouxt_automation/robotx_ws/install/detic_onnx_ros2:/opt/ros/humble /usr/bin/cmake --install /home/suke/chicken_core/build/chicken_utils
