[0.816s] Invoking command in '/home/suke/chicken_core/build/wheelbot_description': CMAKE_PREFIX_PATH=${CMAKE_PREFIX_PATH}:/home/suke/chicken_core/install/wheelbot_control:/home/suke/chicken_core/install/sensor_bringup:/home/suke/chicken_core/install/joy_translate:/home/suke/ouxt_automation/robotx_ws/install/opencv_tests:/home/suke/ouxt_automation/robotx_ws/install/detic_onnx_ros2:/opt/ros/humble /usr/bin/cmake --build /home/suke/chicken_core/build/wheelbot_description -- -j12 -l12
[0.920s] Invoked command in '/home/suke/chicken_core/build/wheelbot_description' returned '0': CMAKE_PREFIX_PATH=${CMAKE_PREFIX_PATH}:/home/suke/chicken_core/install/wheelbot_control:/home/suke/chicken_core/install/sensor_bringup:/home/suke/chicken_core/install/joy_translate:/home/suke/ouxt_automation/robotx_ws/install/opencv_tests:/home/suke/ouxt_automation/robotx_ws/install/detic_onnx_ros2:/opt/ros/humble /usr/bin/cmake --build /home/suke/chicken_core/build/wheelbot_description -- -j12 -l12
[1.010s] Invoking command in '/home/suke/chicken_core/build/wheelbot_description': CMAKE_PREFIX_PATH=${CMAKE_PREFIX_PATH}:/home/suke/chicken_core/install/wheelbot_control:/home/suke/chicken_core/install/sensor_bringup:/home/suke/chicken_core/install/joy_translate:/home/suke/ouxt_automation/robotx_ws/install/opencv_tests:/home/suke/ouxt_automation/robotx_ws/install/detic_onnx_ros2:/opt/ros/humble /usr/bin/cmake --install /home/suke/chicken_core/build/wheelbot_description
[1.026s] -- Install configuration: ""
[1.027s] -- Execute custom install script
[1.027s] -- Up-to-date symlink: /home/suke/chicken_core/install/wheelbot_description/share/wheelbot_description/meshes/HESAI_LiDAR_1.stl
[1.028s] -- Up-to-date symlink: /home/suke/chicken_core/install/wheelbot_description/share/wheelbot_description/meshes/Intel_Realsense_D435_1.stl
[1.028s] -- Up-to-date symlink: /home/suke/chicken_core/install/wheelbot_description/share/wheelbot_description/meshes/RPLiDAR_v1_1.stl
[1.028s] -- Up-to-date symlink: /home/suke/chicken_core/install/wheelbot_description/share/wheelbot_description/meshes/base_link.stl
[1.028s] -- Up-to-date symlink: /home/suke/chicken_core/install/wheelbot_description/share/wheelbot_description/meshes/caster_1.stl
[1.028s] -- Up-to-date symlink: /home/suke/chicken_core/install/wheelbot_description/share/wheelbot_description/meshes/left_wheel_1.stl
[1.028s] -- Up-to-date symlink: /home/suke/chicken_core/install/wheelbot_description/share/wheelbot_description/meshes/right_wheel_1.stl
[1.028s] -- Up-to-date symlink: /home/suke/chicken_core/install/wheelbot_description/share/wheelbot_description/urdf/materials.xacro
[1.028s] -- Up-to-date symlink: /home/suke/chicken_core/install/wheelbot_description/share/wheelbot_description/urdf/wheelbot.trans
[1.028s] -- Up-to-date symlink: /home/suke/chicken_core/install/wheelbot_description/share/wheelbot_description/urdf/wheelbot.xacro
[1.028s] -- Up-to-date symlink: /home/suke/chicken_core/install/wheelbot_description/share/wheelbot_description/launch/robot_description.launch.py
[1.028s] -- Up-to-date symlink: /home/suke/chicken_core/install/wheelbot_description/share/ament_index/resource_index/package_run_dependencies/wheelbot_description
[1.029s] -- Up-to-date symlink: /home/suke/chicken_core/install/wheelbot_description/share/ament_index/resource_index/parent_prefix_path/wheelbot_description
[1.029s] -- Up-to-date symlink: /home/suke/chicken_core/install/wheelbot_description/share/wheelbot_description/environment/ament_prefix_path.sh
[1.029s] -- Up-to-date symlink: /home/suke/chicken_core/install/wheelbot_description/share/wheelbot_description/environment/ament_prefix_path.dsv
[1.029s] -- Up-to-date symlink: /home/suke/chicken_core/install/wheelbot_description/share/wheelbot_description/environment/path.sh
[1.029s] -- Up-to-date symlink: /home/suke/chicken_core/install/wheelbot_description/share/wheelbot_description/environment/path.dsv
[1.029s] -- Up-to-date symlink: /home/suke/chicken_core/install/wheelbot_description/share/wheelbot_description/local_setup.bash
[1.029s] -- Up-to-date symlink: /home/suke/chicken_core/install/wheelbot_description/share/wheelbot_description/local_setup.sh
[1.030s] -- Up-to-date symlink: /home/suke/chicken_core/install/wheelbot_description/share/wheelbot_description/local_setup.zsh
[1.030s] -- Up-to-date symlink: /home/suke/chicken_core/install/wheelbot_description/share/wheelbot_description/local_setup.dsv
[1.031s] -- Symlinking: /home/suke/chicken_core/install/wheelbot_description/share/wheelbot_description/package.dsv
[1.042s] -- Up-to-date symlink: /home/suke/chicken_core/install/wheelbot_description/share/ament_index/resource_index/packages/wheelbot_description
[1.042s] -- Up-to-date symlink: /home/suke/chicken_core/install/wheelbot_description/share/wheelbot_description/cmake/wheelbot_descriptionConfig.cmake
[1.042s] -- Up-to-date symlink: /home/suke/chicken_core/install/wheelbot_description/share/wheelbot_description/cmake/wheelbot_descriptionConfig-version.cmake
[1.043s] -- Up-to-date symlink: /home/suke/chicken_core/install/wheelbot_description/share/wheelbot_description/package.xml
[1.068s] Invoked command in '/home/suke/chicken_core/build/wheelbot_description' returned '0': CMAKE_PREFIX_PATH=${CMAKE_PREFIX_PATH}:/home/suke/chicken_core/install/wheelbot_control:/home/suke/chicken_core/install/sensor_bringup:/home/suke/chicken_core/install/joy_translate:/home/suke/ouxt_automation/robotx_ws/install/opencv_tests:/home/suke/ouxt_automation/robotx_ws/install/detic_onnx_ros2:/opt/ros/humble /usr/bin/cmake --install /home/suke/chicken_core/build/wheelbot_description
