[0.025s] Invoking command in '/home/suke/chicken_core/build/pure_pursuit_planner': CMAKE_PREFIX_PATH=${CMAKE_PREFIX_PATH}:/home/suke/chicken_core/install/wheelbot_control:/home/suke/chicken_core/install/sensor_bringup:/home/suke/chicken_core/install/joy_translate:/home/suke/Documents/microros_ws/install/sensor_msgs_py:/home/suke/ouxt_automation/robotx_ws/install/opencv_tests:/home/suke/ouxt_automation/robotx_ws/install/detic_onnx_ros2:/opt/ros/humble /usr/bin/cmake --build /home/suke/chicken_core/build/pure_pursuit_planner -- -j12 -l12
[0.108s] [35m[1mConsolidate compiler generated dependencies of target pure_pursuit_planner[0m
[0.135s] [ 50%] [32mBuilding CXX object CMakeFiles/pure_pursuit_planner.dir/src/pure_pursuit_planner_component.cpp.o[0m
[5.593s] [01m[K/home/suke/chicken_core/src/planner/pure_pursuit_planner/src/pure_pursuit_planner_component.cpp:[m[K In constructor ‘[01m[KPurePursuitNode::PurePursuitNode()[m[K’:
[5.593s] [01m[K/home/suke/chicken_core/src/planner/pure_pursuit_planner/src/pure_pursuit_planner_component.cpp:16:74:[m[K [01;31m[Kerror: [m[K‘[01m[K_1[m[K’ was not declared in this scope; did you mean ‘[01m[Kstd::placeholders::_1[m[K’?
[5.593s]    16 |         "odom", 10, std::bind(&PurePursuitNode::odometry_callback, this, [01;31m[K_1[m[K));
[5.593s]       |                                                                          [01;31m[K^~[m[K
[5.593s]       |                                                                          [32m[Kstd::placeholders::_1[m[K
[5.593s] In file included from [01m[K/usr/include/c++/11/pstl/glue_algorithm_defs.h:13[m[K,
[5.594s]                  from [01m[K/usr/include/c++/11/algorithm:74[m[K,
[5.594s]                  from [01m[K/opt/ros/humble/include/rclcpp/rclcpp/executor.hpp:18[m[K,
[5.594s]                  from [01m[K/opt/ros/humble/include/rclcpp/rclcpp/executors/multi_threaded_executor.hpp:25[m[K,
[5.594s]                  from [01m[K/opt/ros/humble/include/rclcpp/rclcpp/executors.hpp:21[m[K,
[5.594s]                  from [01m[K/opt/ros/humble/include/rclcpp/rclcpp/rclcpp.hpp:155[m[K,
[5.594s]                  from [01m[K/home/suke/chicken_core/src/planner/pure_pursuit_planner/include/pure_pursuit_planner/pure_pursuit_planner_component.hpp:4[m[K,
[5.594s]                  from [01m[K/home/suke/chicken_core/src/planner/pure_pursuit_planner/src/pure_pursuit_planner_component.cpp:1[m[K:
[5.594s] [01m[K/usr/include/c++/11/functional:225:34:[m[K [01;36m[Knote: [m[K‘[01m[Kstd::placeholders::_1[m[K’ declared here
[5.594s]   225 |     extern const _Placeholder<1> [01;36m[K_1[m[K;
[5.594s]       |                                  [01;36m[K^~[m[K
[5.594s] In file included from [01m[K/opt/ros/humble/include/rclcpp/rclcpp/subscription_base.hpp:32[m[K,
[5.594s]                  from [01m[K/opt/ros/humble/include/rclcpp/rclcpp/callback_group.hpp:29[m[K,
[5.594s]                  from [01m[K/opt/ros/humble/include/rclcpp/rclcpp/any_executable.hpp:20[m[K,
[5.594s]                  from [01m[K/opt/ros/humble/include/rclcpp/rclcpp/memory_strategy.hpp:25[m[K,
[5.594s]                  from [01m[K/opt/ros/humble/include/rclcpp/rclcpp/memory_strategies.hpp:18[m[K,
[5.594s]                  from [01m[K/opt/ros/humble/include/rclcpp/rclcpp/executor_options.hpp:20[m[K,
[5.595s]                  from [01m[K/opt/ros/humble/include/rclcpp/rclcpp/executor.hpp:37[m[K,
[5.595s]                  from [01m[K/opt/ros/humble/include/rclcpp/rclcpp/executors/multi_threaded_executor.hpp:25[m[K,
[5.595s]                  from [01m[K/opt/ros/humble/include/rclcpp/rclcpp/executors.hpp:21[m[K,
[5.595s]                  from [01m[K/opt/ros/humble/include/rclcpp/rclcpp/rclcpp.hpp:155[m[K,
[5.595s]                  from [01m[K/home/suke/chicken_core/src/planner/pure_pursuit_planner/include/pure_pursuit_planner/pure_pursuit_planner_component.hpp:4[m[K,
[5.595s]                  from [01m[K/home/suke/chicken_core/src/planner/pure_pursuit_planner/src/pure_pursuit_planner_component.cpp:1[m[K:
[5.595s] /opt/ros/humble/include/rclcpp/rclcpp/any_subscription_callback.hpp: In instantiation of ‘[01m[Krclcpp::AnySubscriptionCallback<MessageT, AllocatorT> rclcpp::AnySubscriptionCallback<MessageT, AllocatorT>::set(CallbackT) [with CallbackT = std::_Bind<void (PurePursuitNode::*(PurePursuitNode*, int))(std::shared_ptr<nav_msgs::msg::Path_<std::allocator<void> > >)>; MessageT = nav_msgs::msg::Path_<std::allocator<void> >; AllocatorT = std::allocator<void>][m[K’:
[5.595s] [01m[K/opt/ros/humble/include/rclcpp/rclcpp/subscription_factory.hpp:94:32:[m[K   required from ‘[01m[Krclcpp::SubscriptionFactory rclcpp::create_subscription_factory(CallbackT&&, const rclcpp::SubscriptionOptionsWithAllocator<AllocatorT>&, typename MessageMemoryStrategyT::SharedPtr, std::shared_ptr<rclcpp::topic_statistics::SubscriptionTopicStatistics<ROSMessageType> >) [with MessageT = nav_msgs::msg::Path_<std::allocator<void> >; CallbackT = std::_Bind<void (PurePursuitNode::*(PurePursuitNode*, int))(std::shared_ptr<nav_msgs::msg::Path_<std::allocator<void> > >)>; AllocatorT = std::allocator<void>; SubscriptionT = rclcpp::Subscription<nav_msgs::msg::Path_<std::allocator<void> > >; MessageMemoryStrategyT = rclcpp::message_memory_strategy::MessageMemoryStrategy<nav_msgs::msg::Path_<std::allocator<void> >, std::allocator<void> >; ROSMessageType = nav_msgs::msg::Path_<std::allocator<void> >; typename MessageMemoryStrategyT::SharedPtr = std::shared_ptr<rclcpp::message_memory_strategy::MessageMemoryStrategy<nav_msgs::msg::Path_<std::allocator<void> >, std::allocator<void> > >][m[K’
[5.595s] [01m[K/opt/ros/humble/include/rclcpp/rclcpp/create_subscription.hpp:122:63:[m[K   required from ‘[01m[Kstd::shared_ptr<ROSMessageT> rclcpp::detail::create_subscription(NodeParametersT&, NodeTopicsT&, const string&, const rclcpp::QoS&, CallbackT&&, const rclcpp::SubscriptionOptionsWithAllocator<AllocatorT>&, typename MessageMemoryStrategyT::SharedPtr) [with MessageT = nav_msgs::msg::Path_<std::allocator<void> >; CallbackT = std::_Bind<void (PurePursuitNode::*(PurePursuitNode*, int))(std::shared_ptr<nav_msgs::msg::Path_<std::allocator<void> > >)>; AllocatorT = std::allocator<void>; SubscriptionT = rclcpp::Subscription<nav_msgs::msg::Path_<std::allocator<void> > >; MessageMemoryStrategyT = rclcpp::message_memory_strategy::MessageMemoryStrategy<nav_msgs::msg::Path_<std::allocator<void> >, std::allocator<void> >; NodeParametersT = rclcpp::Node; NodeTopicsT = rclcpp::Node; ROSMessageType = nav_msgs::msg::Path_<std::allocator<void> >; std::string = std::__cxx11::basic_string<char>; typename MessageMemoryStrategyT::SharedPtr = std::shared_ptr<rclcpp::message_memory_strategy::MessageMemoryStrategy<nav_msgs::msg::Path_<std::allocator<void> >, std::allocator<void> > >][m[K’
[5.595s] [01m[K/opt/ros/humble/include/rclcpp/rclcpp/create_subscription.hpp:191:76:[m[K   required from ‘[01m[Kstd::shared_ptr<ROSMessageT> rclcpp::create_subscription(NodeT&, const string&, const rclcpp::QoS&, CallbackT&&, const rclcpp::SubscriptionOptionsWithAllocator<AllocatorT>&, typename MessageMemoryStrategyT::SharedPtr) [with MessageT = nav_msgs::msg::Path_<std::allocator<void> >; CallbackT = std::_Bind<void (PurePursuitNode::*(PurePursuitNode*, int))(std::shared_ptr<nav_msgs::msg::Path_<std::allocator<void> > >)>; AllocatorT = std::allocator<void>; SubscriptionT = rclcpp::Subscription<nav_msgs::msg::Path_<std::allocator<void> > >; MessageMemoryStrategyT = rclcpp::message_memory_strategy::MessageMemoryStrategy<nav_msgs::msg::Path_<std::allocator<void> >, std::allocator<void> >; NodeT = rclcpp::Node; std::string = std::__cxx11::basic_string<char>; typename MessageMemoryStrategyT::SharedPtr = std::shared_ptr<rclcpp::message_memory_strategy::MessageMemoryStrategy<nav_msgs::msg::Path_<std::allocator<void> >, std::allocator<void> > >][m[K’
[5.595s] [01m[K/opt/ros/humble/include/rclcpp/rclcpp/node_impl.hpp:99:47:[m[K   required from ‘[01m[Kstd::shared_ptr<ROSMessageT> rclcpp::Node::create_subscription(const string&, const rclcpp::QoS&, CallbackT&&, const rclcpp::SubscriptionOptionsWithAllocator<AllocatorT>&, typename MessageMemoryStrategyT::SharedPtr) [with MessageT = nav_msgs::msg::Path_<std::allocator<void> >; CallbackT = std::_Bind<void (PurePursuitNode::*(PurePursuitNode*, int))(std::shared_ptr<nav_msgs::msg::Path_<std::allocator<void> > >)>; AllocatorT = std::allocator<void>; SubscriptionT = rclcpp::Subscription<nav_msgs::msg::Path_<std::allocator<void> > >; MessageMemoryStrategyT = rclcpp::message_memory_strategy::MessageMemoryStrategy<nav_msgs::msg::Path_<std::allocator<void> >, std::allocator<void> >; std::string = std::__cxx11::basic_string<char>; typename MessageMemoryStrategyT::SharedPtr = std::shared_ptr<rclcpp::message_memory_strategy::MessageMemoryStrategy<nav_msgs::msg::Path_<std::allocator<void> >, std::allocator<void> > >][m[K’
[5.595s] [01m[K/home/suke/chicken_core/src/planner/pure_pursuit_planner/src/pure_pursuit_planner_component.cpp:17:62:[m[K   required from here
[5.595s] [01m[K/opt/ros/humble/include/rclcpp/rclcpp/any_subscription_callback.hpp:391:22:[m[K [01;31m[Kerror: [m[Kno matching function for call to ‘[01m[Kstd::function<void(std::shared_ptr<nav_msgs::msg::Path_<std::allocator<void> > >)>::function(std::_Bind<void (PurePursuitNode::*(PurePursuitNode*, int))(std::shared_ptr<nav_msgs::msg::Path_<std::allocator<void> > >)>&)[m[K’
[5.595s]   391 |       set_deprecated([01;31m[Kstatic_cast<typename scbth::callback_type>(callback)[m[K);
[5.595s]       |                      [01;31m[K^~~~~~~~~~~~~~~~~~~~~~~~~~~~~~~~~~~~~~~~~~~~~~~~~~~~[m[K
[5.596s] In file included from [01m[K/usr/include/c++/11/future:47[m[K,
[5.596s]                  from [01m[K/opt/ros/humble/include/rclcpp/rclcpp/executors.hpp:18[m[K,
[5.596s]                  from [01m[K/opt/ros/humble/include/rclcpp/rclcpp/rclcpp.hpp:155[m[K,
[5.596s]                  from [01m[K/home/suke/chicken_core/src/planner/pure_pursuit_planner/include/pure_pursuit_planner/pure_pursuit_planner_component.hpp:4[m[K,
[5.596s]                  from [01m[K/home/suke/chicken_core/src/planner/pure_pursuit_planner/src/pure_pursuit_planner_component.cpp:1[m[K:
[5.596s] [01m[K/usr/include/c++/11/bits/std_function.h:435:9:[m[K [01;36m[Knote: [m[Kcandidate: ‘[01m[Ktemplate<class _Functor, class _Constraints> std::function<_Res(_ArgTypes ...)>::function(_Functor&&) [with _Functor = _Functor; _Constraints = _Constraints; _Res = void; _ArgTypes = {std::shared_ptr<nav_msgs::msg::Path_<std::allocator<void> > >}][m[K’
[5.596s]   435 |         [01;36m[Kfunction[m[K(_Functor&& __f)
[5.596s]       |         [01;36m[K^~~~~~~~[m[K
[5.596s] [01m[K/usr/include/c++/11/bits/std_function.h:435:9:[m[K [01;36m[Knote: [m[K  template argument deduction/substitution failed:
[5.596s] In file included from [01m[K/usr/include/c++/11/bits/move.h:57[m[K,
[5.596s]                  from [01m[K/usr/include/c++/11/bits/stl_pair.h:59[m[K,
[5.596s]                  from [01m[K/usr/include/c++/11/bits/stl_algobase.h:64[m[K,
[5.596s]                  from [01m[K/usr/include/c++/11/memory:63[m[K,
[5.596s]                  from [01m[K/opt/ros/humble/include/rclcpp/rclcpp/rclcpp.hpp:153[m[K,
[5.596s]                  from [01m[K/home/suke/chicken_core/src/planner/pure_pursuit_planner/include/pure_pursuit_planner/pure_pursuit_planner_component.hpp:4[m[K,
[5.596s]                  from [01m[K/home/suke/chicken_core/src/planner/pure_pursuit_planner/src/pure_pursuit_planner_component.cpp:1[m[K:
[5.596s] /usr/include/c++/11/type_traits: In substitution of ‘[01m[Ktemplate<bool _Cond, class _Tp> using __enable_if_t = typename std::enable_if::type [with bool _Cond = false; _Tp = void][m[K’:
[5.596s] [01m[K/usr/include/c++/11/bits/std_function.h:353:8:[m[K   required by substitution of ‘[01m[Ktemplate<class _Res, class ... _ArgTypes> template<class _Cond, class _Tp> using _Requires = std::__enable_if_t<_Cond::value, _Tp> [with _Cond = std::function<void(std::shared_ptr<nav_msgs::msg::Path_<std::allocator<void> > >)>::_Callable<std::_Bind<void (PurePursuitNode::*(PurePursuitNode*, int))(std::shared_ptr<nav_msgs::msg::Path_<std::allocator<void> > >)>&, std::_Bind<void (PurePursuitNode::*(PurePursuitNode*, int))(std::shared_ptr<nav_msgs::msg::Path_<std::allocator<void> > >)>, std::__invoke_result<std::_Bind<void (PurePursuitNode::*(PurePursuitNode*, int))(std::shared_ptr<nav_msgs::msg::Path_<std::allocator<void> > >)>&, std::shared_ptr<nav_msgs::msg::Path_<std::allocator<void> > > > >; _Tp = void; _Res = void; _ArgTypes = {std::shared_ptr<nav_msgs::msg::Path_<std::allocator<void> > >}][m[K’
[5.597s] [01m[K/usr/include/c++/11/bits/std_function.h:434:9:[m[K   required from ‘[01m[Krclcpp::AnySubscriptionCallback<MessageT, AllocatorT> rclcpp::AnySubscriptionCallback<MessageT, AllocatorT>::set(CallbackT) [with CallbackT = std::_Bind<void (PurePursuitNode::*(PurePursuitNode*, int))(std::shared_ptr<nav_msgs::msg::Path_<std::allocator<void> > >)>; MessageT = nav_msgs::msg::Path_<std::allocator<void> >; AllocatorT = std::allocator<void>][m[K’
[5.597s] [01m[K/opt/ros/humble/include/rclcpp/rclcpp/subscription_factory.hpp:94:32:[m[K   required from ‘[01m[Krclcpp::SubscriptionFactory rclcpp::create_subscription_factory(CallbackT&&, const rclcpp::SubscriptionOptionsWithAllocator<AllocatorT>&, typename MessageMemoryStrategyT::SharedPtr, std::shared_ptr<rclcpp::topic_statistics::SubscriptionTopicStatistics<ROSMessageType> >) [with MessageT = nav_msgs::msg::Path_<std::allocator<void> >; CallbackT = std::_Bind<void (PurePursuitNode::*(PurePursuitNode*, int))(std::shared_ptr<nav_msgs::msg::Path_<std::allocator<void> > >)>; AllocatorT = std::allocator<void>; SubscriptionT = rclcpp::Subscription<nav_msgs::msg::Path_<std::allocator<void> > >; MessageMemoryStrategyT = rclcpp::message_memory_strategy::MessageMemoryStrategy<nav_msgs::msg::Path_<std::allocator<void> >, std::allocator<void> >; ROSMessageType = nav_msgs::msg::Path_<std::allocator<void> >; typename MessageMemoryStrategyT::SharedPtr = std::shared_ptr<rclcpp::message_memory_strategy::MessageMemoryStrategy<nav_msgs::msg::Path_<std::allocator<void> >, std::allocator<void> > >][m[K’
[5.597s] [01m[K/opt/ros/humble/include/rclcpp/rclcpp/create_subscription.hpp:122:63:[m[K   required from ‘[01m[Kstd::shared_ptr<ROSMessageT> rclcpp::detail::create_subscription(NodeParametersT&, NodeTopicsT&, const string&, const rclcpp::QoS&, CallbackT&&, const rclcpp::SubscriptionOptionsWithAllocator<AllocatorT>&, typename MessageMemoryStrategyT::SharedPtr) [with MessageT = nav_msgs::msg::Path_<std::allocator<void> >; CallbackT = std::_Bind<void (PurePursuitNode::*(PurePursuitNode*, int))(std::shared_ptr<nav_msgs::msg::Path_<std::allocator<void> > >)>; AllocatorT = std::allocator<void>; SubscriptionT = rclcpp::Subscription<nav_msgs::msg::Path_<std::allocator<void> > >; MessageMemoryStrategyT = rclcpp::message_memory_strategy::MessageMemoryStrategy<nav_msgs::msg::Path_<std::allocator<void> >, std::allocator<void> >; NodeParametersT = rclcpp::Node; NodeTopicsT = rclcpp::Node; ROSMessageType = nav_msgs::msg::Path_<std::allocator<void> >; std::string = std::__cxx11::basic_string<char>; typename MessageMemoryStrategyT::SharedPtr = std::shared_ptr<rclcpp::message_memory_strategy::MessageMemoryStrategy<nav_msgs::msg::Path_<std::allocator<void> >, std::allocator<void> > >][m[K’
[5.597s] [01m[K/opt/ros/humble/include/rclcpp/rclcpp/create_subscription.hpp:191:76:[m[K   required from ‘[01m[Kstd::shared_ptr<ROSMessageT> rclcpp::create_subscription(NodeT&, const string&, const rclcpp::QoS&, CallbackT&&, const rclcpp::SubscriptionOptionsWithAllocator<AllocatorT>&, typename MessageMemoryStrategyT::SharedPtr) [with MessageT = nav_msgs::msg::Path_<std::allocator<void> >; CallbackT = std::_Bind<void (PurePursuitNode::*(PurePursuitNode*, int))(std::shared_ptr<nav_msgs::msg::Path_<std::allocator<void> > >)>; AllocatorT = std::allocator<void>; SubscriptionT = rclcpp::Subscription<nav_msgs::msg::Path_<std::allocator<void> > >; MessageMemoryStrategyT = rclcpp::message_memory_strategy::MessageMemoryStrategy<nav_msgs::msg::Path_<std::allocator<void> >, std::allocator<void> >; NodeT = rclcpp::Node; std::string = std::__cxx11::basic_string<char>; typename MessageMemoryStrategyT::SharedPtr = std::shared_ptr<rclcpp::message_memory_strategy::MessageMemoryStrategy<nav_msgs::msg::Path_<std::allocator<void> >, std::allocator<void> > >][m[K’
[5.597s] [01m[K/opt/ros/humble/include/rclcpp/rclcpp/node_impl.hpp:99:47:[m[K   required from ‘[01m[Kstd::shared_ptr<ROSMessageT> rclcpp::Node::create_subscription(const string&, const rclcpp::QoS&, CallbackT&&, const rclcpp::SubscriptionOptionsWithAllocator<AllocatorT>&, typename MessageMemoryStrategyT::SharedPtr) [with MessageT = nav_msgs::msg::Path_<std::allocator<void> >; CallbackT = std::_Bind<void (PurePursuitNode::*(PurePursuitNode*, int))(std::shared_ptr<nav_msgs::msg::Path_<std::allocator<void> > >)>; AllocatorT = std::allocator<void>; SubscriptionT = rclcpp::Subscription<nav_msgs::msg::Path_<std::allocator<void> > >; MessageMemoryStrategyT = rclcpp::message_memory_strategy::MessageMemoryStrategy<nav_msgs::msg::Path_<std::allocator<void> >, std::allocator<void> >; std::string = std::__cxx11::basic_string<char>; typename MessageMemoryStrategyT::SharedPtr = std::shared_ptr<rclcpp::message_memory_strategy::MessageMemoryStrategy<nav_msgs::msg::Path_<std::allocator<void> >, std::allocator<void> > >][m[K’
[5.597s] [01m[K/home/suke/chicken_core/src/planner/pure_pursuit_planner/src/pure_pursuit_planner_component.cpp:17:62:[m[K   required from here
[5.597s] [01m[K/usr/include/c++/11/type_traits:2205:11:[m[K [01;31m[Kerror: [m[Kno type named ‘[01m[Ktype[m[K’ in ‘[01m[Kstruct std::enable_if<false, void>[m[K’
[5.597s]  2205 |     using [01;31m[K__enable_if_t[m[K = typename enable_if<_Cond, _Tp>::type;
[5.597s]       |           [01;31m[K^~~~~~~~~~~~~[m[K
[5.597s] In file included from [01m[K/usr/include/c++/11/future:47[m[K,
[5.597s]                  from [01m[K/opt/ros/humble/include/rclcpp/rclcpp/executors.hpp:18[m[K,
[5.597s]                  from [01m[K/opt/ros/humble/include/rclcpp/rclcpp/rclcpp.hpp:155[m[K,
[5.598s]                  from [01m[K/home/suke/chicken_core/src/planner/pure_pursuit_planner/include/pure_pursuit_planner/pure_pursuit_planner_component.hpp:4[m[K,
[5.598s]                  from [01m[K/home/suke/chicken_core/src/planner/pure_pursuit_planner/src/pure_pursuit_planner_component.cpp:1[m[K:
[5.598s] /opt/ros/humble/include/rclcpp/rclcpp/any_subscription_callback.hpp: In instantiation of ‘[01m[Krclcpp::AnySubscriptionCallback<MessageT, AllocatorT> rclcpp::AnySubscriptionCallback<MessageT, AllocatorT>::set(CallbackT) [with CallbackT = std::_Bind<void (PurePursuitNode::*(PurePursuitNode*, int))(std::shared_ptr<nav_msgs::msg::Path_<std::allocator<void> > >)>; MessageT = nav_msgs::msg::Path_<std::allocator<void> >; AllocatorT = std::allocator<void>][m[K’:
[5.598s] [01m[K/opt/ros/humble/include/rclcpp/rclcpp/subscription_factory.hpp:94:32:[m[K   required from ‘[01m[Krclcpp::SubscriptionFactory rclcpp::create_subscription_factory(CallbackT&&, const rclcpp::SubscriptionOptionsWithAllocator<AllocatorT>&, typename MessageMemoryStrategyT::SharedPtr, std::shared_ptr<rclcpp::topic_statistics::SubscriptionTopicStatistics<ROSMessageType> >) [with MessageT = nav_msgs::msg::Path_<std::allocator<void> >; CallbackT = std::_Bind<void (PurePursuitNode::*(PurePursuitNode*, int))(std::shared_ptr<nav_msgs::msg::Path_<std::allocator<void> > >)>; AllocatorT = std::allocator<void>; SubscriptionT = rclcpp::Subscription<nav_msgs::msg::Path_<std::allocator<void> > >; MessageMemoryStrategyT = rclcpp::message_memory_strategy::MessageMemoryStrategy<nav_msgs::msg::Path_<std::allocator<void> >, std::allocator<void> >; ROSMessageType = nav_msgs::msg::Path_<std::allocator<void> >; typename MessageMemoryStrategyT::SharedPtr = std::shared_ptr<rclcpp::message_memory_strategy::MessageMemoryStrategy<nav_msgs::msg::Path_<std::allocator<void> >, std::allocator<void> > >][m[K’
[5.598s] [01m[K/opt/ros/humble/include/rclcpp/rclcpp/create_subscription.hpp:122:63:[m[K   required from ‘[01m[Kstd::shared_ptr<ROSMessageT> rclcpp::detail::create_subscription(NodeParametersT&, NodeTopicsT&, const string&, const rclcpp::QoS&, CallbackT&&, const rclcpp::SubscriptionOptionsWithAllocator<AllocatorT>&, typename MessageMemoryStrategyT::SharedPtr) [with MessageT = nav_msgs::msg::Path_<std::allocator<void> >; CallbackT = std::_Bind<void (PurePursuitNode::*(PurePursuitNode*, int))(std::shared_ptr<nav_msgs::msg::Path_<std::allocator<void> > >)>; AllocatorT = std::allocator<void>; SubscriptionT = rclcpp::Subscription<nav_msgs::msg::Path_<std::allocator<void> > >; MessageMemoryStrategyT = rclcpp::message_memory_strategy::MessageMemoryStrategy<nav_msgs::msg::Path_<std::allocator<void> >, std::allocator<void> >; NodeParametersT = rclcpp::Node; NodeTopicsT = rclcpp::Node; ROSMessageType = nav_msgs::msg::Path_<std::allocator<void> >; std::string = std::__cxx11::basic_string<char>; typename MessageMemoryStrategyT::SharedPtr = std::shared_ptr<rclcpp::message_memory_strategy::MessageMemoryStrategy<nav_msgs::msg::Path_<std::allocator<void> >, std::allocator<void> > >][m[K’
[5.598s] [01m[K/opt/ros/humble/include/rclcpp/rclcpp/create_subscription.hpp:191:76:[m[K   required from ‘[01m[Kstd::shared_ptr<ROSMessageT> rclcpp::create_subscription(NodeT&, const string&, const rclcpp::QoS&, CallbackT&&, const rclcpp::SubscriptionOptionsWithAllocator<AllocatorT>&, typename MessageMemoryStrategyT::SharedPtr) [with MessageT = nav_msgs::msg::Path_<std::allocator<void> >; CallbackT = std::_Bind<void (PurePursuitNode::*(PurePursuitNode*, int))(std::shared_ptr<nav_msgs::msg::Path_<std::allocator<void> > >)>; AllocatorT = std::allocator<void>; SubscriptionT = rclcpp::Subscription<nav_msgs::msg::Path_<std::allocator<void> > >; MessageMemoryStrategyT = rclcpp::message_memory_strategy::MessageMemoryStrategy<nav_msgs::msg::Path_<std::allocator<void> >, std::allocator<void> >; NodeT = rclcpp::Node; std::string = std::__cxx11::basic_string<char>; typename MessageMemoryStrategyT::SharedPtr = std::shared_ptr<rclcpp::message_memory_strategy::MessageMemoryStrategy<nav_msgs::msg::Path_<std::allocator<void> >, std::allocator<void> > >][m[K’
[5.598s] [01m[K/opt/ros/humble/include/rclcpp/rclcpp/node_impl.hpp:99:47:[m[K   required from ‘[01m[Kstd::shared_ptr<ROSMessageT> rclcpp::Node::create_subscription(const string&, const rclcpp::QoS&, CallbackT&&, const rclcpp::SubscriptionOptionsWithAllocator<AllocatorT>&, typename MessageMemoryStrategyT::SharedPtr) [with MessageT = nav_msgs::msg::Path_<std::allocator<void> >; CallbackT = std::_Bind<void (PurePursuitNode::*(PurePursuitNode*, int))(std::shared_ptr<nav_msgs::msg::Path_<std::allocator<void> > >)>; AllocatorT = std::allocator<void>; SubscriptionT = rclcpp::Subscription<nav_msgs::msg::Path_<std::allocator<void> > >; MessageMemoryStrategyT = rclcpp::message_memory_strategy::MessageMemoryStrategy<nav_msgs::msg::Path_<std::allocator<void> >, std::allocator<void> >; std::string = std::__cxx11::basic_string<char>; typename MessageMemoryStrategyT::SharedPtr = std::shared_ptr<rclcpp::message_memory_strategy::MessageMemoryStrategy<nav_msgs::msg::Path_<std::allocator<void> >, std::allocator<void> > >][m[K’
[5.598s] [01m[K/home/suke/chicken_core/src/planner/pure_pursuit_planner/src/pure_pursuit_planner_component.cpp:17:62:[m[K   required from here
[5.598s] [01m[K/usr/include/c++/11/bits/std_function.h:404:7:[m[K [01;36m[Knote: [m[Kcandidate: ‘[01m[Kstd::function<_Res(_ArgTypes ...)>::function(std::function<_Res(_ArgTypes ...)>&&) [with _Res = void; _ArgTypes = {std::shared_ptr<nav_msgs::msg::Path_<std::allocator<void> > >}][m[K’
[5.599s]   404 |       [01;36m[Kfunction[m[K(function&& __x) noexcept
[5.599s]       |       [01;36m[K^~~~~~~~[m[K
[5.599s] [01m[K/usr/include/c++/11/bits/std_function.h:404:27:[m[K [01;36m[Knote: [m[K  no known conversion for argument 1 from ‘[01m[Kstd::_Bind<void (PurePursuitNode::*(PurePursuitNode*, int))(std::shared_ptr<nav_msgs::msg::Path_<std::allocator<void> > >)>[m[K’ to ‘[01m[Kstd::function<void(std::shared_ptr<nav_msgs::msg::Path_<std::allocator<void> > >)>&&[m[K’
[5.599s]   404 |       function([01;36m[Kfunction&& __x[m[K) noexcept
[5.599s]       |                [01;36m[K~~~~~~~~~~~^~~[m[K
[5.599s] [01m[K/usr/include/c++/11/bits/std_function.h:386:7:[m[K [01;36m[Knote: [m[Kcandidate: ‘[01m[Kstd::function<_Res(_ArgTypes ...)>::function(const std::function<_Res(_ArgTypes ...)>&) [with _Res = void; _ArgTypes = {std::shared_ptr<nav_msgs::msg::Path_<std::allocator<void> > >}][m[K’
[5.599s]   386 |       [01;36m[Kfunction[m[K(const function& __x)
[5.599s]       |       [01;36m[K^~~~~~~~[m[K
[5.600s] [01m[K/usr/include/c++/11/bits/std_function.h:386:32:[m[K [01;36m[Knote: [m[K  no known conversion for argument 1 from ‘[01m[Kstd::_Bind<void (PurePursuitNode::*(PurePursuitNode*, int))(std::shared_ptr<nav_msgs::msg::Path_<std::allocator<void> > >)>[m[K’ to ‘[01m[Kconst std::function<void(std::shared_ptr<nav_msgs::msg::Path_<std::allocator<void> > >)>&[m[K’
[5.600s]   386 |       function([01;36m[Kconst function& __x[m[K)
[5.600s]       |                [01;36m[K~~~~~~~~~~~~~~~~^~~[m[K
[5.600s] [01m[K/usr/include/c++/11/bits/std_function.h:375:7:[m[K [01;36m[Knote: [m[Kcandidate: ‘[01m[Kstd::function<_Res(_ArgTypes ...)>::function(std::nullptr_t) [with _Res = void; _ArgTypes = {std::shared_ptr<nav_msgs::msg::Path_<std::allocator<void> > >}; std::nullptr_t = std::nullptr_t][m[K’
[5.600s]   375 |       [01;36m[Kfunction[m[K(nullptr_t) noexcept
[5.600s]       |       [01;36m[K^~~~~~~~[m[K
[5.600s] [01m[K/usr/include/c++/11/bits/std_function.h:375:16:[m[K [01;36m[Knote: [m[K  no known conversion for argument 1 from ‘[01m[Kstd::_Bind<void (PurePursuitNode::*(PurePursuitNode*, int))(std::shared_ptr<nav_msgs::msg::Path_<std::allocator<void> > >)>[m[K’ to ‘[01m[Kstd::nullptr_t[m[K’
[5.600s]   375 |       function([01;36m[Knullptr_t[m[K) noexcept
[5.600s]       |                [01;36m[K^~~~~~~~~[m[K
[5.600s] [01m[K/usr/include/c++/11/bits/std_function.h:368:7:[m[K [01;36m[Knote: [m[Kcandidate: ‘[01m[Kstd::function<_Res(_ArgTypes ...)>::function() [with _Res = void; _ArgTypes = {std::shared_ptr<nav_msgs::msg::Path_<std::allocator<void> > >}][m[K’
[5.600s]   368 |       [01;36m[Kfunction[m[K() noexcept
[5.600s]       |       [01;36m[K^~~~~~~~[m[K
[5.600s] [01m[K/usr/include/c++/11/bits/std_function.h:368:7:[m[K [01;36m[Knote: [m[K  candidate expects 0 arguments, 1 provided
[5.600s] gmake[2]: *** [CMakeFiles/pure_pursuit_planner.dir/build.make:76: CMakeFiles/pure_pursuit_planner.dir/src/pure_pursuit_planner_component.cpp.o] Error 1
[5.601s] gmake[1]: *** [CMakeFiles/Makefile2:137: CMakeFiles/pure_pursuit_planner.dir/all] Error 2
[5.601s] gmake: *** [Makefile:146: all] Error 2
[5.601s] Invoked command in '/home/suke/chicken_core/build/pure_pursuit_planner' returned '2': CMAKE_PREFIX_PATH=${CMAKE_PREFIX_PATH}:/home/suke/chicken_core/install/wheelbot_control:/home/suke/chicken_core/install/sensor_bringup:/home/suke/chicken_core/install/joy_translate:/home/suke/Documents/microros_ws/install/sensor_msgs_py:/home/suke/ouxt_automation/robotx_ws/install/opencv_tests:/home/suke/ouxt_automation/robotx_ws/install/detic_onnx_ros2:/opt/ros/humble /usr/bin/cmake --build /home/suke/chicken_core/build/pure_pursuit_planner -- -j12 -l12
