[35m[1mConsolidate compiler generated dependencies of target ekf_localization_component[0m
[ 50%] [32mBuilding CXX object CMakeFiles/ekf_localization_component.dir/src/ekf_localization_component.cpp.o[0m
[100%] [32m[1mLinking CXX shared library libekf_localization_component.so[0m
[100%] Built target ekf_localization_component
-- Install configuration: ""
-- Installing: /home/suke/chicken_core/install/ekf_localization/include
-- Installing: /home/suke/chicken_core/install/ekf_localization/include/ekf_localization
-- Installing: /home/suke/chicken_core/install/ekf_localization/include/ekf_localization/ekf_localization_component.hpp
-- Up-to-date: /home/suke/chicken_core/install/ekf_localization/include
-- Up-to-date: /home/suke/chicken_core/install/ekf_localization/include/ekf_localization
-- Up-to-date: /home/suke/chicken_core/install/ekf_localization/include/ekf_localization/ekf_localization_component.hpp
-- Installing: /home/suke/chicken_core/install/ekf_localization/share/ekf_localization/environment/library_path.sh
-- Installing: /home/suke/chicken_core/install/ekf_localization/share/ekf_localization/environment/library_path.dsv
-- Installing: /home/suke/chicken_core/install/ekf_localization/lib/libekf_localization_component.so
-- Set runtime path of "/home/suke/chicken_core/install/ekf_localization/lib/libekf_localization_component.so" to ""
[31mCMake Error at cmake_install.cmake:85 (file):
  file INSTALL cannot find
  "/home/suke/chicken_core/src/localization/ekf_localization/launch": No such
  file or directory.

[0m
