[0.031s] Invoking command in '/home/suke/chicken_core/build/pure_pursuit_planner': CMAKE_PREFIX_PATH=${CMAKE_PREFIX_PATH}:/home/suke/chicken_core/install/wheelbot_control:/home/suke/chicken_core/install/sensor_bringup:/home/suke/chicken_core/install/joy_translate:/home/suke/Documents/microros_ws/install/sensor_msgs_py:/home/suke/ouxt_automation/robotx_ws/install/opencv_tests:/home/suke/ouxt_automation/robotx_ws/install/detic_onnx_ros2:/opt/ros/humble /usr/bin/cmake --build /home/suke/chicken_core/build/pure_pursuit_planner -- -j12 -l12
[0.118s] [35m[1mConsolidate compiler generated dependencies of target pure_pursuit_planner[0m
[0.147s] [ 33%] [32mBuilding CXX object CMakeFiles/pure_pursuit_planner.dir/src/pure_pursuit_planner_component.cpp.o[0m
[14.501s] [ 66%] [32m[1mLinking CXX executable pure_pursuit_planner[0m
[15.144s] [100%] Built target pure_pursuit_planner
[15.164s] Invoked command in '/home/suke/chicken_core/build/pure_pursuit_planner' returned '0': CMAKE_PREFIX_PATH=${CMAKE_PREFIX_PATH}:/home/suke/chicken_core/install/wheelbot_control:/home/suke/chicken_core/install/sensor_bringup:/home/suke/chicken_core/install/joy_translate:/home/suke/Documents/microros_ws/install/sensor_msgs_py:/home/suke/ouxt_automation/robotx_ws/install/opencv_tests:/home/suke/ouxt_automation/robotx_ws/install/detic_onnx_ros2:/opt/ros/humble /usr/bin/cmake --build /home/suke/chicken_core/build/pure_pursuit_planner -- -j12 -l12
[15.257s] Invoking command in '/home/suke/chicken_core/build/pure_pursuit_planner': CMAKE_PREFIX_PATH=${CMAKE_PREFIX_PATH}:/home/suke/chicken_core/install/wheelbot_control:/home/suke/chicken_core/install/sensor_bringup:/home/suke/chicken_core/install/joy_translate:/home/suke/Documents/microros_ws/install/sensor_msgs_py:/home/suke/ouxt_automation/robotx_ws/install/opencv_tests:/home/suke/ouxt_automation/robotx_ws/install/detic_onnx_ros2:/opt/ros/humble /usr/bin/cmake --install /home/suke/chicken_core/build/pure_pursuit_planner
[15.272s] -- Install configuration: ""
[15.273s] -- Execute custom install script
[15.273s] -- Up-to-date symlink: /home/suke/chicken_core/install/pure_pursuit_planner/lib/pure_pursuit_planner/pure_pursuit_planner
[15.273s] -- Up-to-date symlink: /home/suke/chicken_core/install/pure_pursuit_planner/share/pure_pursuit_planner/launch/pure_pursuit_planner.py
[15.274s] -- Up-to-date symlink: /home/suke/chicken_core/install/pure_pursuit_planner/share/pure_pursuit_planner/rviz/pure_pursuit_planner.rviz
[15.274s] -- Up-to-date symlink: /home/suke/chicken_core/install/pure_pursuit_planner/share/ament_index/resource_index/package_run_dependencies/pure_pursuit_planner
[15.274s] -- Up-to-date symlink: /home/suke/chicken_core/install/pure_pursuit_planner/share/ament_index/resource_index/parent_prefix_path/pure_pursuit_planner
[15.274s] -- Up-to-date symlink: /home/suke/chicken_core/install/pure_pursuit_planner/share/pure_pursuit_planner/environment/ament_prefix_path.sh
[15.275s] -- Up-to-date symlink: /home/suke/chicken_core/install/pure_pursuit_planner/share/pure_pursuit_planner/environment/ament_prefix_path.dsv
[15.275s] -- Up-to-date symlink: /home/suke/chicken_core/install/pure_pursuit_planner/share/pure_pursuit_planner/environment/path.sh
[15.275s] -- Up-to-date symlink: /home/suke/chicken_core/install/pure_pursuit_planner/share/pure_pursuit_planner/environment/path.dsv
[15.275s] -- Up-to-date symlink: /home/suke/chicken_core/install/pure_pursuit_planner/share/pure_pursuit_planner/local_setup.bash
[15.275s] -- Up-to-date symlink: /home/suke/chicken_core/install/pure_pursuit_planner/share/pure_pursuit_planner/local_setup.sh
[15.276s] -- Up-to-date symlink: /home/suke/chicken_core/install/pure_pursuit_planner/share/pure_pursuit_planner/local_setup.zsh
[15.276s] -- Up-to-date symlink: /home/suke/chicken_core/install/pure_pursuit_planner/share/pure_pursuit_planner/local_setup.dsv
[15.276s] -- Symlinking: /home/suke/chicken_core/install/pure_pursuit_planner/share/pure_pursuit_planner/package.dsv
[15.293s] -- Up-to-date symlink: /home/suke/chicken_core/install/pure_pursuit_planner/share/ament_index/resource_index/packages/pure_pursuit_planner
[15.293s] -- Up-to-date symlink: /home/suke/chicken_core/install/pure_pursuit_planner/share/pure_pursuit_planner/cmake/pure_pursuit_plannerConfig.cmake
[15.293s] -- Up-to-date symlink: /home/suke/chicken_core/install/pure_pursuit_planner/share/pure_pursuit_planner/cmake/pure_pursuit_plannerConfig-version.cmake
[15.293s] -- Up-to-date symlink: /home/suke/chicken_core/install/pure_pursuit_planner/share/pure_pursuit_planner/package.xml
[15.296s] Invoked command in '/home/suke/chicken_core/build/pure_pursuit_planner' returned '0': CMAKE_PREFIX_PATH=${CMAKE_PREFIX_PATH}:/home/suke/chicken_core/install/wheelbot_control:/home/suke/chicken_core/install/sensor_bringup:/home/suke/chicken_core/install/joy_translate:/home/suke/Documents/microros_ws/install/sensor_msgs_py:/home/suke/ouxt_automation/robotx_ws/install/opencv_tests:/home/suke/ouxt_automation/robotx_ws/install/detic_onnx_ros2:/opt/ros/humble /usr/bin/cmake --install /home/suke/chicken_core/build/pure_pursuit_planner
