[35m[1mConsolidate compiler generated dependencies of target ekf_localization_component[0m
[ 50%] [32mBuilding CXX object CMakeFiles/ekf_localization_component.dir/src/ekf_localization_component.cpp.o[0m
[01m[K/home/suke/chicken_core/src/localization/ekf_localization/src/ekf_localization_component.cpp:[m[K In member function ‘[01m[Kvoid ekf_localization::ExtendedKalmanFilter::imu_callback(sensor_msgs::msg::Imu_<std::allocator<void> >::SharedPtr)[m[K’:
[01m[K/home/suke/chicken_core/src/localization/ekf_localization/src/ekf_localization_component.cpp:113:23:[m[K [01;31m[Kerror: [m[Kcannot convert ‘[01m[Kconst SharedPtr[m[K’ {aka ‘[01m[Kconst std::shared_ptr<sensor_msgs::msg::Imu_<std::allocator<void> > >[m[K’} to ‘[01m[Ksensor_msgs::msg::Imu[m[K’ {aka ‘[01m[Ksensor_msgs::msg::Imu_<std::allocator<void> >[m[K’}
  113 |     measurementUpdate([01;31m[Kmsg[m[K);
      |                       [01;31m[K^~~[m[K
      |                       [01;31m[K|[m[K
      |                       [01;31m[Kconst SharedPtr {aka const std::shared_ptr<sensor_msgs::msg::Imu_<std::allocator<void> > >}[m[K
In file included from [01m[K/home/suke/chicken_core/src/localization/ekf_localization/src/ekf_localization_component.cpp:8[m[K:
[01m[K/home/suke/chicken_core/src/localization/ekf_localization/include/ekf_localization/ekf_localization_component.hpp:36:48:[m[K [01;36m[Knote: [m[K  initializing argument 1 of ‘[01m[Kvoid ekf_localization::ExtendedKalmanFilter::measurementUpdate(sensor_msgs::msg::Imu)[m[K’
   36 |   void measurementUpdate([01;36m[Ksensor_msgs::msg::Imu msg[m[K);
      |                          [01;36m[K~~~~~~~~~~~~~~~~~~~~~~^~~[m[K
[01m[K/home/suke/chicken_core/src/localization/ekf_localization/src/ekf_localization_component.cpp:[m[K At global scope:
[01m[K/home/suke/chicken_core/src/localization/ekf_localization/src/ekf_localization_component.cpp:162:6:[m[K [01;31m[Kerror: [m[Kno declaration matches ‘[01m[Kvoid ekf_localization::ExtendedKalmanFilter::measurementUpdate(sensor_msgs::msg::Imu_<std::allocator<void> >::SharedPtr)[m[K’
  162 | void [01;31m[KExtendedKalmanFilter[m[K::measurementUpdate(sensor_msgs::msg::Imu::SharedPtr msg)
      |      [01;31m[K^~~~~~~~~~~~~~~~~~~~[m[K
In file included from [01m[K/home/suke/chicken_core/src/localization/ekf_localization/src/ekf_localization_component.cpp:8[m[K:
[01m[K/home/suke/chicken_core/src/localization/ekf_localization/include/ekf_localization/ekf_localization_component.hpp:36:8:[m[K [01;36m[Knote: [m[Kcandidate is: ‘[01m[Kvoid ekf_localization::ExtendedKalmanFilter::measurementUpdate(sensor_msgs::msg::Imu)[m[K’
   36 |   void [01;36m[KmeasurementUpdate[m[K(sensor_msgs::msg::Imu msg);
      |        [01;36m[K^~~~~~~~~~~~~~~~~[m[K
[01m[K/home/suke/chicken_core/src/localization/ekf_localization/include/ekf_localization/ekf_localization_component.hpp:11:7:[m[K [01;36m[Knote: [m[K‘[01m[Kclass ekf_localization::ExtendedKalmanFilter[m[K’ defined here
   11 | class [01;36m[KExtendedKalmanFilter[m[K : public rclcpp::Node
      |       [01;36m[K^~~~~~~~~~~~~~~~~~~~[m[K
gmake[2]: *** [CMakeFiles/ekf_localization_component.dir/build.make:76: CMakeFiles/ekf_localization_component.dir/src/ekf_localization_component.cpp.o] Error 1
gmake[1]: *** [CMakeFiles/Makefile2:137: CMakeFiles/ekf_localization_component.dir/all] Error 2
gmake: *** [Makefile:146: all] Error 2
