[35m[1mConsolidate compiler generated dependencies of target ekf_localization_component[0m
[ 50%] [32mBuilding CXX object CMakeFiles/ekf_localization_component.dir/src/ekf_localization_component.cpp.o[0m
[01m[K/home/suke/chicken_core/src/localization/ekf_localization/src/ekf_localization_component.cpp:[m[K In member function ‘[01m[Kvoid ekf_localization::ExtendedKalmanFilter::imu_callback(sensor_msgs::msg::Imu_<std::allocator<void> >::SharedPtr)[m[K’:
[01m[K/home/suke/chicken_core/src/localization/ekf_localization/src/ekf_localization_component.cpp:113:23:[m[K [01;31m[Kerror: [m[Kcannot convert ‘[01m[Kconst SharedPtr[m[K’ {aka ‘[01m[Kconst std::shared_ptr<sensor_msgs::msg::Imu_<std::allocator<void> > >[m[K’} to ‘[01m[Ksensor_msgs::msg::Imu[m[K’ {aka ‘[01m[Ksensor_msgs::msg::Imu_<std::allocator<void> >[m[K’}
  113 |     measurementUpdate([01;31m[Kmsg[m[K);
      |                       [01;31m[K^~~[m[K
      |                       [01;31m[K|[m[K
      |                       [01;31m[Kconst SharedPtr {aka const std::shared_ptr<sensor_msgs::msg::Imu_<std::allocator<void> > >}[m[K
In file included from [01m[K/home/suke/chicken_core/src/localization/ekf_localization/src/ekf_localization_component.cpp:8[m[K:
[01m[K/home/suke/chicken_core/src/localization/ekf_localization/include/ekf_localization/ekf_localization_component.hpp:35:48:[m[K [01;36m[Knote: [m[K  initializing argument 1 of ‘[01m[Kvoid ekf_localization::ExtendedKalmanFilter::measurementUpdate(sensor_msgs::msg::Imu)[m[K’
   35 |   void measurementUpdate([01;36m[Ksensor_msgs::msg::Imu msg[m[K);
      |                          [01;36m[K~~~~~~~~~~~~~~~~~~~~~~^~~[m[K
[01m[K/home/suke/chicken_core/src/localization/ekf_localization/src/ekf_localization_component.cpp:[m[K In member function ‘[01m[Kvoid ekf_localization::ExtendedKalmanFilter::predictUpdate(nav_msgs::msg::Odometry_<std::allocator<void> >::SharedPtr)[m[K’:
[01m[K/home/suke/chicken_core/src/localization/ekf_localization/src/ekf_localization_component.cpp:143:29:[m[K [01;31m[Kerror: [m[Kcannot convert ‘[01m[Krclcpp::Duration[m[K’ to ‘[01m[Kdouble[m[K’ in initialization
  143 |   double dt = [01;31m[Kodomtimestamp - prev_time_[m[K;
      |               [01;31m[K~~~~~~~~~~~~~~^~~~~~~~~~~~[m[K
      |                             [01;31m[K|[m[K
      |                             [01;31m[Krclcpp::Duration[m[K
[01m[K/home/suke/chicken_core/src/localization/ekf_localization/src/ekf_localization_component.cpp:[m[K In member function ‘[01m[Kvoid ekf_localization::ExtendedKalmanFilter::measurementUpdate(sensor_msgs::msg::Imu)[m[K’:
[01m[K/home/suke/chicken_core/src/localization/ekf_localization/src/ekf_localization_component.cpp:173:21:[m[K [01;31m[Kerror: [m[Kbase operand of ‘[01m[K->[m[K’ has non-pointer type ‘[01m[Ksensor_msgs::msg::Imu[m[K’ {aka ‘[01m[Ksensor_msgs::msg::Imu_<std::allocator<void> >[m[K’}
  173 |   imutimestamp = msg[01;31m[K->[m[Kheader.stamp;
      |                     [01;31m[K^~[m[K
[01m[K/home/suke/chicken_core/src/localization/ekf_localization/src/ekf_localization_component.cpp:174:28:[m[K [01;31m[Kerror: [m[Kcannot convert ‘[01m[Krclcpp::Duration[m[K’ to ‘[01m[Kdouble[m[K’ in initialization
  174 |   double dt = [01;31m[Kimutimestamp - prev_time_[m[K;
      |               [01;31m[K~~~~~~~~~~~~~^~~~~~~~~~~~[m[K
      |                            [01;31m[K|[m[K
      |                            [01;31m[Krclcpp::Duration[m[K
[01m[K/home/suke/chicken_core/src/localization/ekf_localization/src/ekf_localization_component.cpp:177:12:[m[K [01;31m[Kerror: [m[Kexpected initializer before ‘[01m[K+=[m[K’ token
  177 |   double v [01;31m[K+=[m[K msg.linear_acceleration.x*dt;
      |            [01;31m[K^~[m[K
[01m[K/home/suke/chicken_core/src/localization/ekf_localization/src/ekf_localization_component.cpp:179:15:[m[K [01;31m[Kerror: [m[K‘[01m[Kv[m[K’ was not declared in this scope
  179 |   double dx = [01;31m[Kv[m[K*cos(theta);
      |               [01;31m[K^[m[K
[01m[K/home/suke/chicken_core/src/localization/ekf_localization/src/ekf_localization_component.cpp:194:12:[m[K [01;31m[Kerror: [m[Kconflicting declaration ‘[01m[KEigen::VectorXd y[m[K’
  194 |   VectorXd [01;31m[Ky[m[K = Z - h * X;
      |            [01;31m[K^[m[K
[01m[K/home/suke/chicken_core/src/localization/ekf_localization/src/ekf_localization_component.cpp:178:20:[m[K [01;36m[Knote: [m[Kprevious declaration as ‘[01m[Kdouble y[m[K’
  178 |   double x = X(0), [01;36m[Ky[m[K = X(1), theta = X(2);
      |                    [01;36m[K^[m[K
gmake[2]: *** [CMakeFiles/ekf_localization_component.dir/build.make:76: CMakeFiles/ekf_localization_component.dir/src/ekf_localization_component.cpp.o] Error 1
gmake[1]: *** [CMakeFiles/Makefile2:137: CMakeFiles/ekf_localization_component.dir/all] Error 2
gmake: *** [Makefile:146: all] Error 2
