[0.091s] Invoking command in '/home/suke/chicken_core/build/a_star_planner': CMAKE_PREFIX_PATH=${CMAKE_PREFIX_PATH}:/home/suke/chicken_core/install/wheelbot_control:/home/suke/chicken_core/install/sensor_bringup:/home/suke/chicken_core/install/joy_translate:/home/suke/ouxt_automation/robotx_ws/install/opencv_tests:/home/suke/ouxt_automation/robotx_ws/install/detic_onnx_ros2:/opt/ros/humble /usr/bin/cmake --build /home/suke/chicken_core/build/a_star_planner -- -j12 -l12
[0.883s] [35m[1mConsolidate compiler generated dependencies of target a_star_planner[0m
[0.883s] [35m[1mConsolidate compiler generated dependencies of target a_star_component[0m
[0.883s] [ 50%] Built target a_star_planner
[0.883s] [100%] Built target a_star_component
[0.893s] Invoked command in '/home/suke/chicken_core/build/a_star_planner' returned '0': CMAKE_PREFIX_PATH=${CMAKE_PREFIX_PATH}:/home/suke/chicken_core/install/wheelbot_control:/home/suke/chicken_core/install/sensor_bringup:/home/suke/chicken_core/install/joy_translate:/home/suke/ouxt_automation/robotx_ws/install/opencv_tests:/home/suke/ouxt_automation/robotx_ws/install/detic_onnx_ros2:/opt/ros/humble /usr/bin/cmake --build /home/suke/chicken_core/build/a_star_planner -- -j12 -l12
[0.965s] Invoking command in '/home/suke/chicken_core/build/a_star_planner': CMAKE_PREFIX_PATH=${CMAKE_PREFIX_PATH}:/home/suke/chicken_core/install/wheelbot_control:/home/suke/chicken_core/install/sensor_bringup:/home/suke/chicken_core/install/joy_translate:/home/suke/ouxt_automation/robotx_ws/install/opencv_tests:/home/suke/ouxt_automation/robotx_ws/install/detic_onnx_ros2:/opt/ros/humble /usr/bin/cmake --install /home/suke/chicken_core/build/a_star_planner
[0.999s] -- Install configuration: ""
[0.999s] -- Execute custom install script
[0.999s] -- Up-to-date symlink: /home/suke/chicken_core/install/a_star_planner/lib/a_star_planner/a_star_component
[0.999s] -- Up-to-date symlink: /home/suke/chicken_core/install/a_star_planner/include/a_star_planner/a_star_component.hpp
[0.999s] -- Up-to-date symlink: /home/suke/chicken_core/install/a_star_planner/include/a_star_planner/astar_planner.hpp
[0.999s] -- Up-to-date symlink: /home/suke/chicken_core/install/a_star_planner/include/a_star_planner/base_global_planner.hpp
[0.999s] -- Up-to-date symlink: /home/suke/chicken_core/install/a_star_planner/include/a_star_planner/node.hpp
[1.000s] -- Up-to-date symlink: /home/suke/chicken_core/install/a_star_planner/include/a_star_planner/smoother.hpp
[1.000s] -- Up-to-date symlink: /home/suke/chicken_core/install/a_star_planner/share/a_star_planner/environment/library_path.sh
[1.000s] -- Up-to-date symlink: /home/suke/chicken_core/install/a_star_planner/share/a_star_planner/environment/library_path.dsv
[1.000s] -- Up-to-date symlink: /home/suke/chicken_core/install/a_star_planner/lib/liba_star_planner.so
[1.000s] -- Up-to-date symlink: /home/suke/chicken_core/install/a_star_planner/share/a_star_planner/launch/a_star_planner.launch.py
[1.000s] -- Up-to-date symlink: /home/suke/chicken_core/install/a_star_planner/share/a_star_planner/config/planner_params.yaml
[1.000s] -- Up-to-date symlink: /home/suke/chicken_core/install/a_star_planner/share/ament_index/resource_index/package_run_dependencies/a_star_planner
[1.000s] -- Up-to-date symlink: /home/suke/chicken_core/install/a_star_planner/share/ament_index/resource_index/parent_prefix_path/a_star_planner
[1.000s] -- Up-to-date symlink: /home/suke/chicken_core/install/a_star_planner/share/a_star_planner/environment/ament_prefix_path.sh
[1.000s] -- Up-to-date symlink: /home/suke/chicken_core/install/a_star_planner/share/a_star_planner/environment/ament_prefix_path.dsv
[1.000s] -- Up-to-date symlink: /home/suke/chicken_core/install/a_star_planner/share/a_star_planner/environment/path.sh
[1.001s] -- Up-to-date symlink: /home/suke/chicken_core/install/a_star_planner/share/a_star_planner/environment/path.dsv
[1.001s] -- Up-to-date symlink: /home/suke/chicken_core/install/a_star_planner/share/a_star_planner/local_setup.bash
[1.001s] -- Up-to-date symlink: /home/suke/chicken_core/install/a_star_planner/share/a_star_planner/local_setup.sh
[1.001s] -- Up-to-date symlink: /home/suke/chicken_core/install/a_star_planner/share/a_star_planner/local_setup.zsh
[1.001s] -- Up-to-date symlink: /home/suke/chicken_core/install/a_star_planner/share/a_star_planner/local_setup.dsv
[1.001s] -- Symlinking: /home/suke/chicken_core/install/a_star_planner/share/a_star_planner/package.dsv
[1.008s] -- Up-to-date symlink: /home/suke/chicken_core/install/a_star_planner/share/ament_index/resource_index/packages/a_star_planner
[1.008s] -- Up-to-date symlink: /home/suke/chicken_core/install/a_star_planner/share/ament_index/resource_index/rclcpp_components/a_star_planner
[1.008s] -- Up-to-date symlink: /home/suke/chicken_core/install/a_star_planner/share/a_star_planner/cmake/ament_cmake_export_dependencies-extras.cmake
[1.009s] -- Up-to-date symlink: /home/suke/chicken_core/install/a_star_planner/share/a_star_planner/cmake/ament_cmake_export_include_directories-extras.cmake
[1.009s] -- Up-to-date symlink: /home/suke/chicken_core/install/a_star_planner/share/a_star_planner/cmake/ament_cmake_export_libraries-extras.cmake
[1.010s] -- Up-to-date symlink: /home/suke/chicken_core/install/a_star_planner/share/a_star_planner/cmake/a_star_plannerConfig.cmake
[1.010s] -- Up-to-date symlink: /home/suke/chicken_core/install/a_star_planner/share/a_star_planner/cmake/a_star_plannerConfig-version.cmake
[1.010s] -- Up-to-date symlink: /home/suke/chicken_core/install/a_star_planner/share/a_star_planner/package.xml
[1.042s] Invoked command in '/home/suke/chicken_core/build/a_star_planner' returned '0': CMAKE_PREFIX_PATH=${CMAKE_PREFIX_PATH}:/home/suke/chicken_core/install/wheelbot_control:/home/suke/chicken_core/install/sensor_bringup:/home/suke/chicken_core/install/joy_translate:/home/suke/ouxt_automation/robotx_ws/install/opencv_tests:/home/suke/ouxt_automation/robotx_ws/install/detic_onnx_ros2:/opt/ros/humble /usr/bin/cmake --install /home/suke/chicken_core/build/a_star_planner
