[0.015s] Invoking command in '/home/suke/chicken_core/build/ekf_localization': CMAKE_PREFIX_PATH=${CMAKE_PREFIX_PATH}:/home/suke/ouxt_automation/robotx_ws/install/opencv_tests:/home/suke/ouxt_automation/robotx_ws/install/detic_onnx_ros2:/opt/ros/humble /usr/bin/cmake --build /home/suke/chicken_core/build/ekf_localization -- -j12 -l12
[0.074s] [35m[1mConsolidate compiler generated dependencies of target ekf_localization_component[0m
[0.094s] [100%] Built target ekf_localization_component
[0.107s] Invoked command in '/home/suke/chicken_core/build/ekf_localization' returned '0': CMAKE_PREFIX_PATH=${CMAKE_PREFIX_PATH}:/home/suke/ouxt_automation/robotx_ws/install/opencv_tests:/home/suke/ouxt_automation/robotx_ws/install/detic_onnx_ros2:/opt/ros/humble /usr/bin/cmake --build /home/suke/chicken_core/build/ekf_localization -- -j12 -l12
[0.160s] Invoking command in '/home/suke/chicken_core/build/ekf_localization': CMAKE_PREFIX_PATH=${CMAKE_PREFIX_PATH}:/home/suke/ouxt_automation/robotx_ws/install/opencv_tests:/home/suke/ouxt_automation/robotx_ws/install/detic_onnx_ros2:/opt/ros/humble /usr/bin/cmake --install /home/suke/chicken_core/build/ekf_localization
[0.173s] -- Install configuration: ""
[0.173s] -- Up-to-date: /home/suke/chicken_core/install/ekf_localization/include
[0.173s] -- Up-to-date: /home/suke/chicken_core/install/ekf_localization/include/ekf_localization
[0.173s] -- Up-to-date: /home/suke/chicken_core/install/ekf_localization/include/ekf_localization/ekf_localization_component.hpp
[0.173s] -- Up-to-date: /home/suke/chicken_core/install/ekf_localization/include
[0.173s] -- Up-to-date: /home/suke/chicken_core/install/ekf_localization/include/ekf_localization
[0.173s] -- Up-to-date: /home/suke/chicken_core/install/ekf_localization/include/ekf_localization/ekf_localization_component.hpp
[0.173s] -- Up-to-date: /home/suke/chicken_core/install/ekf_localization/share/ekf_localization/environment/library_path.sh
[0.173s] -- Up-to-date: /home/suke/chicken_core/install/ekf_localization/share/ekf_localization/environment/library_path.dsv
[0.174s] -- Up-to-date: /home/suke/chicken_core/install/ekf_localization/lib/libekf_localization_component.so
[0.174s] -- Installing: /home/suke/chicken_core/install/ekf_localization/share/ekf_localization/launch
[0.174s] -- Installing: /home/suke/chicken_core/install/ekf_localization/share/ekf_localization/config
[0.174s] -- Installing: /home/suke/chicken_core/install/ekf_localization/share/ekf_localization/config/ekf.yaml
[0.174s] -- Installing: /home/suke/chicken_core/install/ekf_localization/share/ament_index/resource_index/package_run_dependencies/ekf_localization
[0.174s] -- Installing: /home/suke/chicken_core/install/ekf_localization/share/ament_index/resource_index/parent_prefix_path/ekf_localization
[0.174s] -- Installing: /home/suke/chicken_core/install/ekf_localization/share/ekf_localization/environment/ament_prefix_path.sh
[0.174s] -- Installing: /home/suke/chicken_core/install/ekf_localization/share/ekf_localization/environment/ament_prefix_path.dsv
[0.175s] -- Installing: /home/suke/chicken_core/install/ekf_localization/share/ekf_localization/environment/path.sh
[0.175s] -- Installing: /home/suke/chicken_core/install/ekf_localization/share/ekf_localization/environment/path.dsv
[0.175s] -- Installing: /home/suke/chicken_core/install/ekf_localization/share/ekf_localization/local_setup.bash
[0.175s] -- Installing: /home/suke/chicken_core/install/ekf_localization/share/ekf_localization/local_setup.sh
[0.176s] -- Installing: /home/suke/chicken_core/install/ekf_localization/share/ekf_localization/local_setup.zsh
[0.176s] -- Installing: /home/suke/chicken_core/install/ekf_localization/share/ekf_localization/local_setup.dsv
[0.176s] -- Installing: /home/suke/chicken_core/install/ekf_localization/share/ekf_localization/package.dsv
[0.176s] -- Installing: /home/suke/chicken_core/install/ekf_localization/share/ament_index/resource_index/packages/ekf_localization
[0.176s] -- Installing: /home/suke/chicken_core/install/ekf_localization/share/ament_index/resource_index/rclcpp_components/ekf_localization
[0.177s] -- Installing: /home/suke/chicken_core/install/ekf_localization/share/ekf_localization/cmake/ament_cmake_export_dependencies-extras.cmake
[0.177s] -- Installing: /home/suke/chicken_core/install/ekf_localization/share/ekf_localization/cmake/ament_cmake_export_include_directories-extras.cmake
[0.177s] -- Installing: /home/suke/chicken_core/install/ekf_localization/share/ekf_localization/cmake/ament_cmake_export_libraries-extras.cmake
[0.177s] -- Installing: /home/suke/chicken_core/install/ekf_localization/share/ekf_localization/cmake/ekf_localizationConfig.cmake
[0.177s] -- Installing: /home/suke/chicken_core/install/ekf_localization/share/ekf_localization/cmake/ekf_localizationConfig-version.cmake
[0.178s] -- Installing: /home/suke/chicken_core/install/ekf_localization/share/ekf_localization/package.xml
[0.180s] Invoked command in '/home/suke/chicken_core/build/ekf_localization' returned '0': CMAKE_PREFIX_PATH=${CMAKE_PREFIX_PATH}:/home/suke/ouxt_automation/robotx_ws/install/opencv_tests:/home/suke/ouxt_automation/robotx_ws/install/detic_onnx_ros2:/opt/ros/humble /usr/bin/cmake --install /home/suke/chicken_core/build/ekf_localization
