-- Found ament_cmake_auto: 1.3.10 (/opt/ros/humble/share/ament_cmake_auto/cmake)
-- Found rosidl_generator_c: 3.1.5 (/opt/ros/humble/share/rosidl_generator_c/cmake)
-- Found rosidl_adapter: 3.1.5 (/opt/ros/humble/share/rosidl_adapter/cmake)
-- Found rosidl_generator_cpp: 3.1.5 (/opt/ros/humble/share/rosidl_generator_cpp/cmake)
-- Using all available rosidl_typesupport_c: rosidl_typesupport_microxrcedds_c;rosidl_typesupport_fastrtps_c;rosidl_typesupport_introspection_c
-- Using all available rosidl_typesupport_cpp: rosidl_typesupport_microxrcedds_cpp;rosidl_typesupport_fastrtps_cpp;rosidl_typesupport_introspection_cpp
-- Found rmw_implementation_cmake: 6.1.2 (/opt/ros/humble/share/rmw_implementation_cmake/cmake)
-- Found rmw_cyclonedds_cpp: 1.3.4 (/opt/ros/humble/share/rmw_cyclonedds_cpp/cmake)
-- Using RMW implementation 'rmw_cyclonedds_cpp' as default
-- Found eigen3_cmake_module: 0.1.1 (/opt/ros/humble/share/eigen3_cmake_module/cmake)
-- Found Eigen3: TRUE (found version "3.4.0") 
-- Ensuring Eigen3 include directory is part of orocos-kdl CMake target
-- Found ament_lint_auto: 0.12.11 (/opt/ros/humble/share/ament_lint_auto/cmake)
-- Added test 'copyright' to check source files copyright and LICENSE
-- Added test 'cppcheck' to perform static code analysis on C / C++ code
-- Configured cppcheck include dirs: /home/suke/chicken_core/src/localization/ekf_localization/include
-- Configured cppcheck exclude dirs and/or files: 
-- Added test 'cpplint' to check C / C++ code against the Google style
-- Configured cpplint exclude dirs and/or files: 
-- Added test 'lint_cmake' to check CMake code style
-- Added test 'uncrustify' to check C / C++ code style
-- Configured uncrustify additional arguments: 
-- Added test 'xmllint' to check XML markup files
-- Configuring done
-- Generating done
-- Build files have been written to: /home/suke/chicken_core/build/ekf_localization
[35m[1mConsolidate compiler generated dependencies of target ekf_localization_component[0m
[ 50%] [32mBuilding CXX object CMakeFiles/ekf_localization_component.dir/src/ekf_localization_component.cpp.o[0m
In file included from [01m[K/home/suke/chicken_core/src/localization/ekf_localization/src/ekf_localization_component.cpp:4[m[K:
[01m[K/home/suke/chicken_core/src/localization/ekf_localization/include/ekf_localization/ekf_localization_component.hpp:57:12:[m[K [01;31m[Kerror: [m[K‘[01m[KTransformBroadcaster[m[K’ in namespace ‘[01m[Ktf2_ros[m[K’ does not name a type
   57 |   tf2_ros::[01;31m[KTransformBroadcaster[m[K broadcaster_;
      |            [01;31m[K^~~~~~~~~~~~~~~~~~~~[m[K
[01m[K/home/suke/chicken_core/src/localization/ekf_localization/src/ekf_localization_component.cpp:[m[K In constructor ‘[01m[Kekf_localization::ExtendedKalmanFilter::ExtendedKalmanFilter(const rclcpp::NodeOptions&)[m[K’:
[01m[K/home/suke/chicken_core/src/localization/ekf_localization/src/ekf_localization_component.cpp:12:44:[m[K [01;31m[Kerror: [m[Kclass ‘[01m[Kekf_localization::ExtendedKalmanFilter[m[K’ does not have any field named ‘[01m[Kbroadcaster_[m[K’
   12 | : Node("extended_kalman_filter", options), [01;31m[Kbroadcaster_[m[K(this)
      |                                            [01;31m[K^~~~~~~~~~~~[m[K
[01m[K/home/suke/chicken_core/src/localization/ekf_localization/src/ekf_localization_component.cpp:[m[K In member function ‘[01m[Kvoid ekf_localization::ExtendedKalmanFilter::imu_callback(const Imu&)[m[K’:
[01m[K/home/suke/chicken_core/src/localization/ekf_localization/src/ekf_localization_component.cpp:100:28:[m[K [01;31m[Kerror: [m[Kbase operand of ‘[01m[K->[m[K’ has non-pointer type ‘[01m[Kconst Imu[m[K’ {aka ‘[01m[Kconst sensor_msgs::msg::Imu_<std::allocator<void> >[m[K’}
  100 |       acc_in.vector.x = msg[01;31m[K->[m[Klinear_acceleration.x;
      |                            [01;31m[K^~[m[K
[01m[K/home/suke/chicken_core/src/localization/ekf_localization/src/ekf_localization_component.cpp:101:28:[m[K [01;31m[Kerror: [m[Kbase operand of ‘[01m[K->[m[K’ has non-pointer type ‘[01m[Kconst Imu[m[K’ {aka ‘[01m[Kconst sensor_msgs::msg::Imu_<std::allocator<void> >[m[K’}
  101 |       acc_in.vector.y = msg[01;31m[K->[m[Klinear_acceleration.y;
      |                            [01;31m[K^~[m[K
[01m[K/home/suke/chicken_core/src/localization/ekf_localization/src/ekf_localization_component.cpp:102:28:[m[K [01;31m[Kerror: [m[Kbase operand of ‘[01m[K->[m[K’ has non-pointer type ‘[01m[Kconst Imu[m[K’ {aka ‘[01m[Kconst sensor_msgs::msg::Imu_<std::allocator<void> >[m[K’}
  102 |       acc_in.vector.z = msg[01;31m[K->[m[Klinear_acceleration.z;
      |                            [01;31m[K^~[m[K
[01m[K/home/suke/chicken_core/src/localization/ekf_localization/src/ekf_localization_component.cpp:103:26:[m[K [01;31m[Kerror: [m[Kbase operand of ‘[01m[K->[m[K’ has non-pointer type ‘[01m[Kconst Imu[m[K’ {aka ‘[01m[Kconst sensor_msgs::msg::Imu_<std::allocator<void> >[m[K’}
  103 |       w_in.vector.x = msg[01;31m[K->[m[Kangular_velocity.x;
      |                          [01;31m[K^~[m[K
[01m[K/home/suke/chicken_core/src/localization/ekf_localization/src/ekf_localization_component.cpp:104:26:[m[K [01;31m[Kerror: [m[Kbase operand of ‘[01m[K->[m[K’ has non-pointer type ‘[01m[Kconst Imu[m[K’ {aka ‘[01m[Kconst sensor_msgs::msg::Imu_<std::allocator<void> >[m[K’}
  104 |       w_in.vector.y = msg[01;31m[K->[m[Kangular_velocity.y;
      |                          [01;31m[K^~[m[K
[01m[K/home/suke/chicken_core/src/localization/ekf_localization/src/ekf_localization_component.cpp:105:26:[m[K [01;31m[Kerror: [m[Kbase operand of ‘[01m[K->[m[K’ has non-pointer type ‘[01m[Kconst Imu[m[K’ {aka ‘[01m[Kconst sensor_msgs::msg::Imu_<std::allocator<void> >[m[K’}
  105 |       w_in.vector.z = msg[01;31m[K->[m[Kangular_velocity.z;
      |                          [01;31m[K^~[m[K
[01m[K/home/suke/chicken_core/src/localization/ekf_localization/src/ekf_localization_component.cpp:107:33:[m[K [01;31m[Kerror: [m[Kbase operand of ‘[01m[K->[m[K’ has non-pointer type ‘[01m[Kconst Imu[m[K’ {aka ‘[01m[Kconst sensor_msgs::msg::Imu_<std::allocator<void> >[m[K’}
  107 |         std::chrono::seconds(msg[01;31m[K->[m[Kheader.stamp.sec) +
      |                                 [01;31m[K^~[m[K
[01m[K/home/suke/chicken_core/src/localization/ekf_localization/src/ekf_localization_component.cpp:108:37:[m[K [01;31m[Kerror: [m[Kbase operand of ‘[01m[K->[m[K’ has non-pointer type ‘[01m[Kconst Imu[m[K’ {aka ‘[01m[Kconst sensor_msgs::msg::Imu_<std::allocator<void> >[m[K’}
  108 |         std::chrono::nanoseconds(msg[01;31m[K->[m[Kheader.stamp.nanosec));
      |                                     [01;31m[K^~[m[K
[01m[K/home/suke/chicken_core/src/localization/ekf_localization/src/ekf_localization_component.cpp:110:9:[m[K [01;31m[Kerror: [m[K‘[01m[Ktfbuffer_[m[K’ was not declared in this scope
  110 |         [01;31m[Ktfbuffer_[m[K.lookupTransform(
      |         [01;31m[K^~~~~~~~~[m[K
[01m[K/home/suke/chicken_core/src/localization/ekf_localization/src/ekf_localization_component.cpp:112:12:[m[K [01;31m[Kerror: [m[Kbase operand of ‘[01m[K->[m[K’ has non-pointer type ‘[01m[Kconst Imu[m[K’ {aka ‘[01m[Kconst sensor_msgs::msg::Imu_<std::allocator<void> >[m[K’}
  112 |         msg[01;31m[K->[m[Kheader.frame_id,
      |            [01;31m[K^~[m[K
[01m[K/home/suke/chicken_core/src/localization/ekf_localization/src/ekf_localization_component.cpp:[m[K In member function ‘[01m[Kvoid ekf_localization::ExtendedKalmanFilter::measurementUpdate(const Imu&)[m[K’:
[01m[K/home/suke/chicken_core/src/localization/ekf_localization/src/ekf_localization_component.cpp:245:7:[m[K [01;31m[Kerror: [m[K‘[01m[Kbroadcaster_[m[K’ was not declared in this scope
  245 |       [01;31m[Kbroadcaster_[m[K.sendTransform(transform_stamped);
      |       [01;31m[K^~~~~~~~~~~~[m[K
gmake[2]: *** [CMakeFiles/ekf_localization_component.dir/build.make:76: CMakeFiles/ekf_localization_component.dir/src/ekf_localization_component.cpp.o] Error 1
gmake[1]: *** [CMakeFiles/Makefile2:137: CMakeFiles/ekf_localization_component.dir/all] Error 2
gmake: *** [Makefile:146: all] Error 2
