[35m[1mConsolidate compiler generated dependencies of target ekf_localization_component[0m
[ 50%] [32mBuilding CXX object CMakeFiles/ekf_localization_component.dir/src/ekf_localization_component.cpp.o[0m
In file included from [01m[K/home/suke/chicken_core/src/localization/ekf_localization/src/ekf_localization_component.cpp:8[m[K:
[01m[K/home/suke/chicken_core/src/localization/ekf_localization/include/ekf_localization/ekf_localization_component.hpp:23:5:[m[K [01;31m[Kerror: [m[Kexpected identifier before numeric constant
   23 |   Q([01;31m[K0[m[K, 0) = 0.1;  // Process noise for x
      |     [01;31m[K^[m[K
[01m[K/home/suke/chicken_core/src/localization/ekf_localization/include/ekf_localization/ekf_localization_component.hpp:23:5:[m[K [01;31m[Kerror: [m[Kexpected ‘[01m[K,[m[K’ or ‘[01m[K...[m[K’ before numeric constant
[01m[K/home/suke/chicken_core/src/localization/ekf_localization/include/ekf_localization/ekf_localization_component.hpp:23:16:[m[K [01;31m[Kerror: [m[Kinvalid pure specifier (only ‘[01m[K= 0[m[K’ is allowed) before ‘[01m[K;[m[K’ token
   23 |   Q(0, 0) = 0.1[01;31m[K;[m[K  // Process noise for x
      |                [01;31m[K^[m[K
[01m[K/home/suke/chicken_core/src/localization/ekf_localization/include/ekf_localization/ekf_localization_component.hpp:23:3:[m[K [01;31m[Kerror: [m[KISO C++ forbids declaration of ‘[01m[KQ[m[K’ with no type [[01;31m[K-fpermissive[m[K]
   23 |   [01;31m[KQ[m[K(0, 0) = 0.1;  // Process noise for x
      |   [01;31m[K^[m[K
[01m[K/home/suke/chicken_core/src/localization/ekf_localization/include/ekf_localization/ekf_localization_component.hpp:23:16:[m[K [01;31m[Kerror: [m[K‘[01m[Kint ekf_localization::ExtendedKalmanFilter::Q(int)[m[K’ conflicts with a previous declaration
   23 |   Q(0, 0) = 0.1[01;31m[K;[m[K  // Process noise for x
      |                [01;31m[K^[m[K
[01m[K/home/suke/chicken_core/src/localization/ekf_localization/include/ekf_localization/ekf_localization_component.hpp:22:12:[m[K [01;36m[Knote: [m[Kprevious declaration ‘[01m[KEigen::MatrixXd ekf_localization::ExtendedKalmanFilter::Q[m[K’
   22 |   MatrixXd [01;36m[KQ[m[K = MatrixXd::Zero(float,3, 3);
      |            [01;36m[K^[m[K
[01m[K/home/suke/chicken_core/src/localization/ekf_localization/include/ekf_localization/ekf_localization_component.hpp:24:5:[m[K [01;31m[Kerror: [m[Kexpected identifier before numeric constant
   24 |   Q([01;31m[K1[m[K, 1) = 0.1;  // Process noise for y
      |     [01;31m[K^[m[K
[01m[K/home/suke/chicken_core/src/localization/ekf_localization/include/ekf_localization/ekf_localization_component.hpp:24:5:[m[K [01;31m[Kerror: [m[Kexpected ‘[01m[K,[m[K’ or ‘[01m[K...[m[K’ before numeric constant
[01m[K/home/suke/chicken_core/src/localization/ekf_localization/include/ekf_localization/ekf_localization_component.hpp:24:16:[m[K [01;31m[Kerror: [m[Kinvalid pure specifier (only ‘[01m[K= 0[m[K’ is allowed) before ‘[01m[K;[m[K’ token
   24 |   Q(1, 1) = 0.1[01;31m[K;[m[K  // Process noise for y
      |                [01;31m[K^[m[K
[01m[K/home/suke/chicken_core/src/localization/ekf_localization/include/ekf_localization/ekf_localization_component.hpp:24:3:[m[K [01;31m[Kerror: [m[KISO C++ forbids declaration of ‘[01m[KQ[m[K’ with no type [[01;31m[K-fpermissive[m[K]
   24 |   [01;31m[KQ[m[K(1, 1) = 0.1;  // Process noise for y
      |   [01;31m[K^[m[K
[01m[K/home/suke/chicken_core/src/localization/ekf_localization/include/ekf_localization/ekf_localization_component.hpp:24:16:[m[K [01;31m[Kerror: [m[K‘[01m[Kint ekf_localization::ExtendedKalmanFilter::Q(int)[m[K’ conflicts with a previous declaration
   24 |   Q(1, 1) = 0.1[01;31m[K;[m[K  // Process noise for y
      |                [01;31m[K^[m[K
[01m[K/home/suke/chicken_core/src/localization/ekf_localization/include/ekf_localization/ekf_localization_component.hpp:22:12:[m[K [01;36m[Knote: [m[Kprevious declaration ‘[01m[KEigen::MatrixXd ekf_localization::ExtendedKalmanFilter::Q[m[K’
   22 |   MatrixXd [01;36m[KQ[m[K = MatrixXd::Zero(float,3, 3);
      |            [01;36m[K^[m[K
[01m[K/home/suke/chicken_core/src/localization/ekf_localization/include/ekf_localization/ekf_localization_component.hpp:25:5:[m[K [01;31m[Kerror: [m[Kexpected identifier before numeric constant
   25 |   Q([01;31m[K2[m[K, 2) = 0.01; // Process noise for theta
      |     [01;31m[K^[m[K
[01m[K/home/suke/chicken_core/src/localization/ekf_localization/include/ekf_localization/ekf_localization_component.hpp:25:5:[m[K [01;31m[Kerror: [m[Kexpected ‘[01m[K,[m[K’ or ‘[01m[K...[m[K’ before numeric constant
[01m[K/home/suke/chicken_core/src/localization/ekf_localization/include/ekf_localization/ekf_localization_component.hpp:25:17:[m[K [01;31m[Kerror: [m[Kinvalid pure specifier (only ‘[01m[K= 0[m[K’ is allowed) before ‘[01m[K;[m[K’ token
   25 |   Q(2, 2) = 0.01[01;31m[K;[m[K // Process noise for theta
      |                 [01;31m[K^[m[K
[01m[K/home/suke/chicken_core/src/localization/ekf_localization/include/ekf_localization/ekf_localization_component.hpp:25:3:[m[K [01;31m[Kerror: [m[KISO C++ forbids declaration of ‘[01m[KQ[m[K’ with no type [[01;31m[K-fpermissive[m[K]
   25 |   [01;31m[KQ[m[K(2, 2) = 0.01; // Process noise for theta
      |   [01;31m[K^[m[K
[01m[K/home/suke/chicken_core/src/localization/ekf_localization/include/ekf_localization/ekf_localization_component.hpp:25:17:[m[K [01;31m[Kerror: [m[K‘[01m[Kint ekf_localization::ExtendedKalmanFilter::Q(int)[m[K’ conflicts with a previous declaration
   25 |   Q(2, 2) = 0.01[01;31m[K;[m[K // Process noise for theta
      |                 [01;31m[K^[m[K
[01m[K/home/suke/chicken_core/src/localization/ekf_localization/include/ekf_localization/ekf_localization_component.hpp:22:12:[m[K [01;36m[Knote: [m[Kprevious declaration ‘[01m[KEigen::MatrixXd ekf_localization::ExtendedKalmanFilter::Q[m[K’
   22 |   MatrixXd [01;36m[KQ[m[K = MatrixXd::Zero(float,3, 3);
      |            [01;36m[K^[m[K
[01m[K/home/suke/chicken_core/src/localization/ekf_localization/include/ekf_localization/ekf_localization_component.hpp:29:5:[m[K [01;31m[Kerror: [m[Kexpected identifier before numeric constant
   29 |   R([01;31m[K0[m[K, 0) = 0.1;  // Process noise for x
      |     [01;31m[K^[m[K
[01m[K/home/suke/chicken_core/src/localization/ekf_localization/include/ekf_localization/ekf_localization_component.hpp:29:5:[m[K [01;31m[Kerror: [m[Kexpected ‘[01m[K,[m[K’ or ‘[01m[K...[m[K’ before numeric constant
[01m[K/home/suke/chicken_core/src/localization/ekf_localization/include/ekf_localization/ekf_localization_component.hpp:29:16:[m[K [01;31m[Kerror: [m[Kinvalid pure specifier (only ‘[01m[K= 0[m[K’ is allowed) before ‘[01m[K;[m[K’ token
   29 |   R(0, 0) = 0.1[01;31m[K;[m[K  // Process noise for x
      |                [01;31m[K^[m[K
[01m[K/home/suke/chicken_core/src/localization/ekf_localization/include/ekf_localization/ekf_localization_component.hpp:29:3:[m[K [01;31m[Kerror: [m[KISO C++ forbids declaration of ‘[01m[KR[m[K’ with no type [[01;31m[K-fpermissive[m[K]
   29 |   [01;31m[KR[m[K(0, 0) = 0.1;  // Process noise for x
      |   [01;31m[K^[m[K
[01m[K/home/suke/chicken_core/src/localization/ekf_localization/include/ekf_localization/ekf_localization_component.hpp:29:16:[m[K [01;31m[Kerror: [m[K‘[01m[Kint ekf_localization::ExtendedKalmanFilter::R(int)[m[K’ conflicts with a previous declaration
   29 |   R(0, 0) = 0.1[01;31m[K;[m[K  // Process noise for x
      |                [01;31m[K^[m[K
[01m[K/home/suke/chicken_core/src/localization/ekf_localization/include/ekf_localization/ekf_localization_component.hpp:28:12:[m[K [01;36m[Knote: [m[Kprevious declaration ‘[01m[KEigen::MatrixXd ekf_localization::ExtendedKalmanFilter::R[m[K’
   28 |   MatrixXd [01;36m[KR[m[K = MatrixXd::Zero(3, 3);
      |            [01;36m[K^[m[K
[01m[K/home/suke/chicken_core/src/localization/ekf_localization/include/ekf_localization/ekf_localization_component.hpp:30:5:[m[K [01;31m[Kerror: [m[Kexpected identifier before numeric constant
   30 |   R([01;31m[K1[m[K, 1) = 0.1;  // Process noise for y
      |     [01;31m[K^[m[K
[01m[K/home/suke/chicken_core/src/localization/ekf_localization/include/ekf_localization/ekf_localization_component.hpp:30:5:[m[K [01;31m[Kerror: [m[Kexpected ‘[01m[K,[m[K’ or ‘[01m[K...[m[K’ before numeric constant
[01m[K/home/suke/chicken_core/src/localization/ekf_localization/include/ekf_localization/ekf_localization_component.hpp:30:16:[m[K [01;31m[Kerror: [m[Kinvalid pure specifier (only ‘[01m[K= 0[m[K’ is allowed) before ‘[01m[K;[m[K’ token
   30 |   R(1, 1) = 0.1[01;31m[K;[m[K  // Process noise for y
      |                [01;31m[K^[m[K
[01m[K/home/suke/chicken_core/src/localization/ekf_localization/include/ekf_localization/ekf_localization_component.hpp:30:3:[m[K [01;31m[Kerror: [m[KISO C++ forbids declaration of ‘[01m[KR[m[K’ with no type [[01;31m[K-fpermissive[m[K]
   30 |   [01;31m[KR[m[K(1, 1) = 0.1;  // Process noise for y
      |   [01;31m[K^[m[K
[01m[K/home/suke/chicken_core/src/localization/ekf_localization/include/ekf_localization/ekf_localization_component.hpp:30:16:[m[K [01;31m[Kerror: [m[K‘[01m[Kint ekf_localization::ExtendedKalmanFilter::R(int)[m[K’ conflicts with a previous declaration
   30 |   R(1, 1) = 0.1[01;31m[K;[m[K  // Process noise for y
      |                [01;31m[K^[m[K
[01m[K/home/suke/chicken_core/src/localization/ekf_localization/include/ekf_localization/ekf_localization_component.hpp:28:12:[m[K [01;36m[Knote: [m[Kprevious declaration ‘[01m[KEigen::MatrixXd ekf_localization::ExtendedKalmanFilter::R[m[K’
   28 |   MatrixXd [01;36m[KR[m[K = MatrixXd::Zero(3, 3);
      |            [01;36m[K^[m[K
[01m[K/home/suke/chicken_core/src/localization/ekf_localization/include/ekf_localization/ekf_localization_component.hpp:31:5:[m[K [01;31m[Kerror: [m[Kexpected identifier before numeric constant
   31 |   R([01;31m[K2[m[K, 2) = 0.01; // Process noise for theta
      |     [01;31m[K^[m[K
[01m[K/home/suke/chicken_core/src/localization/ekf_localization/include/ekf_localization/ekf_localization_component.hpp:31:5:[m[K [01;31m[Kerror: [m[Kexpected ‘[01m[K,[m[K’ or ‘[01m[K...[m[K’ before numeric constant
[01m[K/home/suke/chicken_core/src/localization/ekf_localization/include/ekf_localization/ekf_localization_component.hpp:31:17:[m[K [01;31m[Kerror: [m[Kinvalid pure specifier (only ‘[01m[K= 0[m[K’ is allowed) before ‘[01m[K;[m[K’ token
   31 |   R(2, 2) = 0.01[01;31m[K;[m[K // Process noise for theta
      |                 [01;31m[K^[m[K
[01m[K/home/suke/chicken_core/src/localization/ekf_localization/include/ekf_localization/ekf_localization_component.hpp:31:3:[m[K [01;31m[Kerror: [m[KISO C++ forbids declaration of ‘[01m[KR[m[K’ with no type [[01;31m[K-fpermissive[m[K]
   31 |   [01;31m[KR[m[K(2, 2) = 0.01; // Process noise for theta
      |   [01;31m[K^[m[K
[01m[K/home/suke/chicken_core/src/localization/ekf_localization/include/ekf_localization/ekf_localization_component.hpp:31:17:[m[K [01;31m[Kerror: [m[K‘[01m[Kint ekf_localization::ExtendedKalmanFilter::R(int)[m[K’ conflicts with a previous declaration
   31 |   R(2, 2) = 0.01[01;31m[K;[m[K // Process noise for theta
      |                 [01;31m[K^[m[K
[01m[K/home/suke/chicken_core/src/localization/ekf_localization/include/ekf_localization/ekf_localization_component.hpp:28:12:[m[K [01;36m[Knote: [m[Kprevious declaration ‘[01m[KEigen::MatrixXd ekf_localization::ExtendedKalmanFilter::R[m[K’
   28 |   MatrixXd [01;36m[KR[m[K = MatrixXd::Zero(3, 3);
      |            [01;36m[K^[m[K
[01m[K/home/suke/chicken_core/src/localization/ekf_localization/include/ekf_localization/ekf_localization_component.hpp:35:3:[m[K [01;31m[Kerror: [m[K‘[01m[Ktimestamp[m[K’ does not name a type
   35 |   [01;31m[Ktimestamp[m[K;
      |   [01;31m[K^~~~~~~~~[m[K
[01m[K/home/suke/chicken_core/src/localization/ekf_localization/include/ekf_localization/ekf_localization_component.hpp:22:31:[m[K [01;31m[Kerror: [m[Kexpected primary-expression before ‘[01m[Kfloat[m[K’
   22 |   MatrixXd Q = MatrixXd::Zero([01;31m[Kfloat[m[K,3, 3);
      |                               [01;31m[K^~~~~[m[K
[01m[K/home/suke/chicken_core/src/localization/ekf_localization/src/ekf_localization_component.cpp:[m[K In constructor ‘[01m[Kekf_localization::ExtendedKalmanFilter::ExtendedKalmanFilter(const rclcpp::NodeOptions&)[m[K’:
[01m[K/home/suke/chicken_core/src/localization/ekf_localization/src/ekf_localization_component.cpp:23:39:[m[K [01;31m[Kerror: [m[K‘[01m[Kreference_frame_id_[m[K’ was not declared in this scope
   23 |   get_parameter("reference_frame_id", [01;31m[Kreference_frame_id_[m[K);
      |                                       [01;31m[K^~~~~~~~~~~~~~~~~~~[m[K
[01m[K/home/suke/chicken_core/src/localization/ekf_localization/src/ekf_localization_component.cpp:24:35:[m[K [01;31m[Kerror: [m[K‘[01m[Krobot_frame_id_[m[K’ was not declared in this scope
   24 |   get_parameter("robot_frame_id", [01;31m[Krobot_frame_id_[m[K);
      |                                   [01;31m[K^~~~~~~~~~~~~~~[m[K
[01m[K/home/suke/chicken_core/src/localization/ekf_localization/src/ekf_localization_component.cpp:25:39:[m[K [01;31m[Kerror: [m[K‘[01m[Kinitial_pose_topic_[m[K’ was not declared in this scope
   25 |   get_parameter("initial_pose_topic", [01;31m[Kinitial_pose_topic_[m[K);
      |                                       [01;31m[K^~~~~~~~~~~~~~~~~~~[m[K
[01m[K/home/suke/chicken_core/src/localization/ekf_localization/src/ekf_localization_component.cpp:26:30:[m[K [01;31m[Kerror: [m[K‘[01m[Kimu_topic_[m[K’ was not declared in this scope
   26 |   get_parameter("imu_topic", [01;31m[Kimu_topic_[m[K);
      |                              [01;31m[K^~~~~~~~~~[m[K
[01m[K/home/suke/chicken_core/src/localization/ekf_localization/src/ekf_localization_component.cpp:27:31:[m[K [01;31m[Kerror: [m[K‘[01m[Kodom_topic_[m[K’ was not declared in this scope; did you mean ‘[01m[Knode_topics_[m[K’?
   27 |   get_parameter("odom_topic", [01;31m[Kodom_topic_[m[K);
      |                               [01;31m[K^~~~~~~~~~~[m[K
      |                               [32m[Knode_topics_[m[K
[01m[K/home/suke/chicken_core/src/localization/ekf_localization/src/ekf_localization_component.cpp:33:31:[m[K [01;31m[Kerror: [m[K‘[01m[Kpub_period_[m[K’ was not declared in this scope
   33 |   get_parameter("pub_period", [01;31m[Kpub_period_[m[K);
      |                               [01;31m[K^~~~~~~~~~~[m[K
[01m[K/home/suke/chicken_core/src/localization/ekf_localization/src/ekf_localization_component.cpp:34:30:[m[K [01;31m[Kerror: [m[K‘[01m[Kvar_imu_w_[m[K’ was not declared in this scope
   34 |   get_parameter("var_imu_w", [01;31m[Kvar_imu_w_[m[K);
      |                              [01;31m[K^~~~~~~~~~[m[K
[01m[K/home/suke/chicken_core/src/localization/ekf_localization/src/ekf_localization_component.cpp:35:32:[m[K [01;31m[Kerror: [m[K‘[01m[Kvar_imu_acc_[m[K’ was not declared in this scope
   35 |   get_parameter("var_imu_acc", [01;31m[Kvar_imu_acc_[m[K);
      |                                [01;31m[K^~~~~~~~~~~~[m[K
[01m[K/home/suke/chicken_core/src/localization/ekf_localization/src/ekf_localization_component.cpp:36:33:[m[K [01;31m[Kerror: [m[K‘[01m[Kvar_odom_xyz_[m[K’ was not declared in this scope
   36 |   get_parameter("var_odom_xyz", [01;31m[Kvar_odom_xyz_[m[K);
      |                                 [01;31m[K^~~~~~~~~~~~~[m[K
[01m[K/home/suke/chicken_core/src/localization/ekf_localization/src/ekf_localization_component.cpp:[m[K In member function ‘[01m[Kvoid ekf_localization::ExtendedKalmanFilter::odom_callback(nav_msgs::msg::Odometry_<std::allocator<void> >::SharedPtr)[m[K’:
[01m[K/home/suke/chicken_core/src/localization/ekf_localization/src/ekf_localization_component.cpp:65:21:[m[K [01;31m[Kerror: [m[Kcannot convert ‘[01m[Knav_msgs::msg::Odometry_<std::allocator<void> >::SharedPtr[m[K’ {aka ‘[01m[Kstd::shared_ptr<nav_msgs::msg::Odometry_<std::allocator<void> > >[m[K’} to ‘[01m[Ksensor_msgs::msg::Imu[m[K’ {aka ‘[01m[Ksensor_msgs::msg::Imu_<std::allocator<void> >[m[K’}
   65 |   measurementUpdate([01;31m[Kmsg[m[K);
      |                     [01;31m[K^~~[m[K
      |                     [01;31m[K|[m[K
      |                     [01;31m[Knav_msgs::msg::Odometry_<std::allocator<void> >::SharedPtr {aka std::shared_ptr<nav_msgs::msg::Odometry_<std::allocator<void> > >}[m[K
In file included from [01m[K/home/suke/chicken_core/src/localization/ekf_localization/src/ekf_localization_component.cpp:8[m[K:
[01m[K/home/suke/chicken_core/src/localization/ekf_localization/include/ekf_localization/ekf_localization_component.hpp:44:48:[m[K [01;36m[Knote: [m[K  initializing argument 1 of ‘[01m[Kvoid ekf_localization::ExtendedKalmanFilter::measurementUpdate(sensor_msgs::msg::Imu)[m[K’
   44 |   void measurementUpdate([01;36m[Ksensor_msgs::msg::Imu msg[m[K);
      |                          [01;36m[K~~~~~~~~~~~~~~~~~~~~~~^~~[m[K
[01m[K/home/suke/chicken_core/src/localization/ekf_localization/src/ekf_localization_component.cpp:[m[K In member function ‘[01m[Kvoid ekf_localization::ExtendedKalmanFilter::imu_callback(sensor_msgs::msg::Imu_<std::allocator<void> >::SharedPtr)[m[K’:
[01m[K/home/suke/chicken_core/src/localization/ekf_localization/src/ekf_localization_component.cpp:77:27:[m[K [01;31m[Kerror: [m[K‘[01m[KVector3Stamped[m[K’ is not a member of ‘[01m[Kgeometry_msgs::msg[m[K’
   77 |       geometry_msgs::msg::[01;31m[KVector3Stamped[m[K acc_in, acc_out, w_in, w_out;
      |                           [01;31m[K^~~~~~~~~~~~~~[m[K
[01m[K/home/suke/chicken_core/src/localization/ekf_localization/src/ekf_localization_component.cpp:78:7:[m[K [01;31m[Kerror: [m[K‘[01m[Kacc_in[m[K’ was not declared in this scope
   78 |       [01;31m[Kacc_in[m[K.vector.x = msg->linear_acceleration.x;
      |       [01;31m[K^~~~~~[m[K
[01m[K/home/suke/chicken_core/src/localization/ekf_localization/src/ekf_localization_component.cpp:81:7:[m[K [01;31m[Kerror: [m[K‘[01m[Kw_in[m[K’ was not declared in this scope
   81 |       [01;31m[Kw_in[m[K.vector.x = msg->angular_velocity.x;
      |       [01;31m[K^~~~[m[K
[01m[K/home/suke/chicken_core/src/localization/ekf_localization/src/ekf_localization_component.cpp:84:7:[m[K [01;31m[Kerror: [m[K‘[01m[Ktf2[m[K’ has not been declared
   84 |       [01;31m[Ktf2[m[K::TimePoint time_point = tf2::TimePoint(
      |       [01;31m[K^~~[m[K
[01m[K/home/suke/chicken_core/src/localization/ekf_localization/src/ekf_localization_component.cpp:87:33:[m[K [01;31m[Kerror: [m[K‘[01m[KTransformStamped[m[K’ in namespace ‘[01m[Kgeometry_msgs::msg[m[K’ does not name a type
   87 |       const geometry_msgs::msg::[01;31m[KTransformStamped[m[K transform =
      |                                 [01;31m[K^~~~~~~~~~~~~~~~[m[K
[01m[K/home/suke/chicken_core/src/localization/ekf_localization/src/ekf_localization_component.cpp:92:7:[m[K [01;31m[Kerror: [m[K‘[01m[Ktf2[m[K’ has not been declared
   92 |       [01;31m[Ktf2[m[K::doTransform(acc_in, acc_out, transform);
      |       [01;31m[K^~~[m[K
[01m[K/home/suke/chicken_core/src/localization/ekf_localization/src/ekf_localization_component.cpp:92:32:[m[K [01;31m[Kerror: [m[K‘[01m[Kacc_out[m[K’ was not declared in this scope; did you mean ‘[01m[Kacct[m[K’?
   92 |       tf2::doTransform(acc_in, [01;31m[Kacc_out[m[K, transform);
      |                                [01;31m[K^~~~~~~[m[K
      |                                [32m[Kacct[m[K
[01m[K/home/suke/chicken_core/src/localization/ekf_localization/src/ekf_localization_component.cpp:92:41:[m[K [01;31m[Kerror: [m[K‘[01m[Ktransform[m[K’ was not declared in this scope; did you mean ‘[01m[Kstd::transform[m[K’?
   92 |       tf2::doTransform(acc_in, acc_out, [01;31m[Ktransform[m[K);
      |                                         [01;31m[K^~~~~~~~~[m[K
      |                                         [32m[Kstd::transform[m[K
In file included from [01m[K/usr/include/c++/11/algorithm:74[m[K,
                 from [01m[K/opt/ros/humble/include/rclcpp/rclcpp/executor.hpp:18[m[K,
                 from [01m[K/opt/ros/humble/include/rclcpp/rclcpp/executors/multi_threaded_executor.hpp:25[m[K,
                 from [01m[K/opt/ros/humble/include/rclcpp/rclcpp/executors.hpp:21[m[K,
                 from [01m[K/opt/ros/humble/include/rclcpp/rclcpp/rclcpp.hpp:155[m[K,
                 from [01m[K/home/suke/chicken_core/src/localization/ekf_localization/src/ekf_localization_component.cpp:5[m[K:
[01m[K/usr/include/c++/11/pstl/glue_algorithm_defs.h:162:1:[m[K [01;36m[Knote: [m[K‘[01m[Kstd::transform[m[K’ declared here
  162 | [01;36m[Ktransform[m[K(_ExecutionPolicy&& __exec, _ForwardIterator1 __first1, _ForwardIterator1 __last1, _ForwardIterator2 __first2,
      | [01;36m[K^~~~~~~~~[m[K
[01m[K/home/suke/chicken_core/src/localization/ekf_localization/src/ekf_localization_component.cpp:93:7:[m[K [01;31m[Kerror: [m[K‘[01m[Ktf2[m[K’ has not been declared
   93 |       [01;31m[Ktf2[m[K::doTransform(w_in, w_out, transform);
      |       [01;31m[K^~~[m[K
[01m[K/home/suke/chicken_core/src/localization/ekf_localization/src/ekf_localization_component.cpp:93:30:[m[K [01;31m[Kerror: [m[K‘[01m[Kw_out[m[K’ was not declared in this scope
   93 |       tf2::doTransform(w_in, [01;31m[Kw_out[m[K, transform);
      |                              [01;31m[K^~~~~[m[K
[01m[K/home/suke/chicken_core/src/localization/ekf_localization/src/ekf_localization_component.cpp:102:14:[m[K [01;31m[Kerror: [m[K‘[01m[Ktf2[m[K’ does not name a type
  102 |     } catch ([01;31m[Ktf2[m[K::TransformException & e) {
      |              [01;31m[K^~~[m[K
[01m[K/home/suke/chicken_core/src/localization/ekf_localization/src/ekf_localization_component.cpp:102:38:[m[K [01;31m[Kerror: [m[Kexpected unqualified-id before ‘[01m[K&[m[K’ token
  102 |     } catch (tf2::TransformException [01;31m[K&[m[K e) {
      |                                      [01;31m[K^[m[K
[01m[K/home/suke/chicken_core/src/localization/ekf_localization/src/ekf_localization_component.cpp:102:37:[m[K [01;31m[Kerror: [m[Kexpected ‘[01m[K)[m[K’ before ‘[01m[K&[m[K’ token
  102 |     } catch [34m[K([m[Ktf2::TransformException[01;31m[K [m[K[32m[K&[m[K e) {
      |             [34m[K~[m[K                       [01;31m[K^[m[K[32m[K~[m[K
      |                                     [32m[K)[m[K
[01m[K/home/suke/chicken_core/src/localization/ekf_localization/src/ekf_localization_component.cpp:102:38:[m[K [01;31m[Kerror: [m[Kexpected ‘[01m[K{[m[K’ before ‘[01m[K&[m[K’ token
  102 |     } catch (tf2::TransformException [01;31m[K&[m[K e) {
      |                                      [01;31m[K^[m[K
[01m[K/home/suke/chicken_core/src/localization/ekf_localization/src/ekf_localization_component.cpp:102:40:[m[K [01;31m[Kerror: [m[K‘[01m[Ke[m[K’ was not declared in this scope
  102 |     } catch (tf2::TransformException & [01;31m[Ke[m[K) {
      |                                        [01;31m[K^[m[K
[01m[K/home/suke/chicken_core/src/localization/ekf_localization/src/ekf_localization_component.cpp:105:7:[m[K [01;31m[Kerror: [m[Kexpected primary-expression before ‘[01m[Kcatch[m[K’
  105 |     } [01;31m[Kcatch[m[K (std::runtime_error & e) {
      |       [01;31m[K^~~~~[m[K
[01m[K/home/suke/chicken_core/src/localization/ekf_localization/src/ekf_localization_component.cpp:[m[K In member function ‘[01m[Kvoid ekf_localization::ExtendedKalmanFilter::predictUpdate(nav_msgs::msg::Odometry_<std::allocator<void> >::SharedPtr)[m[K’:
[01m[K/home/suke/chicken_core/src/localization/ekf_localization/src/ekf_localization_component.cpp:131:31:[m[K [01;31m[Kerror: [m[K‘[01m[Kold_timestamp[m[K’ was not declared in this scope; did you mean ‘[01m[Kodomtimestamp[m[K’?
  131 |   double dt = odomtimestamp - [01;31m[Kold_timestamp[m[K
      |                               [01;31m[K^~~~~~~~~~~~~[m[K
      |                               [32m[Kodomtimestamp[m[K
[01m[K/home/suke/chicken_core/src/localization/ekf_localization/src/ekf_localization_component.cpp:[m[K In member function ‘[01m[Kvoid ekf_localization::ExtendedKalmanFilter::measurementUpdate(sensor_msgs::msg::Imu)[m[K’:
[01m[K/home/suke/chicken_core/src/localization/ekf_localization/src/ekf_localization_component.cpp:161:21:[m[K [01;31m[Kerror: [m[Kbase operand of ‘[01m[K->[m[K’ has non-pointer type ‘[01m[Ksensor_msgs::msg::Imu[m[K’ {aka ‘[01m[Ksensor_msgs::msg::Imu_<std::allocator<void> >[m[K’}
  161 |   imutimestamp = msg[01;31m[K->[m[Kheader.stamp;
      |                     [01;31m[K^~[m[K
[01m[K/home/suke/chicken_core/src/localization/ekf_localization/src/ekf_localization_component.cpp:162:30:[m[K [01;31m[Kerror: [m[K‘[01m[Kold_timestamp[m[K’ was not declared in this scope; did you mean ‘[01m[Kodomtimestamp[m[K’?
  162 |   double dt = imutimestamp - [01;31m[Kold_timestamp[m[K;
      |                              [01;31m[K^~~~~~~~~~~~~[m[K
      |                              [32m[Kodomtimestamp[m[K
[01m[K/home/suke/chicken_core/src/localization/ekf_localization/src/ekf_localization_component.cpp:165:12:[m[K [01;31m[Kerror: [m[Kexpected initializer before ‘[01m[K+=[m[K’ token
  165 |   double v [01;31m[K+=[m[K u(0)*dt;
      |            [01;31m[K^~[m[K
[01m[K/home/suke/chicken_core/src/localization/ekf_localization/src/ekf_localization_component.cpp:167:15:[m[K [01;31m[Kerror: [m[K‘[01m[Kv[m[K’ was not declared in this scope
  167 |   double dx = [01;31m[Kv[m[K*cos(theta);
      |               [01;31m[K^[m[K
[01m[K/home/suke/chicken_core/src/localization/ekf_localization/src/ekf_localization_component.cpp:169:19:[m[K [01;31m[Kerror: [m[K‘[01m[Ku[m[K’ was not declared in this scope
  169 |   double dtheta = [01;31m[Ku[m[K(5);
      |                   [01;31m[K^[m[K
[01m[K/home/suke/chicken_core/src/localization/ekf_localization/src/ekf_localization_component.cpp:170:3:[m[K [01;31m[Kerror: [m[K‘[01m[KZ[m[K’ was not declared in this scope
  170 |   [01;31m[KZ[m[K(0) = x + dx * dt;
      |   [01;31m[K^[m[K
[01m[K/home/suke/chicken_core/src/localization/ekf_localization/src/ekf_localization_component.cpp:182:3:[m[K [01;31m[Kerror: [m[K‘[01m[KVectorXdy[m[K’ was not declared in this scope
  182 |   [01;31m[KVectorXdy[m[K = Z - h * X;
      |   [01;31m[K^~~~~~~~~[m[K
gmake[2]: *** [CMakeFiles/ekf_localization_component.dir/build.make:76: CMakeFiles/ekf_localization_component.dir/src/ekf_localization_component.cpp.o] Error 1
gmake[1]: *** [CMakeFiles/Makefile2:137: CMakeFiles/ekf_localization_component.dir/all] Error 2
gmake: *** [Makefile:146: all] Error 2
