[0.020s] Invoking command in '/home/suke/chicken_core/build/pure_pursuit_planner': CMAKE_PREFIX_PATH=${CMAKE_PREFIX_PATH}:/home/suke/chicken_core/install/wheelbot_control:/home/suke/chicken_core/install/sensor_bringup:/home/suke/chicken_core/install/joy_translate:/home/suke/Documents/microros_ws/install/sensor_msgs_py:/home/suke/ouxt_automation/robotx_ws/install/opencv_tests:/home/suke/ouxt_automation/robotx_ws/install/detic_onnx_ros2:/opt/ros/humble /usr/bin/cmake --build /home/suke/chicken_core/build/pure_pursuit_planner -- -j12 -l12
[0.057s] -- Found ament_cmake: 1.3.10 (/opt/ros/humble/share/ament_cmake/cmake)
[0.224s] -- Override CMake install command with custom implementation using symlinks instead of copying resources
[0.230s] -- Found rclcpp: 16.0.10 (/opt/ros/humble/share/rclcpp/cmake)
[0.260s] -- Found rosidl_generator_c: 3.1.5 (/opt/ros/humble/share/rosidl_generator_c/cmake)
[0.262s] -- Found rosidl_adapter: 3.1.5 (/opt/ros/humble/share/rosidl_adapter/cmake)
[0.267s] -- Found rosidl_generator_cpp: 3.1.5 (/opt/ros/humble/share/rosidl_generator_cpp/cmake)
[0.281s] -- Using all available rosidl_typesupport_c: rosidl_typesupport_microxrcedds_c;rosidl_typesupport_fastrtps_c;rosidl_typesupport_introspection_c
[0.302s] -- Using all available rosidl_typesupport_cpp: rosidl_typesupport_microxrcedds_cpp;rosidl_typesupport_fastrtps_cpp;rosidl_typesupport_introspection_cpp
[0.342s] -- Found rmw_implementation_cmake: 6.1.2 (/opt/ros/humble/share/rmw_implementation_cmake/cmake)
[0.348s] -- Found rmw_cyclonedds_cpp: 1.3.4 (/opt/ros/humble/share/rmw_cyclonedds_cpp/cmake)
[0.370s] -- Using RMW implementation 'rmw_cyclonedds_cpp' as default
[0.417s] -- Found geometry_msgs: 4.2.4 (/opt/ros/humble/share/geometry_msgs/cmake)
[0.429s] -- Found nav_msgs: 4.2.4 (/opt/ros/humble/share/nav_msgs/cmake)
[0.445s] -- Found tf2_geometry_msgs: 0.25.7 (/opt/ros/humble/share/tf2_geometry_msgs/cmake)
[0.447s] -- Found eigen3_cmake_module: 0.1.1 (/opt/ros/humble/share/eigen3_cmake_module/cmake)
[0.448s] -- Ensuring Eigen3 include directory is part of orocos-kdl CMake target
[0.548s] -- Found ament_lint_auto: 0.12.11 (/opt/ros/humble/share/ament_lint_auto/cmake)
[0.658s] -- Added test 'cppcheck' to perform static code analysis on C / C++ code
[0.658s] -- Configured cppcheck include dirs: /home/suke/chicken_core/src/planner/pure_pursuit_planner/include
[0.658s] -- Configured cppcheck exclude dirs and/or files: 
[0.659s] -- Added test 'flake8' to check Python code syntax and style conventions
[0.660s] -- Added test 'lint_cmake' to check CMake code style
[0.660s] -- Added test 'pep257' to check Python code against some of the docstring style conventions in PEP 257
[0.662s] -- Added test 'uncrustify' to check C / C++ code style
[0.662s] -- Configured uncrustify additional arguments: 
[0.663s] -- Added test 'xmllint' to check XML markup files
[0.664s] -- Configuring done
[0.675s] -- Generating done
[0.676s] -- Build files have been written to: /home/suke/chicken_core/build/pure_pursuit_planner
[0.716s] [35m[1mConsolidate compiler generated dependencies of target pure_pursuit_planner[0m
[0.742s] [ 66%] [32mBuilding CXX object CMakeFiles/pure_pursuit_planner.dir/src/pure_pursuit_planner_component.cpp.o[0m
[0.742s] [ 66%] [32mBuilding CXX object CMakeFiles/pure_pursuit_planner.dir/src/pure_pursuit_planner_node.cpp.o[0m
[17.035s] [100%] [32m[1mLinking CXX executable pure_pursuit_planner[0m
[17.776s] [100%] Built target pure_pursuit_planner
[17.792s] Invoked command in '/home/suke/chicken_core/build/pure_pursuit_planner' returned '0': CMAKE_PREFIX_PATH=${CMAKE_PREFIX_PATH}:/home/suke/chicken_core/install/wheelbot_control:/home/suke/chicken_core/install/sensor_bringup:/home/suke/chicken_core/install/joy_translate:/home/suke/Documents/microros_ws/install/sensor_msgs_py:/home/suke/ouxt_automation/robotx_ws/install/opencv_tests:/home/suke/ouxt_automation/robotx_ws/install/detic_onnx_ros2:/opt/ros/humble /usr/bin/cmake --build /home/suke/chicken_core/build/pure_pursuit_planner -- -j12 -l12
[17.871s] Invoking command in '/home/suke/chicken_core/build/pure_pursuit_planner': CMAKE_PREFIX_PATH=${CMAKE_PREFIX_PATH}:/home/suke/chicken_core/install/wheelbot_control:/home/suke/chicken_core/install/sensor_bringup:/home/suke/chicken_core/install/joy_translate:/home/suke/Documents/microros_ws/install/sensor_msgs_py:/home/suke/ouxt_automation/robotx_ws/install/opencv_tests:/home/suke/ouxt_automation/robotx_ws/install/detic_onnx_ros2:/opt/ros/humble /usr/bin/cmake --install /home/suke/chicken_core/build/pure_pursuit_planner
[17.883s] -- Install configuration: "Debug"
[17.883s] -- Execute custom install script
[17.883s] -- Up-to-date symlink: /home/suke/chicken_core/install/pure_pursuit_planner/lib/pure_pursuit_planner/pure_pursuit_planner
[17.884s] -- Up-to-date symlink: /home/suke/chicken_core/install/pure_pursuit_planner/share/pure_pursuit_planner/launch/pure_pursuit_planner.py
[17.884s] -- Up-to-date symlink: /home/suke/chicken_core/install/pure_pursuit_planner/share/pure_pursuit_planner/rviz/pure_pursuit_planner.rviz
[17.884s] -- Up-to-date symlink: /home/suke/chicken_core/install/pure_pursuit_planner/share/ament_index/resource_index/package_run_dependencies/pure_pursuit_planner
[17.884s] -- Up-to-date symlink: /home/suke/chicken_core/install/pure_pursuit_planner/share/ament_index/resource_index/parent_prefix_path/pure_pursuit_planner
[17.884s] -- Up-to-date symlink: /home/suke/chicken_core/install/pure_pursuit_planner/share/pure_pursuit_planner/environment/ament_prefix_path.sh
[17.885s] -- Up-to-date symlink: /home/suke/chicken_core/install/pure_pursuit_planner/share/pure_pursuit_planner/environment/ament_prefix_path.dsv
[17.885s] -- Up-to-date symlink: /home/suke/chicken_core/install/pure_pursuit_planner/share/pure_pursuit_planner/environment/path.sh
[17.885s] -- Up-to-date symlink: /home/suke/chicken_core/install/pure_pursuit_planner/share/pure_pursuit_planner/environment/path.dsv
[17.885s] -- Up-to-date symlink: /home/suke/chicken_core/install/pure_pursuit_planner/share/pure_pursuit_planner/local_setup.bash
[17.885s] -- Up-to-date symlink: /home/suke/chicken_core/install/pure_pursuit_planner/share/pure_pursuit_planner/local_setup.sh
[17.885s] -- Up-to-date symlink: /home/suke/chicken_core/install/pure_pursuit_planner/share/pure_pursuit_planner/local_setup.zsh
[17.885s] -- Up-to-date symlink: /home/suke/chicken_core/install/pure_pursuit_planner/share/pure_pursuit_planner/local_setup.dsv
[17.886s] -- Symlinking: /home/suke/chicken_core/install/pure_pursuit_planner/share/pure_pursuit_planner/package.dsv
[17.900s] -- Up-to-date symlink: /home/suke/chicken_core/install/pure_pursuit_planner/share/ament_index/resource_index/packages/pure_pursuit_planner
[17.900s] -- Up-to-date symlink: /home/suke/chicken_core/install/pure_pursuit_planner/share/pure_pursuit_planner/cmake/pure_pursuit_plannerConfig.cmake
[17.900s] -- Up-to-date symlink: /home/suke/chicken_core/install/pure_pursuit_planner/share/pure_pursuit_planner/cmake/pure_pursuit_plannerConfig-version.cmake
[17.901s] -- Up-to-date symlink: /home/suke/chicken_core/install/pure_pursuit_planner/share/pure_pursuit_planner/package.xml
[17.903s] Invoked command in '/home/suke/chicken_core/build/pure_pursuit_planner' returned '0': CMAKE_PREFIX_PATH=${CMAKE_PREFIX_PATH}:/home/suke/chicken_core/install/wheelbot_control:/home/suke/chicken_core/install/sensor_bringup:/home/suke/chicken_core/install/joy_translate:/home/suke/Documents/microros_ws/install/sensor_msgs_py:/home/suke/ouxt_automation/robotx_ws/install/opencv_tests:/home/suke/ouxt_automation/robotx_ws/install/detic_onnx_ros2:/opt/ros/humble /usr/bin/cmake --install /home/suke/chicken_core/build/pure_pursuit_planner
