[0.014s] Invoking command in '/home/suke/chicken_core/build/ekf_localization': CMAKE_PREFIX_PATH=${CMAKE_PREFIX_PATH}:/home/suke/ouxt_automation/robotx_ws/install/opencv_tests:/home/suke/ouxt_automation/robotx_ws/install/detic_onnx_ros2:/opt/ros/humble /usr/bin/cmake --build /home/suke/chicken_core/build/ekf_localization -- -j12 -l12
[0.042s] -- Found ament_cmake_auto: 1.3.10 (/opt/ros/humble/share/ament_cmake_auto/cmake)
[0.271s] -- Found rosidl_generator_c: 3.1.5 (/opt/ros/humble/share/rosidl_generator_c/cmake)
[0.274s] -- Found rosidl_adapter: 3.1.5 (/opt/ros/humble/share/rosidl_adapter/cmake)
[0.279s] -- Found rosidl_generator_cpp: 3.1.5 (/opt/ros/humble/share/rosidl_generator_cpp/cmake)
[0.289s] -- Using all available rosidl_typesupport_c: rosidl_typesupport_fastrtps_c;rosidl_typesupport_introspection_c
[0.303s] -- Using all available rosidl_typesupport_cpp: rosidl_typesupport_fastrtps_cpp;rosidl_typesupport_introspection_cpp
[0.379s] -- Found rmw_implementation_cmake: 6.1.2 (/opt/ros/humble/share/rmw_implementation_cmake/cmake)
[0.382s] -- Found rmw_cyclonedds_cpp: 1.3.4 (/opt/ros/humble/share/rmw_cyclonedds_cpp/cmake)
[0.402s] -- Using RMW implementation 'rmw_cyclonedds_cpp' as default
[0.492s] -- Found ament_lint_auto: 0.12.11 (/opt/ros/humble/share/ament_lint_auto/cmake)
[0.499s] -- Added test 'copyright' to check source files copyright and LICENSE
[0.502s] -- Added test 'cppcheck' to perform static code analysis on C / C++ code
[0.503s] -- Configured cppcheck include dirs: /home/suke/chicken_core/src/localization/ekf_localization/include
[0.503s] -- Configured cppcheck exclude dirs and/or files: 
[0.505s] -- Added test 'cpplint' to check C / C++ code against the Google style
[0.505s] -- Configured cpplint exclude dirs and/or files: 
[0.507s] -- Added test 'lint_cmake' to check CMake code style
[0.510s] -- Added test 'uncrustify' to check C / C++ code style
[0.510s] -- Configured uncrustify additional arguments: 
[0.511s] -- Added test 'xmllint' to check XML markup files
[0.512s] -- Configuring done
[0.521s] -- Generating done
[0.522s] -- Build files have been written to: /home/suke/chicken_core/build/ekf_localization
[0.563s] [ 50%] [32mBuilding CXX object CMakeFiles/ekf_localization_component.dir/src/ekf_localization_component.cpp.o[0m
[0.755s] [01m[K/home/suke/chicken_core/src/localization/ekf_localization/src/ekf_localization_component.cpp:5:10:[m[K [01;31m[Kfatal error: [m[KEigen/Dense: No such file or directory
[0.755s]     5 | #include [01;31m[K<Eigen/Dense>[m[K
[0.755s]       |          [01;31m[K^~~~~~~~~~~~~[m[K
[0.755s] compilation terminated.
[0.756s] gmake[2]: *** [CMakeFiles/ekf_localization_component.dir/build.make:76: CMakeFiles/ekf_localization_component.dir/src/ekf_localization_component.cpp.o] Error 1
[0.757s] gmake[1]: *** [CMakeFiles/Makefile2:137: CMakeFiles/ekf_localization_component.dir/all] Error 2
[0.757s] gmake: *** [Makefile:146: all] Error 2
[0.759s] Invoked command in '/home/suke/chicken_core/build/ekf_localization' returned '2': CMAKE_PREFIX_PATH=${CMAKE_PREFIX_PATH}:/home/suke/ouxt_automation/robotx_ws/install/opencv_tests:/home/suke/ouxt_automation/robotx_ws/install/detic_onnx_ros2:/opt/ros/humble /usr/bin/cmake --build /home/suke/chicken_core/build/ekf_localization -- -j12 -l12
