/home/suke/.local/lib/python3.10/site-packages/setuptools/_distutils/dist.py:268: UserWarning: Unknown distribution option: 'tests_require'
  warnings.warn(msg)
running develop
/home/suke/.local/lib/python3.10/site-packages/setuptools/command/develop.py:42: EasyInstallDeprecationWarning: easy_install command is deprecated.
!!

        ********************************************************************************
        Please avoid running ``setup.py`` and ``easy_install``.
        Instead, use pypa/build, pypa/installer or other
        standards-based tools.

        See https://github.com/pypa/setuptools/issues/917 for details.
        ********************************************************************************

!!
  easy_install.initialize_options(self)
running egg_info
writing wheelbot_control.egg-info/PKG-INFO
writing dependency_links to wheelbot_control.egg-info/dependency_links.txt
writing entry points to wheelbot_control.egg-info/entry_points.txt
writing requirements to wheelbot_control.egg-info/requires.txt
writing top-level names to wheelbot_control.egg-info/top_level.txt
reading manifest file 'wheelbot_control.egg-info/SOURCES.txt'
writing manifest file 'wheelbot_control.egg-info/SOURCES.txt'
running build_ext
Creating /home/suke/chicken_core/install/wheelbot_control/lib/python3.10/site-packages/wheelbot-control.egg-link (link to .)
Installing wheelbot_control_node script to /home/suke/chicken_core/install/wheelbot_control/lib/wheelbot_control

Installed /home/suke/chicken_core/build/wheelbot_control
running symlink_data
