[1.702s] Invoking command in '/home/suke/chicken_core/build/wheelbot_control': PYTHONPATH=/home/suke/chicken_core/build/wheelbot_control/prefix_override:/usr/lib/python3/dist-packages/colcon_core/task/python/colcon_distutils_commands:/home/suke/chicken_core/install/wheelbot_control/lib/python3.10/site-packages:${PYTHONPATH} /usr/bin/python3 -W ignore:setup.py install is deprecated setup.py develop --editable --build-directory /home/suke/chicken_core/build/wheelbot_control/build --no-deps symlink_data
[1.920s] /home/suke/.local/lib/python3.10/site-packages/setuptools/_distutils/dist.py:268: UserWarning: Unknown distribution option: 'tests_require'
[1.920s]   warnings.warn(msg)
[2.184s] running develop
[2.184s] /home/suke/.local/lib/python3.10/site-packages/setuptools/command/develop.py:42: EasyInstallDeprecationWarning: easy_install command is deprecated.
[2.184s] !!
[2.184s] 
[2.184s]         ********************************************************************************
[2.184s]         Please avoid running ``setup.py`` and ``easy_install``.
[2.184s]         Instead, use pypa/build, pypa/installer or other
[2.184s]         standards-based tools.
[2.184s] 
[2.185s]         See https://github.com/pypa/setuptools/issues/917 for details.
[2.185s]         ********************************************************************************
[2.185s] 
[2.185s] !!
[2.185s]   easy_install.initialize_options(self)
[2.510s] running egg_info
[2.533s] writing wheelbot_control.egg-info/PKG-INFO
[2.534s] writing dependency_links to wheelbot_control.egg-info/dependency_links.txt
[2.534s] writing entry points to wheelbot_control.egg-info/entry_points.txt
[2.534s] writing requirements to wheelbot_control.egg-info/requires.txt
[2.534s] writing top-level names to wheelbot_control.egg-info/top_level.txt
[2.589s] reading manifest file 'wheelbot_control.egg-info/SOURCES.txt'
[2.590s] writing manifest file 'wheelbot_control.egg-info/SOURCES.txt'
[2.614s] running build_ext
[2.614s] Creating /home/suke/chicken_core/install/wheelbot_control/lib/python3.10/site-packages/wheelbot-control.egg-link (link to .)
[2.615s] Installing wheelbot_control_node script to /home/suke/chicken_core/install/wheelbot_control/lib/wheelbot_control
[2.615s] 
[2.616s] Installed /home/suke/chicken_core/build/wheelbot_control
[2.616s] running symlink_data
[2.645s] Invoked command in '/home/suke/chicken_core/build/wheelbot_control' returned '0': PYTHONPATH=/home/suke/chicken_core/build/wheelbot_control/prefix_override:/usr/lib/python3/dist-packages/colcon_core/task/python/colcon_distutils_commands:/home/suke/chicken_core/install/wheelbot_control/lib/python3.10/site-packages:${PYTHONPATH} /usr/bin/python3 -W ignore:setup.py install is deprecated setup.py develop --editable --build-directory /home/suke/chicken_core/build/wheelbot_control/build --no-deps symlink_data
