[0.021s] Invoking command in '/home/suke/chicken_core/build/pure_pursuit_planner': CMAKE_PREFIX_PATH=${CMAKE_PREFIX_PATH}:/home/suke/chicken_core/install/wheelbot_control:/home/suke/chicken_core/install/sensor_bringup:/home/suke/chicken_core/install/joy_translate:/home/suke/Documents/microros_ws/install/sensor_msgs_py:/home/suke/ouxt_automation/robotx_ws/install/opencv_tests:/home/suke/ouxt_automation/robotx_ws/install/detic_onnx_ros2:/opt/ros/humble /usr/bin/cmake --build /home/suke/chicken_core/build/pure_pursuit_planner -- -j12 -l12
[0.059s] -- Found ament_cmake: 1.3.10 (/opt/ros/humble/share/ament_cmake/cmake)
[0.236s] -- Override CMake install command with custom implementation using symlinks instead of copying resources
[0.245s] -- Found rclcpp: 16.0.10 (/opt/ros/humble/share/rclcpp/cmake)
[0.276s] -- Found rosidl_generator_c: 3.1.5 (/opt/ros/humble/share/rosidl_generator_c/cmake)
[0.279s] -- Found rosidl_adapter: 3.1.5 (/opt/ros/humble/share/rosidl_adapter/cmake)
[0.284s] -- Found rosidl_generator_cpp: 3.1.5 (/opt/ros/humble/share/rosidl_generator_cpp/cmake)
[0.298s] -- Using all available rosidl_typesupport_c: rosidl_typesupport_microxrcedds_c;rosidl_typesupport_fastrtps_c;rosidl_typesupport_introspection_c
[0.321s] -- Using all available rosidl_typesupport_cpp: rosidl_typesupport_microxrcedds_cpp;rosidl_typesupport_fastrtps_cpp;rosidl_typesupport_introspection_cpp
[0.364s] -- Found rmw_implementation_cmake: 6.1.2 (/opt/ros/humble/share/rmw_implementation_cmake/cmake)
[0.371s] -- Found rmw_cyclonedds_cpp: 1.3.4 (/opt/ros/humble/share/rmw_cyclonedds_cpp/cmake)
[0.395s] -- Using RMW implementation 'rmw_cyclonedds_cpp' as default
[0.450s] -- Found geometry_msgs: 4.2.4 (/opt/ros/humble/share/geometry_msgs/cmake)
[0.464s] -- Found nav_msgs: 4.2.4 (/opt/ros/humble/share/nav_msgs/cmake)
[0.482s] -- Found tf2_geometry_msgs: 0.25.7 (/opt/ros/humble/share/tf2_geometry_msgs/cmake)
[0.485s] -- Found eigen3_cmake_module: 0.1.1 (/opt/ros/humble/share/eigen3_cmake_module/cmake)
[0.486s] -- Ensuring Eigen3 include directory is part of orocos-kdl CMake target
[0.591s] -- Found ament_lint_auto: 0.12.11 (/opt/ros/humble/share/ament_lint_auto/cmake)
[0.711s] -- Added test 'cppcheck' to perform static code analysis on C / C++ code
[0.711s] -- Configured cppcheck include dirs: /home/suke/chicken_core/src/planner/pure_pursuit_planner/include
[0.711s] -- Configured cppcheck exclude dirs and/or files: 
[0.712s] -- Added test 'flake8' to check Python code syntax and style conventions
[0.713s] -- Added test 'lint_cmake' to check CMake code style
[0.714s] -- Added test 'pep257' to check Python code against some of the docstring style conventions in PEP 257
[0.716s] -- Added test 'uncrustify' to check C / C++ code style
[0.717s] -- Configured uncrustify additional arguments: 
[0.717s] -- Added test 'xmllint' to check XML markup files
[0.719s] -- Configuring done
[0.735s] -- Generating done
[0.737s] -- Build files have been written to: /home/suke/chicken_core/build/pure_pursuit_planner
[0.784s] [35m[1mConsolidate compiler generated dependencies of target pure_pursuit_planner[0m
[0.820s] [ 33%] [32mBuilding CXX object CMakeFiles/pure_pursuit_planner.dir/src/pure_pursuit_planner_component.cpp.o[0m
[7.131s] In file included from [01m[K/opt/ros/humble/include/rclcpp/rclcpp/subscription_base.hpp:32[m[K,
[7.132s]                  from [01m[K/opt/ros/humble/include/rclcpp/rclcpp/callback_group.hpp:29[m[K,
[7.132s]                  from [01m[K/opt/ros/humble/include/rclcpp/rclcpp/any_executable.hpp:20[m[K,
[7.132s]                  from [01m[K/opt/ros/humble/include/rclcpp/rclcpp/memory_strategy.hpp:25[m[K,
[7.132s]                  from [01m[K/opt/ros/humble/include/rclcpp/rclcpp/memory_strategies.hpp:18[m[K,
[7.132s]                  from [01m[K/opt/ros/humble/include/rclcpp/rclcpp/executor_options.hpp:20[m[K,
[7.132s]                  from [01m[K/opt/ros/humble/include/rclcpp/rclcpp/executor.hpp:37[m[K,
[7.133s]                  from [01m[K/opt/ros/humble/include/rclcpp/rclcpp/executors/multi_threaded_executor.hpp:25[m[K,
[7.133s]                  from [01m[K/opt/ros/humble/include/rclcpp/rclcpp/executors.hpp:21[m[K,
[7.133s]                  from [01m[K/opt/ros/humble/include/rclcpp/rclcpp/rclcpp.hpp:155[m[K,
[7.133s]                  from [01m[K/home/suke/chicken_core/src/planner/pure_pursuit_planner/include/pure_pursuit_planner/pure_pursuit_planner_component.hpp:4[m[K,
[7.133s]                  from [01m[K/home/suke/chicken_core/src/planner/pure_pursuit_planner/src/pure_pursuit_planner_component.cpp:1[m[K:
[7.133s] /opt/ros/humble/include/rclcpp/rclcpp/any_subscription_callback.hpp: In instantiation of ‘[01m[Krclcpp::AnySubscriptionCallback<MessageT, AllocatorT> rclcpp::AnySubscriptionCallback<MessageT, AllocatorT>::set(CallbackT) [with CallbackT = std::_Bind<void (PurePursuitNode::*(PurePursuitNode*, int))(std::shared_ptr<nav_msgs::msg::Odometry_<std::allocator<void> > >)>; MessageT = nav_msgs::msg::Odometry_<std::allocator<void> >; AllocatorT = std::allocator<void>][m[K’:
[7.133s] [01m[K/opt/ros/humble/include/rclcpp/rclcpp/subscription_factory.hpp:94:32:[m[K   required from ‘[01m[Krclcpp::SubscriptionFactory rclcpp::create_subscription_factory(CallbackT&&, const rclcpp::SubscriptionOptionsWithAllocator<AllocatorT>&, typename MessageMemoryStrategyT::SharedPtr, std::shared_ptr<rclcpp::topic_statistics::SubscriptionTopicStatistics<ROSMessageType> >) [with MessageT = nav_msgs::msg::Odometry_<std::allocator<void> >; CallbackT = std::_Bind<void (PurePursuitNode::*(PurePursuitNode*, int))(std::shared_ptr<nav_msgs::msg::Odometry_<std::allocator<void> > >)>; AllocatorT = std::allocator<void>; SubscriptionT = rclcpp::Subscription<nav_msgs::msg::Odometry_<std::allocator<void> > >; MessageMemoryStrategyT = rclcpp::message_memory_strategy::MessageMemoryStrategy<nav_msgs::msg::Odometry_<std::allocator<void> >, std::allocator<void> >; ROSMessageType = nav_msgs::msg::Odometry_<std::allocator<void> >; typename MessageMemoryStrategyT::SharedPtr = std::shared_ptr<rclcpp::message_memory_strategy::MessageMemoryStrategy<nav_msgs::msg::Odometry_<std::allocator<void> >, std::allocator<void> > >][m[K’
[7.133s] [01m[K/opt/ros/humble/include/rclcpp/rclcpp/create_subscription.hpp:122:63:[m[K   required from ‘[01m[Kstd::shared_ptr<ROSMessageT> rclcpp::detail::create_subscription(NodeParametersT&, NodeTopicsT&, const string&, const rclcpp::QoS&, CallbackT&&, const rclcpp::SubscriptionOptionsWithAllocator<AllocatorT>&, typename MessageMemoryStrategyT::SharedPtr) [with MessageT = nav_msgs::msg::Odometry_<std::allocator<void> >; CallbackT = std::_Bind<void (PurePursuitNode::*(PurePursuitNode*, int))(std::shared_ptr<nav_msgs::msg::Odometry_<std::allocator<void> > >)>; AllocatorT = std::allocator<void>; SubscriptionT = rclcpp::Subscription<nav_msgs::msg::Odometry_<std::allocator<void> > >; MessageMemoryStrategyT = rclcpp::message_memory_strategy::MessageMemoryStrategy<nav_msgs::msg::Odometry_<std::allocator<void> >, std::allocator<void> >; NodeParametersT = rclcpp::Node; NodeTopicsT = rclcpp::Node; ROSMessageType = nav_msgs::msg::Odometry_<std::allocator<void> >; std::string = std::__cxx11::basic_string<char>; typename MessageMemoryStrategyT::SharedPtr = std::shared_ptr<rclcpp::message_memory_strategy::MessageMemoryStrategy<nav_msgs::msg::Odometry_<std::allocator<void> >, std::allocator<void> > >][m[K’
[7.133s] [01m[K/opt/ros/humble/include/rclcpp/rclcpp/create_subscription.hpp:191:76:[m[K   required from ‘[01m[Kstd::shared_ptr<ROSMessageT> rclcpp::create_subscription(NodeT&, const string&, const rclcpp::QoS&, CallbackT&&, const rclcpp::SubscriptionOptionsWithAllocator<AllocatorT>&, typename MessageMemoryStrategyT::SharedPtr) [with MessageT = nav_msgs::msg::Odometry_<std::allocator<void> >; CallbackT = std::_Bind<void (PurePursuitNode::*(PurePursuitNode*, int))(std::shared_ptr<nav_msgs::msg::Odometry_<std::allocator<void> > >)>; AllocatorT = std::allocator<void>; SubscriptionT = rclcpp::Subscription<nav_msgs::msg::Odometry_<std::allocator<void> > >; MessageMemoryStrategyT = rclcpp::message_memory_strategy::MessageMemoryStrategy<nav_msgs::msg::Odometry_<std::allocator<void> >, std::allocator<void> >; NodeT = rclcpp::Node; std::string = std::__cxx11::basic_string<char>; typename MessageMemoryStrategyT::SharedPtr = std::shared_ptr<rclcpp::message_memory_strategy::MessageMemoryStrategy<nav_msgs::msg::Odometry_<std::allocator<void> >, std::allocator<void> > >][m[K’
[7.133s] [01m[K/opt/ros/humble/include/rclcpp/rclcpp/node_impl.hpp:99:47:[m[K   required from ‘[01m[Kstd::shared_ptr<ROSMessageT> rclcpp::Node::create_subscription(const string&, const rclcpp::QoS&, CallbackT&&, const rclcpp::SubscriptionOptionsWithAllocator<AllocatorT>&, typename MessageMemoryStrategyT::SharedPtr) [with MessageT = nav_msgs::msg::Odometry_<std::allocator<void> >; CallbackT = std::_Bind<void (PurePursuitNode::*(PurePursuitNode*, int))(std::shared_ptr<nav_msgs::msg::Odometry_<std::allocator<void> > >)>; AllocatorT = std::allocator<void>; SubscriptionT = rclcpp::Subscription<nav_msgs::msg::Odometry_<std::allocator<void> > >; MessageMemoryStrategyT = rclcpp::message_memory_strategy::MessageMemoryStrategy<nav_msgs::msg::Odometry_<std::allocator<void> >, std::allocator<void> >; std::string = std::__cxx11::basic_string<char>; typename MessageMemoryStrategyT::SharedPtr = std::shared_ptr<rclcpp::message_memory_strategy::MessageMemoryStrategy<nav_msgs::msg::Odometry_<std::allocator<void> >, std::allocator<void> > >][m[K’
[7.133s] [01m[K/home/suke/chicken_core/src/planner/pure_pursuit_planner/src/pure_pursuit_planner_component.cpp:16:66:[m[K   required from here
[7.134s] [01m[K/opt/ros/humble/include/rclcpp/rclcpp/any_subscription_callback.hpp:391:22:[m[K [01;31m[Kerror: [m[Kno matching function for call to ‘[01m[Kstd::function<void(std::shared_ptr<nav_msgs::msg::Odometry_<std::allocator<void> > >)>::function(std::_Bind<void (PurePursuitNode::*(PurePursuitNode*, int))(std::shared_ptr<nav_msgs::msg::Odometry_<std::allocator<void> > >)>&)[m[K’
[7.134s]   391 |       set_deprecated([01;31m[Kstatic_cast<typename scbth::callback_type>(callback)[m[K);
[7.134s]       |                      [01;31m[K^~~~~~~~~~~~~~~~~~~~~~~~~~~~~~~~~~~~~~~~~~~~~~~~~~~~[m[K
[7.134s] In file included from [01m[K/usr/include/c++/11/future:47[m[K,
[7.134s]                  from [01m[K/opt/ros/humble/include/rclcpp/rclcpp/executors.hpp:18[m[K,
[7.134s]                  from [01m[K/opt/ros/humble/include/rclcpp/rclcpp/rclcpp.hpp:155[m[K,
[7.134s]                  from [01m[K/home/suke/chicken_core/src/planner/pure_pursuit_planner/include/pure_pursuit_planner/pure_pursuit_planner_component.hpp:4[m[K,
[7.134s]                  from [01m[K/home/suke/chicken_core/src/planner/pure_pursuit_planner/src/pure_pursuit_planner_component.cpp:1[m[K:
[7.134s] [01m[K/usr/include/c++/11/bits/std_function.h:435:9:[m[K [01;36m[Knote: [m[Kcandidate: ‘[01m[Ktemplate<class _Functor, class _Constraints> std::function<_Res(_ArgTypes ...)>::function(_Functor&&) [with _Functor = _Functor; _Constraints = _Constraints; _Res = void; _ArgTypes = {std::shared_ptr<nav_msgs::msg::Odometry_<std::allocator<void> > >}][m[K’
[7.134s]   435 |         [01;36m[Kfunction[m[K(_Functor&& __f)
[7.134s]       |         [01;36m[K^~~~~~~~[m[K
[7.134s] [01m[K/usr/include/c++/11/bits/std_function.h:435:9:[m[K [01;36m[Knote: [m[K  template argument deduction/substitution failed:
[7.134s] In file included from [01m[K/usr/include/c++/11/bits/move.h:57[m[K,
[7.134s]                  from [01m[K/usr/include/c++/11/bits/stl_pair.h:59[m[K,
[7.135s]                  from [01m[K/usr/include/c++/11/bits/stl_algobase.h:64[m[K,
[7.135s]                  from [01m[K/usr/include/c++/11/memory:63[m[K,
[7.135s]                  from [01m[K/opt/ros/humble/include/rclcpp/rclcpp/rclcpp.hpp:153[m[K,
[7.135s]                  from [01m[K/home/suke/chicken_core/src/planner/pure_pursuit_planner/include/pure_pursuit_planner/pure_pursuit_planner_component.hpp:4[m[K,
[7.135s]                  from [01m[K/home/suke/chicken_core/src/planner/pure_pursuit_planner/src/pure_pursuit_planner_component.cpp:1[m[K:
[7.135s] /usr/include/c++/11/type_traits: In substitution of ‘[01m[Ktemplate<bool _Cond, class _Tp> using __enable_if_t = typename std::enable_if::type [with bool _Cond = false; _Tp = void][m[K’:
[7.135s] [01m[K/usr/include/c++/11/bits/std_function.h:353:8:[m[K   required by substitution of ‘[01m[Ktemplate<class _Res, class ... _ArgTypes> template<class _Cond, class _Tp> using _Requires = std::__enable_if_t<_Cond::value, _Tp> [with _Cond = std::function<void(std::shared_ptr<nav_msgs::msg::Odometry_<std::allocator<void> > >)>::_Callable<std::_Bind<void (PurePursuitNode::*(PurePursuitNode*, int))(std::shared_ptr<nav_msgs::msg::Odometry_<std::allocator<void> > >)>&, std::_Bind<void (PurePursuitNode::*(PurePursuitNode*, int))(std::shared_ptr<nav_msgs::msg::Odometry_<std::allocator<void> > >)>, std::__invoke_result<std::_Bind<void (PurePursuitNode::*(PurePursuitNode*, int))(std::shared_ptr<nav_msgs::msg::Odometry_<std::allocator<void> > >)>&, std::shared_ptr<nav_msgs::msg::Odometry_<std::allocator<void> > > > >; _Tp = void; _Res = void; _ArgTypes = {std::shared_ptr<nav_msgs::msg::Odometry_<std::allocator<void> > >}][m[K’
[7.135s] [01m[K/usr/include/c++/11/bits/std_function.h:434:9:[m[K   required from ‘[01m[Krclcpp::AnySubscriptionCallback<MessageT, AllocatorT> rclcpp::AnySubscriptionCallback<MessageT, AllocatorT>::set(CallbackT) [with CallbackT = std::_Bind<void (PurePursuitNode::*(PurePursuitNode*, int))(std::shared_ptr<nav_msgs::msg::Odometry_<std::allocator<void> > >)>; MessageT = nav_msgs::msg::Odometry_<std::allocator<void> >; AllocatorT = std::allocator<void>][m[K’
[7.135s] [01m[K/opt/ros/humble/include/rclcpp/rclcpp/subscription_factory.hpp:94:32:[m[K   required from ‘[01m[Krclcpp::SubscriptionFactory rclcpp::create_subscription_factory(CallbackT&&, const rclcpp::SubscriptionOptionsWithAllocator<AllocatorT>&, typename MessageMemoryStrategyT::SharedPtr, std::shared_ptr<rclcpp::topic_statistics::SubscriptionTopicStatistics<ROSMessageType> >) [with MessageT = nav_msgs::msg::Odometry_<std::allocator<void> >; CallbackT = std::_Bind<void (PurePursuitNode::*(PurePursuitNode*, int))(std::shared_ptr<nav_msgs::msg::Odometry_<std::allocator<void> > >)>; AllocatorT = std::allocator<void>; SubscriptionT = rclcpp::Subscription<nav_msgs::msg::Odometry_<std::allocator<void> > >; MessageMemoryStrategyT = rclcpp::message_memory_strategy::MessageMemoryStrategy<nav_msgs::msg::Odometry_<std::allocator<void> >, std::allocator<void> >; ROSMessageType = nav_msgs::msg::Odometry_<std::allocator<void> >; typename MessageMemoryStrategyT::SharedPtr = std::shared_ptr<rclcpp::message_memory_strategy::MessageMemoryStrategy<nav_msgs::msg::Odometry_<std::allocator<void> >, std::allocator<void> > >][m[K’
[7.135s] [01m[K/opt/ros/humble/include/rclcpp/rclcpp/create_subscription.hpp:122:63:[m[K   required from ‘[01m[Kstd::shared_ptr<ROSMessageT> rclcpp::detail::create_subscription(NodeParametersT&, NodeTopicsT&, const string&, const rclcpp::QoS&, CallbackT&&, const rclcpp::SubscriptionOptionsWithAllocator<AllocatorT>&, typename MessageMemoryStrategyT::SharedPtr) [with MessageT = nav_msgs::msg::Odometry_<std::allocator<void> >; CallbackT = std::_Bind<void (PurePursuitNode::*(PurePursuitNode*, int))(std::shared_ptr<nav_msgs::msg::Odometry_<std::allocator<void> > >)>; AllocatorT = std::allocator<void>; SubscriptionT = rclcpp::Subscription<nav_msgs::msg::Odometry_<std::allocator<void> > >; MessageMemoryStrategyT = rclcpp::message_memory_strategy::MessageMemoryStrategy<nav_msgs::msg::Odometry_<std::allocator<void> >, std::allocator<void> >; NodeParametersT = rclcpp::Node; NodeTopicsT = rclcpp::Node; ROSMessageType = nav_msgs::msg::Odometry_<std::allocator<void> >; std::string = std::__cxx11::basic_string<char>; typename MessageMemoryStrategyT::SharedPtr = std::shared_ptr<rclcpp::message_memory_strategy::MessageMemoryStrategy<nav_msgs::msg::Odometry_<std::allocator<void> >, std::allocator<void> > >][m[K’
[7.135s] [01m[K/opt/ros/humble/include/rclcpp/rclcpp/create_subscription.hpp:191:76:[m[K   required from ‘[01m[Kstd::shared_ptr<ROSMessageT> rclcpp::create_subscription(NodeT&, const string&, const rclcpp::QoS&, CallbackT&&, const rclcpp::SubscriptionOptionsWithAllocator<AllocatorT>&, typename MessageMemoryStrategyT::SharedPtr) [with MessageT = nav_msgs::msg::Odometry_<std::allocator<void> >; CallbackT = std::_Bind<void (PurePursuitNode::*(PurePursuitNode*, int))(std::shared_ptr<nav_msgs::msg::Odometry_<std::allocator<void> > >)>; AllocatorT = std::allocator<void>; SubscriptionT = rclcpp::Subscription<nav_msgs::msg::Odometry_<std::allocator<void> > >; MessageMemoryStrategyT = rclcpp::message_memory_strategy::MessageMemoryStrategy<nav_msgs::msg::Odometry_<std::allocator<void> >, std::allocator<void> >; NodeT = rclcpp::Node; std::string = std::__cxx11::basic_string<char>; typename MessageMemoryStrategyT::SharedPtr = std::shared_ptr<rclcpp::message_memory_strategy::MessageMemoryStrategy<nav_msgs::msg::Odometry_<std::allocator<void> >, std::allocator<void> > >][m[K’
[7.135s] [01m[K/opt/ros/humble/include/rclcpp/rclcpp/node_impl.hpp:99:47:[m[K   required from ‘[01m[Kstd::shared_ptr<ROSMessageT> rclcpp::Node::create_subscription(const string&, const rclcpp::QoS&, CallbackT&&, const rclcpp::SubscriptionOptionsWithAllocator<AllocatorT>&, typename MessageMemoryStrategyT::SharedPtr) [with MessageT = nav_msgs::msg::Odometry_<std::allocator<void> >; CallbackT = std::_Bind<void (PurePursuitNode::*(PurePursuitNode*, int))(std::shared_ptr<nav_msgs::msg::Odometry_<std::allocator<void> > >)>; AllocatorT = std::allocator<void>; SubscriptionT = rclcpp::Subscription<nav_msgs::msg::Odometry_<std::allocator<void> > >; MessageMemoryStrategyT = rclcpp::message_memory_strategy::MessageMemoryStrategy<nav_msgs::msg::Odometry_<std::allocator<void> >, std::allocator<void> >; std::string = std::__cxx11::basic_string<char>; typename MessageMemoryStrategyT::SharedPtr = std::shared_ptr<rclcpp::message_memory_strategy::MessageMemoryStrategy<nav_msgs::msg::Odometry_<std::allocator<void> >, std::allocator<void> > >][m[K’
[7.135s] [01m[K/home/suke/chicken_core/src/planner/pure_pursuit_planner/src/pure_pursuit_planner_component.cpp:16:66:[m[K   required from here
[7.136s] [01m[K/usr/include/c++/11/type_traits:2205:11:[m[K [01;31m[Kerror: [m[Kno type named ‘[01m[Ktype[m[K’ in ‘[01m[Kstruct std::enable_if<false, void>[m[K’
[7.136s]  2205 |     using [01;31m[K__enable_if_t[m[K = typename enable_if<_Cond, _Tp>::type;
[7.136s]       |           [01;31m[K^~~~~~~~~~~~~[m[K
[7.136s] In file included from [01m[K/usr/include/c++/11/future:47[m[K,
[7.136s]                  from [01m[K/opt/ros/humble/include/rclcpp/rclcpp/executors.hpp:18[m[K,
[7.136s]                  from [01m[K/opt/ros/humble/include/rclcpp/rclcpp/rclcpp.hpp:155[m[K,
[7.136s]                  from [01m[K/home/suke/chicken_core/src/planner/pure_pursuit_planner/include/pure_pursuit_planner/pure_pursuit_planner_component.hpp:4[m[K,
[7.136s]                  from [01m[K/home/suke/chicken_core/src/planner/pure_pursuit_planner/src/pure_pursuit_planner_component.cpp:1[m[K:
[7.136s] /opt/ros/humble/include/rclcpp/rclcpp/any_subscription_callback.hpp: In instantiation of ‘[01m[Krclcpp::AnySubscriptionCallback<MessageT, AllocatorT> rclcpp::AnySubscriptionCallback<MessageT, AllocatorT>::set(CallbackT) [with CallbackT = std::_Bind<void (PurePursuitNode::*(PurePursuitNode*, int))(std::shared_ptr<nav_msgs::msg::Odometry_<std::allocator<void> > >)>; MessageT = nav_msgs::msg::Odometry_<std::allocator<void> >; AllocatorT = std::allocator<void>][m[K’:
[7.136s] [01m[K/opt/ros/humble/include/rclcpp/rclcpp/subscription_factory.hpp:94:32:[m[K   required from ‘[01m[Krclcpp::SubscriptionFactory rclcpp::create_subscription_factory(CallbackT&&, const rclcpp::SubscriptionOptionsWithAllocator<AllocatorT>&, typename MessageMemoryStrategyT::SharedPtr, std::shared_ptr<rclcpp::topic_statistics::SubscriptionTopicStatistics<ROSMessageType> >) [with MessageT = nav_msgs::msg::Odometry_<std::allocator<void> >; CallbackT = std::_Bind<void (PurePursuitNode::*(PurePursuitNode*, int))(std::shared_ptr<nav_msgs::msg::Odometry_<std::allocator<void> > >)>; AllocatorT = std::allocator<void>; SubscriptionT = rclcpp::Subscription<nav_msgs::msg::Odometry_<std::allocator<void> > >; MessageMemoryStrategyT = rclcpp::message_memory_strategy::MessageMemoryStrategy<nav_msgs::msg::Odometry_<std::allocator<void> >, std::allocator<void> >; ROSMessageType = nav_msgs::msg::Odometry_<std::allocator<void> >; typename MessageMemoryStrategyT::SharedPtr = std::shared_ptr<rclcpp::message_memory_strategy::MessageMemoryStrategy<nav_msgs::msg::Odometry_<std::allocator<void> >, std::allocator<void> > >][m[K’
[7.137s] [01m[K/opt/ros/humble/include/rclcpp/rclcpp/create_subscription.hpp:122:63:[m[K   required from ‘[01m[Kstd::shared_ptr<ROSMessageT> rclcpp::detail::create_subscription(NodeParametersT&, NodeTopicsT&, const string&, const rclcpp::QoS&, CallbackT&&, const rclcpp::SubscriptionOptionsWithAllocator<AllocatorT>&, typename MessageMemoryStrategyT::SharedPtr) [with MessageT = nav_msgs::msg::Odometry_<std::allocator<void> >; CallbackT = std::_Bind<void (PurePursuitNode::*(PurePursuitNode*, int))(std::shared_ptr<nav_msgs::msg::Odometry_<std::allocator<void> > >)>; AllocatorT = std::allocator<void>; SubscriptionT = rclcpp::Subscription<nav_msgs::msg::Odometry_<std::allocator<void> > >; MessageMemoryStrategyT = rclcpp::message_memory_strategy::MessageMemoryStrategy<nav_msgs::msg::Odometry_<std::allocator<void> >, std::allocator<void> >; NodeParametersT = rclcpp::Node; NodeTopicsT = rclcpp::Node; ROSMessageType = nav_msgs::msg::Odometry_<std::allocator<void> >; std::string = std::__cxx11::basic_string<char>; typename MessageMemoryStrategyT::SharedPtr = std::shared_ptr<rclcpp::message_memory_strategy::MessageMemoryStrategy<nav_msgs::msg::Odometry_<std::allocator<void> >, std::allocator<void> > >][m[K’
[7.137s] [01m[K/opt/ros/humble/include/rclcpp/rclcpp/create_subscription.hpp:191:76:[m[K   required from ‘[01m[Kstd::shared_ptr<ROSMessageT> rclcpp::create_subscription(NodeT&, const string&, const rclcpp::QoS&, CallbackT&&, const rclcpp::SubscriptionOptionsWithAllocator<AllocatorT>&, typename MessageMemoryStrategyT::SharedPtr) [with MessageT = nav_msgs::msg::Odometry_<std::allocator<void> >; CallbackT = std::_Bind<void (PurePursuitNode::*(PurePursuitNode*, int))(std::shared_ptr<nav_msgs::msg::Odometry_<std::allocator<void> > >)>; AllocatorT = std::allocator<void>; SubscriptionT = rclcpp::Subscription<nav_msgs::msg::Odometry_<std::allocator<void> > >; MessageMemoryStrategyT = rclcpp::message_memory_strategy::MessageMemoryStrategy<nav_msgs::msg::Odometry_<std::allocator<void> >, std::allocator<void> >; NodeT = rclcpp::Node; std::string = std::__cxx11::basic_string<char>; typename MessageMemoryStrategyT::SharedPtr = std::shared_ptr<rclcpp::message_memory_strategy::MessageMemoryStrategy<nav_msgs::msg::Odometry_<std::allocator<void> >, std::allocator<void> > >][m[K’
[7.137s] [01m[K/opt/ros/humble/include/rclcpp/rclcpp/node_impl.hpp:99:47:[m[K   required from ‘[01m[Kstd::shared_ptr<ROSMessageT> rclcpp::Node::create_subscription(const string&, const rclcpp::QoS&, CallbackT&&, const rclcpp::SubscriptionOptionsWithAllocator<AllocatorT>&, typename MessageMemoryStrategyT::SharedPtr) [with MessageT = nav_msgs::msg::Odometry_<std::allocator<void> >; CallbackT = std::_Bind<void (PurePursuitNode::*(PurePursuitNode*, int))(std::shared_ptr<nav_msgs::msg::Odometry_<std::allocator<void> > >)>; AllocatorT = std::allocator<void>; SubscriptionT = rclcpp::Subscription<nav_msgs::msg::Odometry_<std::allocator<void> > >; MessageMemoryStrategyT = rclcpp::message_memory_strategy::MessageMemoryStrategy<nav_msgs::msg::Odometry_<std::allocator<void> >, std::allocator<void> >; std::string = std::__cxx11::basic_string<char>; typename MessageMemoryStrategyT::SharedPtr = std::shared_ptr<rclcpp::message_memory_strategy::MessageMemoryStrategy<nav_msgs::msg::Odometry_<std::allocator<void> >, std::allocator<void> > >][m[K’
[7.137s] [01m[K/home/suke/chicken_core/src/planner/pure_pursuit_planner/src/pure_pursuit_planner_component.cpp:16:66:[m[K   required from here
[7.137s] [01m[K/usr/include/c++/11/bits/std_function.h:404:7:[m[K [01;36m[Knote: [m[Kcandidate: ‘[01m[Kstd::function<_Res(_ArgTypes ...)>::function(std::function<_Res(_ArgTypes ...)>&&) [with _Res = void; _ArgTypes = {std::shared_ptr<nav_msgs::msg::Odometry_<std::allocator<void> > >}][m[K’
[7.137s]   404 |       [01;36m[Kfunction[m[K(function&& __x) noexcept
[7.137s]       |       [01;36m[K^~~~~~~~[m[K
[7.137s] [01m[K/usr/include/c++/11/bits/std_function.h:404:27:[m[K [01;36m[Knote: [m[K  no known conversion for argument 1 from ‘[01m[Kstd::_Bind<void (PurePursuitNode::*(PurePursuitNode*, int))(std::shared_ptr<nav_msgs::msg::Odometry_<std::allocator<void> > >)>[m[K’ to ‘[01m[Kstd::function<void(std::shared_ptr<nav_msgs::msg::Odometry_<std::allocator<void> > >)>&&[m[K’
[7.137s]   404 |       function([01;36m[Kfunction&& __x[m[K) noexcept
[7.138s]       |                [01;36m[K~~~~~~~~~~~^~~[m[K
[7.138s] [01m[K/usr/include/c++/11/bits/std_function.h:386:7:[m[K [01;36m[Knote: [m[Kcandidate: ‘[01m[Kstd::function<_Res(_ArgTypes ...)>::function(const std::function<_Res(_ArgTypes ...)>&) [with _Res = void; _ArgTypes = {std::shared_ptr<nav_msgs::msg::Odometry_<std::allocator<void> > >}][m[K’
[7.138s]   386 |       [01;36m[Kfunction[m[K(const function& __x)
[7.138s]       |       [01;36m[K^~~~~~~~[m[K
[7.139s] [01m[K/usr/include/c++/11/bits/std_function.h:386:32:[m[K [01;36m[Knote: [m[K  no known conversion for argument 1 from ‘[01m[Kstd::_Bind<void (PurePursuitNode::*(PurePursuitNode*, int))(std::shared_ptr<nav_msgs::msg::Odometry_<std::allocator<void> > >)>[m[K’ to ‘[01m[Kconst std::function<void(std::shared_ptr<nav_msgs::msg::Odometry_<std::allocator<void> > >)>&[m[K’
[7.139s]   386 |       function([01;36m[Kconst function& __x[m[K)
[7.139s]       |                [01;36m[K~~~~~~~~~~~~~~~~^~~[m[K
[7.139s] [01m[K/usr/include/c++/11/bits/std_function.h:375:7:[m[K [01;36m[Knote: [m[Kcandidate: ‘[01m[Kstd::function<_Res(_ArgTypes ...)>::function(std::nullptr_t) [with _Res = void; _ArgTypes = {std::shared_ptr<nav_msgs::msg::Odometry_<std::allocator<void> > >}; std::nullptr_t = std::nullptr_t][m[K’
[7.139s]   375 |       [01;36m[Kfunction[m[K(nullptr_t) noexcept
[7.139s]       |       [01;36m[K^~~~~~~~[m[K
[7.139s] [01m[K/usr/include/c++/11/bits/std_function.h:375:16:[m[K [01;36m[Knote: [m[K  no known conversion for argument 1 from ‘[01m[Kstd::_Bind<void (PurePursuitNode::*(PurePursuitNode*, int))(std::shared_ptr<nav_msgs::msg::Odometry_<std::allocator<void> > >)>[m[K’ to ‘[01m[Kstd::nullptr_t[m[K’
[7.139s]   375 |       function([01;36m[Knullptr_t[m[K) noexcept
[7.139s]       |                [01;36m[K^~~~~~~~~[m[K
[7.139s] [01m[K/usr/include/c++/11/bits/std_function.h:368:7:[m[K [01;36m[Knote: [m[Kcandidate: ‘[01m[Kstd::function<_Res(_ArgTypes ...)>::function() [with _Res = void; _ArgTypes = {std::shared_ptr<nav_msgs::msg::Odometry_<std::allocator<void> > >}][m[K’
[7.139s]   368 |       [01;36m[Kfunction[m[K() noexcept
[7.139s]       |       [01;36m[K^~~~~~~~[m[K
[7.140s] [01m[K/usr/include/c++/11/bits/std_function.h:368:7:[m[K [01;36m[Knote: [m[K  candidate expects 0 arguments, 1 provided
[7.140s] In file included from [01m[K/opt/ros/humble/include/rclcpp/rclcpp/subscription_base.hpp:32[m[K,
[7.140s]                  from [01m[K/opt/ros/humble/include/rclcpp/rclcpp/callback_group.hpp:29[m[K,
[7.140s]                  from [01m[K/opt/ros/humble/include/rclcpp/rclcpp/any_executable.hpp:20[m[K,
[7.140s]                  from [01m[K/opt/ros/humble/include/rclcpp/rclcpp/memory_strategy.hpp:25[m[K,
[7.140s]                  from [01m[K/opt/ros/humble/include/rclcpp/rclcpp/memory_strategies.hpp:18[m[K,
[7.140s]                  from [01m[K/opt/ros/humble/include/rclcpp/rclcpp/executor_options.hpp:20[m[K,
[7.140s]                  from [01m[K/opt/ros/humble/include/rclcpp/rclcpp/executor.hpp:37[m[K,
[7.140s]                  from [01m[K/opt/ros/humble/include/rclcpp/rclcpp/executors/multi_threaded_executor.hpp:25[m[K,
[7.140s]                  from [01m[K/opt/ros/humble/include/rclcpp/rclcpp/executors.hpp:21[m[K,
[7.140s]                  from [01m[K/opt/ros/humble/include/rclcpp/rclcpp/rclcpp.hpp:155[m[K,
[7.140s]                  from [01m[K/home/suke/chicken_core/src/planner/pure_pursuit_planner/include/pure_pursuit_planner/pure_pursuit_planner_component.hpp:4[m[K,
[7.140s]                  from [01m[K/home/suke/chicken_core/src/planner/pure_pursuit_planner/src/pure_pursuit_planner_component.cpp:1[m[K:
[7.140s] /opt/ros/humble/include/rclcpp/rclcpp/any_subscription_callback.hpp: In instantiation of ‘[01m[Krclcpp::AnySubscriptionCallback<MessageT, AllocatorT> rclcpp::AnySubscriptionCallback<MessageT, AllocatorT>::set(CallbackT) [with CallbackT = std::_Bind<void (PurePursuitNode::*(PurePursuitNode*, int))(std::shared_ptr<nav_msgs::msg::Path_<std::allocator<void> > >)>; MessageT = nav_msgs::msg::Path_<std::allocator<void> >; AllocatorT = std::allocator<void>][m[K’:
[7.140s] [01m[K/opt/ros/humble/include/rclcpp/rclcpp/subscription_factory.hpp:94:32:[m[K   required from ‘[01m[Krclcpp::SubscriptionFactory rclcpp::create_subscription_factory(CallbackT&&, const rclcpp::SubscriptionOptionsWithAllocator<AllocatorT>&, typename MessageMemoryStrategyT::SharedPtr, std::shared_ptr<rclcpp::topic_statistics::SubscriptionTopicStatistics<ROSMessageType> >) [with MessageT = nav_msgs::msg::Path_<std::allocator<void> >; CallbackT = std::_Bind<void (PurePursuitNode::*(PurePursuitNode*, int))(std::shared_ptr<nav_msgs::msg::Path_<std::allocator<void> > >)>; AllocatorT = std::allocator<void>; SubscriptionT = rclcpp::Subscription<nav_msgs::msg::Path_<std::allocator<void> > >; MessageMemoryStrategyT = rclcpp::message_memory_strategy::MessageMemoryStrategy<nav_msgs::msg::Path_<std::allocator<void> >, std::allocator<void> >; ROSMessageType = nav_msgs::msg::Path_<std::allocator<void> >; typename MessageMemoryStrategyT::SharedPtr = std::shared_ptr<rclcpp::message_memory_strategy::MessageMemoryStrategy<nav_msgs::msg::Path_<std::allocator<void> >, std::allocator<void> > >][m[K’
[7.140s] [01m[K/opt/ros/humble/include/rclcpp/rclcpp/create_subscription.hpp:122:63:[m[K   required from ‘[01m[Kstd::shared_ptr<ROSMessageT> rclcpp::detail::create_subscription(NodeParametersT&, NodeTopicsT&, const string&, const rclcpp::QoS&, CallbackT&&, const rclcpp::SubscriptionOptionsWithAllocator<AllocatorT>&, typename MessageMemoryStrategyT::SharedPtr) [with MessageT = nav_msgs::msg::Path_<std::allocator<void> >; CallbackT = std::_Bind<void (PurePursuitNode::*(PurePursuitNode*, int))(std::shared_ptr<nav_msgs::msg::Path_<std::allocator<void> > >)>; AllocatorT = std::allocator<void>; SubscriptionT = rclcpp::Subscription<nav_msgs::msg::Path_<std::allocator<void> > >; MessageMemoryStrategyT = rclcpp::message_memory_strategy::MessageMemoryStrategy<nav_msgs::msg::Path_<std::allocator<void> >, std::allocator<void> >; NodeParametersT = rclcpp::Node; NodeTopicsT = rclcpp::Node; ROSMessageType = nav_msgs::msg::Path_<std::allocator<void> >; std::string = std::__cxx11::basic_string<char>; typename MessageMemoryStrategyT::SharedPtr = std::shared_ptr<rclcpp::message_memory_strategy::MessageMemoryStrategy<nav_msgs::msg::Path_<std::allocator<void> >, std::allocator<void> > >][m[K’
[7.141s] [01m[K/opt/ros/humble/include/rclcpp/rclcpp/create_subscription.hpp:191:76:[m[K   required from ‘[01m[Kstd::shared_ptr<ROSMessageT> rclcpp::create_subscription(NodeT&, const string&, const rclcpp::QoS&, CallbackT&&, const rclcpp::SubscriptionOptionsWithAllocator<AllocatorT>&, typename MessageMemoryStrategyT::SharedPtr) [with MessageT = nav_msgs::msg::Path_<std::allocator<void> >; CallbackT = std::_Bind<void (PurePursuitNode::*(PurePursuitNode*, int))(std::shared_ptr<nav_msgs::msg::Path_<std::allocator<void> > >)>; AllocatorT = std::allocator<void>; SubscriptionT = rclcpp::Subscription<nav_msgs::msg::Path_<std::allocator<void> > >; MessageMemoryStrategyT = rclcpp::message_memory_strategy::MessageMemoryStrategy<nav_msgs::msg::Path_<std::allocator<void> >, std::allocator<void> >; NodeT = rclcpp::Node; std::string = std::__cxx11::basic_string<char>; typename MessageMemoryStrategyT::SharedPtr = std::shared_ptr<rclcpp::message_memory_strategy::MessageMemoryStrategy<nav_msgs::msg::Path_<std::allocator<void> >, std::allocator<void> > >][m[K’
[7.141s] [01m[K/opt/ros/humble/include/rclcpp/rclcpp/node_impl.hpp:99:47:[m[K   required from ‘[01m[Kstd::shared_ptr<ROSMessageT> rclcpp::Node::create_subscription(const string&, const rclcpp::QoS&, CallbackT&&, const rclcpp::SubscriptionOptionsWithAllocator<AllocatorT>&, typename MessageMemoryStrategyT::SharedPtr) [with MessageT = nav_msgs::msg::Path_<std::allocator<void> >; CallbackT = std::_Bind<void (PurePursuitNode::*(PurePursuitNode*, int))(std::shared_ptr<nav_msgs::msg::Path_<std::allocator<void> > >)>; AllocatorT = std::allocator<void>; SubscriptionT = rclcpp::Subscription<nav_msgs::msg::Path_<std::allocator<void> > >; MessageMemoryStrategyT = rclcpp::message_memory_strategy::MessageMemoryStrategy<nav_msgs::msg::Path_<std::allocator<void> >, std::allocator<void> >; std::string = std::__cxx11::basic_string<char>; typename MessageMemoryStrategyT::SharedPtr = std::shared_ptr<rclcpp::message_memory_strategy::MessageMemoryStrategy<nav_msgs::msg::Path_<std::allocator<void> >, std::allocator<void> > >][m[K’
[7.141s] [01m[K/home/suke/chicken_core/src/planner/pure_pursuit_planner/src/pure_pursuit_planner_component.cpp:18:62:[m[K   required from here
[7.141s] [01m[K/opt/ros/humble/include/rclcpp/rclcpp/any_subscription_callback.hpp:391:22:[m[K [01;31m[Kerror: [m[Kno matching function for call to ‘[01m[Kstd::function<void(std::shared_ptr<nav_msgs::msg::Path_<std::allocator<void> > >)>::function(std::_Bind<void (PurePursuitNode::*(PurePursuitNode*, int))(std::shared_ptr<nav_msgs::msg::Path_<std::allocator<void> > >)>&)[m[K’
[7.141s]   391 |       set_deprecated([01;31m[Kstatic_cast<typename scbth::callback_type>(callback)[m[K);
[7.141s]       |                      [01;31m[K^~~~~~~~~~~~~~~~~~~~~~~~~~~~~~~~~~~~~~~~~~~~~~~~~~~~[m[K
[7.141s] In file included from [01m[K/usr/include/c++/11/future:47[m[K,
[7.141s]                  from [01m[K/opt/ros/humble/include/rclcpp/rclcpp/executors.hpp:18[m[K,
[7.141s]                  from [01m[K/opt/ros/humble/include/rclcpp/rclcpp/rclcpp.hpp:155[m[K,
[7.141s]                  from [01m[K/home/suke/chicken_core/src/planner/pure_pursuit_planner/include/pure_pursuit_planner/pure_pursuit_planner_component.hpp:4[m[K,
[7.141s]                  from [01m[K/home/suke/chicken_core/src/planner/pure_pursuit_planner/src/pure_pursuit_planner_component.cpp:1[m[K:
[7.141s] [01m[K/usr/include/c++/11/bits/std_function.h:435:9:[m[K [01;36m[Knote: [m[Kcandidate: ‘[01m[Ktemplate<class _Functor, class _Constraints> std::function<_Res(_ArgTypes ...)>::function(_Functor&&) [with _Functor = _Functor; _Constraints = _Constraints; _Res = void; _ArgTypes = {std::shared_ptr<nav_msgs::msg::Path_<std::allocator<void> > >}][m[K’
[7.141s]   435 |         [01;36m[Kfunction[m[K(_Functor&& __f)
[7.141s]       |         [01;36m[K^~~~~~~~[m[K
[7.141s] [01m[K/usr/include/c++/11/bits/std_function.h:435:9:[m[K [01;36m[Knote: [m[K  template argument deduction/substitution failed:
[7.141s] [01m[K/usr/include/c++/11/bits/std_function.h:404:7:[m[K [01;36m[Knote: [m[Kcandidate: ‘[01m[Kstd::function<_Res(_ArgTypes ...)>::function(std::function<_Res(_ArgTypes ...)>&&) [with _Res = void; _ArgTypes = {std::shared_ptr<nav_msgs::msg::Path_<std::allocator<void> > >}][m[K’
[7.142s]   404 |       [01;36m[Kfunction[m[K(function&& __x) noexcept
[7.142s]       |       [01;36m[K^~~~~~~~[m[K
[7.142s] [01m[K/usr/include/c++/11/bits/std_function.h:404:27:[m[K [01;36m[Knote: [m[K  no known conversion for argument 1 from ‘[01m[Kstd::_Bind<void (PurePursuitNode::*(PurePursuitNode*, int))(std::shared_ptr<nav_msgs::msg::Path_<std::allocator<void> > >)>[m[K’ to ‘[01m[Kstd::function<void(std::shared_ptr<nav_msgs::msg::Path_<std::allocator<void> > >)>&&[m[K’
[7.142s]   404 |       function([01;36m[Kfunction&& __x[m[K) noexcept
[7.142s]       |                [01;36m[K~~~~~~~~~~~^~~[m[K
[7.142s] [01m[K/usr/include/c++/11/bits/std_function.h:386:7:[m[K [01;36m[Knote: [m[Kcandidate: ‘[01m[Kstd::function<_Res(_ArgTypes ...)>::function(const std::function<_Res(_ArgTypes ...)>&) [with _Res = void; _ArgTypes = {std::shared_ptr<nav_msgs::msg::Path_<std::allocator<void> > >}][m[K’
[7.142s]   386 |       [01;36m[Kfunction[m[K(const function& __x)
[7.142s]       |       [01;36m[K^~~~~~~~[m[K
[7.142s] [01m[K/usr/include/c++/11/bits/std_function.h:386:32:[m[K [01;36m[Knote: [m[K  no known conversion for argument 1 from ‘[01m[Kstd::_Bind<void (PurePursuitNode::*(PurePursuitNode*, int))(std::shared_ptr<nav_msgs::msg::Path_<std::allocator<void> > >)>[m[K’ to ‘[01m[Kconst std::function<void(std::shared_ptr<nav_msgs::msg::Path_<std::allocator<void> > >)>&[m[K’
[7.142s]   386 |       function([01;36m[Kconst function& __x[m[K)
[7.142s]       |                [01;36m[K~~~~~~~~~~~~~~~~^~~[m[K
[7.142s] [01m[K/usr/include/c++/11/bits/std_function.h:375:7:[m[K [01;36m[Knote: [m[Kcandidate: ‘[01m[Kstd::function<_Res(_ArgTypes ...)>::function(std::nullptr_t) [with _Res = void; _ArgTypes = {std::shared_ptr<nav_msgs::msg::Path_<std::allocator<void> > >}; std::nullptr_t = std::nullptr_t][m[K’
[7.142s]   375 |       [01;36m[Kfunction[m[K(nullptr_t) noexcept
[7.142s]       |       [01;36m[K^~~~~~~~[m[K
[7.142s] [01m[K/usr/include/c++/11/bits/std_function.h:375:16:[m[K [01;36m[Knote: [m[K  no known conversion for argument 1 from ‘[01m[Kstd::_Bind<void (PurePursuitNode::*(PurePursuitNode*, int))(std::shared_ptr<nav_msgs::msg::Path_<std::allocator<void> > >)>[m[K’ to ‘[01m[Kstd::nullptr_t[m[K’
[7.142s]   375 |       function([01;36m[Knullptr_t[m[K) noexcept
[7.143s]       |                [01;36m[K^~~~~~~~~[m[K
[7.143s] [01m[K/usr/include/c++/11/bits/std_function.h:368:7:[m[K [01;36m[Knote: [m[Kcandidate: ‘[01m[Kstd::function<_Res(_ArgTypes ...)>::function() [with _Res = void; _ArgTypes = {std::shared_ptr<nav_msgs::msg::Path_<std::allocator<void> > >}][m[K’
[7.143s]   368 |       [01;36m[Kfunction[m[K() noexcept
[7.143s]       |       [01;36m[K^~~~~~~~[m[K
[7.143s] [01m[K/usr/include/c++/11/bits/std_function.h:368:7:[m[K [01;36m[Knote: [m[K  candidate expects 0 arguments, 1 provided
[7.143s] gmake[2]: *** [CMakeFiles/pure_pursuit_planner.dir/build.make:90: CMakeFiles/pure_pursuit_planner.dir/src/pure_pursuit_planner_component.cpp.o] Error 1
[7.143s] gmake[1]: *** [CMakeFiles/Makefile2:137: CMakeFiles/pure_pursuit_planner.dir/all] Error 2
[7.143s] gmake: *** [Makefile:146: all] Error 2
[7.143s] Invoked command in '/home/suke/chicken_core/build/pure_pursuit_planner' returned '2': CMAKE_PREFIX_PATH=${CMAKE_PREFIX_PATH}:/home/suke/chicken_core/install/wheelbot_control:/home/suke/chicken_core/install/sensor_bringup:/home/suke/chicken_core/install/joy_translate:/home/suke/Documents/microros_ws/install/sensor_msgs_py:/home/suke/ouxt_automation/robotx_ws/install/opencv_tests:/home/suke/ouxt_automation/robotx_ws/install/detic_onnx_ros2:/opt/ros/humble /usr/bin/cmake --build /home/suke/chicken_core/build/pure_pursuit_planner -- -j12 -l12
